2025-02-18 08:35:53,045 [INFO] Activator:176 - 


2025-02-18 08:35:53,045 [INFO] Activator:177 - !SESSION log4j initialized
2025-02-18 08:35:55,132 [INFO] LogOutputStream:77 - [STDOUT_REDIRECT] 
2025-02-18 08:35:56,999 [INFO] ApplicationProperties:184 - Using Application install path: C:\ST\STM32CubeIDE_1.17.0\STM32CubeIDE\plugins\com.st.stm32cube.common.mx_6.13.0.202411220809
2025-02-18 08:35:57,012 [INFO] DbMcusXml:78 - Set database path to: C:\ST\STM32CubeIDE_1.17.0\STM32CubeIDE\plugins\com.st.stm32cube.common.mx_6.13.0.202411220809\\db\/mcu/
2025-02-18 08:35:57,012 [INFO] ApiDb:274 - Set plugin database path to: C:\ST\STM32CubeIDE_1.17.0\STM32CubeIDE\plugins\com.st.stm32cube.common.mx_6.13.0.202411220809\\db\/plugins/boardmanager/
2025-02-18 08:35:57,013 [WARN] ApiDb:259 - Overriding images path with different value:  => C:\ST\STM32CubeIDE_1.17.0\STM32CubeIDE\plugins\com.st.stm32cube.common.mx_6.13.0.202411220809\\db\/plugins/mcufinder/images/
2025-02-18 08:35:57,017 [INFO] ApiDb:250 - Set database path to: C:\Users\589\.stmcufinder\plugins\mcufinder//mcu/
2025-02-18 08:35:57,018 [INFO] DbMcusAds:125 - Set database path to: C:\Users\589\.stmcufinder\plugins\mcufinder//mcu/
2025-02-18 08:35:57,020 [INFO] CrossReferenceDbSqlite:203 - Set database path to: C:\Users\589\.stmcufinder\plugins\mcufinder//mcu/cs/
2025-02-18 08:35:57,111 [INFO] RulesReader:64 - Compatibility file has been processed (297 Rules)
2025-02-18 08:35:57,185 [INFO] DbMcusXml:78 - Set database path to: C:\ST\STM32CubeIDE_1.17.0\STM32CubeIDE\plugins\com.st.stm32cube.common.mx_6.13.0.202411220809\\db\/mcu/
2025-02-18 08:35:57,185 [INFO] ApiDb:274 - Set plugin database path to: C:\ST\STM32CubeIDE_1.17.0\STM32CubeIDE\plugins\com.st.stm32cube.common.mx_6.13.0.202411220809\\db\/plugins/boardmanager/
2025-02-18 08:35:57,186 [INFO] ApiDb:261 - Set plugin images path to: C:\ST\STM32CubeIDE_1.17.0\STM32CubeIDE\plugins\com.st.stm32cube.common.mx_6.13.0.202411220809\\db\/plugins/mcufinder/images/
2025-02-18 08:35:57,186 [WARN] DbFile:41 - Overriding database path with different value: C:\Users\589\.stmcufinder\plugins\mcufinder/ => C:\Users\589\.stmcufinder\plugins\mcufinder
2025-02-18 08:35:57,186 [INFO] ApiDb:250 - Set database path to: C:\Users\589\.stmcufinder\plugins\mcufinder//mcu/
2025-02-18 08:35:57,186 [WARN] DbFile:41 - Overriding database path with different value: C:\Users\589\.stmcufinder\plugins\mcufinder/ => C:\Users\589\.stmcufinder\plugins\mcufinder
2025-02-18 08:35:57,186 [INFO] DbMcusAds:125 - Set database path to: C:\Users\589\.stmcufinder\plugins\mcufinder//mcu/
2025-02-18 08:35:57,186 [WARN] DbFile:41 - Overriding database path with different value: C:\Users\589\.stmcufinder\plugins\mcufinder/ => C:\Users\589\.stmcufinder\plugins\mcufinder
2025-02-18 08:35:57,186 [WARN] DbFile:41 - Overriding database path with different value: C:\Users\589\.stmcufinder\plugins\mcufinder/ => C:\Users\589\.stmcufinder\plugins\mcufinder
2025-02-18 08:35:57,186 [INFO] CrossReferenceDbSqlite:203 - Set database path to: C:\Users\589\.stmcufinder\plugins\mcufinder//mcu/cs/
2025-02-18 08:35:57,243 [INFO] MainPanel:272 - HeapMemory: 268435456
2025-02-18 08:35:57,305 [INFO] DbMcusXml:78 - Set database path to: C:\ST\STM32CubeIDE_1.17.0\STM32CubeIDE\plugins\com.st.stm32cube.common.mx_6.13.0.202411220809\\db\/mcu/
2025-02-18 08:35:57,305 [INFO] ApiDb:274 - Set plugin database path to: C:\ST\STM32CubeIDE_1.17.0\STM32CubeIDE\plugins\com.st.stm32cube.common.mx_6.13.0.202411220809\\db\/plugins/boardmanager/
2025-02-18 08:35:57,305 [INFO] ApiDb:261 - Set plugin images path to: C:\ST\STM32CubeIDE_1.17.0\STM32CubeIDE\plugins\com.st.stm32cube.common.mx_6.13.0.202411220809\\db\/plugins/mcufinder/images/
2025-02-18 08:35:57,306 [WARN] DbFile:41 - Overriding database path with different value: C:\Users\589\.stmcufinder\plugins\mcufinder/ => C:\Users\589\.stmcufinder\plugins\mcufinder
2025-02-18 08:35:57,306 [INFO] ApiDb:250 - Set database path to: C:\Users\589\.stmcufinder\plugins\mcufinder//mcu/
2025-02-18 08:35:57,306 [WARN] DbFile:41 - Overriding database path with different value: C:\Users\589\.stmcufinder\plugins\mcufinder/ => C:\Users\589\.stmcufinder\plugins\mcufinder
2025-02-18 08:35:57,306 [INFO] DbMcusAds:125 - Set database path to: C:\Users\589\.stmcufinder\plugins\mcufinder//mcu/
2025-02-18 08:35:57,306 [WARN] DbFile:41 - Overriding database path with different value: C:\Users\589\.stmcufinder\plugins\mcufinder/ => C:\Users\589\.stmcufinder\plugins\mcufinder
2025-02-18 08:35:57,306 [WARN] DbFile:41 - Overriding database path with different value: C:\Users\589\.stmcufinder\plugins\mcufinder/ => C:\Users\589\.stmcufinder\plugins\mcufinder
2025-02-18 08:35:57,306 [INFO] CrossReferenceDbSqlite:203 - Set database path to: C:\Users\589\.stmcufinder\plugins\mcufinder//mcu/cs/
2025-02-18 08:35:57,318 [INFO] ApplicationProperties:184 - Using Application install path: C:\ST\STM32CubeIDE_1.17.0\STM32CubeIDE\plugins\com.st.stm32cube.common.mx_6.13.0.202411220809
2025-02-18 08:35:57,319 [INFO] PluginManage:196 - Search for loadable plugins [exclusion list=, ]
2025-02-18 08:35:57,320 [INFO] PluginManage:310 - Check plugin analytics
2025-02-18 08:35:57,470 [INFO] AnalyticsPlugin:253 - Accepted Software Licenses: 
2025-02-18 08:35:57,470 [INFO] AnalyticsPlugin:255 - Accepted CMSIS Pack Licenses: 
2025-02-18 08:35:57,470 [INFO] AnalyticsPlugin:257 - Accepted Firmware Licenses: 
2025-02-18 08:35:57,473 [INFO] PluginManage:359 - Loaded plugin analytics (category:tool,tabindex:-1)
2025-02-18 08:35:57,473 [INFO] PluginManage:310 - Check plugin cadmodel
2025-02-18 08:35:57,476 [INFO] CADModel:105 - Init CAD model plugin
2025-02-18 08:35:57,476 [INFO] PluginManage:359 - Loaded plugin cadmodel (category:power,tabindex:5)
2025-02-18 08:35:57,477 [INFO] PluginManage:310 - Check plugin clock
2025-02-18 08:35:57,484 [INFO] PluginManage:359 - Loaded plugin clock (category:base,tabindex:2)
2025-02-18 08:35:57,484 [INFO] PluginManage:310 - Check plugin ddr
2025-02-18 08:35:57,486 [INFO] PluginManage:359 - Loaded plugin ddr (category:tool,tabindex:6)
2025-02-18 08:35:57,486 [INFO] PluginManage:310 - Check plugin filemanager
2025-02-18 08:35:57,639 [INFO] PluginManage:359 - Loaded plugin filemanager (category:base,tabindex:10)
2025-02-18 08:35:57,640 [INFO] PluginManage:310 - Check plugin ipmanager
2025-02-18 08:35:57,646 [INFO] PluginManage:359 - Loaded plugin ipmanager (category:base,tabindex:5)
2025-02-18 08:35:57,646 [INFO] PluginManage:310 - Check plugin lpbam
2025-02-18 08:35:57,654 [INFO] PluginManage:359 - Loaded plugin lpbam (category:base,tabindex:0)
2025-02-18 08:35:57,655 [INFO] PluginManage:310 - Check plugin memorymap
2025-02-18 08:35:57,666 [INFO] PluginManage:359 - Loaded plugin memorymap (category:base,tabindex:4)
2025-02-18 08:35:57,667 [INFO] PluginManage:310 - Check plugin pinoutandconfiguration
2025-02-18 08:35:57,673 [INFO] PluginManage:359 - Loaded plugin pinoutandconfiguration (category:base,tabindex:1)
2025-02-18 08:35:57,673 [INFO] PluginManage:310 - Check plugin pinoutconfig
2025-02-18 08:35:57,735 [WARN] SupportedApi:132 - Cannot load RTOS API schema: s4s-elt-must-match.1: The content of 'definitions' must match (annotation?, (simpleType | complexType)?, (unique | key | keyref)*)). A problem was found starting at: attribute.
2025-02-18 08:35:57,844 [INFO] PluginManage:359 - Loaded plugin pinoutconfig (category:base,tabindex:0)
2025-02-18 08:35:57,844 [INFO] PluginManage:310 - Check plugin power
2025-02-18 08:35:57,850 [INFO] PluginManage:359 - Loaded plugin power (category:power,tabindex:4)
2025-02-18 08:35:57,850 [INFO] PluginManage:310 - Check plugin projectmanager
2025-02-18 08:35:57,862 [INFO] PluginManage:359 - Loaded plugin projectmanager (category:projectmanager,tabindex:4)
2025-02-18 08:35:57,862 [INFO] PluginManage:310 - Check plugin rif
2025-02-18 08:35:57,869 [INFO] PluginManage:359 - Loaded plugin rif (category:base,tabindex:3)
2025-02-18 08:35:57,870 [INFO] PluginManage:310 - Check plugin thirdparty
2025-02-18 08:35:57,960 [INFO] PluginManage:359 - Loaded plugin thirdparty (category:base,tabindex:-1)
2025-02-18 08:35:57,960 [INFO] PluginManage:310 - Check plugin tools
2025-02-18 08:35:57,960 [WARN] IntegrityCheckThread:84 - waiting for thirdparty lock release [integrity check]
2025-02-18 08:35:57,961 [INFO] IntegrityCheckThread:86 - entering critical section [integrity check]
2025-02-18 08:35:57,961 [INFO] ThirdPartyUpdaterWithRetryManager:70 - Updater plugin not ready yet. [1/15]
2025-02-18 08:35:57,963 [INFO] PluginManage:359 - Loaded plugin tools (category:base,tabindex:7)
2025-02-18 08:35:57,963 [INFO] PluginManage:310 - Check plugin tutovideos
2025-02-18 08:35:58,069 [INFO] PluginManage:359 - Loaded plugin tutovideos (category:base,tabindex:-1)
2025-02-18 08:35:58,070 [INFO] PluginManage:310 - Check plugin updater
2025-02-18 08:35:58,084 [INFO] PluginManage:359 - Loaded plugin updater (category:base,tabindex:12)
2025-02-18 08:35:58,084 [INFO] PluginManage:310 - Check plugin userauth
2025-02-18 08:35:58,086 [INFO] UserAuth:118 - Init User Auth plugin
2025-02-18 08:35:58,087 [INFO] PluginManage:359 - Loaded plugin userauth (category:base,tabindex:14)
2025-02-18 08:35:58,087 [INFO] PluginManage:283 - PluginManage : Loaded plugins [18]
2025-02-18 08:35:58,250 [INFO] PinOutPanel:1589 - setPackage(No Configuration,No Configuration)
2025-02-18 08:35:58,315 [INFO] CADModel:165 - CPN selected for project level
2025-02-18 08:35:58,315 [INFO] CADModel:114 - Register for checkConnection events
2025-02-18 08:35:58,325 [INFO] IPUIPlugin:80 - create IPUIPlugin
2025-02-18 08:35:58,325 [INFO] PluginManager:220 - loadIPPluginJar : add adc
2025-02-18 08:35:58,327 [INFO] IPUIPlugin:80 - create IPUIPlugin
2025-02-18 08:35:58,327 [INFO] PluginManager:220 - loadIPPluginJar : add aes
2025-02-18 08:35:58,329 [INFO] IPUIPlugin:80 - create IPUIPlugin
2025-02-18 08:35:58,329 [INFO] PluginManager:220 - loadIPPluginJar : add can
2025-02-18 08:35:58,331 [INFO] IPUIPlugin:80 - create IPUIPlugin
2025-02-18 08:35:58,331 [INFO] PluginManager:220 - loadIPPluginJar : add comp
2025-02-18 08:35:58,333 [INFO] IPUIPlugin:80 - create IPUIPlugin
2025-02-18 08:35:58,333 [INFO] PluginManager:220 - loadIPPluginJar : add cryp
2025-02-18 08:35:58,335 [INFO] IPUIPlugin:80 - create IPUIPlugin
2025-02-18 08:35:58,335 [INFO] PluginManager:220 - loadIPPluginJar : add ddr_ctrl_phy
2025-02-18 08:35:58,337 [INFO] IPUIPlugin:80 - create IPUIPlugin
2025-02-18 08:35:58,337 [INFO] PluginManager:220 - loadIPPluginJar : add dfsdm
2025-02-18 08:35:58,341 [INFO] IPUIPlugin:80 - create IPUIPlugin
2025-02-18 08:35:58,341 [INFO] PluginManager:220 - loadIPPluginJar : add dma
2025-02-18 08:35:58,343 [INFO] IPUIPlugin:80 - create IPUIPlugin
2025-02-18 08:35:58,343 [INFO] PluginManager:220 - loadIPPluginJar : add dma3
2025-02-18 08:35:58,345 [INFO] IPUIPlugin:80 - create IPUIPlugin
2025-02-18 08:35:58,345 [INFO] PluginManager:220 - loadIPPluginJar : add extmemmanager
2025-02-18 08:35:58,346 [INFO] IPUIPlugin:80 - create IPUIPlugin
2025-02-18 08:35:58,346 [INFO] PluginManager:220 - loadIPPluginJar : add fatfs
2025-02-18 08:35:58,349 [INFO] IPUIPlugin:80 - create IPUIPlugin
2025-02-18 08:35:58,349 [INFO] PluginManager:220 - loadIPPluginJar : add fmc
2025-02-18 08:35:58,354 [INFO] IPUIPlugin:80 - create IPUIPlugin
2025-02-18 08:35:58,354 [INFO] PluginManager:220 - loadIPPluginJar : add freertos
2025-02-18 08:35:58,355 [INFO] IPUIPlugin:80 - create IPUIPlugin
2025-02-18 08:35:58,355 [INFO] PluginManager:220 - loadIPPluginJar : add genericplugin
2025-02-18 08:35:58,357 [INFO] IPUIPlugin:80 - create IPUIPlugin
2025-02-18 08:35:58,357 [INFO] PluginManager:220 - loadIPPluginJar : add gfxmmu
2025-02-18 08:35:58,360 [INFO] IPUIPlugin:80 - create IPUIPlugin
2025-02-18 08:35:58,360 [INFO] PluginManager:220 - loadIPPluginJar : add gic
2025-02-18 08:35:58,362 [INFO] IPUIPlugin:80 - create IPUIPlugin
2025-02-18 08:35:58,362 [INFO] PluginManager:220 - loadIPPluginJar : add gpio
2025-02-18 08:35:58,364 [INFO] IPUIPlugin:80 - create IPUIPlugin
2025-02-18 08:35:58,364 [INFO] PluginManager:220 - loadIPPluginJar : add gtzc
2025-02-18 08:35:58,366 [INFO] IPUIPlugin:80 - create IPUIPlugin
2025-02-18 08:35:58,366 [INFO] PluginManager:220 - loadIPPluginJar : add hash
2025-02-18 08:35:58,368 [INFO] IPUIPlugin:80 - create IPUIPlugin
2025-02-18 08:35:58,368 [INFO] PluginManager:220 - loadIPPluginJar : add i2c
2025-02-18 08:35:58,369 [INFO] IPUIPlugin:80 - create IPUIPlugin
2025-02-18 08:35:58,369 [INFO] PluginManager:220 - loadIPPluginJar : add i2s
2025-02-18 08:35:58,371 [INFO] IPUIPlugin:80 - create IPUIPlugin
2025-02-18 08:35:58,372 [INFO] PluginManager:220 - loadIPPluginJar : add i3c
2025-02-18 08:35:58,374 [INFO] IPUIPlugin:80 - create IPUIPlugin
2025-02-18 08:35:58,374 [INFO] PluginManager:220 - loadIPPluginJar : add ipddr
2025-02-18 08:35:58,378 [INFO] IPUIPlugin:80 - create IPUIPlugin
2025-02-18 08:35:58,378 [INFO] PluginManager:220 - loadIPPluginJar : add linkedlist
2025-02-18 08:35:58,380 [INFO] IPUIPlugin:80 - create IPUIPlugin
2025-02-18 08:35:58,380 [INFO] PluginManager:220 - loadIPPluginJar : add lorawan
2025-02-18 08:35:58,381 [INFO] IPUIPlugin:80 - create IPUIPlugin
2025-02-18 08:35:58,381 [INFO] PluginManager:220 - loadIPPluginJar : add ltdc
2025-02-18 08:35:58,384 [INFO] IPUIPlugin:80 - create IPUIPlugin
2025-02-18 08:35:58,384 [INFO] PluginManager:220 - loadIPPluginJar : add mdma
2025-02-18 08:35:58,386 [INFO] IPUIPlugin:80 - create IPUIPlugin
2025-02-18 08:35:58,386 [INFO] PluginManager:220 - loadIPPluginJar : add nvic
2025-02-18 08:35:58,388 [INFO] IPUIPlugin:80 - create IPUIPlugin
2025-02-18 08:35:58,388 [INFO] PluginManager:220 - loadIPPluginJar : add opamp
2025-02-18 08:35:58,390 [INFO] IPUIPlugin:80 - create IPUIPlugin
2025-02-18 08:35:58,390 [INFO] PluginManager:220 - loadIPPluginJar : add openamp
2025-02-18 08:35:58,392 [INFO] IPUIPlugin:80 - create IPUIPlugin
2025-02-18 08:35:58,392 [INFO] PluginManager:220 - loadIPPluginJar : add pdm2pcm
2025-02-18 08:35:58,395 [INFO] IPUIPlugin:80 - create IPUIPlugin
2025-02-18 08:35:58,397 [INFO] PluginManager:220 - loadIPPluginJar : add plateformsettings
2025-02-18 08:35:58,398 [INFO] IPUIPlugin:80 - create IPUIPlugin
2025-02-18 08:35:58,398 [INFO] PluginManager:220 - loadIPPluginJar : add quadspi
2025-02-18 08:35:58,399 [INFO] IPUIPlugin:80 - create IPUIPlugin
2025-02-18 08:35:58,399 [INFO] PluginManager:220 - loadIPPluginJar : add radio
2025-02-18 08:35:58,404 [INFO] IPUIPlugin:80 - create IPUIPlugin
2025-02-18 08:35:58,404 [INFO] PluginManager:220 - loadIPPluginJar : add resmgrutility
2025-02-18 08:35:58,406 [INFO] IPUIPlugin:80 - create IPUIPlugin
2025-02-18 08:35:58,406 [INFO] PluginManager:220 - loadIPPluginJar : add sai
2025-02-18 08:35:58,408 [INFO] IPUIPlugin:80 - create IPUIPlugin
2025-02-18 08:35:58,408 [INFO] PluginManager:220 - loadIPPluginJar : add spi
2025-02-18 08:35:58,410 [INFO] IPUIPlugin:80 - create IPUIPlugin
2025-02-18 08:35:58,411 [INFO] PluginManager:220 - loadIPPluginJar : add stm32_wpan
2025-02-18 08:35:58,411 [INFO] IPUIPlugin:80 - create IPUIPlugin
2025-02-18 08:35:58,412 [INFO] PluginManager:220 - loadIPPluginJar : add tim
2025-02-18 08:35:58,413 [INFO] IPUIPlugin:80 - create IPUIPlugin
2025-02-18 08:35:58,413 [INFO] PluginManager:220 - loadIPPluginJar : add touchsensing
2025-02-18 08:35:58,414 [INFO] IPUIPlugin:80 - create IPUIPlugin
2025-02-18 08:35:58,414 [INFO] PluginManager:220 - loadIPPluginJar : add tracer_emb
2025-02-18 08:35:58,416 [INFO] IPUIPlugin:80 - create IPUIPlugin
2025-02-18 08:35:58,416 [INFO] PluginManager:220 - loadIPPluginJar : add ts
2025-02-18 08:35:58,417 [INFO] IPUIPlugin:80 - create IPUIPlugin
2025-02-18 08:35:58,417 [INFO] PluginManager:220 - loadIPPluginJar : add tsc
2025-02-18 08:35:58,418 [INFO] IPUIPlugin:80 - create IPUIPlugin
2025-02-18 08:35:58,418 [INFO] PluginManager:220 - loadIPPluginJar : add ucpd
2025-02-18 08:35:58,419 [INFO] IPUIPlugin:80 - create IPUIPlugin
2025-02-18 08:35:58,420 [INFO] PluginManager:220 - loadIPPluginJar : add usart
2025-02-18 08:35:58,421 [INFO] IPUIPlugin:80 - create IPUIPlugin
2025-02-18 08:35:58,421 [INFO] PluginManager:220 - loadIPPluginJar : add usbx
2025-02-18 08:35:58,535 [FATAL] Updater:351 - Updater called before beeing initialized
2025-02-18 08:35:58,560 [INFO] RulesReader:64 - Compatibility file has been processed (297 Rules)
2025-02-18 08:35:58,568 [INFO] RulesReader:64 - Compatibility file has been processed (297 Rules)
2025-02-18 08:35:58,573 [INFO] CADModel:165 - CPN selected for project level
2025-02-18 08:35:58,573 [INFO] CADModel:114 - Register for checkConnection events
2025-02-18 08:35:58,573 [FATAL] Updater:351 - Updater called before beeing initialized
2025-02-18 08:35:58,574 [ERROR] CADModel:125 - Updater not yet initialized, retry later 
2025-02-18 08:35:58,660 [FATAL] Updater:351 - Updater called before beeing initialized
2025-02-18 08:35:58,660 [INFO] CADModel:165 - CPN selected for project level
2025-02-18 08:35:58,660 [INFO] CADModel:114 - Register for checkConnection events
2025-02-18 08:35:58,661 [FATAL] Updater:351 - Updater called before beeing initialized
2025-02-18 08:35:58,661 [ERROR] CADModel:125 - Updater not yet initialized, retry later 
2025-02-18 08:35:58,663 [FATAL] Updater:351 - Updater called before beeing initialized
2025-02-18 08:35:58,740 [FATAL] Updater:351 - Updater called before beeing initialized
2025-02-18 08:35:58,744 [INFO] DbMcusAds:53 - JSON generation date=Thu Sep 30 10:55:09 SAMT 2021 (1632984909247)
2025-02-18 08:35:58,744 [FATAL] Updater:351 - Updater called before beeing initialized
2025-02-18 08:35:58,773 [WARN] DetailPanel:346 - Failed to get advertising image, set to default
2025-02-18 08:35:58,975 [FATAL] Updater:351 - Updater called before beeing initialized
2025-02-18 08:35:58,976 [FATAL] Updater:351 - Updater called before beeing initialized
2025-02-18 08:35:58,976 [FATAL] Updater:351 - Updater called before beeing initialized
2025-02-18 08:35:58,976 [WARN] DetailPanel:346 - Failed to get advertising image, set to default
2025-02-18 08:35:58,977 [FATAL] Updater:351 - Updater called before beeing initialized
2025-02-18 08:35:59,015 [ERROR] Updater:1198 - MainUpdater not yet initialized. External WinMGr cannot be set.
2025-02-18 08:35:59,016 [INFO] Updater:1134 - Updater Version found : 6.13.0
2025-02-18 08:35:59,028 [INFO] ApplicationProperties:184 - Using Application install path: C:\ST\STM32CubeIDE_1.17.0\STM32CubeIDE\plugins\com.st.stm32cube.common.mx_6.13.0.202411220809
2025-02-18 08:36:00,601 [ERROR] LogOutputStream:75 - [STDERR_REDIRECT] Feb 18, 2025 8:36:00 AM java.util.prefs.WindowsPreferences <init>
2025-02-18 08:36:00,602 [ERROR] LogOutputStream:75 - [STDERR_REDIRECT] WARNING: Could not open/create prefs root node Software\JavaSoft\Prefs at root 0xffffffff80000002. Windows RegCreateKeyEx(...) returned error code 5.
2025-02-18 08:36:00,603 [ERROR] LogOutputStream:75 - [STDERR_REDIRECT] 
2025-02-18 08:36:00,962 [INFO] ThirdPartyUpdaterWithRetryManager:70 - Updater plugin not ready yet. [2/15]
2025-02-18 08:36:01,194 [ERROR] CheckConnectionManager:249 - Problem, Http access forbiden
2025-02-18 08:36:01,196 [INFO] MainUpdater:2872 - connection check result : 22
2025-02-18 08:36:01,199 [INFO] MainUpdater:289 - Updater Check For Update Now.
2025-02-18 08:36:01,199 [INFO] MicroXplorer:498 - Change Database Version : DB.6.0.130
2025-02-18 08:36:01,203 [INFO] McuFinderGlobals:63 - Set McuFinder mode to 2 (CubeIDE integrated)
2025-02-18 08:36:01,203 [INFO] UserAuth:171 - activating auth plugin
2025-02-18 08:36:01,204 [INFO] UserAuth:486 - Internet connection configuration mode: 2
2025-02-18 08:36:01,216 [INFO] UserAuth:486 - Internet connection configuration mode: 2
2025-02-18 08:36:01,347 [INFO] CheckServerUpdateThread:120 - End of CheckServer Thread
2025-02-18 08:36:01,629 [INFO] McuFinderGlobals:63 - Set McuFinder mode to 2 (CubeIDE integrated)
2025-02-18 08:36:02,084 [ERROR] CheckConnectionManager:249 - Problem, Http access forbiden
2025-02-18 08:36:02,085 [INFO] MainUpdater:2872 - connection check result : 22
2025-02-18 08:36:04,012 [INFO] ThirdParty:978 - Integrity check success = true
2025-02-18 08:36:04,012 [INFO] IntegrityCheckThread:100 - exiting critical section [integrity check]
2025-02-18 08:36:04,012 [INFO] IntegrityCheckThread:103 - End integrity checks thread
2025-02-18 08:36:05,829 [ERROR] CheckConnectionManager:249 - Problem, Http access forbiden
2025-02-18 08:36:05,834 [INFO] MainUpdater:2872 - connection check result : 22
2025-02-18 08:36:08,059 [INFO] ApiDb:581 - Connected to CubeFinder SQLite database (C:\Users\589\.stmcufinder\plugins\mcufinder\mcu\cube-finder-db.db)
2025-02-18 08:36:08,122 [INFO] ApiDb:668 - CubeFinder database Data Model version=2.1
2025-02-18 08:36:08,122 [INFO] ApiDb:669 - CubeFinder database Configuration version=3.0.39
2025-02-18 08:36:08,122 [INFO] ApiDb:670 - CubeFinder database generation date=2024-11-21 (1732182206)
2025-02-18 08:36:08,122 [INFO] ApiDb:671 - CubeFinder database FW Pack versions=[FP-ATR-ASTRA1_V2.0.0, FP-SNS-FLIGHT1_V5.0.2, FP-SNS-MOTENV1_V5.0.0, FP-SNS-MOTENVWB1_V1.4.0, FP-SNS-SMARTAG2_V1.2.0, FP-SNS-STBOX1_V2.0.0, STM32Cube_FW_C0_V1.3.0, STM32Cube_FW_F4_V1.28.1, STM32Cube_FW_F7_V1.17.2, STM32Cube_FW_G0_V1.6.2, STM32Cube_FW_G4_V1.6.1, STM32Cube_FW_H5_V1.4.0, STM32Cube_FW_H7RS_V1.1.0, STM32Cube_FW_H7_V1.12.0, STM32Cube_FW_L0_V1.12.2, STM32Cube_FW_L4_V1.18.1, STM32Cube_FW_L5_V1.5.1, STM32Cube_FW_N6_V1.0.0, STM32Cube_FW_U0_V1.2.0, STM32Cube_FW_U3_V1.0.0, STM32Cube_FW_U5_V1.7.0, STM32Cube_FW_WB0_V1.1.0, STM32Cube_FW_WBA_V1.5.0, STM32Cube_FW_WB_V1.21.0, STM32Cube_FW_WL3_V1.0.0, STM32Cube_FW_WL_V1.3.0, X-CUBE-ALGOBUILD_V1.4.0, X-CUBE-ALS_V1.0.2, X-CUBE-AZRTOS-F4_V1.1.0, X-CUBE-AZRTOS-F7_V1.1.0, X-CUBE-AZRTOS-G0_V1.1.0, X-CUBE-AZRTOS-G4_V2.0.0, X-CUBE-AZRTOS-H7RS_V1.0.0, X-CUBE-AZRTOS-H7_V3.3.0, X-CUBE-AZRTOS-L4_V2.0.0, X-CUBE-AZRTOS-L5_V2.0.0, X-CUBE-AZRTOS-WB_V2.0.0, X-CUBE-AZRTOS-WL_V2.0.0, X-CUBE-BLE1_V7.0.0, X-CUBE-BLE2_V3.3.0, X-CUBE-BLEMGR_V3.1.0, X-CUBE-EEPRMA1_V5.1.0, X-CUBE-FREERTOS_V1.2.0, X-CUBE-GNSS1_V6.0.0, X-CUBE-MEMS1_V11.0.0, X-CUBE-NFC4_V3.0.0, X-CUBE-NFC7_V1.0.1, X-CUBE-SFXS2LP1_V4.0.0, X-CUBE-SUBG2_V5.0.0, X-CUBE-TOF1_V3.4.2]
2025-02-18 08:36:08,181 [INFO] DbBoardsSqlite:226 - include board P-NUCLEO-WB55-NUCLEO as a kit item of type 'Nucleo-64'
2025-02-18 08:36:08,181 [INFO] DbBoardsSqlite:226 - include board P-NUCLEO-WB55-USBDONGLE as a kit item of type 'Nucleo USB Dongle'
2025-02-18 08:36:08,182 [INFO] DbBoardsSqlite:226 - include board STEVAL-IDP005V1 as a kit item of type 'Evaluation Board'
2025-02-18 08:36:08,182 [INFO] DbBoardsSqlite:226 - include board STEVAL-IDP005V2 as a kit item of type 'Evaluation Board'
2025-02-18 08:36:08,239 [INFO] ApiDb:240 - Found 858 in-development CPN: [B-G473E-ZEST1S, B-WB1M-WPAN1, B-WBA5M-WPAN, B-WL5M-SUBG1, NUCLEO-C031C6, NUCLEO-C051C8, NUCLEO-C071RB, NUCLEO-C092RC, NUCLEO-H503RB, NUCLEO-H533RE, NUCLEO-H563ZI, NUCLEO-H7S3L8, NUCLEO-N657X0-Q, NUCLEO-U031R8, NUCLEO-U083RC, NUCLEO-U385RG-Q, NUCLEO-U545RE-Q, NUCLEO-U5A5ZJ-Q, NUCLEO-WB05KZ, NUCLEO-WB07CC, NUCLEO-WB09KE, NUCLEO-WBA52CG, NUCLEO-WBA55CG, NUCLEO-WL33CC1, NUCLEO-WL33CC2, STEVAL-PROTEUS1, STEVAL-SMARTAG2, STEVAL-STWINBX1, STM320518-EVAL, STM32C0116-DK, STM32C011D6Y3TR, STM32C011D6Y6TR, STM32C011F4P3, STM32C011F4P6, STM32C011F4U3, STM32C011F4U6TR, STM32C011F6P3, STM32C011F6P6, STM32C011F6U3, STM32C011F6U6TR, STM32C011J4M3, STM32C011J4M6, STM32C011J6M3, STM32C011J6M6, STM32C0316-DK, STM32C031C4T3, STM32C031C4T6, STM32C031C4U3, STM32C031C4U6, STM32C031C6T3, STM32C031C6T6, STM32C031C6U3, STM32C031C6U6, STM32C031F4P3, STM32C031F4P6, STM32C031F6P3, STM32C031F6P6, STM32C031G4U3, STM32C031G4U6, STM32C031G6U3, STM32C031G6U6, STM32C031K4T3, STM32C031K4T6, STM32C031K4U3, STM32C031K4U6, STM32C031K6T3, STM32C031K6T6, STM32C031K6U3, STM32C031K6U6, STM32C051C6T6, STM32C051C6U6, STM32C051C8T6, STM32C051C8U6, STM32C051D8Y6TR, STM32C051F6P6, STM32C051F8P6, STM32C051G6U6, STM32C051G8U6, STM32C051K6T6, STM32C051K6U6, STM32C051K8T6, STM32C071C8T6, STM32C071C8T6N, STM32C071C8U6, STM32C071C8U6N, STM32C071CBT6, STM32C071CBT6N, STM32C071CBU6, STM32C071CBU6N, STM32C071F8P6, STM32C071F8P6N, STM32C071FBP6, STM32C071FBP6N, STM32C071FBY6TR, STM32C071G8U6, STM32C071G8U6N, STM32C071GBU6, STM32C071GBU6N, STM32C071K8T6, STM32C071K8T6N, STM32C071K8U6, STM32C071K8U6N, STM32C071KBT6, STM32C071KBT6N, STM32C071KBU6, STM32C071KBU6N, STM32C071R8T6, STM32C071R8T6N, STM32C071RBI6N, STM32C071RBT6, STM32C071RBT6N, STM32C091CBT6, STM32C091CBU6, STM32C091CCT6, STM32C091CCU6, STM32C091ECY6TR, STM32C091FBP6, STM32C091FCP6, STM32C091GBU6, STM32C091GCU6, STM32C091KBT6, STM32C091KBU6, STM32C091KCT6, STM32C091KCU6, STM32C091RBT6, STM32C091RCI6, STM32C091RCT6, STM32C092CBT6, STM32C092CBU6, STM32C092CCT6, STM32C092CCU6, STM32C092ECY6TR, STM32C092FBP6, STM32C092FCP6, STM32C092GBU6, STM32C092GCU6, STM32C092KBT6, STM32C092KBU6, STM32C092KCT6, STM32C092KCU6, STM32C092RBT6, STM32C092RCI6, STM32C092RCT6, STM32G071K8TXN, STM32G071K8UXN, STM32G081GBU6N, STM32G081KBT6N, STM32G081KBUXN, STM32G0B1CCT6N, STM32G0B1KCT6, STM32G0B1NEY6TR, STM32G0B1RCT6N, STM32G0C1CCT6, STM32G0C1CCT6N, STM32G0C1CCU6N, STM32G0C1CET6N, STM32G0C1CEU6N, STM32G0C1KCT6, STM32G0C1NEY6TR, STM32G0C1RCI6N, STM32G0C1RCT6N, STM32G0C1REI6N, STM32G0C1RET6N, STM32G0C1VCI6, STM32G0C1VEI6, STM32G411C6T3, STM32G411C6T6, STM32G411C6U3, STM32G411C6U6, STM32G411C8T3, STM32G411C8T6, STM32G411C8U3, STM32G411C8U6, STM32G411CBT3, STM32G411CBT6, STM32G411CBU3, STM32G411CBU6, STM32G411CCT3, STM32G411CCT6, STM32G411CCU3, STM32G411CCU6, STM32G411K6T3, STM32G411K6T6, STM32G411K6U3, STM32G411K6U6, STM32G411K8T3, STM32G411K8T6, STM32G411K8U3, STM32G411K8U6, STM32G411KBT3, STM32G411KBT6, STM32G411KBU3, STM32G411KBU6, STM32G411M6T3, STM32G411M6T6, STM32G411M8T3, STM32G411M8T6, STM32G411MBT3, STM32G411MBT6, STM32G411MCT3, STM32G411MCT6, STM32G411R6T3, STM32G411R6T6, STM32G411R8T3, STM32G411R8T6, STM32G411RBT3, STM32G411RBT6, STM32G411RCT3, STM32G411RCT6, STM32G414CBT3, STM32G414CBT6, STM32G414CBU3, STM32G414CBU6, STM32G414CCT3, STM32G414CCT6, STM32G414CCU3, STM32G414CCU6, STM32G414MBT3, STM32G414MBT6, STM32G414MCT3, STM32G414MCT6, STM32G414RBT3, STM32G414RBT6, STM32G414RCT3, STM32G414RCT6, STM32G414VBT3, STM32G414VBT6, STM32G414VCT3, STM32G414VCT6, STM32G431CBT3Z, STM32G431RBT3Z, STM32G471CCT6, STM32G471CCU6, STM32G471CET3, STM32G471CET6, STM32G471CEU3, STM32G471CEU6, STM32G471MCT6, STM32G471MET3, STM32G471MET6, STM32G471MEY6TR, STM32G471QCT6, STM32G471QET3, STM32G471RCT6, STM32G471RET3, STM32G471RET6, STM32G471VCH6, STM32G471VCI6, STM32G471VCT6, STM32G471VEH3, STM32G471VEH6, STM32G471VEI3, STM32G471VEI6, STM32G471VET3, STM32G471VET6, STM32G473QET3Z, STM32G473RET3Z, STM32G474CCT6, STM32G491RET3Z, STM32H503CBT6, STM32H503CBU6, STM32H503EBY6TR, STM32H503KBU6, STM32H503RBT6, STM32H523CCT6, STM32H523CCU6, STM32H523CET6, STM32H523CEU6, STM32H523HEY6TR, STM32H523RCT6, STM32H523RET6, STM32H523VCI6, STM32H523VCT6, STM32H523VEI6, STM32H523VET6, STM32H523ZCJ6, STM32H523ZCT6, STM32H523ZEJ6, STM32H523ZET6, STM32H533CET6, STM32H533CEU6, STM32H533HEY6TR, STM32H533RET6, STM32H533VEI6, STM32H533VET6, STM32H533ZEJ6, STM32H533ZET6, STM32H562AGI6, STM32H562AII6, STM32H562IGK6, STM32H562IGT6, STM32H562IIK6, STM32H562IIT6, STM32H562RGT6, STM32H562RGV6, STM32H562RIT6, STM32H562RIV6, STM32H562VGT6, STM32H562VIT6, STM32H562ZGT6, STM32H562ZIT6, STM32H563AGI6, STM32H563AII3Q, STM32H563AII6, STM32H563IGK6, STM32H563IGT6, STM32H563IIK3Q, STM32H563IIK6, STM32H563IIT3Q, STM32H563IIT6, STM32H563MIY3QTR, STM32H563RGT6, STM32H563RGV6, STM32H563RIT6, STM32H563RIV6, STM32H563VGT6, STM32H563VIT3Q, STM32H563VIT6, STM32H563ZGT6, STM32H563ZIT3Q, STM32H563ZIT6, STM32H573AII3Q, STM32H573AII6, STM32H573I-DK, STM32H573IIK3Q, STM32H573IIK6, STM32H573IIT3Q, STM32H573IIT6, STM32H573MIY3QTR, STM32H573RIT6, STM32H573RIV6, STM32H573VIT3Q, STM32H573VIT6, STM32H573ZIT3Q, STM32H573ZIT6, STM32H7R3A8I6, STM32H7R3I8K6, STM32H7R3I8T6, STM32H7R3L8H6, STM32H7R3L8H6H, STM32H7R3R8V6, STM32H7R3V8H6, STM32H7R3V8T6, STM32H7R3V8Y6TR, STM32H7R3Z8J6, STM32H7R3Z8T6, STM32H7R7A8I6, STM32H7R7I8K6, STM32H7R7I8T6, STM32H7R7L8H6, STM32H7R7L8H6H, STM32H7R7Z8J6, STM32H7S3A8I6, STM32H7S3I8K6, STM32H7S3I8T6, STM32H7S3L8H6, STM32H7S3L8H6H, STM32H7S3R8V6, STM32H7S3V8H6, STM32H7S3V8T6, STM32H7S3V8Y6TR, STM32H7S3Z8J6, STM32H7S3Z8T6, STM32H7S78-DK, STM32H7S7A8I6, STM32H7S7I8K6, STM32H7S7I8T6, STM32H7S7L8H6, STM32H7S7L8H6H, STM32H7S7Z8J6, STM32L4R5QGI6STR, STM32MP131AAE3, STM32MP131AAF3, STM32MP131AAG3, STM32MP131CAE3, STM32MP131CAF3, STM32MP131CAG3, STM32MP131DAE7, STM32MP131DAF7, STM32MP131DAG7, STM32MP131FAE7, STM32MP131FAF7, STM32MP131FAG7, STM32MP133AAE3, STM32MP133AAF3, STM32MP133AAG3, STM32MP133CAE3, STM32MP133CAF3, STM32MP133CAG3, STM32MP133DAE7, STM32MP133DAF7, STM32MP133DAG7, STM32MP133FAE7, STM32MP133FAF7, STM32MP133FAG7, STM32MP135AAE3, STM32MP135AAF3, STM32MP135AAG3, STM32MP135CAE3, STM32MP135CAF3, STM32MP135CAG3, STM32MP135DAE7, STM32MP135DAF7, STM32MP135DAG7, STM32MP135F-DK, STM32MP135FAE7, STM32MP135FAF7, STM32MP135FAF7T, STM32MP135FAF7U, STM32MP135FAG7, STM32MP231AAJ3, STM32MP231AAK3, STM32MP231AAL3, STM32MP231CAJ3, STM32MP231CAK3, STM32MP231CAL3, STM32MP231DAJ3, STM32MP231DAK3, STM32MP231DAL3, STM32MP231FAJ3, STM32MP231FAK3, STM32MP231FAL3, STM32MP233AAJ3, STM32MP233AAK3, STM32MP233AAL3, STM32MP233CAJ3, STM32MP233CAK3, STM32MP233CAL3, STM32MP233DAJ3, STM32MP233DAK3, STM32MP233DAL3, STM32MP233FAJ3, STM32MP233FAK3, STM32MP233FAL3, STM32MP235AAJ3, STM32MP235AAK3, STM32MP235AAL3, STM32MP235CAJ3, STM32MP235CAK3, STM32MP235CAL3, STM32MP235DAJ3, STM32MP235DAK3, STM32MP235DAL3, STM32MP235FAJ3, STM32MP235FAK3, STM32MP235FAL3, STM32MP251AAI3, STM32MP251AAJ3, STM32MP251AAK3, STM32MP251AAL3, STM32MP251CAI3, STM32MP251CAJ3, STM32MP251CAK3, STM32MP251CAL3, STM32MP251DAI3, STM32MP251DAJ3, STM32MP251DAK3, STM32MP251DAL3, STM32MP251FAI3, STM32MP251FAJ3, STM32MP251FAK3, STM32MP251FAL3, STM32MP253AAI3, STM32MP253AAJ3, STM32MP253AAK3, STM32MP253AAL3, STM32MP253CAI3, STM32MP253CAJ3, STM32MP253CAK3, STM32MP253CAL3, STM32MP253DAI3, STM32MP253DAJ3, STM32MP253DAK3, STM32MP253DAL3, STM32MP253FAI3, STM32MP253FAJ3, STM32MP253FAK3, STM32MP253FAL3, STM32MP255AAI3, STM32MP255AAJ3, STM32MP255AAK3, STM32MP255AAL3, STM32MP255CAI3, STM32MP255CAJ3, STM32MP255CAK3, STM32MP255CAL3, STM32MP255DAI3, STM32MP255DAJ3, STM32MP255DAK3, STM32MP255DAL3, STM32MP255FAI3, STM32MP255FAJ3, STM32MP255FAK3, STM32MP255FAL3, STM32MP257AAI3, STM32MP257AAJ3, STM32MP257AAK3, STM32MP257AAL3, STM32MP257CAI3, STM32MP257CAJ3, STM32MP257CAK3, STM32MP257CAL3, STM32MP257DAI3, STM32MP257DAJ3, STM32MP257DAK3, STM32MP257DAL3, STM32MP257F-DK, STM32MP257F-EV1, STM32MP257FAI3, STM32MP257FAJ3, STM32MP257FAK3, STM32MP257FAL3, STM32N645A0H3Q, STM32N645B0H3Q, STM32N645I0H3Q, STM32N645L0H3Q, STM32N645X0H3Q, STM32N645Z0H3Q, STM32N647A0H3Q, STM32N647B0H3Q, STM32N647I0H3Q, STM32N647L0H3Q, STM32N647X0H3Q, STM32N647Z0H3Q, STM32N655A0H3Q, STM32N655B0H3Q, STM32N655I0H3Q, STM32N655L0H3Q, STM32N655X0H3Q, STM32N655Z0H3Q, STM32N6570-DK, STM32N657A0H3Q, STM32N657B0H3Q, STM32N657I0H3Q, STM32N657L0H3Q, STM32N657X0H3Q, STM32N657Z0H3Q, STM32U031C6T6, STM32U031C6U6, STM32U031C8T6, STM32U031C8U6, STM32U031F4P6, STM32U031F6P6, STM32U031F8P6, STM32U031G6Y6TR, STM32U031G8Y6TR, STM32U031K4U6, STM32U031K6U6, STM32U031K8U6, STM32U031R6I6, STM32U031R6T6, STM32U031R8I6, STM32U031R8T6, STM32U073C8T6, STM32U073C8U6, STM32U073CBT6, STM32U073CBU6, STM32U073CCT6, STM32U073CCU6, STM32U073H8Y6TR, STM32U073HBY6TR, STM32U073HCY6TR, STM32U073K8U6, STM32U073KBU6, STM32U073KCU6, STM32U073M8I6, STM32U073M8T6, STM32U073MBI6, STM32U073MBT6, STM32U073MCI6, STM32U073MCT6, STM32U073R8I6, STM32U073R8T6, STM32U073RBI6, STM32U073RBT6, STM32U073RCI6, STM32U073RCT6, STM32U083C-DK, STM32U083CCT6, STM32U083CCU6, STM32U083HCY6TR, STM32U083KCU6, STM32U083MCI6, STM32U083MCT6, STM32U083RCI6, STM32U083RCT6, STM32U375CET6, STM32U375CET6Q, STM32U375CEU6, STM32U375CEU6Q, STM32U375CEY6QTR, STM32U375CGT6, STM32U375CGT6Q, STM32U375CGU6, STM32U375CGU6Q, STM32U375CGY6QTR, STM32U375KEU6, STM32U375KGU6, STM32U375REI6, STM32U375REI6Q, STM32U375RET6, STM32U375RET6Q, STM32U375REY6GTR, STM32U375REY6QTR, STM32U375RGI6, STM32U375RGI6Q, STM32U375RGT6, STM32U375RGT6Q, STM32U375RGY6GTR, STM32U375RGY6QTR, STM32U375VEI6, STM32U375VEI6Q, STM32U375VET6, STM32U375VET6Q, STM32U375VGI6, STM32U375VGI6Q, STM32U375VGT6, STM32U375VGT6Q, STM32U385CGT6, STM32U385CGT6Q, STM32U385CGU6, STM32U385CGU6Q, STM32U385CGY6QTR, STM32U385KGU6, STM32U385RGI6, STM32U385RGI6Q, STM32U385RGT6, STM32U385RGT6Q, STM32U385RGY6GTR, STM32U385RGY6QTR, STM32U385VGI6, STM32U385VGI6Q, STM32U385VGT6, STM32U385VGT6Q, STM32U535CBT6, STM32U535CBT6Q, STM32U535CBU6, STM32U535CBU6Q, STM32U535CCT6, STM32U535CCT6Q, STM32U535CCU6, STM32U535CCU6Q, STM32U535CET6, STM32U535CET6Q, STM32U535CEU6, STM32U535CEU6Q, STM32U535JEY6QTR, STM32U535NCY6QTR, STM32U535NEY6QTR, STM32U535RBI6, STM32U535RBI6Q, STM32U535RBT6, STM32U535RBT6Q, STM32U535RCI6, STM32U535RCI6Q, STM32U535RCT6, STM32U535RCT6Q, STM32U535REI6, STM32U535REI6Q, STM32U535RET6, STM32U535RET6Q, STM32U535VCI6, STM32U535VCI6Q, STM32U535VCT6, STM32U535VCT6Q, STM32U535VEI6, STM32U535VEI6Q, STM32U535VET6, STM32U535VET6Q, STM32U545CET6, STM32U545CET6Q, STM32U545CEU6, STM32U545CEU6Q, STM32U545JEY6QTR, STM32U545NEY6QTR, STM32U545REI6, STM32U545REI6Q, STM32U545RET6, STM32U545RET6Q, STM32U545VEI6, STM32U545VEI6Q, STM32U545VET6, STM32U545VET6Q, STM32U595AIH6, STM32U595AIH6Q, STM32U595AJH6, STM32U595AJH6Q, STM32U595QII6, STM32U595QII6Q, STM32U595QJI6, STM32U595QJI6Q, STM32U595RIT6, STM32U595RIT6Q, STM32U595RJT6, STM32U595RJT6Q, STM32U595VIT6, STM32U595VIT6Q, STM32U595VJT6, STM32U595VJT6Q, STM32U595ZIT6, STM32U595ZIT6Q, STM32U595ZIY6QTR, STM32U595ZJT6, STM32U595ZJT6Q, STM32U595ZJY6QTR, STM32U599BJY6QTR, STM32U599NIH6Q, STM32U599NJH6Q, STM32U599VIT6Q, STM32U599VJT6, STM32U599VJT6Q, STM32U599ZIT6Q, STM32U599ZIY6QTR, STM32U599ZJT6Q, STM32U599ZJY6QTR, STM32U5A5AJH6, STM32U5A5AJH6Q, STM32U5A5QII3Q , STM32U5A5QJI6, STM32U5A5QJI6Q, STM32U5A5RJT6, STM32U5A5RJT6Q, STM32U5A5VJT6, STM32U5A5VJT6Q, STM32U5A5ZJT6, STM32U5A5ZJT6Q, STM32U5A5ZJY6QTR, STM32U5A9BJY6QTR, STM32U5A9J-DK, STM32U5A9NJH6Q, STM32U5A9VJT6Q, STM32U5A9ZJT6Q, STM32U5A9ZJY6QTR, STM32U5F7VIT6, STM32U5F7VIT6Q, STM32U5F7VJT6, STM32U5F7VJT6Q, STM32U5F9BJY6QTR, STM32U5F9NJH6Q, STM32U5F9VIT6Q, STM32U5F9VJT6Q, STM32U5F9ZIJ6QTR, STM32U5F9ZIT6Q, STM32U5F9ZJJ6QTR, STM32U5F9ZJT6Q, STM32U5G7VJT6, STM32U5G7VJT6Q, STM32U5G9BJY6QTR, STM32U5G9J-DK1, STM32U5G9J-DK2, STM32U5G9NJH6Q, STM32U5G9VJT6Q, STM32U5G9ZJJ6QTR, STM32U5G9ZJT6Q, STM32WB05KZV6TR, STM32WB05KZV7TR, STM32WB05TZF6TR, STM32WB05TZF7TR, STM32WB06CCF6TR, STM32WB06CCF7TR, STM32WB06CCV6TR, STM32WB06CCV7TR, STM32WB06KCV6TR, STM32WB06KCV7TR, STM32WB07CCF6TR, STM32WB07CCF7TR, STM32WB07CCV6TR, STM32WB07CCV7TR, STM32WB07KCV6TR, STM32WB07KCV7TR, STM32WB09KEV6TR, STM32WB09KEV7TR, STM32WB09TEF6TR, STM32WB09TEF7TR, STM32WB1MMCH6, STM32WBA50KGU6, STM32WBA50KGU6TR, STM32WBA52CEU6, STM32WBA52CEU6TR, STM32WBA52CEU7, STM32WBA52CEU7TR, STM32WBA52CGU6, STM32WBA52CGU6TR, STM32WBA52CGU6U, STM32WBA52CGU7, STM32WBA52CGU7TR, STM32WBA52KEU6, STM32WBA52KEU6TR, STM32WBA52KGU6, STM32WBA52KGU6TR, STM32WBA54CEU6, STM32WBA54CEU6TR, STM32WBA54CEU7, STM32WBA54CEU7TR, STM32WBA54CGU6, STM32WBA54CGU6TR, STM32WBA54CGU7, STM32WBA54CGU7TR, STM32WBA54KEU6, STM32WBA54KEU6TR, STM32WBA54KEU7, STM32WBA54KEU7TR, STM32WBA54KGU6, STM32WBA54KGU6TR, STM32WBA54KGU7, STM32WBA54KGU7TR, STM32WBA55CEU6, STM32WBA55CEU6TR, STM32WBA55CEU7, STM32WBA55CEU7TR, STM32WBA55CGU6, STM32WBA55CGU6TR, STM32WBA55CGU6U, STM32WBA55CGU7, STM32WBA55CGU7TR, STM32WBA55G-DK1, STM32WBA55HEF6, STM32WBA55HEF7, STM32WBA55HGF6, STM32WBA55HGF7, STM32WBA55UEI6, STM32WBA55UEI6TR, STM32WBA55UEI7, STM32WBA55UEI7TR, STM32WBA55UGI6, STM32WBA55UGI6TR, STM32WBA55UGI7, STM32WBA55UGI7TR, STM32WBA5MJGH6TR, STM32WBA5MJGH6U, STM32WL33C8V6, STM32WL33C8V6TR, STM32WL33C8V7, STM32WL33C8V7TR, STM32WL33CBV6, STM32WL33CBV6TR, STM32WL33CBV7, STM32WL33CBV7TR, STM32WL33CCV6, STM32WL33CCV6TR, STM32WL33CCV7, STM32WL33CCV7A, STM32WL33CCV7ATR, STM32WL33CCV7TR, STM32WL33K8V6, STM32WL33K8V6TR, STM32WL33K8V7, STM32WL33K8V7TR, STM32WL33KBV6, STM32WL33KBV6TR, STM32WL33KBV7, STM32WL33KBV7TR, STM32WL33KCV6, STM32WL33KCV6TR, STM32WL33KCV7, STM32WL33KCV7TR, STM32WL5MOCH6, STM32WL5MOCH6TR]
2025-02-18 08:36:08,428 [INFO] BoardInfo:889 - No configuration file found for board P-NUCLEO-WB55
2025-02-18 08:36:08,430 [INFO] DbBoards:161 - Kit is not supported: P-NUCLEO-WB55
2025-02-18 08:36:08,442 [INFO] BoardInfo:889 - No configuration file found for board STEVAL-BFA001V1B
2025-02-18 08:36:08,443 [INFO] DbBoards:161 - Kit is not supported: STEVAL-BFA001V1B
2025-02-18 08:36:08,444 [INFO] BoardInfo:889 - No configuration file found for board STEVAL-BFA001V2B
2025-02-18 08:36:08,445 [INFO] DbBoards:161 - Kit is not supported: STEVAL-BFA001V2B
2025-02-18 08:36:08,626 [INFO] DbBoards:168 - Found 209 boards, 206 are supported
2025-02-18 08:36:08,626 [INFO] DbBoards:169 - Found 209 boards, 42 of them is supported for  Bsp
2025-02-18 08:36:08,629 [INFO] ApiDb:668 - CubeFinder database Data Model version=2.1
2025-02-18 08:36:08,629 [INFO] ApiDb:669 - CubeFinder database Configuration version=3.0.39
2025-02-18 08:36:08,629 [INFO] ApiDb:670 - CubeFinder database generation date=2024-11-21 (1732182206)
2025-02-18 08:36:08,629 [INFO] ApiDb:671 - CubeFinder database FW Pack versions=[FP-ATR-ASTRA1_V2.0.0, FP-SNS-FLIGHT1_V5.0.2, FP-SNS-MOTENV1_V5.0.0, FP-SNS-MOTENVWB1_V1.4.0, FP-SNS-SMARTAG2_V1.2.0, FP-SNS-STBOX1_V2.0.0, STM32Cube_FW_C0_V1.3.0, STM32Cube_FW_F4_V1.28.1, STM32Cube_FW_F7_V1.17.2, STM32Cube_FW_G0_V1.6.2, STM32Cube_FW_G4_V1.6.1, STM32Cube_FW_H5_V1.4.0, STM32Cube_FW_H7RS_V1.1.0, STM32Cube_FW_H7_V1.12.0, STM32Cube_FW_L0_V1.12.2, STM32Cube_FW_L4_V1.18.1, STM32Cube_FW_L5_V1.5.1, STM32Cube_FW_N6_V1.0.0, STM32Cube_FW_U0_V1.2.0, STM32Cube_FW_U3_V1.0.0, STM32Cube_FW_U5_V1.7.0, STM32Cube_FW_WB0_V1.1.0, STM32Cube_FW_WBA_V1.5.0, STM32Cube_FW_WB_V1.21.0, STM32Cube_FW_WL3_V1.0.0, STM32Cube_FW_WL_V1.3.0, X-CUBE-ALGOBUILD_V1.4.0, X-CUBE-ALS_V1.0.2, X-CUBE-AZRTOS-F4_V1.1.0, X-CUBE-AZRTOS-F7_V1.1.0, X-CUBE-AZRTOS-G0_V1.1.0, X-CUBE-AZRTOS-G4_V2.0.0, X-CUBE-AZRTOS-H7RS_V1.0.0, X-CUBE-AZRTOS-H7_V3.3.0, X-CUBE-AZRTOS-L4_V2.0.0, X-CUBE-AZRTOS-L5_V2.0.0, X-CUBE-AZRTOS-WB_V2.0.0, X-CUBE-AZRTOS-WL_V2.0.0, X-CUBE-BLE1_V7.0.0, X-CUBE-BLE2_V3.3.0, X-CUBE-BLEMGR_V3.1.0, X-CUBE-EEPRMA1_V5.1.0, X-CUBE-FREERTOS_V1.2.0, X-CUBE-GNSS1_V6.0.0, X-CUBE-MEMS1_V11.0.0, X-CUBE-NFC4_V3.0.0, X-CUBE-NFC7_V1.0.1, X-CUBE-SFXS2LP1_V4.0.0, X-CUBE-SUBG2_V5.0.0, X-CUBE-TOF1_V3.4.2]
2025-02-18 08:36:10,310 [INFO] ApiDb:240 - Found 858 in-development CPN: [B-G473E-ZEST1S, B-WB1M-WPAN1, B-WBA5M-WPAN, B-WL5M-SUBG1, NUCLEO-C031C6, NUCLEO-C051C8, NUCLEO-C071RB, NUCLEO-C092RC, NUCLEO-H503RB, NUCLEO-H533RE, NUCLEO-H563ZI, NUCLEO-H7S3L8, NUCLEO-N657X0-Q, NUCLEO-U031R8, NUCLEO-U083RC, NUCLEO-U385RG-Q, NUCLEO-U545RE-Q, NUCLEO-U5A5ZJ-Q, NUCLEO-WB05KZ, NUCLEO-WB07CC, NUCLEO-WB09KE, NUCLEO-WBA52CG, NUCLEO-WBA55CG, NUCLEO-WL33CC1, NUCLEO-WL33CC2, STEVAL-PROTEUS1, STEVAL-SMARTAG2, STEVAL-STWINBX1, STM320518-EVAL, STM32C0116-DK, STM32C011D6Y3TR, STM32C011D6Y6TR, STM32C011F4P3, STM32C011F4P6, STM32C011F4U3, STM32C011F4U6TR, STM32C011F6P3, STM32C011F6P6, STM32C011F6U3, STM32C011F6U6TR, STM32C011J4M3, STM32C011J4M6, STM32C011J6M3, STM32C011J6M6, STM32C0316-DK, STM32C031C4T3, STM32C031C4T6, STM32C031C4U3, STM32C031C4U6, STM32C031C6T3, STM32C031C6T6, STM32C031C6U3, STM32C031C6U6, STM32C031F4P3, STM32C031F4P6, STM32C031F6P3, STM32C031F6P6, STM32C031G4U3, STM32C031G4U6, STM32C031G6U3, STM32C031G6U6, STM32C031K4T3, STM32C031K4T6, STM32C031K4U3, STM32C031K4U6, STM32C031K6T3, STM32C031K6T6, STM32C031K6U3, STM32C031K6U6, STM32C051C6T6, STM32C051C6U6, STM32C051C8T6, STM32C051C8U6, STM32C051D8Y6TR, STM32C051F6P6, STM32C051F8P6, STM32C051G6U6, STM32C051G8U6, STM32C051K6T6, STM32C051K6U6, STM32C051K8T6, STM32C071C8T6, STM32C071C8T6N, STM32C071C8U6, STM32C071C8U6N, STM32C071CBT6, STM32C071CBT6N, STM32C071CBU6, STM32C071CBU6N, STM32C071F8P6, STM32C071F8P6N, STM32C071FBP6, STM32C071FBP6N, STM32C071FBY6TR, STM32C071G8U6, STM32C071G8U6N, STM32C071GBU6, STM32C071GBU6N, STM32C071K8T6, STM32C071K8T6N, STM32C071K8U6, STM32C071K8U6N, STM32C071KBT6, STM32C071KBT6N, STM32C071KBU6, STM32C071KBU6N, STM32C071R8T6, STM32C071R8T6N, STM32C071RBI6N, STM32C071RBT6, STM32C071RBT6N, STM32C091CBT6, STM32C091CBU6, STM32C091CCT6, STM32C091CCU6, STM32C091ECY6TR, STM32C091FBP6, STM32C091FCP6, STM32C091GBU6, STM32C091GCU6, STM32C091KBT6, STM32C091KBU6, STM32C091KCT6, STM32C091KCU6, STM32C091RBT6, STM32C091RCI6, STM32C091RCT6, STM32C092CBT6, STM32C092CBU6, STM32C092CCT6, STM32C092CCU6, STM32C092ECY6TR, STM32C092FBP6, STM32C092FCP6, STM32C092GBU6, STM32C092GCU6, STM32C092KBT6, STM32C092KBU6, STM32C092KCT6, STM32C092KCU6, STM32C092RBT6, STM32C092RCI6, STM32C092RCT6, STM32G071K8TXN, STM32G071K8UXN, STM32G081GBU6N, STM32G081KBT6N, STM32G081KBUXN, STM32G0B1CCT6N, STM32G0B1KCT6, STM32G0B1NEY6TR, STM32G0B1RCT6N, STM32G0C1CCT6, STM32G0C1CCT6N, STM32G0C1CCU6N, STM32G0C1CET6N, STM32G0C1CEU6N, STM32G0C1KCT6, STM32G0C1NEY6TR, STM32G0C1RCI6N, STM32G0C1RCT6N, STM32G0C1REI6N, STM32G0C1RET6N, STM32G0C1VCI6, STM32G0C1VEI6, STM32G411C6T3, STM32G411C6T6, STM32G411C6U3, STM32G411C6U6, STM32G411C8T3, STM32G411C8T6, STM32G411C8U3, STM32G411C8U6, STM32G411CBT3, STM32G411CBT6, STM32G411CBU3, STM32G411CBU6, STM32G411CCT3, STM32G411CCT6, STM32G411CCU3, STM32G411CCU6, STM32G411K6T3, STM32G411K6T6, STM32G411K6U3, STM32G411K6U6, STM32G411K8T3, STM32G411K8T6, STM32G411K8U3, STM32G411K8U6, STM32G411KBT3, STM32G411KBT6, STM32G411KBU3, STM32G411KBU6, STM32G411M6T3, STM32G411M6T6, STM32G411M8T3, STM32G411M8T6, STM32G411MBT3, STM32G411MBT6, STM32G411MCT3, STM32G411MCT6, STM32G411R6T3, STM32G411R6T6, STM32G411R8T3, STM32G411R8T6, STM32G411RBT3, STM32G411RBT6, STM32G411RCT3, STM32G411RCT6, STM32G414CBT3, STM32G414CBT6, STM32G414CBU3, STM32G414CBU6, STM32G414CCT3, STM32G414CCT6, STM32G414CCU3, STM32G414CCU6, STM32G414MBT3, STM32G414MBT6, STM32G414MCT3, STM32G414MCT6, STM32G414RBT3, STM32G414RBT6, STM32G414RCT3, STM32G414RCT6, STM32G414VBT3, STM32G414VBT6, STM32G414VCT3, STM32G414VCT6, STM32G431CBT3Z, STM32G431RBT3Z, STM32G471CCT6, STM32G471CCU6, STM32G471CET3, STM32G471CET6, STM32G471CEU3, STM32G471CEU6, STM32G471MCT6, STM32G471MET3, STM32G471MET6, STM32G471MEY6TR, STM32G471QCT6, STM32G471QET3, STM32G471RCT6, STM32G471RET3, STM32G471RET6, STM32G471VCH6, STM32G471VCI6, STM32G471VCT6, STM32G471VEH3, STM32G471VEH6, STM32G471VEI3, STM32G471VEI6, STM32G471VET3, STM32G471VET6, STM32G473QET3Z, STM32G473RET3Z, STM32G474CCT6, STM32G491RET3Z, STM32H503CBT6, STM32H503CBU6, STM32H503EBY6TR, STM32H503KBU6, STM32H503RBT6, STM32H523CCT6, STM32H523CCU6, STM32H523CET6, STM32H523CEU6, STM32H523HEY6TR, STM32H523RCT6, STM32H523RET6, STM32H523VCI6, STM32H523VCT6, STM32H523VEI6, STM32H523VET6, STM32H523ZCJ6, STM32H523ZCT6, STM32H523ZEJ6, STM32H523ZET6, STM32H533CET6, STM32H533CEU6, STM32H533HEY6TR, STM32H533RET6, STM32H533VEI6, STM32H533VET6, STM32H533ZEJ6, STM32H533ZET6, STM32H562AGI6, STM32H562AII6, STM32H562IGK6, STM32H562IGT6, STM32H562IIK6, STM32H562IIT6, STM32H562RGT6, STM32H562RGV6, STM32H562RIT6, STM32H562RIV6, STM32H562VGT6, STM32H562VIT6, STM32H562ZGT6, STM32H562ZIT6, STM32H563AGI6, STM32H563AII3Q, STM32H563AII6, STM32H563IGK6, STM32H563IGT6, STM32H563IIK3Q, STM32H563IIK6, STM32H563IIT3Q, STM32H563IIT6, STM32H563MIY3QTR, STM32H563RGT6, STM32H563RGV6, STM32H563RIT6, STM32H563RIV6, STM32H563VGT6, STM32H563VIT3Q, STM32H563VIT6, STM32H563ZGT6, STM32H563ZIT3Q, STM32H563ZIT6, STM32H573AII3Q, STM32H573AII6, STM32H573I-DK, STM32H573IIK3Q, STM32H573IIK6, STM32H573IIT3Q, STM32H573IIT6, STM32H573MIY3QTR, STM32H573RIT6, STM32H573RIV6, STM32H573VIT3Q, STM32H573VIT6, STM32H573ZIT3Q, STM32H573ZIT6, STM32H7R3A8I6, STM32H7R3I8K6, STM32H7R3I8T6, STM32H7R3L8H6, STM32H7R3L8H6H, STM32H7R3R8V6, STM32H7R3V8H6, STM32H7R3V8T6, STM32H7R3V8Y6TR, STM32H7R3Z8J6, STM32H7R3Z8T6, STM32H7R7A8I6, STM32H7R7I8K6, STM32H7R7I8T6, STM32H7R7L8H6, STM32H7R7L8H6H, STM32H7R7Z8J6, STM32H7S3A8I6, STM32H7S3I8K6, STM32H7S3I8T6, STM32H7S3L8H6, STM32H7S3L8H6H, STM32H7S3R8V6, STM32H7S3V8H6, STM32H7S3V8T6, STM32H7S3V8Y6TR, STM32H7S3Z8J6, STM32H7S3Z8T6, STM32H7S78-DK, STM32H7S7A8I6, STM32H7S7I8K6, STM32H7S7I8T6, STM32H7S7L8H6, STM32H7S7L8H6H, STM32H7S7Z8J6, STM32L4R5QGI6STR, STM32MP131AAE3, STM32MP131AAF3, STM32MP131AAG3, STM32MP131CAE3, STM32MP131CAF3, STM32MP131CAG3, STM32MP131DAE7, STM32MP131DAF7, STM32MP131DAG7, STM32MP131FAE7, STM32MP131FAF7, STM32MP131FAG7, STM32MP133AAE3, STM32MP133AAF3, STM32MP133AAG3, STM32MP133CAE3, STM32MP133CAF3, STM32MP133CAG3, STM32MP133DAE7, STM32MP133DAF7, STM32MP133DAG7, STM32MP133FAE7, STM32MP133FAF7, STM32MP133FAG7, STM32MP135AAE3, STM32MP135AAF3, STM32MP135AAG3, STM32MP135CAE3, STM32MP135CAF3, STM32MP135CAG3, STM32MP135DAE7, STM32MP135DAF7, STM32MP135DAG7, STM32MP135F-DK, STM32MP135FAE7, STM32MP135FAF7, STM32MP135FAF7T, STM32MP135FAF7U, STM32MP135FAG7, STM32MP231AAJ3, STM32MP231AAK3, STM32MP231AAL3, STM32MP231CAJ3, STM32MP231CAK3, STM32MP231CAL3, STM32MP231DAJ3, STM32MP231DAK3, STM32MP231DAL3, STM32MP231FAJ3, STM32MP231FAK3, STM32MP231FAL3, STM32MP233AAJ3, STM32MP233AAK3, STM32MP233AAL3, STM32MP233CAJ3, STM32MP233CAK3, STM32MP233CAL3, STM32MP233DAJ3, STM32MP233DAK3, STM32MP233DAL3, STM32MP233FAJ3, STM32MP233FAK3, STM32MP233FAL3, STM32MP235AAJ3, STM32MP235AAK3, STM32MP235AAL3, STM32MP235CAJ3, STM32MP235CAK3, STM32MP235CAL3, STM32MP235DAJ3, STM32MP235DAK3, STM32MP235DAL3, STM32MP235FAJ3, STM32MP235FAK3, STM32MP235FAL3, STM32MP251AAI3, STM32MP251AAJ3, STM32MP251AAK3, STM32MP251AAL3, STM32MP251CAI3, STM32MP251CAJ3, STM32MP251CAK3, STM32MP251CAL3, STM32MP251DAI3, STM32MP251DAJ3, STM32MP251DAK3, STM32MP251DAL3, STM32MP251FAI3, STM32MP251FAJ3, STM32MP251FAK3, STM32MP251FAL3, STM32MP253AAI3, STM32MP253AAJ3, STM32MP253AAK3, STM32MP253AAL3, STM32MP253CAI3, STM32MP253CAJ3, STM32MP253CAK3, STM32MP253CAL3, STM32MP253DAI3, STM32MP253DAJ3, STM32MP253DAK3, STM32MP253DAL3, STM32MP253FAI3, STM32MP253FAJ3, STM32MP253FAK3, STM32MP253FAL3, STM32MP255AAI3, STM32MP255AAJ3, STM32MP255AAK3, STM32MP255AAL3, STM32MP255CAI3, STM32MP255CAJ3, STM32MP255CAK3, STM32MP255CAL3, STM32MP255DAI3, STM32MP255DAJ3, STM32MP255DAK3, STM32MP255DAL3, STM32MP255FAI3, STM32MP255FAJ3, STM32MP255FAK3, STM32MP255FAL3, STM32MP257AAI3, STM32MP257AAJ3, STM32MP257AAK3, STM32MP257AAL3, STM32MP257CAI3, STM32MP257CAJ3, STM32MP257CAK3, STM32MP257CAL3, STM32MP257DAI3, STM32MP257DAJ3, STM32MP257DAK3, STM32MP257DAL3, STM32MP257F-DK, STM32MP257F-EV1, STM32MP257FAI3, STM32MP257FAJ3, STM32MP257FAK3, STM32MP257FAL3, STM32N645A0H3Q, STM32N645B0H3Q, STM32N645I0H3Q, STM32N645L0H3Q, STM32N645X0H3Q, STM32N645Z0H3Q, STM32N647A0H3Q, STM32N647B0H3Q, STM32N647I0H3Q, STM32N647L0H3Q, STM32N647X0H3Q, STM32N647Z0H3Q, STM32N655A0H3Q, STM32N655B0H3Q, STM32N655I0H3Q, STM32N655L0H3Q, STM32N655X0H3Q, STM32N655Z0H3Q, STM32N6570-DK, STM32N657A0H3Q, STM32N657B0H3Q, STM32N657I0H3Q, STM32N657L0H3Q, STM32N657X0H3Q, STM32N657Z0H3Q, STM32U031C6T6, STM32U031C6U6, STM32U031C8T6, STM32U031C8U6, STM32U031F4P6, STM32U031F6P6, STM32U031F8P6, STM32U031G6Y6TR, STM32U031G8Y6TR, STM32U031K4U6, STM32U031K6U6, STM32U031K8U6, STM32U031R6I6, STM32U031R6T6, STM32U031R8I6, STM32U031R8T6, STM32U073C8T6, STM32U073C8U6, STM32U073CBT6, STM32U073CBU6, STM32U073CCT6, STM32U073CCU6, STM32U073H8Y6TR, STM32U073HBY6TR, STM32U073HCY6TR, STM32U073K8U6, STM32U073KBU6, STM32U073KCU6, STM32U073M8I6, STM32U073M8T6, STM32U073MBI6, STM32U073MBT6, STM32U073MCI6, STM32U073MCT6, STM32U073R8I6, STM32U073R8T6, STM32U073RBI6, STM32U073RBT6, STM32U073RCI6, STM32U073RCT6, STM32U083C-DK, STM32U083CCT6, STM32U083CCU6, STM32U083HCY6TR, STM32U083KCU6, STM32U083MCI6, STM32U083MCT6, STM32U083RCI6, STM32U083RCT6, STM32U375CET6, STM32U375CET6Q, STM32U375CEU6, STM32U375CEU6Q, STM32U375CEY6QTR, STM32U375CGT6, STM32U375CGT6Q, STM32U375CGU6, STM32U375CGU6Q, STM32U375CGY6QTR, STM32U375KEU6, STM32U375KGU6, STM32U375REI6, STM32U375REI6Q, STM32U375RET6, STM32U375RET6Q, STM32U375REY6GTR, STM32U375REY6QTR, STM32U375RGI6, STM32U375RGI6Q, STM32U375RGT6, STM32U375RGT6Q, STM32U375RGY6GTR, STM32U375RGY6QTR, STM32U375VEI6, STM32U375VEI6Q, STM32U375VET6, STM32U375VET6Q, STM32U375VGI6, STM32U375VGI6Q, STM32U375VGT6, STM32U375VGT6Q, STM32U385CGT6, STM32U385CGT6Q, STM32U385CGU6, STM32U385CGU6Q, STM32U385CGY6QTR, STM32U385KGU6, STM32U385RGI6, STM32U385RGI6Q, STM32U385RGT6, STM32U385RGT6Q, STM32U385RGY6GTR, STM32U385RGY6QTR, STM32U385VGI6, STM32U385VGI6Q, STM32U385VGT6, STM32U385VGT6Q, STM32U535CBT6, STM32U535CBT6Q, STM32U535CBU6, STM32U535CBU6Q, STM32U535CCT6, STM32U535CCT6Q, STM32U535CCU6, STM32U535CCU6Q, STM32U535CET6, STM32U535CET6Q, STM32U535CEU6, STM32U535CEU6Q, STM32U535JEY6QTR, STM32U535NCY6QTR, STM32U535NEY6QTR, STM32U535RBI6, STM32U535RBI6Q, STM32U535RBT6, STM32U535RBT6Q, STM32U535RCI6, STM32U535RCI6Q, STM32U535RCT6, STM32U535RCT6Q, STM32U535REI6, STM32U535REI6Q, STM32U535RET6, STM32U535RET6Q, STM32U535VCI6, STM32U535VCI6Q, STM32U535VCT6, STM32U535VCT6Q, STM32U535VEI6, STM32U535VEI6Q, STM32U535VET6, STM32U535VET6Q, STM32U545CET6, STM32U545CET6Q, STM32U545CEU6, STM32U545CEU6Q, STM32U545JEY6QTR, STM32U545NEY6QTR, STM32U545REI6, STM32U545REI6Q, STM32U545RET6, STM32U545RET6Q, STM32U545VEI6, STM32U545VEI6Q, STM32U545VET6, STM32U545VET6Q, STM32U595AIH6, STM32U595AIH6Q, STM32U595AJH6, STM32U595AJH6Q, STM32U595QII6, STM32U595QII6Q, STM32U595QJI6, STM32U595QJI6Q, STM32U595RIT6, STM32U595RIT6Q, STM32U595RJT6, STM32U595RJT6Q, STM32U595VIT6, STM32U595VIT6Q, STM32U595VJT6, STM32U595VJT6Q, STM32U595ZIT6, STM32U595ZIT6Q, STM32U595ZIY6QTR, STM32U595ZJT6, STM32U595ZJT6Q, STM32U595ZJY6QTR, STM32U599BJY6QTR, STM32U599NIH6Q, STM32U599NJH6Q, STM32U599VIT6Q, STM32U599VJT6, STM32U599VJT6Q, STM32U599ZIT6Q, STM32U599ZIY6QTR, STM32U599ZJT6Q, STM32U599ZJY6QTR, STM32U5A5AJH6, STM32U5A5AJH6Q, STM32U5A5QII3Q , STM32U5A5QJI6, STM32U5A5QJI6Q, STM32U5A5RJT6, STM32U5A5RJT6Q, STM32U5A5VJT6, STM32U5A5VJT6Q, STM32U5A5ZJT6, STM32U5A5ZJT6Q, STM32U5A5ZJY6QTR, STM32U5A9BJY6QTR, STM32U5A9J-DK, STM32U5A9NJH6Q, STM32U5A9VJT6Q, STM32U5A9ZJT6Q, STM32U5A9ZJY6QTR, STM32U5F7VIT6, STM32U5F7VIT6Q, STM32U5F7VJT6, STM32U5F7VJT6Q, STM32U5F9BJY6QTR, STM32U5F9NJH6Q, STM32U5F9VIT6Q, STM32U5F9VJT6Q, STM32U5F9ZIJ6QTR, STM32U5F9ZIT6Q, STM32U5F9ZJJ6QTR, STM32U5F9ZJT6Q, STM32U5G7VJT6, STM32U5G7VJT6Q, STM32U5G9BJY6QTR, STM32U5G9J-DK1, STM32U5G9J-DK2, STM32U5G9NJH6Q, STM32U5G9VJT6Q, STM32U5G9ZJJ6QTR, STM32U5G9ZJT6Q, STM32WB05KZV6TR, STM32WB05KZV7TR, STM32WB05TZF6TR, STM32WB05TZF7TR, STM32WB06CCF6TR, STM32WB06CCF7TR, STM32WB06CCV6TR, STM32WB06CCV7TR, STM32WB06KCV6TR, STM32WB06KCV7TR, STM32WB07CCF6TR, STM32WB07CCF7TR, STM32WB07CCV6TR, STM32WB07CCV7TR, STM32WB07KCV6TR, STM32WB07KCV7TR, STM32WB09KEV6TR, STM32WB09KEV7TR, STM32WB09TEF6TR, STM32WB09TEF7TR, STM32WB1MMCH6, STM32WBA50KGU6, STM32WBA50KGU6TR, STM32WBA52CEU6, STM32WBA52CEU6TR, STM32WBA52CEU7, STM32WBA52CEU7TR, STM32WBA52CGU6, STM32WBA52CGU6TR, STM32WBA52CGU6U, STM32WBA52CGU7, STM32WBA52CGU7TR, STM32WBA52KEU6, STM32WBA52KEU6TR, STM32WBA52KGU6, STM32WBA52KGU6TR, STM32WBA54CEU6, STM32WBA54CEU6TR, STM32WBA54CEU7, STM32WBA54CEU7TR, STM32WBA54CGU6, STM32WBA54CGU6TR, STM32WBA54CGU7, STM32WBA54CGU7TR, STM32WBA54KEU6, STM32WBA54KEU6TR, STM32WBA54KEU7, STM32WBA54KEU7TR, STM32WBA54KGU6, STM32WBA54KGU6TR, STM32WBA54KGU7, STM32WBA54KGU7TR, STM32WBA55CEU6, STM32WBA55CEU6TR, STM32WBA55CEU7, STM32WBA55CEU7TR, STM32WBA55CGU6, STM32WBA55CGU6TR, STM32WBA55CGU6U, STM32WBA55CGU7, STM32WBA55CGU7TR, STM32WBA55G-DK1, STM32WBA55HEF6, STM32WBA55HEF7, STM32WBA55HGF6, STM32WBA55HGF7, STM32WBA55UEI6, STM32WBA55UEI6TR, STM32WBA55UEI7, STM32WBA55UEI7TR, STM32WBA55UGI6, STM32WBA55UGI6TR, STM32WBA55UGI7, STM32WBA55UGI7TR, STM32WBA5MJGH6TR, STM32WBA5MJGH6U, STM32WL33C8V6, STM32WL33C8V6TR, STM32WL33C8V7, STM32WL33C8V7TR, STM32WL33CBV6, STM32WL33CBV6TR, STM32WL33CBV7, STM32WL33CBV7TR, STM32WL33CCV6, STM32WL33CCV6TR, STM32WL33CCV7, STM32WL33CCV7A, STM32WL33CCV7ATR, STM32WL33CCV7TR, STM32WL33K8V6, STM32WL33K8V6TR, STM32WL33K8V7, STM32WL33K8V7TR, STM32WL33KBV6, STM32WL33KBV6TR, STM32WL33KBV7, STM32WL33KBV7TR, STM32WL33KCV6, STM32WL33KCV6TR, STM32WL33KCV7, STM32WL33KCV7TR, STM32WL5MOCH6, STM32WL5MOCH6TR]
2025-02-18 08:36:10,315 [INFO] DbMcus:218 - Found 4542 MCUs, 4542 are supported
2025-02-18 08:36:10,316 [INFO] ApiDb:423 - Load user favorites file C:\Users\589/.stm32cubeide/favorites.mcus.txt: 0 item(s)
2025-02-18 08:36:10,316 [INFO] ApiDb:427 - User favorites MCUs=[]
2025-02-18 08:36:10,316 [INFO] DbMcus:224 - Set 0 / 0 favorites MCUs
2025-02-18 08:36:10,631 [INFO] ApiDb:423 - Load user favorites file C:\Users\589/.stm32cubeide/favorites.boards.txt: 0 item(s)
2025-02-18 08:36:10,631 [INFO] ApiDb:427 - User favorites Boards=[]
2025-02-18 08:36:10,631 [INFO] DbBoards:198 - Set 0 / 0 favorites Boards
2025-02-18 08:36:10,631 [INFO] McuFinderGlobals:76 - Set McuFinderConnectedMode to false
2025-02-18 08:36:10,635 [INFO] MultiScanPanel:200 - Auto-refresh data requested => check proxy status ongoing
2025-02-18 08:36:10,635 [INFO] MultiScanPanel:204 - Proxy status is invalid
2025-02-18 08:36:10,637 [INFO] FinderPluginLoader:95 - Searching for filters in installed packs
2025-02-18 08:36:11,693 [WARN] DetailPanel:346 - Failed to get advertising image, set to default
2025-02-18 08:36:46,044 [ERROR] LogOutputStream:75 - [STDERR_REDIRECT] java.net.MalformedURLException: no protocol: 
2025-02-18 08:36:46,044 [ERROR] LogOutputStream:75 - [STDERR_REDIRECT] 	at java.base/java.net.URL.<init>(URL.java:772)
2025-02-18 08:36:46,045 [ERROR] LogOutputStream:75 - [STDERR_REDIRECT] 	at java.base/java.net.URL.<init>(URL.java:654)
2025-02-18 08:36:46,046 [ERROR] LogOutputStream:75 - [STDERR_REDIRECT] 	at java.base/java.net.URL.<init>(URL.java:590)
2025-02-18 08:36:46,047 [ERROR] LogOutputStream:75 - [STDERR_REDIRECT] 	at com.st.microxplorer.mcufinder.gui.selector.DetailPanel$1.mouseClicked(DetailPanel.java:245)
2025-02-18 08:36:46,048 [ERROR] LogOutputStream:75 - [STDERR_REDIRECT] 	at java.desktop/java.awt.Component.processMouseEvent(Component.java:6624)
2025-02-18 08:36:46,050 [ERROR] LogOutputStream:75 - [STDERR_REDIRECT] 	at java.desktop/javax.swing.JComponent.processMouseEvent(JComponent.java:3398)
2025-02-18 08:36:46,050 [ERROR] LogOutputStream:75 - [STDERR_REDIRECT] 	at java.desktop/java.awt.Component.processEvent(Component.java:6386)
2025-02-18 08:36:46,051 [ERROR] LogOutputStream:75 - [STDERR_REDIRECT] 	at java.desktop/java.awt.Container.processEvent(Container.java:2266)
2025-02-18 08:36:46,052 [ERROR] LogOutputStream:75 - [STDERR_REDIRECT] 	at java.desktop/java.awt.Component.dispatchEventImpl(Component.java:4996)
2025-02-18 08:36:46,053 [ERROR] LogOutputStream:75 - [STDERR_REDIRECT] 	at java.desktop/java.awt.Container.dispatchEventImpl(Container.java:2324)
2025-02-18 08:36:46,054 [ERROR] LogOutputStream:75 - [STDERR_REDIRECT] 	at java.desktop/java.awt.Component.dispatchEvent(Component.java:4828)
2025-02-18 08:36:46,055 [ERROR] LogOutputStream:75 - [STDERR_REDIRECT] 	at java.desktop/java.awt.LightweightDispatcher.retargetMouseEvent(Container.java:4948)
2025-02-18 08:36:46,056 [ERROR] LogOutputStream:75 - [STDERR_REDIRECT] 	at java.desktop/java.awt.LightweightDispatcher.processMouseEvent(Container.java:4584)
2025-02-18 08:36:46,056 [ERROR] LogOutputStream:75 - [STDERR_REDIRECT] 	at java.desktop/java.awt.LightweightDispatcher.dispatchEvent(Container.java:4516)
2025-02-18 08:36:46,057 [ERROR] LogOutputStream:75 - [STDERR_REDIRECT] 	at java.desktop/java.awt.Container.dispatchEventImpl(Container.java:2310)
2025-02-18 08:36:46,057 [ERROR] LogOutputStream:75 - [STDERR_REDIRECT] 	at java.desktop/java.awt.Component.dispatchEvent(Component.java:4828)
2025-02-18 08:36:46,059 [ERROR] LogOutputStream:75 - [STDERR_REDIRECT] 	at java.desktop/java.awt.EventQueue.dispatchEventImpl(EventQueue.java:775)
2025-02-18 08:36:46,060 [ERROR] LogOutputStream:75 - [STDERR_REDIRECT] 	at java.desktop/java.awt.EventQueue$4.run(EventQueue.java:720)
2025-02-18 08:36:46,061 [ERROR] LogOutputStream:75 - [STDERR_REDIRECT] 	at java.desktop/java.awt.EventQueue$4.run(EventQueue.java:714)
2025-02-18 08:36:46,061 [ERROR] LogOutputStream:75 - [STDERR_REDIRECT] 	at java.base/java.security.AccessController.doPrivileged(AccessController.java:400)
2025-02-18 08:36:46,063 [ERROR] LogOutputStream:75 - [STDERR_REDIRECT] 	at java.base/java.security.ProtectionDomain$JavaSecurityAccessImpl.doIntersectionPrivilege(ProtectionDomain.java:87)
2025-02-18 08:36:46,064 [ERROR] LogOutputStream:75 - [STDERR_REDIRECT] 	at java.base/java.security.ProtectionDomain$JavaSecurityAccessImpl.doIntersectionPrivilege(ProtectionDomain.java:98)
2025-02-18 08:36:46,065 [ERROR] LogOutputStream:75 - [STDERR_REDIRECT] 	at java.desktop/java.awt.EventQueue$5.run(EventQueue.java:747)
2025-02-18 08:36:46,066 [ERROR] LogOutputStream:75 - [STDERR_REDIRECT] 	at java.desktop/java.awt.EventQueue$5.run(EventQueue.java:745)
2025-02-18 08:36:46,067 [ERROR] LogOutputStream:75 - [STDERR_REDIRECT] 	at java.base/java.security.AccessController.doPrivileged(AccessController.java:400)
2025-02-18 08:36:46,068 [ERROR] LogOutputStream:75 - [STDERR_REDIRECT] 	at java.base/java.security.ProtectionDomain$JavaSecurityAccessImpl.doIntersectionPrivilege(ProtectionDomain.java:87)
2025-02-18 08:36:46,069 [ERROR] LogOutputStream:75 - [STDERR_REDIRECT] 	at java.desktop/java.awt.EventQueue.dispatchEvent(EventQueue.java:744)
2025-02-18 08:36:46,070 [ERROR] LogOutputStream:75 - [STDERR_REDIRECT] 	at java.desktop/java.awt.EventDispatchThread.pumpOneEventForFilters(EventDispatchThread.java:203)
2025-02-18 08:36:46,071 [ERROR] LogOutputStream:75 - [STDERR_REDIRECT] 	at java.desktop/java.awt.EventDispatchThread.pumpEventsForFilter(EventDispatchThread.java:124)
2025-02-18 08:36:46,072 [ERROR] LogOutputStream:75 - [STDERR_REDIRECT] 	at java.desktop/java.awt.EventDispatchThread.pumpEventsForHierarchy(EventDispatchThread.java:113)
2025-02-18 08:36:46,073 [ERROR] LogOutputStream:75 - [STDERR_REDIRECT] 	at java.desktop/java.awt.EventDispatchThread.pumpEvents(EventDispatchThread.java:109)
2025-02-18 08:36:46,074 [ERROR] LogOutputStream:75 - [STDERR_REDIRECT] 	at java.desktop/java.awt.EventDispatchThread.pumpEvents(EventDispatchThread.java:101)
2025-02-18 08:36:46,075 [ERROR] LogOutputStream:75 - [STDERR_REDIRECT] 	at java.desktop/java.awt.EventDispatchThread.run(EventDispatchThread.java:90)
2025-02-18 08:38:45,743 [ERROR] CheckConnectionManager:249 - Problem, Http access forbiden
2025-02-18 08:38:45,747 [INFO] MainUpdater:2872 - connection check result : 22
2025-02-18 08:38:46,145 [ERROR] CheckConnectionManager:249 - Problem, Http access forbiden
2025-02-18 08:38:46,149 [INFO] MainUpdater:2872 - connection check result : 22
2025-02-18 08:39:46,973 [INFO] MicroXplorer:468 - Change Database Path : 
2025-02-18 08:39:46,973 [INFO] MicroXplorer:498 - Change Database Version : DB.6.0.130
2025-02-18 08:39:46,977 [WARN] ThirdParty:871 - waiting for thirdparty lock release [close project]
2025-02-18 08:39:46,977 [INFO] ThirdParty:873 - entering critical section [close project]
2025-02-18 08:39:46,978 [INFO] ThirdParty:883 - exiting critical section [close project]
2025-02-18 08:39:46,979 [INFO] PinOutPanel:1589 - setPackage(No Configuration,No Configuration)
2025-02-18 08:39:46,982 [INFO] UtilMem:75 - Begin LoadConfig() Used Memory: 313036800 Bytes (384827392)
2025-02-18 08:39:46,983 [INFO] MicroXplorer:468 - Change Database Path : 
2025-02-18 08:39:46,983 [INFO] MicroXplorer:498 - Change Database Version : DB.6.0.130
2025-02-18 08:39:46,983 [INFO] OpenFileManager:332 - Change cursor
2025-02-18 08:39:47,005 [INFO] Mcu:2035 - Initializing MCU STM32F103C6Tx STM32F103C6Tx STM32F103C6T6A
2025-02-18 08:39:48,167 [INFO] Context:748 - Trying to add GPIOservice into a context  which must be forbidden
2025-02-18 08:39:48,336 [INFO] ImportTextPane:218 - (OptionalMessage_ERROR) Unable to find key (Mcu.ThirdPartyNb) in loaded IOC file
2025-02-18 08:39:48,336 [INFO] ImportTextPane:218 - (OptionalMessage_ERROR) Unable to find key (Mcu.PinsNb) in loaded IOC file
2025-02-18 08:39:48,336 [INFO] ImportTextPane:218 - (OptionalMessage_ERROR) Unable to find key (Mcu.IPNb) in loaded IOC file
2025-02-18 08:39:48,367 [INFO] RtosManager:555 - Registered RTOS mode: class=CMSIS, group=RTOS, mode=CMSIS_V1, owner=FREERTOS
2025-02-18 08:39:48,367 [INFO] RtosManager:555 - Registered RTOS mode: class=CMSIS, group=RTOS2, mode=CMSIS_V2, owner=FREERTOS
2025-02-18 08:39:48,367 [INFO] RtosManager:555 - Registered RTOS mode: class=RTOS, group=Core, mode=CMSIS_V1, owner=FREERTOS
2025-02-18 08:39:48,367 [INFO] RtosManager:555 - Registered RTOS mode: class=RTOS, group=Core, mode=CMSIS_V2, owner=FREERTOS
2025-02-18 08:39:48,368 [WARN] ModelIntegratedComponent:184 - Missing modes for component STMicroelectronics:FreeRTOS:0.0.1:STMicroelectronics:RTOS:FreeRTOS:Core:::10.2.0:
2025-02-18 08:39:48,369 [WARN] ModelIntegratedComponent:63 - No mode defined for component null
2025-02-18 08:39:48,369 [WARN] ModelIntegratedComponent:63 - No mode defined for component null
2025-02-18 08:39:48,369 [WARN] ModelIntegratedComponent:63 - No mode defined for component null
2025-02-18 08:39:48,370 [WARN] ModelIntegratedComponent:63 - No mode defined for component null
2025-02-18 08:39:48,370 [WARN] ModelIntegratedComponent:63 - No mode defined for component null
2025-02-18 08:39:48,370 [WARN] ModelIntegratedComponent:63 - No mode defined for component null
2025-02-18 08:39:48,370 [WARN] ModelIntegratedComponent:63 - No mode defined for component null
2025-02-18 08:39:48,370 [WARN] ModelIntegratedComponent:63 - No mode defined for component null
2025-02-18 08:39:48,370 [WARN] ModelIntegratedComponent:63 - No mode defined for component null
2025-02-18 08:39:48,370 [WARN] ModelIntegratedComponent:63 - No mode defined for component null
2025-02-18 08:39:48,370 [WARN] ModelIntegratedComponent:63 - No mode defined for component null
2025-02-18 08:39:48,370 [WARN] ModelIntegratedComponent:63 - No mode defined for component null
2025-02-18 08:39:48,370 [WARN] ModelIntegratedComponent:63 - No mode defined for component null
2025-02-18 08:39:48,370 [WARN] ModelIntegratedComponent:63 - No mode defined for component null
2025-02-18 08:39:48,370 [WARN] ModelIntegratedComponent:63 - No mode defined for component null
2025-02-18 08:39:48,370 [WARN] ModelIntegratedComponent:63 - No mode defined for component null
2025-02-18 08:39:48,370 [WARN] ModelIntegratedComponent:63 - No mode defined for component null
2025-02-18 08:39:48,370 [WARN] ModelIntegratedComponent:63 - No mode defined for component null
2025-02-18 08:39:48,370 [WARN] ModelIntegratedComponent:63 - No mode defined for component null
2025-02-18 08:39:48,371 [WARN] ModelIntegratedComponent:63 - No mode defined for component null
2025-02-18 08:39:48,371 [WARN] ModelIntegratedComponent:63 - No mode defined for component null
2025-02-18 08:39:48,371 [WARN] ModelIntegratedComponent:63 - No mode defined for component null
2025-02-18 08:39:48,371 [WARN] ModelIntegratedComponent:63 - No mode defined for component null
2025-02-18 08:39:48,371 [WARN] ModelIntegratedComponent:63 - No mode defined for component null
2025-02-18 08:39:48,371 [WARN] ModelIntegratedComponent:63 - No mode defined for component null
2025-02-18 08:39:48,371 [WARN] ModelIntegratedComponent:63 - No mode defined for component null
2025-02-18 08:39:48,371 [WARN] ModelIntegratedComponent:63 - No mode defined for component null
2025-02-18 08:39:48,371 [WARN] ModelIntegratedComponent:63 - No mode defined for component null
2025-02-18 08:39:48,371 [WARN] ModelIntegratedComponent:63 - No mode defined for component null
2025-02-18 08:39:48,371 [WARN] ModelIntegratedComponent:63 - No mode defined for component null
2025-02-18 08:39:48,371 [WARN] ModelIntegratedComponent:63 - No mode defined for component null
2025-02-18 08:39:48,371 [WARN] ModelIntegratedComponent:63 - No mode defined for component null
2025-02-18 08:39:48,371 [WARN] ModelIntegratedComponent:63 - No mode defined for component null
2025-02-18 08:39:48,371 [WARN] ModelIntegratedComponent:63 - No mode defined for component null
2025-02-18 08:39:48,371 [WARN] ModelIntegratedComponent:63 - No mode defined for component null
2025-02-18 08:39:48,371 [WARN] ModelPack:524 - Component already loaded: STMicroelectronics:HAL Drivers:0.0.0:STMicroelectronics:Device:STMicro_Driver:XSPI:HAL::0.0.1:HAL_XSPI
2025-02-18 08:39:48,376 [INFO] ThirdPartyModel:298 - Start build external matchings
2025-02-18 08:39:48,377 [INFO] ThirdPartyModel:316 - End build external matchings
2025-02-18 08:39:48,777 [INFO] UtilMem:75 - End LoadConfig() Used Memory: 208898280 Bytes (384827392)
2025-02-18 08:39:48,790 [WARN] ThirdParty:833 - waiting for thirdparty lock release [change project]
2025-02-18 08:39:48,790 [INFO] ThirdParty:835 - entering critical section [change project]
2025-02-18 08:39:48,790 [INFO] ThirdParty:1030 - CMSIS Pack Vendor :STMicroelectronics USBPD 4.1
2025-02-18 08:39:48,790 [INFO] ThirdParty:1030 - CMSIS Pack Vendor :STMicroelectronics ThreadX 1.0.0
2025-02-18 08:39:48,791 [INFO] ThirdParty:1030 - CMSIS Pack Vendor :STMicroelectronics USB_HOST 2.0.0
2025-02-18 08:39:48,791 [INFO] ThirdParty:1030 - CMSIS Pack Vendor :STMicroelectronics LIBJPEG 8.0.0
2025-02-18 08:39:48,791 [INFO] ThirdParty:1030 - CMSIS Pack Vendor :STMicroelectronics FreeRTOS 0.0.1
2025-02-18 08:39:48,791 [INFO] ThirdParty:1030 - CMSIS Pack Vendor :STMicroelectronics USB_DEVICE 1.0.0
2025-02-18 08:39:48,791 [INFO] ThirdParty:1030 - CMSIS Pack Vendor :STMicroelectronics STM32_WPAN 1.0.0
2025-02-18 08:39:48,791 [INFO] ThirdParty:1030 - CMSIS Pack Vendor :STMicroelectronics USB_DEVICE 3.0.0
2025-02-18 08:39:48,791 [INFO] ThirdParty:1030 - CMSIS Pack Vendor :STMicroelectronics HAL Drivers 0.0.0
2025-02-18 08:39:48,791 [INFO] ThirdParty:1030 - CMSIS Pack Vendor :STMicroelectronics MBEDTLS 2.16.2
2025-02-18 08:39:48,791 [INFO] ThirdParty:1030 - CMSIS Pack Vendor :STMicroelectronics ThreadX 0.0.2
2025-02-18 08:39:48,791 [INFO] ThirdParty:1030 - CMSIS Pack Vendor :STMicroelectronics lwIP 2.0.3
2025-02-18 08:39:48,791 [INFO] ThirdParty:1030 - CMSIS Pack Vendor :STMicroelectronics lwIP 2.1.2
2025-02-18 08:39:48,791 [INFO] ThirdParty:1030 - CMSIS Pack Vendor :STMicroelectronics MBEDTLS 2.14.1
2025-02-18 08:39:48,791 [INFO] ThirdParty:1030 - CMSIS Pack Vendor :STMicroelectronics USB_HOST 1.0.0
2025-02-18 08:39:48,791 [INFO] ThirdParty:1030 - CMSIS Pack Vendor :STMicroelectronics PDM2PCM 3.1.0
2025-02-18 08:39:48,791 [INFO] ThirdParty:1030 - CMSIS Pack Vendor :STMicroelectronics PDM2PCM 3.2.0
2025-02-18 08:39:48,791 [INFO] ThirdParty:1030 - CMSIS Pack Vendor :STMicroelectronics USB_DEVICE 2.0.0
2025-02-18 08:39:48,791 [INFO] ThirdParty:1030 - CMSIS Pack Vendor :STMicroelectronics PDM2PCM 3.3.0
2025-02-18 08:39:48,791 [INFO] ThirdParty:841 - exiting critical section [change project]
2025-02-18 08:39:48,939 [INFO] PinOutPanel:1589 - setPackage(No Configuration,No Configuration)
2025-02-18 08:39:48,940 [INFO] PinOutPanel:1589 - setPackage(STM32F103C6Tx,LQFP48)
2025-02-18 08:39:49,243 [INFO] UtilMem:75 - Before build in PCC Used Memory: 295215304 Bytes (384827392)
2025-02-18 08:39:49,728 [INFO] UtilMem:75 - After build in PCC Used Memory: 195262832 Bytes (384827392)
2025-02-18 08:39:49,743 [INFO] IPUIPlugin:80 - create IPUIPlugin
2025-02-18 08:39:49,743 [INFO] IPUIPlugin:80 - create IPUIPlugin
2025-02-18 08:39:49,743 [INFO] IPUIPlugin:80 - create IPUIPlugin
2025-02-18 08:39:49,744 [INFO] IPUIPlugin:80 - create IPUIPlugin
2025-02-18 08:39:49,744 [INFO] IPUIPlugin:80 - create IPUIPlugin
2025-02-18 08:39:49,744 [INFO] IPUIPlugin:80 - create IPUIPlugin
2025-02-18 08:39:49,744 [INFO] IPUIPlugin:80 - create IPUIPlugin
2025-02-18 08:39:49,744 [INFO] IPUIPlugin:80 - create IPUIPlugin
2025-02-18 08:39:49,744 [INFO] IPUIPlugin:80 - create IPUIPlugin
2025-02-18 08:39:49,744 [INFO] IPUIPlugin:80 - create IPUIPlugin
2025-02-18 08:39:49,744 [INFO] IPUIPlugin:80 - create IPUIPlugin
2025-02-18 08:39:49,744 [INFO] IPUIPlugin:80 - create IPUIPlugin
2025-02-18 08:39:49,745 [INFO] IPUIPlugin:80 - create IPUIPlugin
2025-02-18 08:39:49,745 [INFO] IPUIPlugin:80 - create IPUIPlugin
2025-02-18 08:39:49,745 [INFO] IPUIPlugin:80 - create IPUIPlugin
2025-02-18 08:39:49,745 [INFO] IPUIPlugin:80 - create IPUIPlugin
2025-02-18 08:39:49,745 [INFO] IPUIPlugin:80 - create IPUIPlugin
2025-02-18 08:39:49,745 [INFO] IPUIPlugin:80 - create IPUIPlugin
2025-02-18 08:39:49,745 [INFO] IPUIPlugin:80 - create IPUIPlugin
2025-02-18 08:39:49,746 [INFO] IPUIPlugin:80 - create IPUIPlugin
2025-02-18 08:39:49,746 [INFO] IPUIPlugin:80 - create IPUIPlugin
2025-02-18 08:39:49,746 [INFO] IPUIPlugin:80 - create IPUIPlugin
2025-02-18 08:39:49,746 [INFO] IPUIPlugin:80 - create IPUIPlugin
2025-02-18 08:39:49,866 [INFO] CADModel:165 - CPN selected for project levelSTM32F103C6T6A
2025-02-18 08:39:49,867 [INFO] CADModel:114 - Register for checkConnection events
2025-02-18 08:39:49,910 [INFO] OpenFileManager:363 - Restore cursor
2025-02-18 08:39:50,403 [INFO] UtilMem:75 - End SaveConfig() Used Memory: 271725808 Bytes (384827392)
2025-02-18 08:39:50,439 [INFO] UtilMem:75 - End SaveConfig() Used Memory: 281697928 Bytes (384827392)
2025-02-18 08:39:50,766 [INFO] BlockDiagram:2766 - set Specific Code input for plugin: NVIC
2025-02-18 08:39:50,766 [INFO] BlockDiagram:2766 - set Specific Code input for plugin: RCC
2025-02-18 08:39:50,767 [INFO] CodeGenerator:896 - code generatio: config db path: C:\ST\STM32CubeIDE_1.17.0\STM32CubeIDE\plugins\com.st.stm32cube.common.mx_6.13.0.202411220809\\db\
2025-02-18 08:39:50,881 [INFO] CodeEngine:255 - oldGeneratedFile, D:\MGU\Micros\Micros\STM32\2_Run_LEDs\STM32_Hardware\Run_LEDs_Hardware\MXTmpFiles\license.tmp_save
2025-02-18 08:39:51,134 [INFO] CodeEngine:279 - Generated code: D:\MGU\Micros\Micros\STM32\2_Run_LEDs\STM32_Hardware\Run_LEDs_Hardware\MXTmpFiles\license.tmp
2025-02-18 08:39:51,144 [INFO] CodeEngine:255 - oldGeneratedFile, D:\MGU\Micros\Micros\STM32\2_Run_LEDs\STM32_Hardware\Run_LEDs_Hardware\Core\Src\stm32f1xx_it.c_save
2025-02-18 08:39:51,249 [INFO] CodeEngine:279 - Generated code: D:\MGU\Micros\Micros\STM32\2_Run_LEDs\STM32_Hardware\Run_LEDs_Hardware\Core\Src\stm32f1xx_it.c
2025-02-18 08:39:51,252 [INFO] CodeEngine:255 - oldGeneratedFile, D:\MGU\Micros\Micros\STM32\2_Run_LEDs\STM32_Hardware\Run_LEDs_Hardware\Core\Inc\stm32f1xx_it.h_save
2025-02-18 08:39:51,311 [INFO] CodeEngine:279 - Generated code: D:\MGU\Micros\Micros\STM32\2_Run_LEDs\STM32_Hardware\Run_LEDs_Hardware\Core\Inc\stm32f1xx_it.h
2025-02-18 08:39:51,367 [INFO] CodeEngine:255 - oldGeneratedFile, D:\MGU\Micros\Micros\STM32\2_Run_LEDs\STM32_Hardware\Run_LEDs_Hardware\Core\Src\stm32f1xx_hal_msp.c_save
2025-02-18 08:39:51,456 [INFO] CodeEngine:279 - Generated code: D:\MGU\Micros\Micros\STM32\2_Run_LEDs\STM32_Hardware\Run_LEDs_Hardware\Core\Src\stm32f1xx_hal_msp.c
2025-02-18 08:39:51,459 [INFO] CodeEngine:255 - oldGeneratedFile, D:\MGU\Micros\Micros\STM32\2_Run_LEDs\STM32_Hardware\Run_LEDs_Hardware\MXTmpFiles\system.tmp_save
2025-02-18 08:39:51,533 [INFO] CodeEngine:279 - Generated code: D:\MGU\Micros\Micros\STM32\2_Run_LEDs\STM32_Hardware\Run_LEDs_Hardware\MXTmpFiles\system.tmp
2025-02-18 08:39:51,541 [INFO] CodeEngine:311 - oldGeneratedFile, D:\MGU\Micros\Micros\STM32\2_Run_LEDs\STM32_Hardware\Run_LEDs_Hardware\Core\Inc\stm32f1xx_hal_conf.h_save
2025-02-18 08:39:51,601 [INFO] CodeEngine:335 - Generated code: D:\MGU\Micros\Micros\STM32\2_Run_LEDs\STM32_Hardware\Run_LEDs_Hardware\Core\Inc\stm32f1xx_hal_conf.h
2025-02-18 08:39:51,631 [INFO] ApiDbMcu:508 - Load IP Config File for RCC
2025-02-18 08:39:51,638 [INFO] CodeEngine:255 - oldGeneratedFile, D:\MGU\Micros\Micros\STM32\2_Run_LEDs\STM32_Hardware\Run_LEDs_Hardware\Core\Inc\main.h_save
2025-02-18 08:39:51,712 [INFO] CodeEngine:279 - Generated code: D:\MGU\Micros\Micros\STM32\2_Run_LEDs\STM32_Hardware\Run_LEDs_Hardware\Core\Inc\main.h
2025-02-18 08:39:51,715 [INFO] CodeEngine:255 - oldGeneratedFile, D:\MGU\Micros\Micros\STM32\2_Run_LEDs\STM32_Hardware\Run_LEDs_Hardware\Core\Src\main.c_save
2025-02-18 08:39:51,817 [INFO] CodeEngine:279 - Generated code: D:\MGU\Micros\Micros\STM32\2_Run_LEDs\STM32_Hardware\Run_LEDs_Hardware\Core\Src\main.c
2025-02-18 08:39:52,262 [INFO] ProjectBuilder:3289 - Time for Copy HAL[1] : 292mS.
2025-02-18 08:39:52,268 [INFO] ProjectBuilder:4876 - Project Generator version: 4.5.0-RC5
2025-02-18 08:39:52,337 [INFO] ConfigFileManager:1579 - The Die is : DIE412
2025-02-18 08:39:52,345 [INFO] ApiDbMcu:508 - Load IP Config File for FATFS
2025-02-18 08:39:52,349 [INFO] ApiDbMcu:508 - Load IP Config File for FREERTOS
2025-02-18 08:39:52,355 [INFO] ApiDbMcu:508 - Load IP Config File for USB_DEVICE
2025-02-18 08:39:52,670 [INFO] LogOutputStream:77 - [STDOUT_REDIRECT] 
2025-02-18 08:39:55,772 [INFO] ProjectBuilder:5154 - Time for Generating toolchain IDE Files: 3503mS.
2025-02-18 08:39:55,772 [INFO] ProjectBuilder:3146 - Time for Copy CMSIS : 0mS.
2025-02-18 08:39:55,774 [INFO] ProjectBuilder:3146 - Time for Copy CMSIS : 0mS.
2025-02-18 08:39:56,255 [INFO] McuFinderGlobals:76 - Set McuFinderConnectedMode to true
2025-02-18 08:39:56,258 [INFO] ApiDb:448 - Save user favorites file C:\Users\589/.stm32cubeide/favorites.mcus.txt: 0 item(s)
2025-02-18 08:39:56,258 [INFO] ApiDb:452 - User favorites MCUs=[]
2025-02-18 08:40:21,467 [INFO] UtilMem:75 - End SaveConfig() Used Memory: 456866432 Bytes (615514112)
2025-02-18 08:40:23,791 [INFO] UtilMem:75 - End SaveConfig() Used Memory: 515064440 Bytes (615514112)
2025-02-18 08:40:24,087 [INFO] BlockDiagram:2766 - set Specific Code input for plugin: NVIC
2025-02-18 08:40:24,088 [INFO] BlockDiagram:2766 - set Specific Code input for plugin: GPIO
2025-02-18 08:40:24,088 [INFO] BlockDiagram:2766 - set Specific Code input for plugin: RCC
2025-02-18 08:40:24,343 [INFO] CodeGenerator:896 - code generatio: config db path: C:\ST\STM32CubeIDE_1.17.0\STM32CubeIDE\plugins\com.st.stm32cube.common.mx_6.13.0.202411220809\\db\
2025-02-18 08:40:24,402 [INFO] CodeEngine:255 - oldGeneratedFile, D:\MGU\Micros\Micros\STM32\2_Run_LEDs\STM32_Hardware\Run_LEDs_Hardware\MXTmpFiles\license.tmp_save
2025-02-18 08:40:24,531 [INFO] CodeEngine:279 - Generated code: D:\MGU\Micros\Micros\STM32\2_Run_LEDs\STM32_Hardware\Run_LEDs_Hardware\MXTmpFiles\license.tmp
2025-02-18 08:40:24,567 [INFO] CodeEngine:255 - oldGeneratedFile, D:\MGU\Micros\Micros\STM32\2_Run_LEDs\STM32_Hardware\Run_LEDs_Hardware\MXTmpFiles\gpio.tmp_save
2025-02-18 08:40:24,644 [INFO] CodeEngine:279 - Generated code: D:\MGU\Micros\Micros\STM32\2_Run_LEDs\STM32_Hardware\Run_LEDs_Hardware\MXTmpFiles\gpio.tmp
2025-02-18 08:40:24,653 [INFO] CodeEngine:255 - oldGeneratedFile, D:\MGU\Micros\Micros\STM32\2_Run_LEDs\STM32_Hardware\Run_LEDs_Hardware\Core\Src\stm32f1xx_it.c_save
2025-02-18 08:40:24,726 [INFO] CodeEngine:279 - Generated code: D:\MGU\Micros\Micros\STM32\2_Run_LEDs\STM32_Hardware\Run_LEDs_Hardware\Core\Src\stm32f1xx_it.c
2025-02-18 08:40:24,731 [INFO] CodeEngine:255 - oldGeneratedFile, D:\MGU\Micros\Micros\STM32\2_Run_LEDs\STM32_Hardware\Run_LEDs_Hardware\Core\Inc\stm32f1xx_it.h_save
2025-02-18 08:40:24,799 [INFO] CodeEngine:279 - Generated code: D:\MGU\Micros\Micros\STM32\2_Run_LEDs\STM32_Hardware\Run_LEDs_Hardware\Core\Inc\stm32f1xx_it.h
2025-02-18 08:40:24,815 [INFO] CodeEngine:255 - oldGeneratedFile, D:\MGU\Micros\Micros\STM32\2_Run_LEDs\STM32_Hardware\Run_LEDs_Hardware\Core\Src\stm32f1xx_hal_msp.c_save
2025-02-18 08:40:24,899 [INFO] CodeEngine:279 - Generated code: D:\MGU\Micros\Micros\STM32\2_Run_LEDs\STM32_Hardware\Run_LEDs_Hardware\Core\Src\stm32f1xx_hal_msp.c
2025-02-18 08:40:24,902 [INFO] CodeEngine:255 - oldGeneratedFile, D:\MGU\Micros\Micros\STM32\2_Run_LEDs\STM32_Hardware\Run_LEDs_Hardware\MXTmpFiles\system.tmp_save
2025-02-18 08:40:24,952 [INFO] CodeEngine:279 - Generated code: D:\MGU\Micros\Micros\STM32\2_Run_LEDs\STM32_Hardware\Run_LEDs_Hardware\MXTmpFiles\system.tmp
2025-02-18 08:40:24,960 [INFO] CodeEngine:311 - oldGeneratedFile, D:\MGU\Micros\Micros\STM32\2_Run_LEDs\STM32_Hardware\Run_LEDs_Hardware\Core\Inc\stm32f1xx_hal_conf.h_save
2025-02-18 08:40:25,019 [INFO] CodeEngine:335 - Generated code: D:\MGU\Micros\Micros\STM32\2_Run_LEDs\STM32_Hardware\Run_LEDs_Hardware\Core\Inc\stm32f1xx_hal_conf.h
2025-02-18 08:40:26,103 [INFO] CodeEngine:255 - oldGeneratedFile, D:\MGU\Micros\Micros\STM32\2_Run_LEDs\STM32_Hardware\Run_LEDs_Hardware\Core\Inc\main.h_save
2025-02-18 08:40:26,159 [INFO] CodeEngine:279 - Generated code: D:\MGU\Micros\Micros\STM32\2_Run_LEDs\STM32_Hardware\Run_LEDs_Hardware\Core\Inc\main.h
2025-02-18 08:40:26,195 [INFO] CodeEngine:255 - oldGeneratedFile, D:\MGU\Micros\Micros\STM32\2_Run_LEDs\STM32_Hardware\Run_LEDs_Hardware\Core\Src\main.c_save
2025-02-18 08:40:26,266 [INFO] CodeEngine:279 - Generated code: D:\MGU\Micros\Micros\STM32\2_Run_LEDs\STM32_Hardware\Run_LEDs_Hardware\Core\Src\main.c
2025-02-18 08:40:26,522 [INFO] ProjectBuilder:3289 - Time for Copy HAL[1] : 108mS.
2025-02-18 08:40:26,526 [INFO] ProjectBuilder:4876 - Project Generator version: 4.5.0-RC5
2025-02-18 08:40:26,588 [INFO] ConfigFileManager:1579 - The Die is : DIE412
2025-02-18 08:40:27,353 [INFO] ProjectBuilder:5154 - Time for Generating toolchain IDE Files: 827mS.
2025-02-18 08:40:27,354 [INFO] ProjectBuilder:3146 - Time for Copy CMSIS : 0mS.
2025-02-18 08:40:27,356 [INFO] ProjectBuilder:3146 - Time for Copy CMSIS : 1mS.
2025-02-18 08:40:29,414 [ERROR] ConfigurationRetriever:142 - IOException on connection: Connect timed out
2025-02-18 08:44:03,866 [ERROR] CheckConnectionManager:249 - Problem, Http access forbiden
2025-02-18 08:44:03,870 [INFO] MainUpdater:2872 - connection check result : 22
2025-02-18 08:44:04,268 [ERROR] CheckConnectionManager:249 - Problem, Http access forbiden
2025-02-18 08:44:04,271 [INFO] MainUpdater:2872 - connection check result : 22
2025-02-18 08:44:09,858 [ERROR] CheckConnectionManager:249 - Problem, Http access forbiden
2025-02-18 08:44:09,862 [INFO] MainUpdater:2872 - connection check result : 22
2025-02-18 08:44:11,127 [INFO] MicroXplorer:468 - Change Database Path : 
2025-02-18 08:44:11,128 [INFO] MicroXplorer:498 - Change Database Version : DB.6.0.130
2025-02-18 08:44:11,141 [ERROR] ProjectManagerView:394 - 
java.lang.NullPointerException: Cannot invoke "javax.swing.JTextField.getText()" because the return value of "java.util.List.get(int)" is null
	at com.st.microxplorer.plugins.projectmanager.gui.ProjectChoiceTab$9.caretUpdate(ProjectChoiceTab.java:2616) ~[filemanager.jar:?]
	at javax.swing.text.JTextComponent.fireCaretUpdate(JTextComponent.java:408) ~[?:?]
	at javax.swing.text.JTextComponent$MutableCaretEvent.fire(JTextComponent.java:4484) ~[?:?]
	at javax.swing.text.JTextComponent$MutableCaretEvent.stateChanged(JTextComponent.java:4506) ~[?:?]
	at javax.swing.text.DefaultCaret.fireStateChanged(DefaultCaret.java:857) ~[?:?]
	at javax.swing.text.DefaultCaret.changeCaretPosition(DefaultCaret.java:1343) ~[?:?]
	at javax.swing.text.DefaultCaret.handleSetDot(DefaultCaret.java:1242) ~[?:?]
	at javax.swing.text.DefaultCaret.setDot(DefaultCaret.java:1223) ~[?:?]
	at javax.swing.text.DefaultCaret$Handler.insertUpdate(DefaultCaret.java:1819) ~[?:?]
	at javax.swing.text.AbstractDocument.fireInsertUpdate(AbstractDocument.java:227) ~[?:?]
	at javax.swing.text.AbstractDocument.handleInsertString(AbstractDocument.java:781) ~[?:?]
	at javax.swing.text.AbstractDocument.insertString(AbstractDocument.java:740) ~[?:?]
	at javax.swing.text.PlainDocument.insertString(PlainDocument.java:131) ~[?:?]
	at javax.swing.text.AbstractDocument.replace(AbstractDocument.java:699) ~[?:?]
	at javax.swing.text.JTextComponent.setText(JTextComponent.java:1725) ~[?:?]
	at com.st.microxplorer.plugins.projectmanager.gui.ProjectChoiceTab.createHeapStackFields(ProjectChoiceTab.java:975) ~[filemanager.jar:?]
	at com.st.microxplorer.plugins.projectmanager.gui.ProjectChoiceTab.buildLinkSettingsPanel(ProjectChoiceTab.java:3666) ~[filemanager.jar:?]
	at com.st.microxplorer.plugins.projectmanager.gui.ProjectChoiceTab.defineWindowsFields(ProjectChoiceTab.java:1934) ~[filemanager.jar:?]
	at com.st.microxplorer.plugins.projectmanager.gui.ProjectChoiceTab.updateSettings(ProjectChoiceTab.java:553) ~[filemanager.jar:?]
	at com.st.microxplorer.plugins.projectmanager.gui.ProjectSettingsPanel.UpdateDialog(ProjectSettingsPanel.java:245) ~[filemanager.jar:?]
	at com.st.microxplorer.plugins.projectmanager.ProjectManagerView.propertyChange(ProjectManagerView.java:391) ~[filemanager.jar:?]
	at java.beans.PropertyChangeSupport.fire(PropertyChangeSupport.java:343) ~[?:?]
	at java.beans.PropertyChangeSupport.firePropertyChange(PropertyChangeSupport.java:335) ~[?:?]
	at java.beans.PropertyChangeSupport.firePropertyChange(PropertyChangeSupport.java:268) ~[?:?]
	at com.st.microxplorer.util.MXPropertyChangeSupport.firePropertyChange(MXPropertyChangeSupport.java:54) ~[STM32CubeMX.jar:?]
	at com.st.microxplorer.mxsystem.MxSystem.closeConfig(MxSystem.java:899) ~[STM32CubeMX.jar:?]
	at com.st.microxplorer.maingui.MainPanel.closeConfig(MainPanel.java:789) ~[STM32CubeMX.jar:?]
	at com.st.microxplorer.plugins.filemanager.engine.OpenFileManager.loadConfigurationFile(OpenFileManager.java:265) ~[filemanager.jar:?]
	at com.st.microxplorer.plugins.filemanager.engine.MainFileManager.userLoadConfig(MainFileManager.java:340) ~[filemanager.jar:?]
	at com.st.microxplorer.plugins.filemanager.engine.MainFileManager.userLoadConfig(MainFileManager.java:318) ~[filemanager.jar:?]
	at com.st.microxplorer.plugins.filemanager.FileManagerView.getSpecificTask(FileManagerView.java:246) ~[filemanager.jar:?]
	at com.st.stm32cube.common.mx.editor.CubeMxEditor.getMxTabbedPaneInstance(CubeMxEditor.java:1198) ~[com.st.stm32cube.common.mx_6.13.0.202411220809/:?]
	at com.st.stm32cube.common.mx.editor.CubeMxEditor$12$1.createSwingComponent(CubeMxEditor.java:1068) ~[com.st.stm32cube.common.mx_6.13.0.202411220809/:?]
	at com.st.stm32cube.common.mx.oss.core.awtswtbridge.EmbeddedSwingComposite.doComponentCreation(EmbeddedSwingComposite.java:492) ~[com.st.stm32cube.common.mx.oss_6.13.0.202411220809/:?]
	at com.st.stm32cube.common.mx.oss.core.awtswtbridge.EmbeddedSwingComposite$4.run(EmbeddedSwingComposite.java:291) ~[com.st.stm32cube.common.mx.oss_6.13.0.202411220809/:?]
	at com.st.stm32cube.common.mx.oss.core.awtswtbridge.AwtEnvironment$2.run(AwtEnvironment.java:166) ~[com.st.stm32cube.common.mx.oss_6.13.0.202411220809/:?]
	at java.awt.event.InvocationEvent.dispatch(InvocationEvent.java:318) ~[?:?]
	at java.awt.EventQueue.dispatchEventImpl(EventQueue.java:773) ~[?:?]
	at java.awt.EventQueue$4.run(EventQueue.java:720) ~[?:?]
	at java.awt.EventQueue$4.run(EventQueue.java:714) ~[?:?]
	at java.security.AccessController.doPrivileged(AccessController.java:400) ~[?:?]
	at java.security.ProtectionDomain$JavaSecurityAccessImpl.doIntersectionPrivilege(ProtectionDomain.java:87) ~[?:?]
	at java.awt.EventQueue.dispatchEvent(EventQueue.java:742) ~[?:?]
	at java.awt.EventDispatchThread.pumpOneEventForFilters(EventDispatchThread.java:203) ~[?:?]
	at java.awt.EventDispatchThread.pumpEventsForFilter(EventDispatchThread.java:124) ~[?:?]
	at java.awt.EventDispatchThread.pumpEventsForHierarchy(EventDispatchThread.java:113) ~[?:?]
	at java.awt.EventDispatchThread.pumpEvents(EventDispatchThread.java:109) ~[?:?]
	at java.awt.EventDispatchThread.pumpEvents(EventDispatchThread.java:101) ~[?:?]
	at java.awt.EventDispatchThread.run(EventDispatchThread.java:90) ~[?:?]
2025-02-18 08:44:11,146 [WARN] ThirdParty:871 - waiting for thirdparty lock release [close project]
2025-02-18 08:44:11,146 [INFO] ThirdParty:873 - entering critical section [close project]
2025-02-18 08:44:11,146 [INFO] ThirdParty:883 - exiting critical section [close project]
2025-02-18 08:44:11,147 [INFO] PinOutPanel:1589 - setPackage(No Configuration,No Configuration)
2025-02-18 08:44:11,152 [INFO] UtilMem:75 - Begin LoadConfig() Used Memory: 406474784 Bytes (616562688)
2025-02-18 08:44:11,152 [INFO] MicroXplorer:468 - Change Database Path : 
2025-02-18 08:44:11,153 [INFO] MicroXplorer:498 - Change Database Version : DB.6.0.130
2025-02-18 08:44:11,153 [INFO] OpenFileManager:332 - Change cursor
2025-02-18 08:44:11,164 [INFO] RulesReader:64 - Compatibility file has been processed (297 Rules)
2025-02-18 08:44:11,167 [INFO] Mcu:2035 - Initializing MCU STM32F103C(4-6)Tx STM32F103C6Tx STM32F103C6T6A
2025-02-18 08:44:13,368 [INFO] Context:748 - Trying to add GPIOservice into a context  which must be forbidden
2025-02-18 08:44:13,507 [INFO] RtosManager:555 - Registered RTOS mode: class=CMSIS, group=RTOS, mode=CMSIS_V1, owner=FREERTOS
2025-02-18 08:44:13,507 [INFO] RtosManager:555 - Registered RTOS mode: class=CMSIS, group=RTOS2, mode=CMSIS_V2, owner=FREERTOS
2025-02-18 08:44:13,507 [INFO] RtosManager:555 - Registered RTOS mode: class=RTOS, group=Core, mode=CMSIS_V1, owner=FREERTOS
2025-02-18 08:44:13,508 [INFO] RtosManager:555 - Registered RTOS mode: class=RTOS, group=Core, mode=CMSIS_V2, owner=FREERTOS
2025-02-18 08:44:13,508 [WARN] ModelIntegratedComponent:184 - Missing modes for component STMicroelectronics:FreeRTOS:0.0.1:STMicroelectronics:RTOS:FreeRTOS:Core:::10.2.0:
2025-02-18 08:44:13,508 [WARN] ModelIntegratedComponent:63 - No mode defined for component null
2025-02-18 08:44:13,508 [WARN] ModelIntegratedComponent:63 - No mode defined for component null
2025-02-18 08:44:13,508 [WARN] ModelIntegratedComponent:63 - No mode defined for component null
2025-02-18 08:44:13,508 [WARN] ModelIntegratedComponent:63 - No mode defined for component null
2025-02-18 08:44:13,508 [WARN] ModelIntegratedComponent:63 - No mode defined for component null
2025-02-18 08:44:13,508 [WARN] ModelIntegratedComponent:63 - No mode defined for component null
2025-02-18 08:44:13,508 [WARN] ModelIntegratedComponent:63 - No mode defined for component null
2025-02-18 08:44:13,508 [WARN] ModelIntegratedComponent:63 - No mode defined for component null
2025-02-18 08:44:13,508 [WARN] ModelIntegratedComponent:63 - No mode defined for component null
2025-02-18 08:44:13,508 [WARN] ModelIntegratedComponent:63 - No mode defined for component null
2025-02-18 08:44:13,508 [WARN] ModelIntegratedComponent:63 - No mode defined for component null
2025-02-18 08:44:13,509 [WARN] ModelIntegratedComponent:63 - No mode defined for component null
2025-02-18 08:44:13,509 [WARN] ModelIntegratedComponent:63 - No mode defined for component null
2025-02-18 08:44:13,509 [WARN] ModelIntegratedComponent:63 - No mode defined for component null
2025-02-18 08:44:13,509 [WARN] ModelIntegratedComponent:63 - No mode defined for component null
2025-02-18 08:44:13,509 [WARN] ModelIntegratedComponent:63 - No mode defined for component null
2025-02-18 08:44:13,509 [WARN] ModelIntegratedComponent:63 - No mode defined for component null
2025-02-18 08:44:13,509 [WARN] ModelIntegratedComponent:63 - No mode defined for component null
2025-02-18 08:44:13,509 [WARN] ModelIntegratedComponent:63 - No mode defined for component null
2025-02-18 08:44:13,509 [WARN] ModelIntegratedComponent:63 - No mode defined for component null
2025-02-18 08:44:13,509 [WARN] ModelIntegratedComponent:63 - No mode defined for component null
2025-02-18 08:44:13,509 [WARN] ModelIntegratedComponent:63 - No mode defined for component null
2025-02-18 08:44:13,509 [WARN] ModelIntegratedComponent:63 - No mode defined for component null
2025-02-18 08:44:13,509 [WARN] ModelIntegratedComponent:63 - No mode defined for component null
2025-02-18 08:44:13,509 [WARN] ModelIntegratedComponent:63 - No mode defined for component null
2025-02-18 08:44:13,509 [WARN] ModelIntegratedComponent:63 - No mode defined for component null
2025-02-18 08:44:13,509 [WARN] ModelIntegratedComponent:63 - No mode defined for component null
2025-02-18 08:44:13,509 [WARN] ModelIntegratedComponent:63 - No mode defined for component null
2025-02-18 08:44:13,509 [WARN] ModelIntegratedComponent:63 - No mode defined for component null
2025-02-18 08:44:13,510 [WARN] ModelIntegratedComponent:63 - No mode defined for component null
2025-02-18 08:44:13,510 [WARN] ModelIntegratedComponent:63 - No mode defined for component null
2025-02-18 08:44:13,510 [WARN] ModelIntegratedComponent:63 - No mode defined for component null
2025-02-18 08:44:13,510 [WARN] ModelIntegratedComponent:63 - No mode defined for component null
2025-02-18 08:44:13,510 [WARN] ModelIntegratedComponent:63 - No mode defined for component null
2025-02-18 08:44:13,510 [WARN] ModelIntegratedComponent:63 - No mode defined for component null
2025-02-18 08:44:13,510 [WARN] ModelPack:524 - Component already loaded: STMicroelectronics:HAL Drivers:0.0.0:STMicroelectronics:Device:STMicro_Driver:XSPI:HAL::0.0.1:HAL_XSPI
2025-02-18 08:44:13,511 [INFO] ThirdPartyModel:298 - Start build external matchings
2025-02-18 08:44:13,512 [INFO] ThirdPartyModel:316 - End build external matchings
2025-02-18 08:44:13,899 [INFO] UtilMem:75 - End LoadConfig() Used Memory: 361392480 Bytes (616562688)
2025-02-18 08:44:13,917 [WARN] ThirdParty:833 - waiting for thirdparty lock release [change project]
2025-02-18 08:44:13,917 [INFO] ThirdParty:835 - entering critical section [change project]
2025-02-18 08:44:13,918 [INFO] ThirdParty:1030 - CMSIS Pack Vendor :STMicroelectronics USBPD 4.1
2025-02-18 08:44:13,918 [INFO] ThirdParty:1030 - CMSIS Pack Vendor :STMicroelectronics ThreadX 1.0.0
2025-02-18 08:44:13,918 [INFO] ThirdParty:1030 - CMSIS Pack Vendor :STMicroelectronics USB_HOST 2.0.0
2025-02-18 08:44:13,918 [INFO] ThirdParty:1030 - CMSIS Pack Vendor :STMicroelectronics LIBJPEG 8.0.0
2025-02-18 08:44:13,918 [INFO] ThirdParty:1030 - CMSIS Pack Vendor :STMicroelectronics FreeRTOS 0.0.1
2025-02-18 08:44:13,918 [INFO] ThirdParty:1030 - CMSIS Pack Vendor :STMicroelectronics USB_DEVICE 1.0.0
2025-02-18 08:44:13,918 [INFO] ThirdParty:1030 - CMSIS Pack Vendor :STMicroelectronics STM32_WPAN 1.0.0
2025-02-18 08:44:13,918 [INFO] ThirdParty:1030 - CMSIS Pack Vendor :STMicroelectronics USB_DEVICE 3.0.0
2025-02-18 08:44:13,918 [INFO] ThirdParty:1030 - CMSIS Pack Vendor :STMicroelectronics HAL Drivers 0.0.0
2025-02-18 08:44:13,918 [INFO] ThirdParty:1030 - CMSIS Pack Vendor :STMicroelectronics MBEDTLS 2.16.2
2025-02-18 08:44:13,918 [INFO] ThirdParty:1030 - CMSIS Pack Vendor :STMicroelectronics ThreadX 0.0.2
2025-02-18 08:44:13,918 [INFO] ThirdParty:1030 - CMSIS Pack Vendor :STMicroelectronics lwIP 2.0.3
2025-02-18 08:44:13,918 [INFO] ThirdParty:1030 - CMSIS Pack Vendor :STMicroelectronics lwIP 2.1.2
2025-02-18 08:44:13,918 [INFO] ThirdParty:1030 - CMSIS Pack Vendor :STMicroelectronics MBEDTLS 2.14.1
2025-02-18 08:44:13,918 [INFO] ThirdParty:1030 - CMSIS Pack Vendor :STMicroelectronics USB_HOST 1.0.0
2025-02-18 08:44:13,918 [INFO] ThirdParty:1030 - CMSIS Pack Vendor :STMicroelectronics PDM2PCM 3.1.0
2025-02-18 08:44:13,918 [INFO] ThirdParty:1030 - CMSIS Pack Vendor :STMicroelectronics PDM2PCM 3.2.0
2025-02-18 08:44:13,918 [INFO] ThirdParty:1030 - CMSIS Pack Vendor :STMicroelectronics USB_DEVICE 2.0.0
2025-02-18 08:44:13,918 [INFO] ThirdParty:1030 - CMSIS Pack Vendor :STMicroelectronics PDM2PCM 3.3.0
2025-02-18 08:44:13,919 [INFO] ThirdParty:841 - exiting critical section [change project]
2025-02-18 08:44:13,983 [INFO] PinOutPanel:1589 - setPackage(No Configuration,No Configuration)
2025-02-18 08:44:13,984 [INFO] PinOutPanel:1589 - setPackage(STM32F103C6Tx,LQFP48)
2025-02-18 08:44:14,236 [INFO] UtilMem:75 - Before build in PCC Used Memory: 262081696 Bytes (616562688)
2025-02-18 08:44:14,412 [INFO] UtilMem:75 - After build in PCC Used Memory: 305073312 Bytes (616562688)
2025-02-18 08:44:14,423 [INFO] IPUIPlugin:80 - create IPUIPlugin
2025-02-18 08:44:14,423 [INFO] IPUIPlugin:80 - create IPUIPlugin
2025-02-18 08:44:14,423 [INFO] IPUIPlugin:80 - create IPUIPlugin
2025-02-18 08:44:14,423 [INFO] IPUIPlugin:80 - create IPUIPlugin
2025-02-18 08:44:14,423 [INFO] IPUIPlugin:80 - create IPUIPlugin
2025-02-18 08:44:14,423 [INFO] IPUIPlugin:80 - create IPUIPlugin
2025-02-18 08:44:14,424 [INFO] IPUIPlugin:80 - create IPUIPlugin
2025-02-18 08:44:14,424 [INFO] IPUIPlugin:80 - create IPUIPlugin
2025-02-18 08:44:14,424 [INFO] IPUIPlugin:80 - create IPUIPlugin
2025-02-18 08:44:14,424 [INFO] IPUIPlugin:80 - create IPUIPlugin
2025-02-18 08:44:14,424 [INFO] IPUIPlugin:80 - create IPUIPlugin
2025-02-18 08:44:14,424 [INFO] IPUIPlugin:80 - create IPUIPlugin
2025-02-18 08:44:14,424 [INFO] IPUIPlugin:80 - create IPUIPlugin
2025-02-18 08:44:14,424 [INFO] IPUIPlugin:80 - create IPUIPlugin
2025-02-18 08:44:14,425 [INFO] IPUIPlugin:80 - create IPUIPlugin
2025-02-18 08:44:14,425 [INFO] IPUIPlugin:80 - create IPUIPlugin
2025-02-18 08:44:14,425 [INFO] IPUIPlugin:80 - create IPUIPlugin
2025-02-18 08:44:14,425 [INFO] IPUIPlugin:80 - create IPUIPlugin
2025-02-18 08:44:14,425 [INFO] IPUIPlugin:80 - create IPUIPlugin
2025-02-18 08:44:14,425 [INFO] IPUIPlugin:80 - create IPUIPlugin
2025-02-18 08:44:14,425 [INFO] IPUIPlugin:80 - create IPUIPlugin
2025-02-18 08:44:14,426 [INFO] IPUIPlugin:80 - create IPUIPlugin
2025-02-18 08:44:14,426 [INFO] IPUIPlugin:80 - create IPUIPlugin
2025-02-18 08:44:14,446 [INFO] CADModel:165 - CPN selected for project levelSTM32F103C6T6A
2025-02-18 08:44:14,446 [INFO] CADModel:114 - Register for checkConnection events
2025-02-18 08:44:14,493 [INFO] OpenFileManager:363 - Restore cursor
2025-02-18 08:45:25,004 [INFO] UtilMem:75 - End SaveConfig() Used Memory: 571441528 Bytes (639631360)
2025-02-18 08:45:26,700 [INFO] UtilMem:75 - End SaveConfig() Used Memory: 605765272 Bytes (639631360)
2025-02-18 08:45:26,923 [INFO] BlockDiagram:2766 - set Specific Code input for plugin: NVIC
2025-02-18 08:45:26,923 [INFO] BlockDiagram:2766 - set Specific Code input for plugin: GPIO
2025-02-18 08:45:26,924 [INFO] BlockDiagram:2766 - set Specific Code input for plugin: RCC
2025-02-18 08:45:26,925 [INFO] CodeGenerator:896 - code generatio: config db path: C:\ST\STM32CubeIDE_1.17.0\STM32CubeIDE\plugins\com.st.stm32cube.common.mx_6.13.0.202411220809\\db\
2025-02-18 08:45:27,023 [INFO] CodeEngine:255 - oldGeneratedFile, D:\MGU\Micros\Micros\STM32\2_Run_LEDs\STM32_Hardware\Run_LEDs_Hardware\MXTmpFiles\license.tmp_save
2025-02-18 08:45:27,160 [INFO] CodeEngine:279 - Generated code: D:\MGU\Micros\Micros\STM32\2_Run_LEDs\STM32_Hardware\Run_LEDs_Hardware\MXTmpFiles\license.tmp
2025-02-18 08:45:27,194 [INFO] CodeEngine:255 - oldGeneratedFile, D:\MGU\Micros\Micros\STM32\2_Run_LEDs\STM32_Hardware\Run_LEDs_Hardware\MXTmpFiles\gpio.tmp_save
2025-02-18 08:45:27,280 [INFO] CodeEngine:279 - Generated code: D:\MGU\Micros\Micros\STM32\2_Run_LEDs\STM32_Hardware\Run_LEDs_Hardware\MXTmpFiles\gpio.tmp
2025-02-18 08:45:27,289 [INFO] CodeEngine:255 - oldGeneratedFile, D:\MGU\Micros\Micros\STM32\2_Run_LEDs\STM32_Hardware\Run_LEDs_Hardware\Core\Src\stm32f1xx_it.c_save
2025-02-18 08:45:27,374 [INFO] CodeEngine:279 - Generated code: D:\MGU\Micros\Micros\STM32\2_Run_LEDs\STM32_Hardware\Run_LEDs_Hardware\Core\Src\stm32f1xx_it.c
2025-02-18 08:45:27,379 [INFO] CodeEngine:255 - oldGeneratedFile, D:\MGU\Micros\Micros\STM32\2_Run_LEDs\STM32_Hardware\Run_LEDs_Hardware\Core\Inc\stm32f1xx_it.h_save
2025-02-18 08:45:27,448 [INFO] CodeEngine:279 - Generated code: D:\MGU\Micros\Micros\STM32\2_Run_LEDs\STM32_Hardware\Run_LEDs_Hardware\Core\Inc\stm32f1xx_it.h
2025-02-18 08:45:27,469 [INFO] CodeEngine:255 - oldGeneratedFile, D:\MGU\Micros\Micros\STM32\2_Run_LEDs\STM32_Hardware\Run_LEDs_Hardware\Core\Src\stm32f1xx_hal_msp.c_save
2025-02-18 08:45:27,563 [INFO] CodeEngine:279 - Generated code: D:\MGU\Micros\Micros\STM32\2_Run_LEDs\STM32_Hardware\Run_LEDs_Hardware\Core\Src\stm32f1xx_hal_msp.c
2025-02-18 08:45:27,570 [INFO] CodeEngine:255 - oldGeneratedFile, D:\MGU\Micros\Micros\STM32\2_Run_LEDs\STM32_Hardware\Run_LEDs_Hardware\MXTmpFiles\system.tmp_save
2025-02-18 08:45:27,632 [INFO] CodeEngine:279 - Generated code: D:\MGU\Micros\Micros\STM32\2_Run_LEDs\STM32_Hardware\Run_LEDs_Hardware\MXTmpFiles\system.tmp
2025-02-18 08:45:27,640 [INFO] CodeEngine:311 - oldGeneratedFile, D:\MGU\Micros\Micros\STM32\2_Run_LEDs\STM32_Hardware\Run_LEDs_Hardware\Core\Inc\stm32f1xx_hal_conf.h_save
2025-02-18 08:45:27,718 [INFO] CodeEngine:335 - Generated code: D:\MGU\Micros\Micros\STM32\2_Run_LEDs\STM32_Hardware\Run_LEDs_Hardware\Core\Inc\stm32f1xx_hal_conf.h
2025-02-18 08:45:27,746 [INFO] ApiDbMcu:508 - Load IP Config File for RCC
2025-02-18 08:45:27,753 [INFO] CodeEngine:255 - oldGeneratedFile, D:\MGU\Micros\Micros\STM32\2_Run_LEDs\STM32_Hardware\Run_LEDs_Hardware\Core\Inc\main.h_save
2025-02-18 08:45:27,823 [INFO] CodeEngine:279 - Generated code: D:\MGU\Micros\Micros\STM32\2_Run_LEDs\STM32_Hardware\Run_LEDs_Hardware\Core\Inc\main.h
2025-02-18 08:45:27,827 [INFO] CodeEngine:255 - oldGeneratedFile, D:\MGU\Micros\Micros\STM32\2_Run_LEDs\STM32_Hardware\Run_LEDs_Hardware\Core\Src\main.c_save
2025-02-18 08:45:27,908 [INFO] CodeEngine:279 - Generated code: D:\MGU\Micros\Micros\STM32\2_Run_LEDs\STM32_Hardware\Run_LEDs_Hardware\Core\Src\main.c
2025-02-18 08:45:28,155 [INFO] ProjectBuilder:3289 - Time for Copy HAL[1] : 110mS.
2025-02-18 08:45:28,158 [INFO] ProjectBuilder:4876 - Project Generator version: 4.5.0-RC5
2025-02-18 08:45:28,221 [INFO] ConfigFileManager:1579 - The Die is : DIE412
2025-02-18 08:45:28,224 [INFO] ApiDbMcu:508 - Load IP Config File for FATFS
2025-02-18 08:45:28,228 [INFO] ApiDbMcu:508 - Load IP Config File for FREERTOS
2025-02-18 08:45:28,233 [INFO] ApiDbMcu:508 - Load IP Config File for USB_DEVICE
2025-02-18 08:45:29,562 [INFO] ProjectBuilder:5154 - Time for Generating toolchain IDE Files: 1404mS.
2025-02-18 08:45:29,563 [INFO] ProjectBuilder:3146 - Time for Copy CMSIS : 1mS.
2025-02-18 08:45:29,565 [INFO] ProjectBuilder:3146 - Time for Copy CMSIS : 0mS.
2025-02-18 08:55:31,265 [ERROR] LogOutputStream:75 - [STDERR_REDIRECT] SLF4J: Failed to load class "org.slf4j.impl.StaticLoggerBinder".
2025-02-18 08:55:31,266 [ERROR] LogOutputStream:75 - [STDERR_REDIRECT] SLF4J: Defaulting to no-operation (NOP) logger implementation
2025-02-18 08:55:31,267 [ERROR] LogOutputStream:75 - [STDERR_REDIRECT] SLF4J: See http://www.slf4j.org/codes.html#StaticLoggerBinder for further details.
2025-02-18 08:56:09,778 [ERROR] LogOutputStream:75 - [STDERR_REDIRECT] 
