2025-02-19 08:31:40,571 [INFO] Activator:176 - 


2025-02-19 08:31:40,571 [INFO] Activator:177 - !SESSION log4j initialized
2025-02-19 08:31:43,733 [INFO] LogOutputStream:77 - [STDOUT_REDIRECT] 
2025-02-19 08:31:45,608 [INFO] ApplicationProperties:184 - Using Application install path: C:\ST\STM32CubeIDE_1.17.0\STM32CubeIDE\plugins\com.st.stm32cube.common.mx_6.13.0.202411220809
2025-02-19 08:31:45,623 [INFO] DbMcusXml:78 - Set database path to: C:\ST\STM32CubeIDE_1.17.0\STM32CubeIDE\plugins\com.st.stm32cube.common.mx_6.13.0.202411220809\\db\/mcu/
2025-02-19 08:31:45,624 [INFO] ApiDb:274 - Set plugin database path to: C:\ST\STM32CubeIDE_1.17.0\STM32CubeIDE\plugins\com.st.stm32cube.common.mx_6.13.0.202411220809\\db\/plugins/boardmanager/
2025-02-19 08:31:45,625 [WARN] ApiDb:259 - Overriding images path with different value:  => C:\ST\STM32CubeIDE_1.17.0\STM32CubeIDE\plugins\com.st.stm32cube.common.mx_6.13.0.202411220809\\db\/plugins/mcufinder/images/
2025-02-19 08:31:45,631 [INFO] ApiDb:250 - Set database path to: C:\Users\589\.stmcufinder\plugins\mcufinder//mcu/
2025-02-19 08:31:45,632 [INFO] DbMcusAds:125 - Set database path to: C:\Users\589\.stmcufinder\plugins\mcufinder//mcu/
2025-02-19 08:31:45,634 [INFO] CrossReferenceDbSqlite:203 - Set database path to: C:\Users\589\.stmcufinder\plugins\mcufinder//mcu/cs/
2025-02-19 08:31:45,731 [INFO] RulesReader:64 - Compatibility file has been processed (297 Rules)
2025-02-19 08:31:45,799 [INFO] DbMcusXml:78 - Set database path to: C:\ST\STM32CubeIDE_1.17.0\STM32CubeIDE\plugins\com.st.stm32cube.common.mx_6.13.0.202411220809\\db\/mcu/
2025-02-19 08:31:45,800 [INFO] ApiDb:274 - Set plugin database path to: C:\ST\STM32CubeIDE_1.17.0\STM32CubeIDE\plugins\com.st.stm32cube.common.mx_6.13.0.202411220809\\db\/plugins/boardmanager/
2025-02-19 08:31:45,800 [INFO] ApiDb:261 - Set plugin images path to: C:\ST\STM32CubeIDE_1.17.0\STM32CubeIDE\plugins\com.st.stm32cube.common.mx_6.13.0.202411220809\\db\/plugins/mcufinder/images/
2025-02-19 08:31:45,800 [WARN] DbFile:41 - Overriding database path with different value: C:\Users\589\.stmcufinder\plugins\mcufinder/ => C:\Users\589\.stmcufinder\plugins\mcufinder
2025-02-19 08:31:45,800 [INFO] ApiDb:250 - Set database path to: C:\Users\589\.stmcufinder\plugins\mcufinder//mcu/
2025-02-19 08:31:45,800 [WARN] DbFile:41 - Overriding database path with different value: C:\Users\589\.stmcufinder\plugins\mcufinder/ => C:\Users\589\.stmcufinder\plugins\mcufinder
2025-02-19 08:31:45,800 [INFO] DbMcusAds:125 - Set database path to: C:\Users\589\.stmcufinder\plugins\mcufinder//mcu/
2025-02-19 08:31:45,800 [WARN] DbFile:41 - Overriding database path with different value: C:\Users\589\.stmcufinder\plugins\mcufinder/ => C:\Users\589\.stmcufinder\plugins\mcufinder
2025-02-19 08:31:45,800 [WARN] DbFile:41 - Overriding database path with different value: C:\Users\589\.stmcufinder\plugins\mcufinder/ => C:\Users\589\.stmcufinder\plugins\mcufinder
2025-02-19 08:31:45,800 [INFO] CrossReferenceDbSqlite:203 - Set database path to: C:\Users\589\.stmcufinder\plugins\mcufinder//mcu/cs/
2025-02-19 08:31:45,866 [INFO] MainPanel:272 - HeapMemory: 268435456
2025-02-19 08:31:45,949 [INFO] DbMcusXml:78 - Set database path to: C:\ST\STM32CubeIDE_1.17.0\STM32CubeIDE\plugins\com.st.stm32cube.common.mx_6.13.0.202411220809\\db\/mcu/
2025-02-19 08:31:45,949 [INFO] ApiDb:274 - Set plugin database path to: C:\ST\STM32CubeIDE_1.17.0\STM32CubeIDE\plugins\com.st.stm32cube.common.mx_6.13.0.202411220809\\db\/plugins/boardmanager/
2025-02-19 08:31:45,949 [INFO] ApiDb:261 - Set plugin images path to: C:\ST\STM32CubeIDE_1.17.0\STM32CubeIDE\plugins\com.st.stm32cube.common.mx_6.13.0.202411220809\\db\/plugins/mcufinder/images/
2025-02-19 08:31:45,949 [WARN] DbFile:41 - Overriding database path with different value: C:\Users\589\.stmcufinder\plugins\mcufinder/ => C:\Users\589\.stmcufinder\plugins\mcufinder
2025-02-19 08:31:45,950 [INFO] ApiDb:250 - Set database path to: C:\Users\589\.stmcufinder\plugins\mcufinder//mcu/
2025-02-19 08:31:45,950 [WARN] DbFile:41 - Overriding database path with different value: C:\Users\589\.stmcufinder\plugins\mcufinder/ => C:\Users\589\.stmcufinder\plugins\mcufinder
2025-02-19 08:31:45,950 [INFO] DbMcusAds:125 - Set database path to: C:\Users\589\.stmcufinder\plugins\mcufinder//mcu/
2025-02-19 08:31:45,950 [WARN] DbFile:41 - Overriding database path with different value: C:\Users\589\.stmcufinder\plugins\mcufinder/ => C:\Users\589\.stmcufinder\plugins\mcufinder
2025-02-19 08:31:45,950 [WARN] DbFile:41 - Overriding database path with different value: C:\Users\589\.stmcufinder\plugins\mcufinder/ => C:\Users\589\.stmcufinder\plugins\mcufinder
2025-02-19 08:31:45,950 [INFO] CrossReferenceDbSqlite:203 - Set database path to: C:\Users\589\.stmcufinder\plugins\mcufinder//mcu/cs/
2025-02-19 08:31:45,964 [INFO] ApplicationProperties:184 - Using Application install path: C:\ST\STM32CubeIDE_1.17.0\STM32CubeIDE\plugins\com.st.stm32cube.common.mx_6.13.0.202411220809
2025-02-19 08:31:45,965 [INFO] PluginManage:196 - Search for loadable plugins [exclusion list=, ]
2025-02-19 08:31:45,966 [INFO] PluginManage:310 - Check plugin analytics
2025-02-19 08:31:46,114 [INFO] AnalyticsPlugin:253 - Accepted Software Licenses: 
2025-02-19 08:31:46,114 [INFO] AnalyticsPlugin:255 - Accepted CMSIS Pack Licenses: 
2025-02-19 08:31:46,114 [INFO] AnalyticsPlugin:257 - Accepted Firmware Licenses: 
2025-02-19 08:31:46,116 [INFO] PluginManage:359 - Loaded plugin analytics (category:tool,tabindex:-1)
2025-02-19 08:31:46,116 [INFO] PluginManage:310 - Check plugin cadmodel
2025-02-19 08:31:46,121 [INFO] CADModel:105 - Init CAD model plugin
2025-02-19 08:31:46,122 [INFO] PluginManage:359 - Loaded plugin cadmodel (category:power,tabindex:5)
2025-02-19 08:31:46,122 [INFO] PluginManage:310 - Check plugin clock
2025-02-19 08:31:46,130 [INFO] PluginManage:359 - Loaded plugin clock (category:base,tabindex:2)
2025-02-19 08:31:46,130 [INFO] PluginManage:310 - Check plugin ddr
2025-02-19 08:31:46,133 [INFO] PluginManage:359 - Loaded plugin ddr (category:tool,tabindex:6)
2025-02-19 08:31:46,133 [INFO] PluginManage:310 - Check plugin filemanager
2025-02-19 08:31:46,292 [INFO] PluginManage:359 - Loaded plugin filemanager (category:base,tabindex:10)
2025-02-19 08:31:46,293 [INFO] PluginManage:310 - Check plugin ipmanager
2025-02-19 08:31:46,299 [INFO] PluginManage:359 - Loaded plugin ipmanager (category:base,tabindex:5)
2025-02-19 08:31:46,299 [INFO] PluginManage:310 - Check plugin lpbam
2025-02-19 08:31:46,306 [INFO] PluginManage:359 - Loaded plugin lpbam (category:base,tabindex:0)
2025-02-19 08:31:46,307 [INFO] PluginManage:310 - Check plugin memorymap
2025-02-19 08:31:46,319 [INFO] PluginManage:359 - Loaded plugin memorymap (category:base,tabindex:4)
2025-02-19 08:31:46,320 [INFO] PluginManage:310 - Check plugin pinoutandconfiguration
2025-02-19 08:31:46,326 [INFO] PluginManage:359 - Loaded plugin pinoutandconfiguration (category:base,tabindex:1)
2025-02-19 08:31:46,327 [INFO] PluginManage:310 - Check plugin pinoutconfig
2025-02-19 08:31:46,396 [WARN] SupportedApi:132 - Cannot load RTOS API schema: s4s-elt-must-match.1: The content of 'definitions' must match (annotation?, (simpleType | complexType)?, (unique | key | keyref)*)). A problem was found starting at: attribute.
2025-02-19 08:31:46,511 [INFO] PluginManage:359 - Loaded plugin pinoutconfig (category:base,tabindex:0)
2025-02-19 08:31:46,512 [INFO] PluginManage:310 - Check plugin power
2025-02-19 08:31:46,520 [INFO] PluginManage:359 - Loaded plugin power (category:power,tabindex:4)
2025-02-19 08:31:46,520 [INFO] PluginManage:310 - Check plugin projectmanager
2025-02-19 08:31:46,533 [INFO] PluginManage:359 - Loaded plugin projectmanager (category:projectmanager,tabindex:4)
2025-02-19 08:31:46,533 [INFO] PluginManage:310 - Check plugin rif
2025-02-19 08:31:46,540 [INFO] PluginManage:359 - Loaded plugin rif (category:base,tabindex:3)
2025-02-19 08:31:46,540 [INFO] PluginManage:310 - Check plugin thirdparty
2025-02-19 08:31:46,653 [INFO] PluginManage:359 - Loaded plugin thirdparty (category:base,tabindex:-1)
2025-02-19 08:31:46,653 [WARN] IntegrityCheckThread:84 - waiting for thirdparty lock release [integrity check]
2025-02-19 08:31:46,653 [INFO] PluginManage:310 - Check plugin tools
2025-02-19 08:31:46,653 [INFO] IntegrityCheckThread:86 - entering critical section [integrity check]
2025-02-19 08:31:46,653 [INFO] ThirdPartyUpdaterWithRetryManager:70 - Updater plugin not ready yet. [1/15]
2025-02-19 08:31:46,656 [INFO] PluginManage:359 - Loaded plugin tools (category:base,tabindex:7)
2025-02-19 08:31:46,656 [INFO] PluginManage:310 - Check plugin tutovideos
2025-02-19 08:31:46,797 [INFO] PluginManage:359 - Loaded plugin tutovideos (category:base,tabindex:-1)
2025-02-19 08:31:46,797 [INFO] PluginManage:310 - Check plugin updater
2025-02-19 08:31:46,816 [INFO] PluginManage:359 - Loaded plugin updater (category:base,tabindex:12)
2025-02-19 08:31:46,816 [INFO] PluginManage:310 - Check plugin userauth
2025-02-19 08:31:46,819 [INFO] UserAuth:118 - Init User Auth plugin
2025-02-19 08:31:46,820 [INFO] PluginManage:359 - Loaded plugin userauth (category:base,tabindex:14)
2025-02-19 08:31:46,820 [INFO] PluginManage:283 - PluginManage : Loaded plugins [18]
2025-02-19 08:31:46,983 [INFO] PinOutPanel:1589 - setPackage(No Configuration,No Configuration)
2025-02-19 08:31:47,051 [INFO] CADModel:165 - CPN selected for project level
2025-02-19 08:31:47,051 [INFO] CADModel:114 - Register for checkConnection events
2025-02-19 08:31:47,064 [INFO] IPUIPlugin:80 - create IPUIPlugin
2025-02-19 08:31:47,064 [INFO] PluginManager:220 - loadIPPluginJar : add adc
2025-02-19 08:31:47,066 [INFO] IPUIPlugin:80 - create IPUIPlugin
2025-02-19 08:31:47,066 [INFO] PluginManager:220 - loadIPPluginJar : add aes
2025-02-19 08:31:47,069 [INFO] IPUIPlugin:80 - create IPUIPlugin
2025-02-19 08:31:47,069 [INFO] PluginManager:220 - loadIPPluginJar : add can
2025-02-19 08:31:47,071 [INFO] IPUIPlugin:80 - create IPUIPlugin
2025-02-19 08:31:47,071 [INFO] PluginManager:220 - loadIPPluginJar : add comp
2025-02-19 08:31:47,073 [INFO] IPUIPlugin:80 - create IPUIPlugin
2025-02-19 08:31:47,074 [INFO] PluginManager:220 - loadIPPluginJar : add cryp
2025-02-19 08:31:47,076 [INFO] IPUIPlugin:80 - create IPUIPlugin
2025-02-19 08:31:47,076 [INFO] PluginManager:220 - loadIPPluginJar : add ddr_ctrl_phy
2025-02-19 08:31:47,078 [INFO] IPUIPlugin:80 - create IPUIPlugin
2025-02-19 08:31:47,078 [INFO] PluginManager:220 - loadIPPluginJar : add dfsdm
2025-02-19 08:31:47,082 [INFO] IPUIPlugin:80 - create IPUIPlugin
2025-02-19 08:31:47,082 [INFO] PluginManager:220 - loadIPPluginJar : add dma
2025-02-19 08:31:47,085 [INFO] IPUIPlugin:80 - create IPUIPlugin
2025-02-19 08:31:47,086 [INFO] PluginManager:220 - loadIPPluginJar : add dma3
2025-02-19 08:31:47,089 [INFO] IPUIPlugin:80 - create IPUIPlugin
2025-02-19 08:31:47,089 [INFO] PluginManager:220 - loadIPPluginJar : add extmemmanager
2025-02-19 08:31:47,091 [INFO] IPUIPlugin:80 - create IPUIPlugin
2025-02-19 08:31:47,091 [INFO] PluginManager:220 - loadIPPluginJar : add fatfs
2025-02-19 08:31:47,094 [INFO] IPUIPlugin:80 - create IPUIPlugin
2025-02-19 08:31:47,094 [INFO] PluginManager:220 - loadIPPluginJar : add fmc
2025-02-19 08:31:47,099 [INFO] IPUIPlugin:80 - create IPUIPlugin
2025-02-19 08:31:47,099 [INFO] PluginManager:220 - loadIPPluginJar : add freertos
2025-02-19 08:31:47,101 [INFO] IPUIPlugin:80 - create IPUIPlugin
2025-02-19 08:31:47,101 [INFO] PluginManager:220 - loadIPPluginJar : add genericplugin
2025-02-19 08:31:47,103 [INFO] IPUIPlugin:80 - create IPUIPlugin
2025-02-19 08:31:47,103 [INFO] PluginManager:220 - loadIPPluginJar : add gfxmmu
2025-02-19 08:31:47,107 [INFO] IPUIPlugin:80 - create IPUIPlugin
2025-02-19 08:31:47,107 [INFO] PluginManager:220 - loadIPPluginJar : add gic
2025-02-19 08:31:47,110 [INFO] IPUIPlugin:80 - create IPUIPlugin
2025-02-19 08:31:47,110 [INFO] PluginManager:220 - loadIPPluginJar : add gpio
2025-02-19 08:31:47,112 [INFO] IPUIPlugin:80 - create IPUIPlugin
2025-02-19 08:31:47,112 [INFO] PluginManager:220 - loadIPPluginJar : add gtzc
2025-02-19 08:31:47,114 [INFO] IPUIPlugin:80 - create IPUIPlugin
2025-02-19 08:31:47,114 [INFO] PluginManager:220 - loadIPPluginJar : add hash
2025-02-19 08:31:47,116 [INFO] IPUIPlugin:80 - create IPUIPlugin
2025-02-19 08:31:47,116 [INFO] PluginManager:220 - loadIPPluginJar : add i2c
2025-02-19 08:31:47,118 [INFO] IPUIPlugin:80 - create IPUIPlugin
2025-02-19 08:31:47,119 [INFO] PluginManager:220 - loadIPPluginJar : add i2s
2025-02-19 08:31:47,121 [INFO] IPUIPlugin:80 - create IPUIPlugin
2025-02-19 08:31:47,121 [INFO] PluginManager:220 - loadIPPluginJar : add i3c
2025-02-19 08:31:47,124 [INFO] IPUIPlugin:80 - create IPUIPlugin
2025-02-19 08:31:47,124 [INFO] PluginManager:220 - loadIPPluginJar : add ipddr
2025-02-19 08:31:47,128 [INFO] IPUIPlugin:80 - create IPUIPlugin
2025-02-19 08:31:47,129 [INFO] PluginManager:220 - loadIPPluginJar : add linkedlist
2025-02-19 08:31:47,131 [INFO] IPUIPlugin:80 - create IPUIPlugin
2025-02-19 08:31:47,131 [INFO] PluginManager:220 - loadIPPluginJar : add lorawan
2025-02-19 08:31:47,133 [INFO] IPUIPlugin:80 - create IPUIPlugin
2025-02-19 08:31:47,133 [INFO] PluginManager:220 - loadIPPluginJar : add ltdc
2025-02-19 08:31:47,138 [INFO] IPUIPlugin:80 - create IPUIPlugin
2025-02-19 08:31:47,138 [INFO] PluginManager:220 - loadIPPluginJar : add mdma
2025-02-19 08:31:47,141 [INFO] IPUIPlugin:80 - create IPUIPlugin
2025-02-19 08:31:47,141 [INFO] PluginManager:220 - loadIPPluginJar : add nvic
2025-02-19 08:31:47,144 [INFO] IPUIPlugin:80 - create IPUIPlugin
2025-02-19 08:31:47,144 [INFO] PluginManager:220 - loadIPPluginJar : add opamp
2025-02-19 08:31:47,147 [INFO] IPUIPlugin:80 - create IPUIPlugin
2025-02-19 08:31:47,147 [INFO] PluginManager:220 - loadIPPluginJar : add openamp
2025-02-19 08:31:47,149 [INFO] IPUIPlugin:80 - create IPUIPlugin
2025-02-19 08:31:47,149 [INFO] PluginManager:220 - loadIPPluginJar : add pdm2pcm
2025-02-19 08:31:47,154 [INFO] IPUIPlugin:80 - create IPUIPlugin
2025-02-19 08:31:47,156 [INFO] PluginManager:220 - loadIPPluginJar : add plateformsettings
2025-02-19 08:31:47,158 [INFO] IPUIPlugin:80 - create IPUIPlugin
2025-02-19 08:31:47,158 [INFO] PluginManager:220 - loadIPPluginJar : add quadspi
2025-02-19 08:31:47,159 [INFO] IPUIPlugin:80 - create IPUIPlugin
2025-02-19 08:31:47,160 [INFO] PluginManager:220 - loadIPPluginJar : add radio
2025-02-19 08:31:47,163 [INFO] IPUIPlugin:80 - create IPUIPlugin
2025-02-19 08:31:47,163 [INFO] PluginManager:220 - loadIPPluginJar : add resmgrutility
2025-02-19 08:31:47,165 [INFO] IPUIPlugin:80 - create IPUIPlugin
2025-02-19 08:31:47,166 [INFO] PluginManager:220 - loadIPPluginJar : add sai
2025-02-19 08:31:47,167 [INFO] IPUIPlugin:80 - create IPUIPlugin
2025-02-19 08:31:47,168 [INFO] PluginManager:220 - loadIPPluginJar : add spi
2025-02-19 08:31:47,172 [INFO] IPUIPlugin:80 - create IPUIPlugin
2025-02-19 08:31:47,172 [INFO] PluginManager:220 - loadIPPluginJar : add stm32_wpan
2025-02-19 08:31:47,174 [INFO] IPUIPlugin:80 - create IPUIPlugin
2025-02-19 08:31:47,174 [INFO] PluginManager:220 - loadIPPluginJar : add tim
2025-02-19 08:31:47,176 [INFO] IPUIPlugin:80 - create IPUIPlugin
2025-02-19 08:31:47,176 [INFO] PluginManager:220 - loadIPPluginJar : add touchsensing
2025-02-19 08:31:47,178 [INFO] IPUIPlugin:80 - create IPUIPlugin
2025-02-19 08:31:47,178 [INFO] PluginManager:220 - loadIPPluginJar : add tracer_emb
2025-02-19 08:31:47,181 [INFO] IPUIPlugin:80 - create IPUIPlugin
2025-02-19 08:31:47,181 [INFO] PluginManager:220 - loadIPPluginJar : add ts
2025-02-19 08:31:47,183 [INFO] IPUIPlugin:80 - create IPUIPlugin
2025-02-19 08:31:47,184 [INFO] PluginManager:220 - loadIPPluginJar : add tsc
2025-02-19 08:31:47,185 [INFO] IPUIPlugin:80 - create IPUIPlugin
2025-02-19 08:31:47,186 [INFO] PluginManager:220 - loadIPPluginJar : add ucpd
2025-02-19 08:31:47,191 [INFO] IPUIPlugin:80 - create IPUIPlugin
2025-02-19 08:31:47,191 [INFO] PluginManager:220 - loadIPPluginJar : add usart
2025-02-19 08:31:47,194 [INFO] IPUIPlugin:80 - create IPUIPlugin
2025-02-19 08:31:47,194 [INFO] PluginManager:220 - loadIPPluginJar : add usbx
2025-02-19 08:31:47,317 [FATAL] Updater:351 - Updater called before beeing initialized
2025-02-19 08:31:47,352 [INFO] RulesReader:64 - Compatibility file has been processed (297 Rules)
2025-02-19 08:31:47,360 [INFO] RulesReader:64 - Compatibility file has been processed (297 Rules)
2025-02-19 08:31:47,367 [INFO] CADModel:165 - CPN selected for project level
2025-02-19 08:31:47,367 [INFO] CADModel:114 - Register for checkConnection events
2025-02-19 08:31:47,367 [FATAL] Updater:351 - Updater called before beeing initialized
2025-02-19 08:31:47,367 [ERROR] CADModel:125 - Updater not yet initialized, retry later 
2025-02-19 08:31:47,467 [FATAL] Updater:351 - Updater called before beeing initialized
2025-02-19 08:31:47,468 [INFO] CADModel:165 - CPN selected for project level
2025-02-19 08:31:47,468 [INFO] CADModel:114 - Register for checkConnection events
2025-02-19 08:31:47,468 [FATAL] Updater:351 - Updater called before beeing initialized
2025-02-19 08:31:47,469 [ERROR] CADModel:125 - Updater not yet initialized, retry later 
2025-02-19 08:31:47,471 [FATAL] Updater:351 - Updater called before beeing initialized
2025-02-19 08:31:47,556 [FATAL] Updater:351 - Updater called before beeing initialized
2025-02-19 08:31:47,560 [INFO] DbMcusAds:53 - JSON generation date=Thu Sep 30 10:55:09 SAMT 2021 (1632984909247)
2025-02-19 08:31:47,560 [FATAL] Updater:351 - Updater called before beeing initialized
2025-02-19 08:31:47,592 [WARN] DetailPanel:346 - Failed to get advertising image, set to default
2025-02-19 08:31:47,794 [FATAL] Updater:351 - Updater called before beeing initialized
2025-02-19 08:31:47,796 [FATAL] Updater:351 - Updater called before beeing initialized
2025-02-19 08:31:47,796 [FATAL] Updater:351 - Updater called before beeing initialized
2025-02-19 08:31:47,796 [WARN] DetailPanel:346 - Failed to get advertising image, set to default
2025-02-19 08:31:47,797 [FATAL] Updater:351 - Updater called before beeing initialized
2025-02-19 08:31:47,834 [ERROR] Updater:1198 - MainUpdater not yet initialized. External WinMGr cannot be set.
2025-02-19 08:31:47,835 [INFO] Updater:1134 - Updater Version found : 6.13.0
2025-02-19 08:31:47,849 [INFO] ApplicationProperties:184 - Using Application install path: C:\ST\STM32CubeIDE_1.17.0\STM32CubeIDE\plugins\com.st.stm32cube.common.mx_6.13.0.202411220809
2025-02-19 08:31:49,436 [ERROR] LogOutputStream:75 - [STDERR_REDIRECT] Feb 19, 2025 8:31:49 AM java.util.prefs.WindowsPreferences <init>
2025-02-19 08:31:49,438 [ERROR] LogOutputStream:75 - [STDERR_REDIRECT] WARNING: Could not open/create prefs root node Software\JavaSoft\Prefs at root 0xffffffff80000002. Windows RegCreateKeyEx(...) returned error code 5.
2025-02-19 08:31:49,438 [ERROR] LogOutputStream:75 - [STDERR_REDIRECT] 
2025-02-19 08:31:49,654 [INFO] ThirdPartyUpdaterWithRetryManager:70 - Updater plugin not ready yet. [2/15]
2025-02-19 08:31:50,076 [ERROR] CheckConnectionManager:249 - Problem, Http access forbiden
2025-02-19 08:31:50,080 [INFO] MainUpdater:2872 - connection check result : 22
2025-02-19 08:31:50,082 [INFO] MainUpdater:289 - Updater Check For Update Now.
2025-02-19 08:31:50,082 [INFO] MicroXplorer:498 - Change Database Version : DB.6.0.130
2025-02-19 08:31:50,087 [INFO] McuFinderGlobals:63 - Set McuFinder mode to 2 (CubeIDE integrated)
2025-02-19 08:31:50,087 [INFO] UserAuth:171 - activating auth plugin
2025-02-19 08:31:50,089 [INFO] UserAuth:486 - Internet connection configuration mode: 2
2025-02-19 08:31:50,102 [INFO] UserAuth:486 - Internet connection configuration mode: 2
2025-02-19 08:31:50,232 [INFO] CheckServerUpdateThread:120 - End of CheckServer Thread
2025-02-19 08:31:52,714 [INFO] ThirdParty:978 - Integrity check success = true
2025-02-19 08:31:52,714 [INFO] IntegrityCheckThread:100 - exiting critical section [integrity check]
2025-02-19 08:31:52,714 [INFO] IntegrityCheckThread:103 - End integrity checks thread
2025-02-19 08:32:16,217 [ERROR] ConfigurationRetriever:142 - IOException on connection: Read timed out
2025-02-19 08:32:18,484 [ERROR] LogOutputStream:75 - [STDERR_REDIRECT] 
2025-02-19 08:32:37,825 [INFO] Activator:176 - 


2025-02-19 08:32:37,825 [INFO] Activator:177 - !SESSION log4j initialized
2025-02-19 08:32:41,061 [INFO] LogOutputStream:77 - [STDOUT_REDIRECT] 
2025-02-19 08:32:42,818 [INFO] ApplicationProperties:184 - Using Application install path: C:\ST\STM32CubeIDE_1.17.0\STM32CubeIDE\plugins\com.st.stm32cube.common.mx_6.13.0.202411220809
2025-02-19 08:32:42,829 [INFO] DbMcusXml:78 - Set database path to: C:\ST\STM32CubeIDE_1.17.0\STM32CubeIDE\plugins\com.st.stm32cube.common.mx_6.13.0.202411220809\\db\/mcu/
2025-02-19 08:32:42,830 [INFO] ApiDb:274 - Set plugin database path to: C:\ST\STM32CubeIDE_1.17.0\STM32CubeIDE\plugins\com.st.stm32cube.common.mx_6.13.0.202411220809\\db\/plugins/boardmanager/
2025-02-19 08:32:42,830 [WARN] ApiDb:259 - Overriding images path with different value:  => C:\ST\STM32CubeIDE_1.17.0\STM32CubeIDE\plugins\com.st.stm32cube.common.mx_6.13.0.202411220809\\db\/plugins/mcufinder/images/
2025-02-19 08:32:42,834 [INFO] ApiDb:250 - Set database path to: C:\Users\589\.stmcufinder\plugins\mcufinder//mcu/
2025-02-19 08:32:42,835 [INFO] DbMcusAds:125 - Set database path to: C:\Users\589\.stmcufinder\plugins\mcufinder//mcu/
2025-02-19 08:32:42,836 [INFO] CrossReferenceDbSqlite:203 - Set database path to: C:\Users\589\.stmcufinder\plugins\mcufinder//mcu/cs/
2025-02-19 08:32:42,927 [INFO] RulesReader:64 - Compatibility file has been processed (297 Rules)
2025-02-19 08:32:42,995 [INFO] DbMcusXml:78 - Set database path to: C:\ST\STM32CubeIDE_1.17.0\STM32CubeIDE\plugins\com.st.stm32cube.common.mx_6.13.0.202411220809\\db\/mcu/
2025-02-19 08:32:42,995 [INFO] ApiDb:274 - Set plugin database path to: C:\ST\STM32CubeIDE_1.17.0\STM32CubeIDE\plugins\com.st.stm32cube.common.mx_6.13.0.202411220809\\db\/plugins/boardmanager/
2025-02-19 08:32:42,996 [INFO] ApiDb:261 - Set plugin images path to: C:\ST\STM32CubeIDE_1.17.0\STM32CubeIDE\plugins\com.st.stm32cube.common.mx_6.13.0.202411220809\\db\/plugins/mcufinder/images/
2025-02-19 08:32:42,996 [WARN] DbFile:41 - Overriding database path with different value: C:\Users\589\.stmcufinder\plugins\mcufinder/ => C:\Users\589\.stmcufinder\plugins\mcufinder
2025-02-19 08:32:42,996 [INFO] ApiDb:250 - Set database path to: C:\Users\589\.stmcufinder\plugins\mcufinder//mcu/
2025-02-19 08:32:42,996 [WARN] DbFile:41 - Overriding database path with different value: C:\Users\589\.stmcufinder\plugins\mcufinder/ => C:\Users\589\.stmcufinder\plugins\mcufinder
2025-02-19 08:32:42,996 [INFO] DbMcusAds:125 - Set database path to: C:\Users\589\.stmcufinder\plugins\mcufinder//mcu/
2025-02-19 08:32:42,996 [WARN] DbFile:41 - Overriding database path with different value: C:\Users\589\.stmcufinder\plugins\mcufinder/ => C:\Users\589\.stmcufinder\plugins\mcufinder
2025-02-19 08:32:42,996 [WARN] DbFile:41 - Overriding database path with different value: C:\Users\589\.stmcufinder\plugins\mcufinder/ => C:\Users\589\.stmcufinder\plugins\mcufinder
2025-02-19 08:32:42,996 [INFO] CrossReferenceDbSqlite:203 - Set database path to: C:\Users\589\.stmcufinder\plugins\mcufinder//mcu/cs/
2025-02-19 08:32:43,058 [INFO] MainPanel:272 - HeapMemory: 268435456
2025-02-19 08:32:43,120 [INFO] DbMcusXml:78 - Set database path to: C:\ST\STM32CubeIDE_1.17.0\STM32CubeIDE\plugins\com.st.stm32cube.common.mx_6.13.0.202411220809\\db\/mcu/
2025-02-19 08:32:43,120 [INFO] ApiDb:274 - Set plugin database path to: C:\ST\STM32CubeIDE_1.17.0\STM32CubeIDE\plugins\com.st.stm32cube.common.mx_6.13.0.202411220809\\db\/plugins/boardmanager/
2025-02-19 08:32:43,120 [INFO] ApiDb:261 - Set plugin images path to: C:\ST\STM32CubeIDE_1.17.0\STM32CubeIDE\plugins\com.st.stm32cube.common.mx_6.13.0.202411220809\\db\/plugins/mcufinder/images/
2025-02-19 08:32:43,120 [WARN] DbFile:41 - Overriding database path with different value: C:\Users\589\.stmcufinder\plugins\mcufinder/ => C:\Users\589\.stmcufinder\plugins\mcufinder
2025-02-19 08:32:43,120 [INFO] ApiDb:250 - Set database path to: C:\Users\589\.stmcufinder\plugins\mcufinder//mcu/
2025-02-19 08:32:43,121 [WARN] DbFile:41 - Overriding database path with different value: C:\Users\589\.stmcufinder\plugins\mcufinder/ => C:\Users\589\.stmcufinder\plugins\mcufinder
2025-02-19 08:32:43,121 [INFO] DbMcusAds:125 - Set database path to: C:\Users\589\.stmcufinder\plugins\mcufinder//mcu/
2025-02-19 08:32:43,121 [WARN] DbFile:41 - Overriding database path with different value: C:\Users\589\.stmcufinder\plugins\mcufinder/ => C:\Users\589\.stmcufinder\plugins\mcufinder
2025-02-19 08:32:43,121 [WARN] DbFile:41 - Overriding database path with different value: C:\Users\589\.stmcufinder\plugins\mcufinder/ => C:\Users\589\.stmcufinder\plugins\mcufinder
2025-02-19 08:32:43,121 [INFO] CrossReferenceDbSqlite:203 - Set database path to: C:\Users\589\.stmcufinder\plugins\mcufinder//mcu/cs/
2025-02-19 08:32:43,134 [INFO] ApplicationProperties:184 - Using Application install path: C:\ST\STM32CubeIDE_1.17.0\STM32CubeIDE\plugins\com.st.stm32cube.common.mx_6.13.0.202411220809
2025-02-19 08:32:43,135 [INFO] PluginManage:196 - Search for loadable plugins [exclusion list=, ]
2025-02-19 08:32:43,136 [INFO] PluginManage:310 - Check plugin analytics
2025-02-19 08:32:43,281 [INFO] AnalyticsPlugin:253 - Accepted Software Licenses: 
2025-02-19 08:32:43,281 [INFO] AnalyticsPlugin:255 - Accepted CMSIS Pack Licenses: 
2025-02-19 08:32:43,281 [INFO] AnalyticsPlugin:257 - Accepted Firmware Licenses: 
2025-02-19 08:32:43,284 [INFO] PluginManage:359 - Loaded plugin analytics (category:tool,tabindex:-1)
2025-02-19 08:32:43,284 [INFO] PluginManage:310 - Check plugin cadmodel
2025-02-19 08:32:43,287 [INFO] CADModel:105 - Init CAD model plugin
2025-02-19 08:32:43,288 [INFO] PluginManage:359 - Loaded plugin cadmodel (category:power,tabindex:5)
2025-02-19 08:32:43,288 [INFO] PluginManage:310 - Check plugin clock
2025-02-19 08:32:43,294 [INFO] PluginManage:359 - Loaded plugin clock (category:base,tabindex:2)
2025-02-19 08:32:43,294 [INFO] PluginManage:310 - Check plugin ddr
2025-02-19 08:32:43,295 [INFO] PluginManage:359 - Loaded plugin ddr (category:tool,tabindex:6)
2025-02-19 08:32:43,295 [INFO] PluginManage:310 - Check plugin filemanager
2025-02-19 08:32:43,452 [INFO] PluginManage:359 - Loaded plugin filemanager (category:base,tabindex:10)
2025-02-19 08:32:43,452 [INFO] PluginManage:310 - Check plugin ipmanager
2025-02-19 08:32:43,460 [INFO] PluginManage:359 - Loaded plugin ipmanager (category:base,tabindex:5)
2025-02-19 08:32:43,460 [INFO] PluginManage:310 - Check plugin lpbam
2025-02-19 08:32:43,468 [INFO] PluginManage:359 - Loaded plugin lpbam (category:base,tabindex:0)
2025-02-19 08:32:43,468 [INFO] PluginManage:310 - Check plugin memorymap
2025-02-19 08:32:43,478 [INFO] PluginManage:359 - Loaded plugin memorymap (category:base,tabindex:4)
2025-02-19 08:32:43,478 [INFO] PluginManage:310 - Check plugin pinoutandconfiguration
2025-02-19 08:32:43,486 [INFO] PluginManage:359 - Loaded plugin pinoutandconfiguration (category:base,tabindex:1)
2025-02-19 08:32:43,486 [INFO] PluginManage:310 - Check plugin pinoutconfig
2025-02-19 08:32:43,549 [WARN] SupportedApi:132 - Cannot load RTOS API schema: s4s-elt-must-match.1: The content of 'definitions' must match (annotation?, (simpleType | complexType)?, (unique | key | keyref)*)). A problem was found starting at: attribute.
2025-02-19 08:32:43,656 [INFO] PluginManage:359 - Loaded plugin pinoutconfig (category:base,tabindex:0)
2025-02-19 08:32:43,657 [INFO] PluginManage:310 - Check plugin power
2025-02-19 08:32:43,665 [INFO] PluginManage:359 - Loaded plugin power (category:power,tabindex:4)
2025-02-19 08:32:43,665 [INFO] PluginManage:310 - Check plugin projectmanager
2025-02-19 08:32:43,677 [INFO] PluginManage:359 - Loaded plugin projectmanager (category:projectmanager,tabindex:4)
2025-02-19 08:32:43,677 [INFO] PluginManage:310 - Check plugin rif
2025-02-19 08:32:43,683 [INFO] PluginManage:359 - Loaded plugin rif (category:base,tabindex:3)
2025-02-19 08:32:43,683 [INFO] PluginManage:310 - Check plugin thirdparty
2025-02-19 08:32:43,776 [INFO] PluginManage:359 - Loaded plugin thirdparty (category:base,tabindex:-1)
2025-02-19 08:32:43,776 [INFO] PluginManage:310 - Check plugin tools
2025-02-19 08:32:43,776 [WARN] IntegrityCheckThread:84 - waiting for thirdparty lock release [integrity check]
2025-02-19 08:32:43,777 [INFO] IntegrityCheckThread:86 - entering critical section [integrity check]
2025-02-19 08:32:43,777 [INFO] ThirdPartyUpdaterWithRetryManager:70 - Updater plugin not ready yet. [1/15]
2025-02-19 08:32:43,779 [INFO] PluginManage:359 - Loaded plugin tools (category:base,tabindex:7)
2025-02-19 08:32:43,779 [INFO] PluginManage:310 - Check plugin tutovideos
2025-02-19 08:32:43,890 [INFO] PluginManage:359 - Loaded plugin tutovideos (category:base,tabindex:-1)
2025-02-19 08:32:43,890 [INFO] PluginManage:310 - Check plugin updater
2025-02-19 08:32:43,906 [INFO] PluginManage:359 - Loaded plugin updater (category:base,tabindex:12)
2025-02-19 08:32:43,906 [INFO] PluginManage:310 - Check plugin userauth
2025-02-19 08:32:43,909 [INFO] UserAuth:118 - Init User Auth plugin
2025-02-19 08:32:43,909 [INFO] PluginManage:359 - Loaded plugin userauth (category:base,tabindex:14)
2025-02-19 08:32:43,910 [INFO] PluginManage:283 - PluginManage : Loaded plugins [18]
2025-02-19 08:32:44,063 [INFO] PinOutPanel:1589 - setPackage(No Configuration,No Configuration)
2025-02-19 08:32:44,125 [INFO] CADModel:165 - CPN selected for project level
2025-02-19 08:32:44,125 [INFO] CADModel:114 - Register for checkConnection events
2025-02-19 08:32:44,139 [INFO] IPUIPlugin:80 - create IPUIPlugin
2025-02-19 08:32:44,139 [INFO] PluginManager:220 - loadIPPluginJar : add adc
2025-02-19 08:32:44,141 [INFO] IPUIPlugin:80 - create IPUIPlugin
2025-02-19 08:32:44,141 [INFO] PluginManager:220 - loadIPPluginJar : add aes
2025-02-19 08:32:44,143 [INFO] IPUIPlugin:80 - create IPUIPlugin
2025-02-19 08:32:44,144 [INFO] PluginManager:220 - loadIPPluginJar : add can
2025-02-19 08:32:44,145 [INFO] IPUIPlugin:80 - create IPUIPlugin
2025-02-19 08:32:44,145 [INFO] PluginManager:220 - loadIPPluginJar : add comp
2025-02-19 08:32:44,147 [INFO] IPUIPlugin:80 - create IPUIPlugin
2025-02-19 08:32:44,147 [INFO] PluginManager:220 - loadIPPluginJar : add cryp
2025-02-19 08:32:44,149 [INFO] IPUIPlugin:80 - create IPUIPlugin
2025-02-19 08:32:44,150 [INFO] PluginManager:220 - loadIPPluginJar : add ddr_ctrl_phy
2025-02-19 08:32:44,151 [INFO] IPUIPlugin:80 - create IPUIPlugin
2025-02-19 08:32:44,151 [INFO] PluginManager:220 - loadIPPluginJar : add dfsdm
2025-02-19 08:32:44,155 [INFO] IPUIPlugin:80 - create IPUIPlugin
2025-02-19 08:32:44,155 [INFO] PluginManager:220 - loadIPPluginJar : add dma
2025-02-19 08:32:44,157 [INFO] IPUIPlugin:80 - create IPUIPlugin
2025-02-19 08:32:44,157 [INFO] PluginManager:220 - loadIPPluginJar : add dma3
2025-02-19 08:32:44,159 [INFO] IPUIPlugin:80 - create IPUIPlugin
2025-02-19 08:32:44,159 [INFO] PluginManager:220 - loadIPPluginJar : add extmemmanager
2025-02-19 08:32:44,161 [INFO] IPUIPlugin:80 - create IPUIPlugin
2025-02-19 08:32:44,162 [INFO] PluginManager:220 - loadIPPluginJar : add fatfs
2025-02-19 08:32:44,166 [INFO] IPUIPlugin:80 - create IPUIPlugin
2025-02-19 08:32:44,166 [INFO] PluginManager:220 - loadIPPluginJar : add fmc
2025-02-19 08:32:44,170 [INFO] IPUIPlugin:80 - create IPUIPlugin
2025-02-19 08:32:44,171 [INFO] PluginManager:220 - loadIPPluginJar : add freertos
2025-02-19 08:32:44,171 [INFO] IPUIPlugin:80 - create IPUIPlugin
2025-02-19 08:32:44,172 [INFO] PluginManager:220 - loadIPPluginJar : add genericplugin
2025-02-19 08:32:44,173 [INFO] IPUIPlugin:80 - create IPUIPlugin
2025-02-19 08:32:44,173 [INFO] PluginManager:220 - loadIPPluginJar : add gfxmmu
2025-02-19 08:32:44,177 [INFO] IPUIPlugin:80 - create IPUIPlugin
2025-02-19 08:32:44,177 [INFO] PluginManager:220 - loadIPPluginJar : add gic
2025-02-19 08:32:44,180 [INFO] IPUIPlugin:80 - create IPUIPlugin
2025-02-19 08:32:44,180 [INFO] PluginManager:220 - loadIPPluginJar : add gpio
2025-02-19 08:32:44,183 [INFO] IPUIPlugin:80 - create IPUIPlugin
2025-02-19 08:32:44,183 [INFO] PluginManager:220 - loadIPPluginJar : add gtzc
2025-02-19 08:32:44,185 [INFO] IPUIPlugin:80 - create IPUIPlugin
2025-02-19 08:32:44,185 [INFO] PluginManager:220 - loadIPPluginJar : add hash
2025-02-19 08:32:44,187 [INFO] IPUIPlugin:80 - create IPUIPlugin
2025-02-19 08:32:44,187 [INFO] PluginManager:220 - loadIPPluginJar : add i2c
2025-02-19 08:32:44,188 [INFO] IPUIPlugin:80 - create IPUIPlugin
2025-02-19 08:32:44,189 [INFO] PluginManager:220 - loadIPPluginJar : add i2s
2025-02-19 08:32:44,191 [INFO] IPUIPlugin:80 - create IPUIPlugin
2025-02-19 08:32:44,191 [INFO] PluginManager:220 - loadIPPluginJar : add i3c
2025-02-19 08:32:44,193 [INFO] IPUIPlugin:80 - create IPUIPlugin
2025-02-19 08:32:44,193 [INFO] PluginManager:220 - loadIPPluginJar : add ipddr
2025-02-19 08:32:44,197 [INFO] IPUIPlugin:80 - create IPUIPlugin
2025-02-19 08:32:44,197 [INFO] PluginManager:220 - loadIPPluginJar : add linkedlist
2025-02-19 08:32:44,199 [INFO] IPUIPlugin:80 - create IPUIPlugin
2025-02-19 08:32:44,199 [INFO] PluginManager:220 - loadIPPluginJar : add lorawan
2025-02-19 08:32:44,200 [INFO] IPUIPlugin:80 - create IPUIPlugin
2025-02-19 08:32:44,200 [INFO] PluginManager:220 - loadIPPluginJar : add ltdc
2025-02-19 08:32:44,203 [INFO] IPUIPlugin:80 - create IPUIPlugin
2025-02-19 08:32:44,204 [INFO] PluginManager:220 - loadIPPluginJar : add mdma
2025-02-19 08:32:44,206 [INFO] IPUIPlugin:80 - create IPUIPlugin
2025-02-19 08:32:44,206 [INFO] PluginManager:220 - loadIPPluginJar : add nvic
2025-02-19 08:32:44,208 [INFO] IPUIPlugin:80 - create IPUIPlugin
2025-02-19 08:32:44,208 [INFO] PluginManager:220 - loadIPPluginJar : add opamp
2025-02-19 08:32:44,211 [INFO] IPUIPlugin:80 - create IPUIPlugin
2025-02-19 08:32:44,211 [INFO] PluginManager:220 - loadIPPluginJar : add openamp
2025-02-19 08:32:44,213 [INFO] IPUIPlugin:80 - create IPUIPlugin
2025-02-19 08:32:44,213 [INFO] PluginManager:220 - loadIPPluginJar : add pdm2pcm
2025-02-19 08:32:44,217 [INFO] IPUIPlugin:80 - create IPUIPlugin
2025-02-19 08:32:44,219 [INFO] PluginManager:220 - loadIPPluginJar : add plateformsettings
2025-02-19 08:32:44,220 [INFO] IPUIPlugin:80 - create IPUIPlugin
2025-02-19 08:32:44,221 [INFO] PluginManager:220 - loadIPPluginJar : add quadspi
2025-02-19 08:32:44,222 [INFO] IPUIPlugin:80 - create IPUIPlugin
2025-02-19 08:32:44,223 [INFO] PluginManager:220 - loadIPPluginJar : add radio
2025-02-19 08:32:44,225 [INFO] IPUIPlugin:80 - create IPUIPlugin
2025-02-19 08:32:44,225 [INFO] PluginManager:220 - loadIPPluginJar : add resmgrutility
2025-02-19 08:32:44,227 [INFO] IPUIPlugin:80 - create IPUIPlugin
2025-02-19 08:32:44,227 [INFO] PluginManager:220 - loadIPPluginJar : add sai
2025-02-19 08:32:44,228 [INFO] IPUIPlugin:80 - create IPUIPlugin
2025-02-19 08:32:44,228 [INFO] PluginManager:220 - loadIPPluginJar : add spi
2025-02-19 08:32:44,233 [INFO] IPUIPlugin:80 - create IPUIPlugin
2025-02-19 08:32:44,233 [INFO] PluginManager:220 - loadIPPluginJar : add stm32_wpan
2025-02-19 08:32:44,234 [INFO] IPUIPlugin:80 - create IPUIPlugin
2025-02-19 08:32:44,235 [INFO] PluginManager:220 - loadIPPluginJar : add tim
2025-02-19 08:32:44,237 [INFO] IPUIPlugin:80 - create IPUIPlugin
2025-02-19 08:32:44,237 [INFO] PluginManager:220 - loadIPPluginJar : add touchsensing
2025-02-19 08:32:44,239 [INFO] IPUIPlugin:80 - create IPUIPlugin
2025-02-19 08:32:44,239 [INFO] PluginManager:220 - loadIPPluginJar : add tracer_emb
2025-02-19 08:32:44,241 [INFO] IPUIPlugin:80 - create IPUIPlugin
2025-02-19 08:32:44,241 [INFO] PluginManager:220 - loadIPPluginJar : add ts
2025-02-19 08:32:44,243 [INFO] IPUIPlugin:80 - create IPUIPlugin
2025-02-19 08:32:44,243 [INFO] PluginManager:220 - loadIPPluginJar : add tsc
2025-02-19 08:32:44,245 [INFO] IPUIPlugin:80 - create IPUIPlugin
2025-02-19 08:32:44,245 [INFO] PluginManager:220 - loadIPPluginJar : add ucpd
2025-02-19 08:32:44,247 [INFO] IPUIPlugin:80 - create IPUIPlugin
2025-02-19 08:32:44,247 [INFO] PluginManager:220 - loadIPPluginJar : add usart
2025-02-19 08:32:44,250 [INFO] IPUIPlugin:80 - create IPUIPlugin
2025-02-19 08:32:44,250 [INFO] PluginManager:220 - loadIPPluginJar : add usbx
2025-02-19 08:32:44,373 [FATAL] Updater:351 - Updater called before beeing initialized
2025-02-19 08:32:44,395 [INFO] RulesReader:64 - Compatibility file has been processed (297 Rules)
2025-02-19 08:32:44,404 [INFO] RulesReader:64 - Compatibility file has been processed (297 Rules)
2025-02-19 08:32:44,410 [INFO] CADModel:165 - CPN selected for project level
2025-02-19 08:32:44,410 [INFO] CADModel:114 - Register for checkConnection events
2025-02-19 08:32:44,410 [FATAL] Updater:351 - Updater called before beeing initialized
2025-02-19 08:32:44,410 [ERROR] CADModel:125 - Updater not yet initialized, retry later 
2025-02-19 08:32:44,499 [FATAL] Updater:351 - Updater called before beeing initialized
2025-02-19 08:32:44,500 [INFO] CADModel:165 - CPN selected for project level
2025-02-19 08:32:44,500 [INFO] CADModel:114 - Register for checkConnection events
2025-02-19 08:32:44,500 [FATAL] Updater:351 - Updater called before beeing initialized
2025-02-19 08:32:44,500 [ERROR] CADModel:125 - Updater not yet initialized, retry later 
2025-02-19 08:32:44,503 [FATAL] Updater:351 - Updater called before beeing initialized
2025-02-19 08:32:44,585 [FATAL] Updater:351 - Updater called before beeing initialized
2025-02-19 08:32:44,589 [INFO] DbMcusAds:53 - JSON generation date=Thu Sep 30 10:55:09 SAMT 2021 (1632984909247)
2025-02-19 08:32:44,589 [FATAL] Updater:351 - Updater called before beeing initialized
2025-02-19 08:32:44,618 [WARN] DetailPanel:346 - Failed to get advertising image, set to default
2025-02-19 08:32:44,820 [FATAL] Updater:351 - Updater called before beeing initialized
2025-02-19 08:32:44,821 [FATAL] Updater:351 - Updater called before beeing initialized
2025-02-19 08:32:44,821 [FATAL] Updater:351 - Updater called before beeing initialized
2025-02-19 08:32:44,821 [WARN] DetailPanel:346 - Failed to get advertising image, set to default
2025-02-19 08:32:44,827 [FATAL] Updater:351 - Updater called before beeing initialized
2025-02-19 08:32:44,862 [ERROR] Updater:1198 - MainUpdater not yet initialized. External WinMGr cannot be set.
2025-02-19 08:32:44,864 [INFO] Updater:1134 - Updater Version found : 6.13.0
2025-02-19 08:32:44,875 [INFO] ApplicationProperties:184 - Using Application install path: C:\ST\STM32CubeIDE_1.17.0\STM32CubeIDE\plugins\com.st.stm32cube.common.mx_6.13.0.202411220809
2025-02-19 08:32:46,447 [ERROR] LogOutputStream:75 - [STDERR_REDIRECT] Feb 19, 2025 8:32:46 AM java.util.prefs.WindowsPreferences <init>
2025-02-19 08:32:46,448 [ERROR] LogOutputStream:75 - [STDERR_REDIRECT] WARNING: Could not open/create prefs root node Software\JavaSoft\Prefs at root 0xffffffff80000002. Windows RegCreateKeyEx(...) returned error code 5.
2025-02-19 08:32:46,448 [ERROR] LogOutputStream:75 - [STDERR_REDIRECT] 
2025-02-19 08:32:46,778 [INFO] ThirdPartyUpdaterWithRetryManager:70 - Updater plugin not ready yet. [2/15]
2025-02-19 08:32:49,747 [ERROR] CheckConnectionManager:249 - Problem, Http access forbiden
2025-02-19 08:32:49,750 [INFO] MainUpdater:2872 - connection check result : 22
2025-02-19 08:32:49,752 [INFO] MainUpdater:289 - Updater Check For Update Now.
2025-02-19 08:32:49,752 [INFO] MicroXplorer:498 - Change Database Version : DB.6.0.130
2025-02-19 08:32:49,757 [INFO] McuFinderGlobals:63 - Set McuFinder mode to 2 (CubeIDE integrated)
2025-02-19 08:32:49,758 [INFO] UserAuth:171 - activating auth plugin
2025-02-19 08:32:49,761 [INFO] UserAuth:486 - Internet connection configuration mode: 2
2025-02-19 08:32:49,774 [INFO] UserAuth:486 - Internet connection configuration mode: 2
2025-02-19 08:32:49,780 [WARN] MainUpdater:1193 - Updater busy. Cannot search thirdparties
2025-02-19 08:32:49,780 [INFO] ThirdPartyUpdaterWithRetryManager:96 - Updater plugin is busy. [1/15]
2025-02-19 08:32:49,903 [INFO] CheckServerUpdateThread:120 - End of CheckServer Thread
2025-02-19 08:32:52,828 [INFO] ThirdParty:978 - Integrity check success = true
2025-02-19 08:32:52,828 [INFO] IntegrityCheckThread:100 - exiting critical section [integrity check]
2025-02-19 08:32:52,828 [INFO] IntegrityCheckThread:103 - End integrity checks thread
2025-02-19 08:33:40,615 [ERROR] LogOutputStream:75 - [STDERR_REDIRECT] 
