2025-03-06 19:42:53,329 [INFO] Activator:176 - 


2025-03-06 19:42:53,355 [INFO] Activator:177 - !SESSION log4j initialized
2025-03-06 19:43:12,979 [INFO] LogOutputStream:77 - [STDOUT_REDIRECT] 
2025-03-06 19:43:27,323 [INFO] ApplicationProperties:184 - Using Application install path: C:\ST\STM32CubeIDE_1.17.0\STM32CubeIDE\plugins\com.st.stm32cube.common.mx_6.13.0.202411220809
2025-03-06 19:43:27,364 [INFO] DbMcusXml:78 - Set database path to: C:\ST\STM32CubeIDE_1.17.0\STM32CubeIDE\plugins\com.st.stm32cube.common.mx_6.13.0.202411220809\\db\/mcu/
2025-03-06 19:43:27,365 [INFO] ApiDb:274 - Set plugin database path to: C:\ST\STM32CubeIDE_1.17.0\STM32CubeIDE\plugins\com.st.stm32cube.common.mx_6.13.0.202411220809\\db\/plugins/boardmanager/
2025-03-06 19:43:27,366 [WARN] ApiDb:259 - Overriding images path with different value:  => C:\ST\STM32CubeIDE_1.17.0\STM32CubeIDE\plugins\com.st.stm32cube.common.mx_6.13.0.202411220809\\db\/plugins/mcufinder/images/
2025-03-06 19:43:27,382 [INFO] ApiDb:250 - Set database path to: C:\Users\Artem\.stmcufinder\plugins\mcufinder//mcu/
2025-03-06 19:43:27,385 [INFO] DbMcusAds:125 - Set database path to: C:\Users\Artem\.stmcufinder\plugins\mcufinder//mcu/
2025-03-06 19:43:27,395 [INFO] CrossReferenceDbSqlite:203 - Set database path to: C:\Users\Artem\.stmcufinder\plugins\mcufinder//mcu/cs/
2025-03-06 19:43:27,764 [INFO] RulesReader:64 - Compatibility file has been processed (297 Rules)
2025-03-06 19:43:28,018 [INFO] DbMcusXml:78 - Set database path to: C:\ST\STM32CubeIDE_1.17.0\STM32CubeIDE\plugins\com.st.stm32cube.common.mx_6.13.0.202411220809\\db\/mcu/
2025-03-06 19:43:28,019 [INFO] ApiDb:274 - Set plugin database path to: C:\ST\STM32CubeIDE_1.17.0\STM32CubeIDE\plugins\com.st.stm32cube.common.mx_6.13.0.202411220809\\db\/plugins/boardmanager/
2025-03-06 19:43:28,019 [INFO] ApiDb:261 - Set plugin images path to: C:\ST\STM32CubeIDE_1.17.0\STM32CubeIDE\plugins\com.st.stm32cube.common.mx_6.13.0.202411220809\\db\/plugins/mcufinder/images/
2025-03-06 19:43:28,022 [WARN] DbFile:41 - Overriding database path with different value: C:\Users\Artem\.stmcufinder\plugins\mcufinder/ => C:\Users\Artem\.stmcufinder\plugins\mcufinder
2025-03-06 19:43:28,024 [INFO] ApiDb:250 - Set database path to: C:\Users\Artem\.stmcufinder\plugins\mcufinder//mcu/
2025-03-06 19:43:28,025 [WARN] DbFile:41 - Overriding database path with different value: C:\Users\Artem\.stmcufinder\plugins\mcufinder/ => C:\Users\Artem\.stmcufinder\plugins\mcufinder
2025-03-06 19:43:28,026 [INFO] DbMcusAds:125 - Set database path to: C:\Users\Artem\.stmcufinder\plugins\mcufinder//mcu/
2025-03-06 19:43:28,029 [WARN] DbFile:41 - Overriding database path with different value: C:\Users\Artem\.stmcufinder\plugins\mcufinder/ => C:\Users\Artem\.stmcufinder\plugins\mcufinder
2025-03-06 19:43:28,030 [WARN] DbFile:41 - Overriding database path with different value: C:\Users\Artem\.stmcufinder\plugins\mcufinder/ => C:\Users\Artem\.stmcufinder\plugins\mcufinder
2025-03-06 19:43:28,030 [INFO] CrossReferenceDbSqlite:203 - Set database path to: C:\Users\Artem\.stmcufinder\plugins\mcufinder//mcu/cs/
2025-03-06 19:43:28,335 [INFO] MainPanel:272 - HeapMemory: 268435456
2025-03-06 19:43:28,615 [INFO] DbMcusXml:78 - Set database path to: C:\ST\STM32CubeIDE_1.17.0\STM32CubeIDE\plugins\com.st.stm32cube.common.mx_6.13.0.202411220809\\db\/mcu/
2025-03-06 19:43:28,615 [INFO] ApiDb:274 - Set plugin database path to: C:\ST\STM32CubeIDE_1.17.0\STM32CubeIDE\plugins\com.st.stm32cube.common.mx_6.13.0.202411220809\\db\/plugins/boardmanager/
2025-03-06 19:43:28,615 [INFO] ApiDb:261 - Set plugin images path to: C:\ST\STM32CubeIDE_1.17.0\STM32CubeIDE\plugins\com.st.stm32cube.common.mx_6.13.0.202411220809\\db\/plugins/mcufinder/images/
2025-03-06 19:43:28,616 [WARN] DbFile:41 - Overriding database path with different value: C:\Users\Artem\.stmcufinder\plugins\mcufinder/ => C:\Users\Artem\.stmcufinder\plugins\mcufinder
2025-03-06 19:43:28,616 [INFO] ApiDb:250 - Set database path to: C:\Users\Artem\.stmcufinder\plugins\mcufinder//mcu/
2025-03-06 19:43:28,616 [WARN] DbFile:41 - Overriding database path with different value: C:\Users\Artem\.stmcufinder\plugins\mcufinder/ => C:\Users\Artem\.stmcufinder\plugins\mcufinder
2025-03-06 19:43:28,617 [INFO] DbMcusAds:125 - Set database path to: C:\Users\Artem\.stmcufinder\plugins\mcufinder//mcu/
2025-03-06 19:43:28,617 [WARN] DbFile:41 - Overriding database path with different value: C:\Users\Artem\.stmcufinder\plugins\mcufinder/ => C:\Users\Artem\.stmcufinder\plugins\mcufinder
2025-03-06 19:43:28,618 [WARN] DbFile:41 - Overriding database path with different value: C:\Users\Artem\.stmcufinder\plugins\mcufinder/ => C:\Users\Artem\.stmcufinder\plugins\mcufinder
2025-03-06 19:43:28,618 [INFO] CrossReferenceDbSqlite:203 - Set database path to: C:\Users\Artem\.stmcufinder\plugins\mcufinder//mcu/cs/
2025-03-06 19:43:28,681 [INFO] ApplicationProperties:184 - Using Application install path: C:\ST\STM32CubeIDE_1.17.0\STM32CubeIDE\plugins\com.st.stm32cube.common.mx_6.13.0.202411220809
2025-03-06 19:43:28,686 [INFO] PluginManage:196 - Search for loadable plugins [exclusion list=, ]
2025-03-06 19:43:28,693 [INFO] PluginManage:310 - Check plugin analytics
2025-03-06 19:43:38,608 [INFO] AnalyticsPlugin:253 - Accepted Software Licenses: STM32CubeMX.6.13.0
2025-03-06 19:43:38,609 [INFO] AnalyticsPlugin:255 - Accepted CMSIS Pack Licenses: 
2025-03-06 19:43:38,610 [INFO] AnalyticsPlugin:257 - Accepted Firmware Licenses: 
2025-03-06 19:43:38,628 [INFO] PluginManage:359 - Loaded plugin analytics (category:tool,tabindex:-1)
2025-03-06 19:43:38,661 [INFO] PluginManage:310 - Check plugin cadmodel
2025-03-06 19:43:38,691 [INFO] CADModel:105 - Init CAD model plugin
2025-03-06 19:43:38,694 [INFO] PluginManage:359 - Loaded plugin cadmodel (category:power,tabindex:5)
2025-03-06 19:43:38,696 [INFO] PluginManage:310 - Check plugin clock
2025-03-06 19:43:38,764 [INFO] PluginManage:359 - Loaded plugin clock (category:base,tabindex:2)
2025-03-06 19:43:38,764 [INFO] PluginManage:310 - Check plugin ddr
2025-03-06 19:43:38,768 [INFO] PluginManage:359 - Loaded plugin ddr (category:tool,tabindex:6)
2025-03-06 19:43:38,770 [INFO] PluginManage:310 - Check plugin filemanager
2025-03-06 19:43:39,274 [INFO] PluginManage:359 - Loaded plugin filemanager (category:base,tabindex:10)
2025-03-06 19:43:39,275 [INFO] PluginManage:310 - Check plugin ipmanager
2025-03-06 19:43:39,302 [INFO] PluginManage:359 - Loaded plugin ipmanager (category:base,tabindex:5)
2025-03-06 19:43:39,304 [INFO] PluginManage:310 - Check plugin lpbam
2025-03-06 19:43:39,342 [INFO] PluginManage:359 - Loaded plugin lpbam (category:base,tabindex:0)
2025-03-06 19:43:39,342 [INFO] PluginManage:310 - Check plugin memorymap
2025-03-06 19:43:39,378 [INFO] PluginManage:359 - Loaded plugin memorymap (category:base,tabindex:4)
2025-03-06 19:43:39,378 [INFO] PluginManage:310 - Check plugin pinoutandconfiguration
2025-03-06 19:43:39,440 [INFO] PluginManage:359 - Loaded plugin pinoutandconfiguration (category:base,tabindex:1)
2025-03-06 19:43:39,441 [INFO] PluginManage:310 - Check plugin pinoutconfig
2025-03-06 19:43:39,839 [WARN] SupportedApi:132 - Cannot load RTOS API schema: s4s-elt-must-match.1: The content of 'definitions' must match (annotation?, (simpleType | complexType)?, (unique | key | keyref)*)). A problem was found starting at: attribute.
2025-03-06 19:43:40,432 [INFO] PluginManage:359 - Loaded plugin pinoutconfig (category:base,tabindex:0)
2025-03-06 19:43:40,433 [INFO] PluginManage:310 - Check plugin power
2025-03-06 19:43:40,464 [INFO] PluginManage:359 - Loaded plugin power (category:power,tabindex:4)
2025-03-06 19:43:40,464 [INFO] PluginManage:310 - Check plugin projectmanager
2025-03-06 19:43:40,541 [INFO] PluginManage:359 - Loaded plugin projectmanager (category:projectmanager,tabindex:4)
2025-03-06 19:43:40,541 [INFO] PluginManage:310 - Check plugin rif
2025-03-06 19:43:40,554 [INFO] PluginManage:359 - Loaded plugin rif (category:base,tabindex:3)
2025-03-06 19:43:40,555 [INFO] PluginManage:310 - Check plugin thirdparty
2025-03-06 19:43:41,211 [WARN] IntegrityCheckThread:84 - waiting for thirdparty lock release [integrity check]
2025-03-06 19:43:41,212 [INFO] PluginManage:359 - Loaded plugin thirdparty (category:base,tabindex:-1)
2025-03-06 19:43:41,212 [INFO] IntegrityCheckThread:86 - entering critical section [integrity check]
2025-03-06 19:43:41,212 [INFO] PluginManage:310 - Check plugin tools
2025-03-06 19:43:41,222 [INFO] ThirdPartyUpdaterWithRetryManager:70 - Updater plugin not ready yet. [1/15]
2025-03-06 19:43:41,227 [INFO] PluginManage:359 - Loaded plugin tools (category:base,tabindex:7)
2025-03-06 19:43:41,227 [INFO] PluginManage:310 - Check plugin tutovideos
2025-03-06 19:43:41,785 [INFO] PluginManage:359 - Loaded plugin tutovideos (category:base,tabindex:-1)
2025-03-06 19:43:41,786 [INFO] PluginManage:310 - Check plugin updater
2025-03-06 19:43:41,901 [INFO] PluginManage:359 - Loaded plugin updater (category:base,tabindex:12)
2025-03-06 19:43:41,902 [INFO] PluginManage:310 - Check plugin userauth
2025-03-06 19:43:41,921 [INFO] UserAuth:118 - Init User Auth plugin
2025-03-06 19:43:41,924 [INFO] PluginManage:359 - Loaded plugin userauth (category:base,tabindex:14)
2025-03-06 19:43:41,926 [INFO] PluginManage:283 - PluginManage : Loaded plugins [18]
2025-03-06 19:43:43,057 [INFO] PinOutPanel:1589 - setPackage(No Configuration,No Configuration)
2025-03-06 19:43:43,552 [INFO] CADModel:165 - CPN selected for project level
2025-03-06 19:43:43,552 [INFO] CADModel:114 - Register for checkConnection events
2025-03-06 19:43:43,607 [INFO] IPUIPlugin:80 - create IPUIPlugin
2025-03-06 19:43:43,608 [INFO] PluginManager:220 - loadIPPluginJar : add adc
2025-03-06 19:43:43,624 [INFO] IPUIPlugin:80 - create IPUIPlugin
2025-03-06 19:43:43,624 [INFO] PluginManager:220 - loadIPPluginJar : add aes
2025-03-06 19:43:43,634 [INFO] IPUIPlugin:80 - create IPUIPlugin
2025-03-06 19:43:43,635 [INFO] PluginManager:220 - loadIPPluginJar : add can
2025-03-06 19:43:43,646 [INFO] IPUIPlugin:80 - create IPUIPlugin
2025-03-06 19:43:43,647 [INFO] PluginManager:220 - loadIPPluginJar : add comp
2025-03-06 19:43:43,657 [INFO] IPUIPlugin:80 - create IPUIPlugin
2025-03-06 19:43:43,658 [INFO] PluginManager:220 - loadIPPluginJar : add cryp
2025-03-06 19:43:43,679 [INFO] IPUIPlugin:80 - create IPUIPlugin
2025-03-06 19:43:43,679 [INFO] PluginManager:220 - loadIPPluginJar : add ddr_ctrl_phy
2025-03-06 19:43:43,685 [INFO] IPUIPlugin:80 - create IPUIPlugin
2025-03-06 19:43:43,692 [INFO] PluginManager:220 - loadIPPluginJar : add dfsdm
2025-03-06 19:43:43,713 [INFO] IPUIPlugin:80 - create IPUIPlugin
2025-03-06 19:43:43,714 [INFO] PluginManager:220 - loadIPPluginJar : add dma
2025-03-06 19:43:43,738 [INFO] IPUIPlugin:80 - create IPUIPlugin
2025-03-06 19:43:43,740 [INFO] PluginManager:220 - loadIPPluginJar : add dma3
2025-03-06 19:43:43,747 [INFO] IPUIPlugin:80 - create IPUIPlugin
2025-03-06 19:43:43,748 [INFO] PluginManager:220 - loadIPPluginJar : add extmemmanager
2025-03-06 19:43:43,754 [INFO] IPUIPlugin:80 - create IPUIPlugin
2025-03-06 19:43:43,755 [INFO] PluginManager:220 - loadIPPluginJar : add fatfs
2025-03-06 19:43:43,774 [INFO] IPUIPlugin:80 - create IPUIPlugin
2025-03-06 19:43:43,775 [INFO] PluginManager:220 - loadIPPluginJar : add fmc
2025-03-06 19:43:43,795 [INFO] IPUIPlugin:80 - create IPUIPlugin
2025-03-06 19:43:43,796 [INFO] PluginManager:220 - loadIPPluginJar : add freertos
2025-03-06 19:43:43,799 [INFO] IPUIPlugin:80 - create IPUIPlugin
2025-03-06 19:43:43,799 [INFO] PluginManager:220 - loadIPPluginJar : add genericplugin
2025-03-06 19:43:43,807 [INFO] IPUIPlugin:80 - create IPUIPlugin
2025-03-06 19:43:43,808 [INFO] PluginManager:220 - loadIPPluginJar : add gfxmmu
2025-03-06 19:43:43,823 [INFO] IPUIPlugin:80 - create IPUIPlugin
2025-03-06 19:43:43,823 [INFO] PluginManager:220 - loadIPPluginJar : add gic
2025-03-06 19:43:43,852 [INFO] IPUIPlugin:80 - create IPUIPlugin
2025-03-06 19:43:43,852 [INFO] PluginManager:220 - loadIPPluginJar : add gpio
2025-03-06 19:43:43,861 [INFO] IPUIPlugin:80 - create IPUIPlugin
2025-03-06 19:43:43,861 [INFO] PluginManager:220 - loadIPPluginJar : add gtzc
2025-03-06 19:43:43,867 [INFO] IPUIPlugin:80 - create IPUIPlugin
2025-03-06 19:43:43,873 [INFO] PluginManager:220 - loadIPPluginJar : add hash
2025-03-06 19:43:43,901 [INFO] IPUIPlugin:80 - create IPUIPlugin
2025-03-06 19:43:43,902 [INFO] PluginManager:220 - loadIPPluginJar : add i2c
2025-03-06 19:43:43,917 [INFO] IPUIPlugin:80 - create IPUIPlugin
2025-03-06 19:43:43,918 [INFO] PluginManager:220 - loadIPPluginJar : add i2s
2025-03-06 19:43:43,928 [INFO] IPUIPlugin:80 - create IPUIPlugin
2025-03-06 19:43:43,929 [INFO] PluginManager:220 - loadIPPluginJar : add i3c
2025-03-06 19:43:43,966 [INFO] IPUIPlugin:80 - create IPUIPlugin
2025-03-06 19:43:43,967 [INFO] PluginManager:220 - loadIPPluginJar : add ipddr
2025-03-06 19:43:43,996 [INFO] IPUIPlugin:80 - create IPUIPlugin
2025-03-06 19:43:43,997 [INFO] PluginManager:220 - loadIPPluginJar : add linkedlist
2025-03-06 19:43:44,055 [INFO] IPUIPlugin:80 - create IPUIPlugin
2025-03-06 19:43:44,056 [INFO] PluginManager:220 - loadIPPluginJar : add lorawan
2025-03-06 19:43:44,068 [INFO] IPUIPlugin:80 - create IPUIPlugin
2025-03-06 19:43:44,069 [INFO] PluginManager:220 - loadIPPluginJar : add ltdc
2025-03-06 19:43:44,086 [INFO] IPUIPlugin:80 - create IPUIPlugin
2025-03-06 19:43:44,088 [INFO] PluginManager:220 - loadIPPluginJar : add mdma
2025-03-06 19:43:44,097 [INFO] IPUIPlugin:80 - create IPUIPlugin
2025-03-06 19:43:44,099 [INFO] PluginManager:220 - loadIPPluginJar : add nvic
2025-03-06 19:43:44,124 [INFO] IPUIPlugin:80 - create IPUIPlugin
2025-03-06 19:43:44,126 [INFO] PluginManager:220 - loadIPPluginJar : add opamp
2025-03-06 19:43:44,144 [INFO] IPUIPlugin:80 - create IPUIPlugin
2025-03-06 19:43:44,148 [INFO] PluginManager:220 - loadIPPluginJar : add openamp
2025-03-06 19:43:44,170 [INFO] IPUIPlugin:80 - create IPUIPlugin
2025-03-06 19:43:44,171 [INFO] PluginManager:220 - loadIPPluginJar : add pdm2pcm
2025-03-06 19:43:44,203 [INFO] IPUIPlugin:80 - create IPUIPlugin
2025-03-06 19:43:44,215 [INFO] PluginManager:220 - loadIPPluginJar : add plateformsettings
2025-03-06 19:43:44,221 [INFO] IPUIPlugin:80 - create IPUIPlugin
2025-03-06 19:43:44,224 [INFO] PluginManager:220 - loadIPPluginJar : add quadspi
2025-03-06 19:43:44,241 [INFO] ThirdPartyUpdaterWithRetryManager:70 - Updater plugin not ready yet. [2/15]
2025-03-06 19:43:44,245 [INFO] IPUIPlugin:80 - create IPUIPlugin
2025-03-06 19:43:44,251 [INFO] PluginManager:220 - loadIPPluginJar : add radio
2025-03-06 19:43:44,262 [INFO] IPUIPlugin:80 - create IPUIPlugin
2025-03-06 19:43:44,262 [INFO] PluginManager:220 - loadIPPluginJar : add resmgrutility
2025-03-06 19:43:44,276 [INFO] IPUIPlugin:80 - create IPUIPlugin
2025-03-06 19:43:44,276 [INFO] PluginManager:220 - loadIPPluginJar : add sai
2025-03-06 19:43:44,293 [INFO] IPUIPlugin:80 - create IPUIPlugin
2025-03-06 19:43:44,293 [INFO] PluginManager:220 - loadIPPluginJar : add spi
2025-03-06 19:43:44,330 [INFO] IPUIPlugin:80 - create IPUIPlugin
2025-03-06 19:43:44,331 [INFO] PluginManager:220 - loadIPPluginJar : add stm32_wpan
2025-03-06 19:43:44,351 [INFO] IPUIPlugin:80 - create IPUIPlugin
2025-03-06 19:43:44,352 [INFO] PluginManager:220 - loadIPPluginJar : add tim
2025-03-06 19:43:44,366 [INFO] IPUIPlugin:80 - create IPUIPlugin
2025-03-06 19:43:44,367 [INFO] PluginManager:220 - loadIPPluginJar : add touchsensing
2025-03-06 19:43:44,375 [INFO] IPUIPlugin:80 - create IPUIPlugin
2025-03-06 19:43:44,375 [INFO] PluginManager:220 - loadIPPluginJar : add tracer_emb
2025-03-06 19:43:44,382 [INFO] IPUIPlugin:80 - create IPUIPlugin
2025-03-06 19:43:44,383 [INFO] PluginManager:220 - loadIPPluginJar : add ts
2025-03-06 19:43:44,389 [INFO] IPUIPlugin:80 - create IPUIPlugin
2025-03-06 19:43:44,389 [INFO] PluginManager:220 - loadIPPluginJar : add tsc
2025-03-06 19:43:44,402 [INFO] IPUIPlugin:80 - create IPUIPlugin
2025-03-06 19:43:44,429 [INFO] PluginManager:220 - loadIPPluginJar : add ucpd
2025-03-06 19:43:44,440 [INFO] IPUIPlugin:80 - create IPUIPlugin
2025-03-06 19:43:44,440 [INFO] PluginManager:220 - loadIPPluginJar : add usart
2025-03-06 19:43:44,451 [INFO] IPUIPlugin:80 - create IPUIPlugin
2025-03-06 19:43:44,451 [INFO] PluginManager:220 - loadIPPluginJar : add usbx
2025-03-06 19:43:44,902 [FATAL] Updater:351 - Updater called before beeing initialized
2025-03-06 19:43:45,160 [INFO] RulesReader:64 - Compatibility file has been processed (297 Rules)
2025-03-06 19:43:45,214 [INFO] RulesReader:64 - Compatibility file has been processed (297 Rules)
2025-03-06 19:43:45,246 [INFO] CADModel:165 - CPN selected for project level
2025-03-06 19:43:45,246 [INFO] CADModel:114 - Register for checkConnection events
2025-03-06 19:43:45,247 [FATAL] Updater:351 - Updater called before beeing initialized
2025-03-06 19:43:45,249 [ERROR] CADModel:125 - Updater not yet initialized, retry later 
2025-03-06 19:43:45,808 [FATAL] Updater:351 - Updater called before beeing initialized
2025-03-06 19:43:45,813 [INFO] CADModel:165 - CPN selected for project level
2025-03-06 19:43:45,814 [INFO] CADModel:114 - Register for checkConnection events
2025-03-06 19:43:45,814 [FATAL] Updater:351 - Updater called before beeing initialized
2025-03-06 19:43:45,814 [ERROR] CADModel:125 - Updater not yet initialized, retry later 
2025-03-06 19:43:45,823 [FATAL] Updater:351 - Updater called before beeing initialized
2025-03-06 19:43:46,395 [FATAL] Updater:351 - Updater called before beeing initialized
2025-03-06 19:43:46,406 [INFO] DbMcusAds:53 - JSON generation date=Thu Sep 30 10:55:09 SAMT 2021 (1632984909247)
2025-03-06 19:43:46,408 [FATAL] Updater:351 - Updater called before beeing initialized
2025-03-06 19:43:46,502 [WARN] DetailPanel:346 - Failed to get advertising image, set to default
2025-03-06 19:43:47,246 [INFO] ThirdPartyUpdaterWithRetryManager:70 - Updater plugin not ready yet. [3/15]
2025-03-06 19:43:47,368 [FATAL] Updater:351 - Updater called before beeing initialized
2025-03-06 19:43:47,378 [FATAL] Updater:351 - Updater called before beeing initialized
2025-03-06 19:43:47,379 [FATAL] Updater:351 - Updater called before beeing initialized
2025-03-06 19:43:47,379 [WARN] DetailPanel:346 - Failed to get advertising image, set to default
2025-03-06 19:43:47,387 [FATAL] Updater:351 - Updater called before beeing initialized
2025-03-06 19:43:47,615 [ERROR] Updater:1198 - MainUpdater not yet initialized. External WinMGr cannot be set.
2025-03-06 19:43:47,620 [INFO] Updater:1134 - Updater Version found : 6.13.0
2025-03-06 19:43:47,663 [INFO] ApplicationProperties:184 - Using Application install path: C:\ST\STM32CubeIDE_1.17.0\STM32CubeIDE\plugins\com.st.stm32cube.common.mx_6.13.0.202411220809
2025-03-06 19:43:48,643 [ERROR] CheckConnectionManager:249 - Problem, Http access forbiden
2025-03-06 19:43:48,656 [INFO] MainUpdater:2872 - connection check result : 22
2025-03-06 19:43:48,657 [INFO] MainUpdater:289 - Updater Check For Update Now.
2025-03-06 19:43:48,658 [INFO] MicroXplorer:498 - Change Database Version : DB.6.0.130
2025-03-06 19:43:48,670 [INFO] McuFinderGlobals:63 - Set McuFinder mode to 2 (CubeIDE integrated)
2025-03-06 19:43:48,671 [INFO] UserAuth:171 - activating auth plugin
2025-03-06 19:43:49,155 [INFO] UserAuth:486 - Internet connection configuration mode: 2
2025-03-06 19:43:49,265 [INFO] UserAuth:486 - Internet connection configuration mode: 2
2025-03-06 19:43:49,266 [INFO] CheckServerUpdateThread:120 - End of CheckServer Thread
2025-03-06 19:43:55,044 [WARN] PackLoader:240 - Cannot read IP mode file for STMicroelectronics.X-CUBE-SMBUS.2.1.0
2025-03-06 19:43:55,083 [WARN] PackLoader:240 - Cannot read IP mode file for STMicroelectronics.X-CUBE-TOUCHGFX.4.23.0
2025-03-06 19:43:55,188 [WARN] PackLoader:240 - Cannot read IP mode file for STMicroelectronics.X-CUBE-AZRTOS-F7.1.1.0
2025-03-06 19:43:55,231 [WARN] PackLoader:240 - Cannot read IP mode file for STMicroelectronics.FP-SNS-MOTENV1.4.3.2
2025-03-06 19:43:55,273 [WARN] PackLoader:240 - Cannot read IP mode file for STMicroelectronics.FP-SNS-FLIGHT1.5.0.2
2025-03-06 19:43:55,310 [WARN] PackLoader:240 - Cannot read IP mode file for STMicroelectronics.X-CUBE-DISPLAY.3.0.0
2025-03-06 19:43:55,358 [WARN] PackLoader:240 - Cannot read IP mode file for STMicroelectronics.X-CUBE-BLE1.7.0.0
2025-03-06 19:43:55,397 [WARN] PackLoader:240 - Cannot read IP mode file for emotas.I-CUBE-CANOPEN.1.3.0
2025-03-06 19:43:55,434 [WARN] PackLoader:240 - Cannot read IP mode file for STMicroelectronics.FP-SNS-SMARTAG2.1.2.0
2025-03-06 19:43:55,485 [INFO] LogOutputStream:77 - [STDOUT_REDIRECT] 1 : Invalid condition id : UX_CORESTACK_Condition cause : null
2025-03-06 19:43:55,487 [INFO] LogOutputStream:77 - [STDOUT_REDIRECT] 1 : Invalid condition id : UX_CORESTACK_Condition cause : null
2025-03-06 19:43:55,489 [INFO] LogOutputStream:77 - [STDOUT_REDIRECT] 1 : Invalid condition id : UX_CORESTACK_Condition cause : null
2025-03-06 19:43:55,493 [INFO] LogOutputStream:77 - [STDOUT_REDIRECT] 1 : Invalid condition id : UX_CORESTACK_Condition cause : null
2025-03-06 19:43:55,495 [INFO] LogOutputStream:77 - [STDOUT_REDIRECT] 1 : Invalid condition id : UX_CORESTACK_Condition cause : null
2025-03-06 19:43:55,504 [WARN] PackLoader:240 - Cannot read IP mode file for STMicroelectronics.X-CUBE-AZRTOS-WL.2.0.0
2025-03-06 19:43:55,542 [WARN] PackLoader:240 - Cannot read IP mode file for WES.I-CUBE-Cesium.1.3.0
2025-03-06 19:43:55,569 [WARN] PackLoader:240 - Cannot read IP mode file for STMicroelectronics.X-CUBE-BLE2.3.3.0
2025-03-06 19:43:55,606 [WARN] PackLoader:240 - Cannot read IP mode file for STMicroelectronics.X-CUBE-ALGOBUILD.1.3.0
2025-03-06 19:43:55,897 [WARN] PackLoader:240 - Cannot read IP mode file for STMicroelectronics.X-CUBE-AZRTOS-G0.1.1.0
2025-03-06 19:43:55,959 [WARN] PackLoader:240 - Cannot read IP mode file for STMicroelectronics.X-CUBE-NFC4.3.0.0
2025-03-06 19:43:56,054 [WARN] PackLoader:240 - Cannot read IP mode file for STMicroelectronics.X-CUBE-BLEMGR.3.0.0
2025-03-06 19:43:56,100 [WARN] PackLoader:240 - Cannot read IP mode file for STMicroelectronics.FP-ATR-SIGFOX1.3.2.0
2025-03-06 19:43:56,154 [WARN] PackLoader:240 - Cannot read IP mode file for STMicroelectronics.X-CUBE-EEPRMA1.5.1.0
2025-03-06 19:43:56,432 [WARN] PackLoader:240 - Cannot read IP mode file for SEGGER.I-CUBE-embOS.1.3.1
2025-03-06 19:43:56,827 [WARN] PackLoader:240 - Cannot read IP mode file for STMicroelectronics.X-CUBE-GNSS1.6.0.0
2025-03-06 19:43:57,147 [WARN] PackLoader:240 - Cannot read IP mode file for STMicroelectronics.X-CUBE-AZRTOS-F4.1.1.0
2025-03-06 19:43:57,296 [WARN] PackLoader:240 - Cannot read IP mode file for wolfSSL.I-CUBE-wolfSSL.5.6.6
2025-03-06 19:43:57,402 [WARN] PackLoader:240 - Cannot read IP mode file for STMicroelectronics.X-CUBE-AZRTOS-L5.2.0.0
2025-03-06 19:43:57,475 [WARN] PackLoader:240 - Cannot read IP mode file for ITTIA_DB.I-CUBE-ITTIADB.8.8.0
2025-03-06 19:43:57,548 [WARN] PackLoader:240 - Cannot read IP mode file for STMicroelectronics.X-CUBE-NFC7.1.0.1
2025-03-06 19:43:57,592 [WARN] PackLoader:240 - Cannot read IP mode file for STMicroelectronics.X-CUBE-NFC6.3.0.0
2025-03-06 19:43:57,665 [WARN] PackLoader:240 - Cannot read IP mode file for STMicroelectronics.X-CUBE-AI.8.1.0
2025-03-06 19:43:57,766 [WARN] ConditionMgr:438 - getConditionDescription Invalid condition id : LAN8742 Phy interface Condition cause : null
2025-03-06 19:43:57,767 [WARN] PackLoader:240 - Cannot read IP mode file for STMicroelectronics.X-CUBE-AZRTOS-L4.2.0.0
2025-03-06 19:43:57,770 [WARN] ConditionMgr:1044 - genDependencies : Invalid condition id : LAN8742 Phy interface Condition cause : null
2025-03-06 19:43:57,772 [WARN] ConditionMgr:1044 - genDependencies : Invalid condition id : LAN8742 Phy interface Condition cause : null
2025-03-06 19:43:57,813 [WARN] ConditionMgr:1044 - genDependencies : Invalid condition id : LAN8742 Phy interface Condition cause : null
2025-03-06 19:43:57,912 [WARN] PackLoader:240 - Cannot read IP mode file for STMicroelectronics.X-CUBE-SFXS2LP1.4.0.0
2025-03-06 19:43:58,045 [WARN] ConditionMgr:438 - getConditionDescription Invalid condition id : UX DEVICE CLASS RTOS Condition cause : null
2025-03-06 19:43:58,046 [WARN] ConditionMgr:438 - getConditionDescription Invalid condition id : UX DEVICE CLASS RTOS Condition cause : null
2025-03-06 19:43:58,050 [WARN] PackLoader:240 - Cannot read IP mode file for STMicroelectronics.X-CUBE-AZRTOS-WB.2.0.0
2025-03-06 19:43:58,051 [WARN] ConditionMgr:1044 - genDependencies : Invalid condition id : UX DEVICE CLASS RTOS Condition cause : null
2025-03-06 19:43:58,052 [WARN] ConditionMgr:1044 - genDependencies : Invalid condition id : UX DEVICE CLASS RTOS Condition cause : null
2025-03-06 19:43:58,053 [WARN] ConditionMgr:1044 - genDependencies : Invalid condition id : UX DEVICE CLASS RTOS Condition cause : null
2025-03-06 19:43:58,055 [WARN] ConditionMgr:1044 - genDependencies : Invalid condition id : UX DEVICE CLASS RTOS Condition cause : null
2025-03-06 19:43:58,055 [WARN] ConditionMgr:1044 - genDependencies : Invalid condition id : UX DEVICE CLASS RTOS Condition cause : null
2025-03-06 19:43:58,098 [WARN] PackLoader:240 - Cannot read IP mode file for STMicroelectronics.X-CUBE-SUBG2.5.0.0
2025-03-06 19:43:58,216 [WARN] PackLoader:240 - Cannot read IP mode file for STMicroelectronics.X-CUBE-AZRTOS-G4.2.0.0
2025-03-06 19:43:58,307 [WARN] PackLoader:240 - Cannot read IP mode file for Infineon.AIROC-Wi-Fi-Bluetooth-STM32.1.5.1
2025-03-06 19:43:58,350 [WARN] PackLoader:240 - Cannot read IP mode file for STMicroelectronics.FP-SNS-MOTENVWB1.1.3.1
2025-03-06 19:43:58,395 [WARN] PackLoader:240 - Cannot read IP mode file for STMicroelectronics.X-CUBE-ISPU.2.0.0
2025-03-06 19:43:58,568 [WARN] PackLoader:240 - Cannot read IP mode file for STMicroelectronics.X-CUBE-MEMS1.10.0.0
2025-03-06 19:43:58,984 [WARN] PackLoader:240 - Cannot read IP mode file for STMicroelectronics.X-CUBE-FREERTOS.1.1.0
2025-03-06 19:43:59,049 [WARN] PackLoader:240 - Cannot read IP mode file for portGmbH.I-Cube-SoM-uGOAL.1.1.0
2025-03-06 19:43:59,104 [WARN] PackLoader:240 - Cannot read IP mode file for STMicroelectronics.X-CUBE-ALS.1.0.1
2025-03-06 19:43:59,153 [WARN] PackLoader:240 - Cannot read IP mode file for STMicroelectronics.FP-ATR-ASTRA1.2.0.0
2025-03-06 19:43:59,260 [WARN] PackLoader:240 - Cannot read IP mode file for STMicroelectronics.X-CUBE-TOF1.3.4.0
2025-03-06 19:43:59,443 [WARN] PackLoader:240 - Cannot read IP mode file for STMicroelectronics.X-CUBE-AZRTOS-H7.3.2.0
2025-03-06 19:43:59,451 [INFO] ThirdParty:978 - Integrity check success = true
2025-03-06 19:43:59,451 [INFO] IntegrityCheckThread:100 - exiting critical section [integrity check]
2025-03-06 19:43:59,452 [INFO] IntegrityCheckThread:103 - End integrity checks thread
2025-03-06 20:02:47,321 [INFO] McuFinderGlobals:63 - Set McuFinder mode to 2 (CubeIDE integrated)
2025-03-06 20:02:47,618 [ERROR] CheckConnectionManager:249 - Problem, Http access forbiden
2025-03-06 20:02:47,622 [INFO] MainUpdater:2872 - connection check result : 22
2025-03-06 20:02:47,945 [ERROR] CheckConnectionManager:249 - Problem, Http access forbiden
2025-03-06 20:02:47,949 [INFO] MainUpdater:2872 - connection check result : 22
2025-03-06 20:02:50,582 [INFO] MicroXplorer:468 - Change Database Path : 
2025-03-06 20:02:50,583 [INFO] MicroXplorer:498 - Change Database Version : DB.6.0.130
2025-03-06 20:02:50,605 [WARN] ThirdParty:871 - waiting for thirdparty lock release [close project]
2025-03-06 20:02:50,605 [INFO] ThirdParty:873 - entering critical section [close project]
2025-03-06 20:02:50,663 [INFO] ThirdParty:883 - exiting critical section [close project]
2025-03-06 20:02:50,698 [INFO] PinOutPanel:1589 - setPackage(No Configuration,No Configuration)
2025-03-06 20:02:50,721 [INFO] UtilMem:75 - Begin LoadConfig() Used Memory: 306912672 Bytes (398458880)
2025-03-06 20:02:50,740 [INFO] MicroXplorer:468 - Change Database Path : 
2025-03-06 20:02:50,740 [INFO] MicroXplorer:498 - Change Database Version : DB.6.0.130
2025-03-06 20:02:50,740 [INFO] OpenFileManager:332 - Change cursor
2025-03-06 20:02:51,159 [INFO] Mcu:2035 - Initializing MCU STM32F103C(4-6)Tx STM32F103C6Tx STM32F103C6T6A
2025-03-06 20:02:56,231 [INFO] Context:748 - Trying to add GPIOservice into a context  which must be forbidden
2025-03-06 20:02:57,349 [INFO] RtosManager:555 - Registered RTOS mode: class=CMSIS, group=RTOS, mode=CMSIS_V1, owner=FREERTOS
2025-03-06 20:02:57,350 [INFO] RtosManager:555 - Registered RTOS mode: class=CMSIS, group=RTOS2, mode=CMSIS_V2, owner=FREERTOS
2025-03-06 20:02:57,350 [INFO] RtosManager:555 - Registered RTOS mode: class=RTOS, group=Core, mode=CMSIS_V1, owner=FREERTOS
2025-03-06 20:02:57,350 [INFO] RtosManager:555 - Registered RTOS mode: class=RTOS, group=Core, mode=CMSIS_V2, owner=FREERTOS
2025-03-06 20:02:57,351 [WARN] ModelIntegratedComponent:184 - Missing modes for component STMicroelectronics:FreeRTOS:0.0.1:STMicroelectronics:RTOS:FreeRTOS:Core:::10.2.0:
2025-03-06 20:02:57,406 [WARN] ModelIntegratedComponent:63 - No mode defined for component null
2025-03-06 20:02:57,407 [WARN] ModelIntegratedComponent:63 - No mode defined for component null
2025-03-06 20:02:57,407 [WARN] ModelIntegratedComponent:63 - No mode defined for component null
2025-03-06 20:02:57,407 [WARN] ModelIntegratedComponent:63 - No mode defined for component null
2025-03-06 20:02:57,408 [WARN] ModelIntegratedComponent:63 - No mode defined for component null
2025-03-06 20:02:57,408 [WARN] ModelIntegratedComponent:63 - No mode defined for component null
2025-03-06 20:02:57,409 [WARN] ModelIntegratedComponent:63 - No mode defined for component null
2025-03-06 20:02:57,410 [WARN] ModelIntegratedComponent:63 - No mode defined for component null
2025-03-06 20:02:57,410 [WARN] ModelIntegratedComponent:63 - No mode defined for component null
2025-03-06 20:02:57,410 [WARN] ModelIntegratedComponent:63 - No mode defined for component null
2025-03-06 20:02:57,411 [WARN] ModelIntegratedComponent:63 - No mode defined for component null
2025-03-06 20:02:57,411 [WARN] ModelIntegratedComponent:63 - No mode defined for component null
2025-03-06 20:02:57,412 [WARN] ModelIntegratedComponent:63 - No mode defined for component null
2025-03-06 20:02:57,412 [WARN] ModelIntegratedComponent:63 - No mode defined for component null
2025-03-06 20:02:57,413 [WARN] ModelIntegratedComponent:63 - No mode defined for component null
2025-03-06 20:02:57,413 [WARN] ModelIntegratedComponent:63 - No mode defined for component null
2025-03-06 20:02:57,413 [WARN] ModelIntegratedComponent:63 - No mode defined for component null
2025-03-06 20:02:57,414 [WARN] ModelIntegratedComponent:63 - No mode defined for component null
2025-03-06 20:02:57,414 [WARN] ModelIntegratedComponent:63 - No mode defined for component null
2025-03-06 20:02:57,415 [WARN] ModelIntegratedComponent:63 - No mode defined for component null
2025-03-06 20:02:57,415 [WARN] ModelIntegratedComponent:63 - No mode defined for component null
2025-03-06 20:02:57,416 [WARN] ModelIntegratedComponent:63 - No mode defined for component null
2025-03-06 20:02:57,416 [WARN] ModelIntegratedComponent:63 - No mode defined for component null
2025-03-06 20:02:57,417 [WARN] ModelIntegratedComponent:63 - No mode defined for component null
2025-03-06 20:02:57,417 [WARN] ModelIntegratedComponent:63 - No mode defined for component null
2025-03-06 20:02:57,418 [WARN] ModelIntegratedComponent:63 - No mode defined for component null
2025-03-06 20:02:57,418 [WARN] ModelIntegratedComponent:63 - No mode defined for component null
2025-03-06 20:02:57,418 [WARN] ModelIntegratedComponent:63 - No mode defined for component null
2025-03-06 20:02:57,419 [WARN] ModelIntegratedComponent:63 - No mode defined for component null
2025-03-06 20:02:57,419 [WARN] ModelIntegratedComponent:63 - No mode defined for component null
2025-03-06 20:02:57,420 [WARN] ModelIntegratedComponent:63 - No mode defined for component null
2025-03-06 20:02:57,421 [WARN] ModelIntegratedComponent:63 - No mode defined for component null
2025-03-06 20:02:57,421 [WARN] ModelIntegratedComponent:63 - No mode defined for component null
2025-03-06 20:02:57,421 [WARN] ModelIntegratedComponent:63 - No mode defined for component null
2025-03-06 20:02:57,422 [WARN] ModelIntegratedComponent:63 - No mode defined for component null
2025-03-06 20:02:57,422 [WARN] ModelPack:524 - Component already loaded: STMicroelectronics:HAL Drivers:0.0.0:STMicroelectronics:Device:STMicro_Driver:XSPI:HAL::0.0.1:HAL_XSPI
2025-03-06 20:02:57,666 [INFO] ThirdPartyModel:298 - Start build external matchings
2025-03-06 20:02:58,257 [INFO] ThirdPartyModel:316 - End build external matchings
2025-03-06 20:02:59,381 [INFO] ApiDb:581 - Connected to CubeFinder SQLite database (C:\Users\Artem\.stmcufinder\plugins\mcufinder\mcu\cube-finder-db.db)
2025-03-06 20:03:00,293 [INFO] ApiDb:668 - CubeFinder database Data Model version=2.1
2025-03-06 20:03:00,293 [INFO] ApiDb:669 - CubeFinder database Configuration version=3.0.39
2025-03-06 20:03:00,294 [INFO] ApiDb:670 - CubeFinder database generation date=2024-11-21 (1732182206)
2025-03-06 20:03:00,294 [INFO] ApiDb:671 - CubeFinder database FW Pack versions=[FP-ATR-ASTRA1_V2.0.0, FP-SNS-FLIGHT1_V5.0.2, FP-SNS-MOTENV1_V5.0.0, FP-SNS-MOTENVWB1_V1.4.0, FP-SNS-SMARTAG2_V1.2.0, FP-SNS-STBOX1_V2.0.0, STM32Cube_FW_C0_V1.3.0, STM32Cube_FW_F4_V1.28.1, STM32Cube_FW_F7_V1.17.2, STM32Cube_FW_G0_V1.6.2, STM32Cube_FW_G4_V1.6.1, STM32Cube_FW_H5_V1.4.0, STM32Cube_FW_H7RS_V1.1.0, STM32Cube_FW_H7_V1.12.0, STM32Cube_FW_L0_V1.12.2, STM32Cube_FW_L4_V1.18.1, STM32Cube_FW_L5_V1.5.1, STM32Cube_FW_N6_V1.0.0, STM32Cube_FW_U0_V1.2.0, STM32Cube_FW_U3_V1.0.0, STM32Cube_FW_U5_V1.7.0, STM32Cube_FW_WB0_V1.1.0, STM32Cube_FW_WBA_V1.5.0, STM32Cube_FW_WB_V1.21.0, STM32Cube_FW_WL3_V1.0.0, STM32Cube_FW_WL_V1.3.0, X-CUBE-ALGOBUILD_V1.4.0, X-CUBE-ALS_V1.0.2, X-CUBE-AZRTOS-F4_V1.1.0, X-CUBE-AZRTOS-F7_V1.1.0, X-CUBE-AZRTOS-G0_V1.1.0, X-CUBE-AZRTOS-G4_V2.0.0, X-CUBE-AZRTOS-H7RS_V1.0.0, X-CUBE-AZRTOS-H7_V3.3.0, X-CUBE-AZRTOS-L4_V2.0.0, X-CUBE-AZRTOS-L5_V2.0.0, X-CUBE-AZRTOS-WB_V2.0.0, X-CUBE-AZRTOS-WL_V2.0.0, X-CUBE-BLE1_V7.0.0, X-CUBE-BLE2_V3.3.0, X-CUBE-BLEMGR_V3.1.0, X-CUBE-EEPRMA1_V5.1.0, X-CUBE-FREERTOS_V1.2.0, X-CUBE-GNSS1_V6.0.0, X-CUBE-MEMS1_V11.0.0, X-CUBE-NFC4_V3.0.0, X-CUBE-NFC7_V1.0.1, X-CUBE-SFXS2LP1_V4.0.0, X-CUBE-SUBG2_V5.0.0, X-CUBE-TOF1_V3.4.2]
2025-03-06 20:03:01,691 [INFO] DbBoardsSqlite:226 - include board P-NUCLEO-WB55-NUCLEO as a kit item of type 'Nucleo-64'
2025-03-06 20:03:01,692 [INFO] DbBoardsSqlite:226 - include board P-NUCLEO-WB55-USBDONGLE as a kit item of type 'Nucleo USB Dongle'
2025-03-06 20:03:01,740 [INFO] DbBoardsSqlite:226 - include board STEVAL-IDP005V1 as a kit item of type 'Evaluation Board'
2025-03-06 20:03:01,741 [INFO] DbBoardsSqlite:226 - include board STEVAL-IDP005V2 as a kit item of type 'Evaluation Board'
2025-03-06 20:03:04,994 [INFO] ApiDb:240 - Found 858 in-development CPN: [B-G473E-ZEST1S, B-WB1M-WPAN1, B-WBA5M-WPAN, B-WL5M-SUBG1, NUCLEO-C031C6, NUCLEO-C051C8, NUCLEO-C071RB, NUCLEO-C092RC, NUCLEO-H503RB, NUCLEO-H533RE, NUCLEO-H563ZI, NUCLEO-H7S3L8, NUCLEO-N657X0-Q, NUCLEO-U031R8, NUCLEO-U083RC, NUCLEO-U385RG-Q, NUCLEO-U545RE-Q, NUCLEO-U5A5ZJ-Q, NUCLEO-WB05KZ, NUCLEO-WB07CC, NUCLEO-WB09KE, NUCLEO-WBA52CG, NUCLEO-WBA55CG, NUCLEO-WL33CC1, NUCLEO-WL33CC2, STEVAL-PROTEUS1, STEVAL-SMARTAG2, STEVAL-STWINBX1, STM320518-EVAL, STM32C0116-DK, STM32C011D6Y3TR, STM32C011D6Y6TR, STM32C011F4P3, STM32C011F4P6, STM32C011F4U3, STM32C011F4U6TR, STM32C011F6P3, STM32C011F6P6, STM32C011F6U3, STM32C011F6U6TR, STM32C011J4M3, STM32C011J4M6, STM32C011J6M3, STM32C011J6M6, STM32C0316-DK, STM32C031C4T3, STM32C031C4T6, STM32C031C4U3, STM32C031C4U6, STM32C031C6T3, STM32C031C6T6, STM32C031C6U3, STM32C031C6U6, STM32C031F4P3, STM32C031F4P6, STM32C031F6P3, STM32C031F6P6, STM32C031G4U3, STM32C031G4U6, STM32C031G6U3, STM32C031G6U6, STM32C031K4T3, STM32C031K4T6, STM32C031K4U3, STM32C031K4U6, STM32C031K6T3, STM32C031K6T6, STM32C031K6U3, STM32C031K6U6, STM32C051C6T6, STM32C051C6U6, STM32C051C8T6, STM32C051C8U6, STM32C051D8Y6TR, STM32C051F6P6, STM32C051F8P6, STM32C051G6U6, STM32C051G8U6, STM32C051K6T6, STM32C051K6U6, STM32C051K8T6, STM32C071C8T6, STM32C071C8T6N, STM32C071C8U6, STM32C071C8U6N, STM32C071CBT6, STM32C071CBT6N, STM32C071CBU6, STM32C071CBU6N, STM32C071F8P6, STM32C071F8P6N, STM32C071FBP6, STM32C071FBP6N, STM32C071FBY6TR, STM32C071G8U6, STM32C071G8U6N, STM32C071GBU6, STM32C071GBU6N, STM32C071K8T6, STM32C071K8T6N, STM32C071K8U6, STM32C071K8U6N, STM32C071KBT6, STM32C071KBT6N, STM32C071KBU6, STM32C071KBU6N, STM32C071R8T6, STM32C071R8T6N, STM32C071RBI6N, STM32C071RBT6, STM32C071RBT6N, STM32C091CBT6, STM32C091CBU6, STM32C091CCT6, STM32C091CCU6, STM32C091ECY6TR, STM32C091FBP6, STM32C091FCP6, STM32C091GBU6, STM32C091GCU6, STM32C091KBT6, STM32C091KBU6, STM32C091KCT6, STM32C091KCU6, STM32C091RBT6, STM32C091RCI6, STM32C091RCT6, STM32C092CBT6, STM32C092CBU6, STM32C092CCT6, STM32C092CCU6, STM32C092ECY6TR, STM32C092FBP6, STM32C092FCP6, STM32C092GBU6, STM32C092GCU6, STM32C092KBT6, STM32C092KBU6, STM32C092KCT6, STM32C092KCU6, STM32C092RBT6, STM32C092RCI6, STM32C092RCT6, STM32G071K8TXN, STM32G071K8UXN, STM32G081GBU6N, STM32G081KBT6N, STM32G081KBUXN, STM32G0B1CCT6N, STM32G0B1KCT6, STM32G0B1NEY6TR, STM32G0B1RCT6N, STM32G0C1CCT6, STM32G0C1CCT6N, STM32G0C1CCU6N, STM32G0C1CET6N, STM32G0C1CEU6N, STM32G0C1KCT6, STM32G0C1NEY6TR, STM32G0C1RCI6N, STM32G0C1RCT6N, STM32G0C1REI6N, STM32G0C1RET6N, STM32G0C1VCI6, STM32G0C1VEI6, STM32G411C6T3, STM32G411C6T6, STM32G411C6U3, STM32G411C6U6, STM32G411C8T3, STM32G411C8T6, STM32G411C8U3, STM32G411C8U6, STM32G411CBT3, STM32G411CBT6, STM32G411CBU3, STM32G411CBU6, STM32G411CCT3, STM32G411CCT6, STM32G411CCU3, STM32G411CCU6, STM32G411K6T3, STM32G411K6T6, STM32G411K6U3, STM32G411K6U6, STM32G411K8T3, STM32G411K8T6, STM32G411K8U3, STM32G411K8U6, STM32G411KBT3, STM32G411KBT6, STM32G411KBU3, STM32G411KBU6, STM32G411M6T3, STM32G411M6T6, STM32G411M8T3, STM32G411M8T6, STM32G411MBT3, STM32G411MBT6, STM32G411MCT3, STM32G411MCT6, STM32G411R6T3, STM32G411R6T6, STM32G411R8T3, STM32G411R8T6, STM32G411RBT3, STM32G411RBT6, STM32G411RCT3, STM32G411RCT6, STM32G414CBT3, STM32G414CBT6, STM32G414CBU3, STM32G414CBU6, STM32G414CCT3, STM32G414CCT6, STM32G414CCU3, STM32G414CCU6, STM32G414MBT3, STM32G414MBT6, STM32G414MCT3, STM32G414MCT6, STM32G414RBT3, STM32G414RBT6, STM32G414RCT3, STM32G414RCT6, STM32G414VBT3, STM32G414VBT6, STM32G414VCT3, STM32G414VCT6, STM32G431CBT3Z, STM32G431RBT3Z, STM32G471CCT6, STM32G471CCU6, STM32G471CET3, STM32G471CET6, STM32G471CEU3, STM32G471CEU6, STM32G471MCT6, STM32G471MET3, STM32G471MET6, STM32G471MEY6TR, STM32G471QCT6, STM32G471QET3, STM32G471RCT6, STM32G471RET3, STM32G471RET6, STM32G471VCH6, STM32G471VCI6, STM32G471VCT6, STM32G471VEH3, STM32G471VEH6, STM32G471VEI3, STM32G471VEI6, STM32G471VET3, STM32G471VET6, STM32G473QET3Z, STM32G473RET3Z, STM32G474CCT6, STM32G491RET3Z, STM32H503CBT6, STM32H503CBU6, STM32H503EBY6TR, STM32H503KBU6, STM32H503RBT6, STM32H523CCT6, STM32H523CCU6, STM32H523CET6, STM32H523CEU6, STM32H523HEY6TR, STM32H523RCT6, STM32H523RET6, STM32H523VCI6, STM32H523VCT6, STM32H523VEI6, STM32H523VET6, STM32H523ZCJ6, STM32H523ZCT6, STM32H523ZEJ6, STM32H523ZET6, STM32H533CET6, STM32H533CEU6, STM32H533HEY6TR, STM32H533RET6, STM32H533VEI6, STM32H533VET6, STM32H533ZEJ6, STM32H533ZET6, STM32H562AGI6, STM32H562AII6, STM32H562IGK6, STM32H562IGT6, STM32H562IIK6, STM32H562IIT6, STM32H562RGT6, STM32H562RGV6, STM32H562RIT6, STM32H562RIV6, STM32H562VGT6, STM32H562VIT6, STM32H562ZGT6, STM32H562ZIT6, STM32H563AGI6, STM32H563AII3Q, STM32H563AII6, STM32H563IGK6, STM32H563IGT6, STM32H563IIK3Q, STM32H563IIK6, STM32H563IIT3Q, STM32H563IIT6, STM32H563MIY3QTR, STM32H563RGT6, STM32H563RGV6, STM32H563RIT6, STM32H563RIV6, STM32H563VGT6, STM32H563VIT3Q, STM32H563VIT6, STM32H563ZGT6, STM32H563ZIT3Q, STM32H563ZIT6, STM32H573AII3Q, STM32H573AII6, STM32H573I-DK, STM32H573IIK3Q, STM32H573IIK6, STM32H573IIT3Q, STM32H573IIT6, STM32H573MIY3QTR, STM32H573RIT6, STM32H573RIV6, STM32H573VIT3Q, STM32H573VIT6, STM32H573ZIT3Q, STM32H573ZIT6, STM32H7R3A8I6, STM32H7R3I8K6, STM32H7R3I8T6, STM32H7R3L8H6, STM32H7R3L8H6H, STM32H7R3R8V6, STM32H7R3V8H6, STM32H7R3V8T6, STM32H7R3V8Y6TR, STM32H7R3Z8J6, STM32H7R3Z8T6, STM32H7R7A8I6, STM32H7R7I8K6, STM32H7R7I8T6, STM32H7R7L8H6, STM32H7R7L8H6H, STM32H7R7Z8J6, STM32H7S3A8I6, STM32H7S3I8K6, STM32H7S3I8T6, STM32H7S3L8H6, STM32H7S3L8H6H, STM32H7S3R8V6, STM32H7S3V8H6, STM32H7S3V8T6, STM32H7S3V8Y6TR, STM32H7S3Z8J6, STM32H7S3Z8T6, STM32H7S78-DK, STM32H7S7A8I6, STM32H7S7I8K6, STM32H7S7I8T6, STM32H7S7L8H6, STM32H7S7L8H6H, STM32H7S7Z8J6, STM32L4R5QGI6STR, STM32MP131AAE3, STM32MP131AAF3, STM32MP131AAG3, STM32MP131CAE3, STM32MP131CAF3, STM32MP131CAG3, STM32MP131DAE7, STM32MP131DAF7, STM32MP131DAG7, STM32MP131FAE7, STM32MP131FAF7, STM32MP131FAG7, STM32MP133AAE3, STM32MP133AAF3, STM32MP133AAG3, STM32MP133CAE3, STM32MP133CAF3, STM32MP133CAG3, STM32MP133DAE7, STM32MP133DAF7, STM32MP133DAG7, STM32MP133FAE7, STM32MP133FAF7, STM32MP133FAG7, STM32MP135AAE3, STM32MP135AAF3, STM32MP135AAG3, STM32MP135CAE3, STM32MP135CAF3, STM32MP135CAG3, STM32MP135DAE7, STM32MP135DAF7, STM32MP135DAG7, STM32MP135F-DK, STM32MP135FAE7, STM32MP135FAF7, STM32MP135FAF7T, STM32MP135FAF7U, STM32MP135FAG7, STM32MP231AAJ3, STM32MP231AAK3, STM32MP231AAL3, STM32MP231CAJ3, STM32MP231CAK3, STM32MP231CAL3, STM32MP231DAJ3, STM32MP231DAK3, STM32MP231DAL3, STM32MP231FAJ3, STM32MP231FAK3, STM32MP231FAL3, STM32MP233AAJ3, STM32MP233AAK3, STM32MP233AAL3, STM32MP233CAJ3, STM32MP233CAK3, STM32MP233CAL3, STM32MP233DAJ3, STM32MP233DAK3, STM32MP233DAL3, STM32MP233FAJ3, STM32MP233FAK3, STM32MP233FAL3, STM32MP235AAJ3, STM32MP235AAK3, STM32MP235AAL3, STM32MP235CAJ3, STM32MP235CAK3, STM32MP235CAL3, STM32MP235DAJ3, STM32MP235DAK3, STM32MP235DAL3, STM32MP235FAJ3, STM32MP235FAK3, STM32MP235FAL3, STM32MP251AAI3, STM32MP251AAJ3, STM32MP251AAK3, STM32MP251AAL3, STM32MP251CAI3, STM32MP251CAJ3, STM32MP251CAK3, STM32MP251CAL3, STM32MP251DAI3, STM32MP251DAJ3, STM32MP251DAK3, STM32MP251DAL3, STM32MP251FAI3, STM32MP251FAJ3, STM32MP251FAK3, STM32MP251FAL3, STM32MP253AAI3, STM32MP253AAJ3, STM32MP253AAK3, STM32MP253AAL3, STM32MP253CAI3, STM32MP253CAJ3, STM32MP253CAK3, STM32MP253CAL3, STM32MP253DAI3, STM32MP253DAJ3, STM32MP253DAK3, STM32MP253DAL3, STM32MP253FAI3, STM32MP253FAJ3, STM32MP253FAK3, STM32MP253FAL3, STM32MP255AAI3, STM32MP255AAJ3, STM32MP255AAK3, STM32MP255AAL3, STM32MP255CAI3, STM32MP255CAJ3, STM32MP255CAK3, STM32MP255CAL3, STM32MP255DAI3, STM32MP255DAJ3, STM32MP255DAK3, STM32MP255DAL3, STM32MP255FAI3, STM32MP255FAJ3, STM32MP255FAK3, STM32MP255FAL3, STM32MP257AAI3, STM32MP257AAJ3, STM32MP257AAK3, STM32MP257AAL3, STM32MP257CAI3, STM32MP257CAJ3, STM32MP257CAK3, STM32MP257CAL3, STM32MP257DAI3, STM32MP257DAJ3, STM32MP257DAK3, STM32MP257DAL3, STM32MP257F-DK, STM32MP257F-EV1, STM32MP257FAI3, STM32MP257FAJ3, STM32MP257FAK3, STM32MP257FAL3, STM32N645A0H3Q, STM32N645B0H3Q, STM32N645I0H3Q, STM32N645L0H3Q, STM32N645X0H3Q, STM32N645Z0H3Q, STM32N647A0H3Q, STM32N647B0H3Q, STM32N647I0H3Q, STM32N647L0H3Q, STM32N647X0H3Q, STM32N647Z0H3Q, STM32N655A0H3Q, STM32N655B0H3Q, STM32N655I0H3Q, STM32N655L0H3Q, STM32N655X0H3Q, STM32N655Z0H3Q, STM32N6570-DK, STM32N657A0H3Q, STM32N657B0H3Q, STM32N657I0H3Q, STM32N657L0H3Q, STM32N657X0H3Q, STM32N657Z0H3Q, STM32U031C6T6, STM32U031C6U6, STM32U031C8T6, STM32U031C8U6, STM32U031F4P6, STM32U031F6P6, STM32U031F8P6, STM32U031G6Y6TR, STM32U031G8Y6TR, STM32U031K4U6, STM32U031K6U6, STM32U031K8U6, STM32U031R6I6, STM32U031R6T6, STM32U031R8I6, STM32U031R8T6, STM32U073C8T6, STM32U073C8U6, STM32U073CBT6, STM32U073CBU6, STM32U073CCT6, STM32U073CCU6, STM32U073H8Y6TR, STM32U073HBY6TR, STM32U073HCY6TR, STM32U073K8U6, STM32U073KBU6, STM32U073KCU6, STM32U073M8I6, STM32U073M8T6, STM32U073MBI6, STM32U073MBT6, STM32U073MCI6, STM32U073MCT6, STM32U073R8I6, STM32U073R8T6, STM32U073RBI6, STM32U073RBT6, STM32U073RCI6, STM32U073RCT6, STM32U083C-DK, STM32U083CCT6, STM32U083CCU6, STM32U083HCY6TR, STM32U083KCU6, STM32U083MCI6, STM32U083MCT6, STM32U083RCI6, STM32U083RCT6, STM32U375CET6, STM32U375CET6Q, STM32U375CEU6, STM32U375CEU6Q, STM32U375CEY6QTR, STM32U375CGT6, STM32U375CGT6Q, STM32U375CGU6, STM32U375CGU6Q, STM32U375CGY6QTR, STM32U375KEU6, STM32U375KGU6, STM32U375REI6, STM32U375REI6Q, STM32U375RET6, STM32U375RET6Q, STM32U375REY6GTR, STM32U375REY6QTR, STM32U375RGI6, STM32U375RGI6Q, STM32U375RGT6, STM32U375RGT6Q, STM32U375RGY6GTR, STM32U375RGY6QTR, STM32U375VEI6, STM32U375VEI6Q, STM32U375VET6, STM32U375VET6Q, STM32U375VGI6, STM32U375VGI6Q, STM32U375VGT6, STM32U375VGT6Q, STM32U385CGT6, STM32U385CGT6Q, STM32U385CGU6, STM32U385CGU6Q, STM32U385CGY6QTR, STM32U385KGU6, STM32U385RGI6, STM32U385RGI6Q, STM32U385RGT6, STM32U385RGT6Q, STM32U385RGY6GTR, STM32U385RGY6QTR, STM32U385VGI6, STM32U385VGI6Q, STM32U385VGT6, STM32U385VGT6Q, STM32U535CBT6, STM32U535CBT6Q, STM32U535CBU6, STM32U535CBU6Q, STM32U535CCT6, STM32U535CCT6Q, STM32U535CCU6, STM32U535CCU6Q, STM32U535CET6, STM32U535CET6Q, STM32U535CEU6, STM32U535CEU6Q, STM32U535JEY6QTR, STM32U535NCY6QTR, STM32U535NEY6QTR, STM32U535RBI6, STM32U535RBI6Q, STM32U535RBT6, STM32U535RBT6Q, STM32U535RCI6, STM32U535RCI6Q, STM32U535RCT6, STM32U535RCT6Q, STM32U535REI6, STM32U535REI6Q, STM32U535RET6, STM32U535RET6Q, STM32U535VCI6, STM32U535VCI6Q, STM32U535VCT6, STM32U535VCT6Q, STM32U535VEI6, STM32U535VEI6Q, STM32U535VET6, STM32U535VET6Q, STM32U545CET6, STM32U545CET6Q, STM32U545CEU6, STM32U545CEU6Q, STM32U545JEY6QTR, STM32U545NEY6QTR, STM32U545REI6, STM32U545REI6Q, STM32U545RET6, STM32U545RET6Q, STM32U545VEI6, STM32U545VEI6Q, STM32U545VET6, STM32U545VET6Q, STM32U595AIH6, STM32U595AIH6Q, STM32U595AJH6, STM32U595AJH6Q, STM32U595QII6, STM32U595QII6Q, STM32U595QJI6, STM32U595QJI6Q, STM32U595RIT6, STM32U595RIT6Q, STM32U595RJT6, STM32U595RJT6Q, STM32U595VIT6, STM32U595VIT6Q, STM32U595VJT6, STM32U595VJT6Q, STM32U595ZIT6, STM32U595ZIT6Q, STM32U595ZIY6QTR, STM32U595ZJT6, STM32U595ZJT6Q, STM32U595ZJY6QTR, STM32U599BJY6QTR, STM32U599NIH6Q, STM32U599NJH6Q, STM32U599VIT6Q, STM32U599VJT6, STM32U599VJT6Q, STM32U599ZIT6Q, STM32U599ZIY6QTR, STM32U599ZJT6Q, STM32U599ZJY6QTR, STM32U5A5AJH6, STM32U5A5AJH6Q, STM32U5A5QII3Q , STM32U5A5QJI6, STM32U5A5QJI6Q, STM32U5A5RJT6, STM32U5A5RJT6Q, STM32U5A5VJT6, STM32U5A5VJT6Q, STM32U5A5ZJT6, STM32U5A5ZJT6Q, STM32U5A5ZJY6QTR, STM32U5A9BJY6QTR, STM32U5A9J-DK, STM32U5A9NJH6Q, STM32U5A9VJT6Q, STM32U5A9ZJT6Q, STM32U5A9ZJY6QTR, STM32U5F7VIT6, STM32U5F7VIT6Q, STM32U5F7VJT6, STM32U5F7VJT6Q, STM32U5F9BJY6QTR, STM32U5F9NJH6Q, STM32U5F9VIT6Q, STM32U5F9VJT6Q, STM32U5F9ZIJ6QTR, STM32U5F9ZIT6Q, STM32U5F9ZJJ6QTR, STM32U5F9ZJT6Q, STM32U5G7VJT6, STM32U5G7VJT6Q, STM32U5G9BJY6QTR, STM32U5G9J-DK1, STM32U5G9J-DK2, STM32U5G9NJH6Q, STM32U5G9VJT6Q, STM32U5G9ZJJ6QTR, STM32U5G9ZJT6Q, STM32WB05KZV6TR, STM32WB05KZV7TR, STM32WB05TZF6TR, STM32WB05TZF7TR, STM32WB06CCF6TR, STM32WB06CCF7TR, STM32WB06CCV6TR, STM32WB06CCV7TR, STM32WB06KCV6TR, STM32WB06KCV7TR, STM32WB07CCF6TR, STM32WB07CCF7TR, STM32WB07CCV6TR, STM32WB07CCV7TR, STM32WB07KCV6TR, STM32WB07KCV7TR, STM32WB09KEV6TR, STM32WB09KEV7TR, STM32WB09TEF6TR, STM32WB09TEF7TR, STM32WB1MMCH6, STM32WBA50KGU6, STM32WBA50KGU6TR, STM32WBA52CEU6, STM32WBA52CEU6TR, STM32WBA52CEU7, STM32WBA52CEU7TR, STM32WBA52CGU6, STM32WBA52CGU6TR, STM32WBA52CGU6U, STM32WBA52CGU7, STM32WBA52CGU7TR, STM32WBA52KEU6, STM32WBA52KEU6TR, STM32WBA52KGU6, STM32WBA52KGU6TR, STM32WBA54CEU6, STM32WBA54CEU6TR, STM32WBA54CEU7, STM32WBA54CEU7TR, STM32WBA54CGU6, STM32WBA54CGU6TR, STM32WBA54CGU7, STM32WBA54CGU7TR, STM32WBA54KEU6, STM32WBA54KEU6TR, STM32WBA54KEU7, STM32WBA54KEU7TR, STM32WBA54KGU6, STM32WBA54KGU6TR, STM32WBA54KGU7, STM32WBA54KGU7TR, STM32WBA55CEU6, STM32WBA55CEU6TR, STM32WBA55CEU7, STM32WBA55CEU7TR, STM32WBA55CGU6, STM32WBA55CGU6TR, STM32WBA55CGU6U, STM32WBA55CGU7, STM32WBA55CGU7TR, STM32WBA55G-DK1, STM32WBA55HEF6, STM32WBA55HEF7, STM32WBA55HGF6, STM32WBA55HGF7, STM32WBA55UEI6, STM32WBA55UEI6TR, STM32WBA55UEI7, STM32WBA55UEI7TR, STM32WBA55UGI6, STM32WBA55UGI6TR, STM32WBA55UGI7, STM32WBA55UGI7TR, STM32WBA5MJGH6TR, STM32WBA5MJGH6U, STM32WL33C8V6, STM32WL33C8V6TR, STM32WL33C8V7, STM32WL33C8V7TR, STM32WL33CBV6, STM32WL33CBV6TR, STM32WL33CBV7, STM32WL33CBV7TR, STM32WL33CCV6, STM32WL33CCV6TR, STM32WL33CCV7, STM32WL33CCV7A, STM32WL33CCV7ATR, STM32WL33CCV7TR, STM32WL33K8V6, STM32WL33K8V6TR, STM32WL33K8V7, STM32WL33K8V7TR, STM32WL33KBV6, STM32WL33KBV6TR, STM32WL33KBV7, STM32WL33KBV7TR, STM32WL33KCV6, STM32WL33KCV6TR, STM32WL33KCV7, STM32WL33KCV7TR, STM32WL5MOCH6, STM32WL5MOCH6TR]
2025-03-06 20:03:05,961 [INFO] BoardInfo:889 - No configuration file found for board P-NUCLEO-WB55
2025-03-06 20:03:05,963 [INFO] DbBoards:161 - Kit is not supported: P-NUCLEO-WB55
2025-03-06 20:03:05,977 [INFO] BoardInfo:889 - No configuration file found for board STEVAL-BFA001V1B
2025-03-06 20:03:05,978 [INFO] DbBoards:161 - Kit is not supported: STEVAL-BFA001V1B
2025-03-06 20:03:05,981 [INFO] BoardInfo:889 - No configuration file found for board STEVAL-BFA001V2B
2025-03-06 20:03:05,982 [INFO] DbBoards:161 - Kit is not supported: STEVAL-BFA001V2B
2025-03-06 20:03:06,558 [INFO] DbBoards:168 - Found 209 boards, 206 are supported
2025-03-06 20:03:06,559 [INFO] DbBoards:169 - Found 209 boards, 42 of them is supported for  Bsp
2025-03-06 20:03:06,568 [INFO] ApiDb:668 - CubeFinder database Data Model version=2.1
2025-03-06 20:03:06,568 [INFO] ApiDb:669 - CubeFinder database Configuration version=3.0.39
2025-03-06 20:03:06,569 [INFO] ApiDb:670 - CubeFinder database generation date=2024-11-21 (1732182206)
2025-03-06 20:03:06,569 [INFO] ApiDb:671 - CubeFinder database FW Pack versions=[FP-ATR-ASTRA1_V2.0.0, FP-SNS-FLIGHT1_V5.0.2, FP-SNS-MOTENV1_V5.0.0, FP-SNS-MOTENVWB1_V1.4.0, FP-SNS-SMARTAG2_V1.2.0, FP-SNS-STBOX1_V2.0.0, STM32Cube_FW_C0_V1.3.0, STM32Cube_FW_F4_V1.28.1, STM32Cube_FW_F7_V1.17.2, STM32Cube_FW_G0_V1.6.2, STM32Cube_FW_G4_V1.6.1, STM32Cube_FW_H5_V1.4.0, STM32Cube_FW_H7RS_V1.1.0, STM32Cube_FW_H7_V1.12.0, STM32Cube_FW_L0_V1.12.2, STM32Cube_FW_L4_V1.18.1, STM32Cube_FW_L5_V1.5.1, STM32Cube_FW_N6_V1.0.0, STM32Cube_FW_U0_V1.2.0, STM32Cube_FW_U3_V1.0.0, STM32Cube_FW_U5_V1.7.0, STM32Cube_FW_WB0_V1.1.0, STM32Cube_FW_WBA_V1.5.0, STM32Cube_FW_WB_V1.21.0, STM32Cube_FW_WL3_V1.0.0, STM32Cube_FW_WL_V1.3.0, X-CUBE-ALGOBUILD_V1.4.0, X-CUBE-ALS_V1.0.2, X-CUBE-AZRTOS-F4_V1.1.0, X-CUBE-AZRTOS-F7_V1.1.0, X-CUBE-AZRTOS-G0_V1.1.0, X-CUBE-AZRTOS-G4_V2.0.0, X-CUBE-AZRTOS-H7RS_V1.0.0, X-CUBE-AZRTOS-H7_V3.3.0, X-CUBE-AZRTOS-L4_V2.0.0, X-CUBE-AZRTOS-L5_V2.0.0, X-CUBE-AZRTOS-WB_V2.0.0, X-CUBE-AZRTOS-WL_V2.0.0, X-CUBE-BLE1_V7.0.0, X-CUBE-BLE2_V3.3.0, X-CUBE-BLEMGR_V3.1.0, X-CUBE-EEPRMA1_V5.1.0, X-CUBE-FREERTOS_V1.2.0, X-CUBE-GNSS1_V6.0.0, X-CUBE-MEMS1_V11.0.0, X-CUBE-NFC4_V3.0.0, X-CUBE-NFC7_V1.0.1, X-CUBE-SFXS2LP1_V4.0.0, X-CUBE-SUBG2_V5.0.0, X-CUBE-TOF1_V3.4.2]
2025-03-06 20:03:13,347 [INFO] ApiDb:240 - Found 858 in-development CPN: [B-G473E-ZEST1S, B-WB1M-WPAN1, B-WBA5M-WPAN, B-WL5M-SUBG1, NUCLEO-C031C6, NUCLEO-C051C8, NUCLEO-C071RB, NUCLEO-C092RC, NUCLEO-H503RB, NUCLEO-H533RE, NUCLEO-H563ZI, NUCLEO-H7S3L8, NUCLEO-N657X0-Q, NUCLEO-U031R8, NUCLEO-U083RC, NUCLEO-U385RG-Q, NUCLEO-U545RE-Q, NUCLEO-U5A5ZJ-Q, NUCLEO-WB05KZ, NUCLEO-WB07CC, NUCLEO-WB09KE, NUCLEO-WBA52CG, NUCLEO-WBA55CG, NUCLEO-WL33CC1, NUCLEO-WL33CC2, STEVAL-PROTEUS1, STEVAL-SMARTAG2, STEVAL-STWINBX1, STM320518-EVAL, STM32C0116-DK, STM32C011D6Y3TR, STM32C011D6Y6TR, STM32C011F4P3, STM32C011F4P6, STM32C011F4U3, STM32C011F4U6TR, STM32C011F6P3, STM32C011F6P6, STM32C011F6U3, STM32C011F6U6TR, STM32C011J4M3, STM32C011J4M6, STM32C011J6M3, STM32C011J6M6, STM32C0316-DK, STM32C031C4T3, STM32C031C4T6, STM32C031C4U3, STM32C031C4U6, STM32C031C6T3, STM32C031C6T6, STM32C031C6U3, STM32C031C6U6, STM32C031F4P3, STM32C031F4P6, STM32C031F6P3, STM32C031F6P6, STM32C031G4U3, STM32C031G4U6, STM32C031G6U3, STM32C031G6U6, STM32C031K4T3, STM32C031K4T6, STM32C031K4U3, STM32C031K4U6, STM32C031K6T3, STM32C031K6T6, STM32C031K6U3, STM32C031K6U6, STM32C051C6T6, STM32C051C6U6, STM32C051C8T6, STM32C051C8U6, STM32C051D8Y6TR, STM32C051F6P6, STM32C051F8P6, STM32C051G6U6, STM32C051G8U6, STM32C051K6T6, STM32C051K6U6, STM32C051K8T6, STM32C071C8T6, STM32C071C8T6N, STM32C071C8U6, STM32C071C8U6N, STM32C071CBT6, STM32C071CBT6N, STM32C071CBU6, STM32C071CBU6N, STM32C071F8P6, STM32C071F8P6N, STM32C071FBP6, STM32C071FBP6N, STM32C071FBY6TR, STM32C071G8U6, STM32C071G8U6N, STM32C071GBU6, STM32C071GBU6N, STM32C071K8T6, STM32C071K8T6N, STM32C071K8U6, STM32C071K8U6N, STM32C071KBT6, STM32C071KBT6N, STM32C071KBU6, STM32C071KBU6N, STM32C071R8T6, STM32C071R8T6N, STM32C071RBI6N, STM32C071RBT6, STM32C071RBT6N, STM32C091CBT6, STM32C091CBU6, STM32C091CCT6, STM32C091CCU6, STM32C091ECY6TR, STM32C091FBP6, STM32C091FCP6, STM32C091GBU6, STM32C091GCU6, STM32C091KBT6, STM32C091KBU6, STM32C091KCT6, STM32C091KCU6, STM32C091RBT6, STM32C091RCI6, STM32C091RCT6, STM32C092CBT6, STM32C092CBU6, STM32C092CCT6, STM32C092CCU6, STM32C092ECY6TR, STM32C092FBP6, STM32C092FCP6, STM32C092GBU6, STM32C092GCU6, STM32C092KBT6, STM32C092KBU6, STM32C092KCT6, STM32C092KCU6, STM32C092RBT6, STM32C092RCI6, STM32C092RCT6, STM32G071K8TXN, STM32G071K8UXN, STM32G081GBU6N, STM32G081KBT6N, STM32G081KBUXN, STM32G0B1CCT6N, STM32G0B1KCT6, STM32G0B1NEY6TR, STM32G0B1RCT6N, STM32G0C1CCT6, STM32G0C1CCT6N, STM32G0C1CCU6N, STM32G0C1CET6N, STM32G0C1CEU6N, STM32G0C1KCT6, STM32G0C1NEY6TR, STM32G0C1RCI6N, STM32G0C1RCT6N, STM32G0C1REI6N, STM32G0C1RET6N, STM32G0C1VCI6, STM32G0C1VEI6, STM32G411C6T3, STM32G411C6T6, STM32G411C6U3, STM32G411C6U6, STM32G411C8T3, STM32G411C8T6, STM32G411C8U3, STM32G411C8U6, STM32G411CBT3, STM32G411CBT6, STM32G411CBU3, STM32G411CBU6, STM32G411CCT3, STM32G411CCT6, STM32G411CCU3, STM32G411CCU6, STM32G411K6T3, STM32G411K6T6, STM32G411K6U3, STM32G411K6U6, STM32G411K8T3, STM32G411K8T6, STM32G411K8U3, STM32G411K8U6, STM32G411KBT3, STM32G411KBT6, STM32G411KBU3, STM32G411KBU6, STM32G411M6T3, STM32G411M6T6, STM32G411M8T3, STM32G411M8T6, STM32G411MBT3, STM32G411MBT6, STM32G411MCT3, STM32G411MCT6, STM32G411R6T3, STM32G411R6T6, STM32G411R8T3, STM32G411R8T6, STM32G411RBT3, STM32G411RBT6, STM32G411RCT3, STM32G411RCT6, STM32G414CBT3, STM32G414CBT6, STM32G414CBU3, STM32G414CBU6, STM32G414CCT3, STM32G414CCT6, STM32G414CCU3, STM32G414CCU6, STM32G414MBT3, STM32G414MBT6, STM32G414MCT3, STM32G414MCT6, STM32G414RBT3, STM32G414RBT6, STM32G414RCT3, STM32G414RCT6, STM32G414VBT3, STM32G414VBT6, STM32G414VCT3, STM32G414VCT6, STM32G431CBT3Z, STM32G431RBT3Z, STM32G471CCT6, STM32G471CCU6, STM32G471CET3, STM32G471CET6, STM32G471CEU3, STM32G471CEU6, STM32G471MCT6, STM32G471MET3, STM32G471MET6, STM32G471MEY6TR, STM32G471QCT6, STM32G471QET3, STM32G471RCT6, STM32G471RET3, STM32G471RET6, STM32G471VCH6, STM32G471VCI6, STM32G471VCT6, STM32G471VEH3, STM32G471VEH6, STM32G471VEI3, STM32G471VEI6, STM32G471VET3, STM32G471VET6, STM32G473QET3Z, STM32G473RET3Z, STM32G474CCT6, STM32G491RET3Z, STM32H503CBT6, STM32H503CBU6, STM32H503EBY6TR, STM32H503KBU6, STM32H503RBT6, STM32H523CCT6, STM32H523CCU6, STM32H523CET6, STM32H523CEU6, STM32H523HEY6TR, STM32H523RCT6, STM32H523RET6, STM32H523VCI6, STM32H523VCT6, STM32H523VEI6, STM32H523VET6, STM32H523ZCJ6, STM32H523ZCT6, STM32H523ZEJ6, STM32H523ZET6, STM32H533CET6, STM32H533CEU6, STM32H533HEY6TR, STM32H533RET6, STM32H533VEI6, STM32H533VET6, STM32H533ZEJ6, STM32H533ZET6, STM32H562AGI6, STM32H562AII6, STM32H562IGK6, STM32H562IGT6, STM32H562IIK6, STM32H562IIT6, STM32H562RGT6, STM32H562RGV6, STM32H562RIT6, STM32H562RIV6, STM32H562VGT6, STM32H562VIT6, STM32H562ZGT6, STM32H562ZIT6, STM32H563AGI6, STM32H563AII3Q, STM32H563AII6, STM32H563IGK6, STM32H563IGT6, STM32H563IIK3Q, STM32H563IIK6, STM32H563IIT3Q, STM32H563IIT6, STM32H563MIY3QTR, STM32H563RGT6, STM32H563RGV6, STM32H563RIT6, STM32H563RIV6, STM32H563VGT6, STM32H563VIT3Q, STM32H563VIT6, STM32H563ZGT6, STM32H563ZIT3Q, STM32H563ZIT6, STM32H573AII3Q, STM32H573AII6, STM32H573I-DK, STM32H573IIK3Q, STM32H573IIK6, STM32H573IIT3Q, STM32H573IIT6, STM32H573MIY3QTR, STM32H573RIT6, STM32H573RIV6, STM32H573VIT3Q, STM32H573VIT6, STM32H573ZIT3Q, STM32H573ZIT6, STM32H7R3A8I6, STM32H7R3I8K6, STM32H7R3I8T6, STM32H7R3L8H6, STM32H7R3L8H6H, STM32H7R3R8V6, STM32H7R3V8H6, STM32H7R3V8T6, STM32H7R3V8Y6TR, STM32H7R3Z8J6, STM32H7R3Z8T6, STM32H7R7A8I6, STM32H7R7I8K6, STM32H7R7I8T6, STM32H7R7L8H6, STM32H7R7L8H6H, STM32H7R7Z8J6, STM32H7S3A8I6, STM32H7S3I8K6, STM32H7S3I8T6, STM32H7S3L8H6, STM32H7S3L8H6H, STM32H7S3R8V6, STM32H7S3V8H6, STM32H7S3V8T6, STM32H7S3V8Y6TR, STM32H7S3Z8J6, STM32H7S3Z8T6, STM32H7S78-DK, STM32H7S7A8I6, STM32H7S7I8K6, STM32H7S7I8T6, STM32H7S7L8H6, STM32H7S7L8H6H, STM32H7S7Z8J6, STM32L4R5QGI6STR, STM32MP131AAE3, STM32MP131AAF3, STM32MP131AAG3, STM32MP131CAE3, STM32MP131CAF3, STM32MP131CAG3, STM32MP131DAE7, STM32MP131DAF7, STM32MP131DAG7, STM32MP131FAE7, STM32MP131FAF7, STM32MP131FAG7, STM32MP133AAE3, STM32MP133AAF3, STM32MP133AAG3, STM32MP133CAE3, STM32MP133CAF3, STM32MP133CAG3, STM32MP133DAE7, STM32MP133DAF7, STM32MP133DAG7, STM32MP133FAE7, STM32MP133FAF7, STM32MP133FAG7, STM32MP135AAE3, STM32MP135AAF3, STM32MP135AAG3, STM32MP135CAE3, STM32MP135CAF3, STM32MP135CAG3, STM32MP135DAE7, STM32MP135DAF7, STM32MP135DAG7, STM32MP135F-DK, STM32MP135FAE7, STM32MP135FAF7, STM32MP135FAF7T, STM32MP135FAF7U, STM32MP135FAG7, STM32MP231AAJ3, STM32MP231AAK3, STM32MP231AAL3, STM32MP231CAJ3, STM32MP231CAK3, STM32MP231CAL3, STM32MP231DAJ3, STM32MP231DAK3, STM32MP231DAL3, STM32MP231FAJ3, STM32MP231FAK3, STM32MP231FAL3, STM32MP233AAJ3, STM32MP233AAK3, STM32MP233AAL3, STM32MP233CAJ3, STM32MP233CAK3, STM32MP233CAL3, STM32MP233DAJ3, STM32MP233DAK3, STM32MP233DAL3, STM32MP233FAJ3, STM32MP233FAK3, STM32MP233FAL3, STM32MP235AAJ3, STM32MP235AAK3, STM32MP235AAL3, STM32MP235CAJ3, STM32MP235CAK3, STM32MP235CAL3, STM32MP235DAJ3, STM32MP235DAK3, STM32MP235DAL3, STM32MP235FAJ3, STM32MP235FAK3, STM32MP235FAL3, STM32MP251AAI3, STM32MP251AAJ3, STM32MP251AAK3, STM32MP251AAL3, STM32MP251CAI3, STM32MP251CAJ3, STM32MP251CAK3, STM32MP251CAL3, STM32MP251DAI3, STM32MP251DAJ3, STM32MP251DAK3, STM32MP251DAL3, STM32MP251FAI3, STM32MP251FAJ3, STM32MP251FAK3, STM32MP251FAL3, STM32MP253AAI3, STM32MP253AAJ3, STM32MP253AAK3, STM32MP253AAL3, STM32MP253CAI3, STM32MP253CAJ3, STM32MP253CAK3, STM32MP253CAL3, STM32MP253DAI3, STM32MP253DAJ3, STM32MP253DAK3, STM32MP253DAL3, STM32MP253FAI3, STM32MP253FAJ3, STM32MP253FAK3, STM32MP253FAL3, STM32MP255AAI3, STM32MP255AAJ3, STM32MP255AAK3, STM32MP255AAL3, STM32MP255CAI3, STM32MP255CAJ3, STM32MP255CAK3, STM32MP255CAL3, STM32MP255DAI3, STM32MP255DAJ3, STM32MP255DAK3, STM32MP255DAL3, STM32MP255FAI3, STM32MP255FAJ3, STM32MP255FAK3, STM32MP255FAL3, STM32MP257AAI3, STM32MP257AAJ3, STM32MP257AAK3, STM32MP257AAL3, STM32MP257CAI3, STM32MP257CAJ3, STM32MP257CAK3, STM32MP257CAL3, STM32MP257DAI3, STM32MP257DAJ3, STM32MP257DAK3, STM32MP257DAL3, STM32MP257F-DK, STM32MP257F-EV1, STM32MP257FAI3, STM32MP257FAJ3, STM32MP257FAK3, STM32MP257FAL3, STM32N645A0H3Q, STM32N645B0H3Q, STM32N645I0H3Q, STM32N645L0H3Q, STM32N645X0H3Q, STM32N645Z0H3Q, STM32N647A0H3Q, STM32N647B0H3Q, STM32N647I0H3Q, STM32N647L0H3Q, STM32N647X0H3Q, STM32N647Z0H3Q, STM32N655A0H3Q, STM32N655B0H3Q, STM32N655I0H3Q, STM32N655L0H3Q, STM32N655X0H3Q, STM32N655Z0H3Q, STM32N6570-DK, STM32N657A0H3Q, STM32N657B0H3Q, STM32N657I0H3Q, STM32N657L0H3Q, STM32N657X0H3Q, STM32N657Z0H3Q, STM32U031C6T6, STM32U031C6U6, STM32U031C8T6, STM32U031C8U6, STM32U031F4P6, STM32U031F6P6, STM32U031F8P6, STM32U031G6Y6TR, STM32U031G8Y6TR, STM32U031K4U6, STM32U031K6U6, STM32U031K8U6, STM32U031R6I6, STM32U031R6T6, STM32U031R8I6, STM32U031R8T6, STM32U073C8T6, STM32U073C8U6, STM32U073CBT6, STM32U073CBU6, STM32U073CCT6, STM32U073CCU6, STM32U073H8Y6TR, STM32U073HBY6TR, STM32U073HCY6TR, STM32U073K8U6, STM32U073KBU6, STM32U073KCU6, STM32U073M8I6, STM32U073M8T6, STM32U073MBI6, STM32U073MBT6, STM32U073MCI6, STM32U073MCT6, STM32U073R8I6, STM32U073R8T6, STM32U073RBI6, STM32U073RBT6, STM32U073RCI6, STM32U073RCT6, STM32U083C-DK, STM32U083CCT6, STM32U083CCU6, STM32U083HCY6TR, STM32U083KCU6, STM32U083MCI6, STM32U083MCT6, STM32U083RCI6, STM32U083RCT6, STM32U375CET6, STM32U375CET6Q, STM32U375CEU6, STM32U375CEU6Q, STM32U375CEY6QTR, STM32U375CGT6, STM32U375CGT6Q, STM32U375CGU6, STM32U375CGU6Q, STM32U375CGY6QTR, STM32U375KEU6, STM32U375KGU6, STM32U375REI6, STM32U375REI6Q, STM32U375RET6, STM32U375RET6Q, STM32U375REY6GTR, STM32U375REY6QTR, STM32U375RGI6, STM32U375RGI6Q, STM32U375RGT6, STM32U375RGT6Q, STM32U375RGY6GTR, STM32U375RGY6QTR, STM32U375VEI6, STM32U375VEI6Q, STM32U375VET6, STM32U375VET6Q, STM32U375VGI6, STM32U375VGI6Q, STM32U375VGT6, STM32U375VGT6Q, STM32U385CGT6, STM32U385CGT6Q, STM32U385CGU6, STM32U385CGU6Q, STM32U385CGY6QTR, STM32U385KGU6, STM32U385RGI6, STM32U385RGI6Q, STM32U385RGT6, STM32U385RGT6Q, STM32U385RGY6GTR, STM32U385RGY6QTR, STM32U385VGI6, STM32U385VGI6Q, STM32U385VGT6, STM32U385VGT6Q, STM32U535CBT6, STM32U535CBT6Q, STM32U535CBU6, STM32U535CBU6Q, STM32U535CCT6, STM32U535CCT6Q, STM32U535CCU6, STM32U535CCU6Q, STM32U535CET6, STM32U535CET6Q, STM32U535CEU6, STM32U535CEU6Q, STM32U535JEY6QTR, STM32U535NCY6QTR, STM32U535NEY6QTR, STM32U535RBI6, STM32U535RBI6Q, STM32U535RBT6, STM32U535RBT6Q, STM32U535RCI6, STM32U535RCI6Q, STM32U535RCT6, STM32U535RCT6Q, STM32U535REI6, STM32U535REI6Q, STM32U535RET6, STM32U535RET6Q, STM32U535VCI6, STM32U535VCI6Q, STM32U535VCT6, STM32U535VCT6Q, STM32U535VEI6, STM32U535VEI6Q, STM32U535VET6, STM32U535VET6Q, STM32U545CET6, STM32U545CET6Q, STM32U545CEU6, STM32U545CEU6Q, STM32U545JEY6QTR, STM32U545NEY6QTR, STM32U545REI6, STM32U545REI6Q, STM32U545RET6, STM32U545RET6Q, STM32U545VEI6, STM32U545VEI6Q, STM32U545VET6, STM32U545VET6Q, STM32U595AIH6, STM32U595AIH6Q, STM32U595AJH6, STM32U595AJH6Q, STM32U595QII6, STM32U595QII6Q, STM32U595QJI6, STM32U595QJI6Q, STM32U595RIT6, STM32U595RIT6Q, STM32U595RJT6, STM32U595RJT6Q, STM32U595VIT6, STM32U595VIT6Q, STM32U595VJT6, STM32U595VJT6Q, STM32U595ZIT6, STM32U595ZIT6Q, STM32U595ZIY6QTR, STM32U595ZJT6, STM32U595ZJT6Q, STM32U595ZJY6QTR, STM32U599BJY6QTR, STM32U599NIH6Q, STM32U599NJH6Q, STM32U599VIT6Q, STM32U599VJT6, STM32U599VJT6Q, STM32U599ZIT6Q, STM32U599ZIY6QTR, STM32U599ZJT6Q, STM32U599ZJY6QTR, STM32U5A5AJH6, STM32U5A5AJH6Q, STM32U5A5QII3Q , STM32U5A5QJI6, STM32U5A5QJI6Q, STM32U5A5RJT6, STM32U5A5RJT6Q, STM32U5A5VJT6, STM32U5A5VJT6Q, STM32U5A5ZJT6, STM32U5A5ZJT6Q, STM32U5A5ZJY6QTR, STM32U5A9BJY6QTR, STM32U5A9J-DK, STM32U5A9NJH6Q, STM32U5A9VJT6Q, STM32U5A9ZJT6Q, STM32U5A9ZJY6QTR, STM32U5F7VIT6, STM32U5F7VIT6Q, STM32U5F7VJT6, STM32U5F7VJT6Q, STM32U5F9BJY6QTR, STM32U5F9NJH6Q, STM32U5F9VIT6Q, STM32U5F9VJT6Q, STM32U5F9ZIJ6QTR, STM32U5F9ZIT6Q, STM32U5F9ZJJ6QTR, STM32U5F9ZJT6Q, STM32U5G7VJT6, STM32U5G7VJT6Q, STM32U5G9BJY6QTR, STM32U5G9J-DK1, STM32U5G9J-DK2, STM32U5G9NJH6Q, STM32U5G9VJT6Q, STM32U5G9ZJJ6QTR, STM32U5G9ZJT6Q, STM32WB05KZV6TR, STM32WB05KZV7TR, STM32WB05TZF6TR, STM32WB05TZF7TR, STM32WB06CCF6TR, STM32WB06CCF7TR, STM32WB06CCV6TR, STM32WB06CCV7TR, STM32WB06KCV6TR, STM32WB06KCV7TR, STM32WB07CCF6TR, STM32WB07CCF7TR, STM32WB07CCV6TR, STM32WB07CCV7TR, STM32WB07KCV6TR, STM32WB07KCV7TR, STM32WB09KEV6TR, STM32WB09KEV7TR, STM32WB09TEF6TR, STM32WB09TEF7TR, STM32WB1MMCH6, STM32WBA50KGU6, STM32WBA50KGU6TR, STM32WBA52CEU6, STM32WBA52CEU6TR, STM32WBA52CEU7, STM32WBA52CEU7TR, STM32WBA52CGU6, STM32WBA52CGU6TR, STM32WBA52CGU6U, STM32WBA52CGU7, STM32WBA52CGU7TR, STM32WBA52KEU6, STM32WBA52KEU6TR, STM32WBA52KGU6, STM32WBA52KGU6TR, STM32WBA54CEU6, STM32WBA54CEU6TR, STM32WBA54CEU7, STM32WBA54CEU7TR, STM32WBA54CGU6, STM32WBA54CGU6TR, STM32WBA54CGU7, STM32WBA54CGU7TR, STM32WBA54KEU6, STM32WBA54KEU6TR, STM32WBA54KEU7, STM32WBA54KEU7TR, STM32WBA54KGU6, STM32WBA54KGU6TR, STM32WBA54KGU7, STM32WBA54KGU7TR, STM32WBA55CEU6, STM32WBA55CEU6TR, STM32WBA55CEU7, STM32WBA55CEU7TR, STM32WBA55CGU6, STM32WBA55CGU6TR, STM32WBA55CGU6U, STM32WBA55CGU7, STM32WBA55CGU7TR, STM32WBA55G-DK1, STM32WBA55HEF6, STM32WBA55HEF7, STM32WBA55HGF6, STM32WBA55HGF7, STM32WBA55UEI6, STM32WBA55UEI6TR, STM32WBA55UEI7, STM32WBA55UEI7TR, STM32WBA55UGI6, STM32WBA55UGI6TR, STM32WBA55UGI7, STM32WBA55UGI7TR, STM32WBA5MJGH6TR, STM32WBA5MJGH6U, STM32WL33C8V6, STM32WL33C8V6TR, STM32WL33C8V7, STM32WL33C8V7TR, STM32WL33CBV6, STM32WL33CBV6TR, STM32WL33CBV7, STM32WL33CBV7TR, STM32WL33CCV6, STM32WL33CCV6TR, STM32WL33CCV7, STM32WL33CCV7A, STM32WL33CCV7ATR, STM32WL33CCV7TR, STM32WL33K8V6, STM32WL33K8V6TR, STM32WL33K8V7, STM32WL33K8V7TR, STM32WL33KBV6, STM32WL33KBV6TR, STM32WL33KBV7, STM32WL33KBV7TR, STM32WL33KCV6, STM32WL33KCV6TR, STM32WL33KCV7, STM32WL33KCV7TR, STM32WL5MOCH6, STM32WL5MOCH6TR]
2025-03-06 20:03:13,374 [INFO] DbMcus:218 - Found 4542 MCUs, 4542 are supported
2025-03-06 20:03:13,401 [INFO] ApiDb:423 - Load user favorites file C:\Users\Artem/.stm32cubeide/favorites.mcus.txt: 0 item(s)
2025-03-06 20:03:13,402 [INFO] ApiDb:427 - User favorites MCUs=[]
2025-03-06 20:03:13,403 [INFO] DbMcus:224 - Set 0 / 0 favorites MCUs
2025-03-06 20:03:16,890 [INFO] ApiDb:423 - Load user favorites file C:\Users\Artem/.stm32cubeide/favorites.boards.txt: 0 item(s)
2025-03-06 20:03:16,891 [INFO] ApiDb:427 - User favorites Boards=[]
2025-03-06 20:03:16,894 [INFO] DbBoards:198 - Set 0 / 0 favorites Boards
2025-03-06 20:03:16,964 [INFO] UtilMem:75 - End LoadConfig() Used Memory: 305674136 Bytes (437256192)
2025-03-06 20:03:18,182 [WARN] ThirdParty:833 - waiting for thirdparty lock release [change project]
2025-03-06 20:03:18,183 [INFO] ThirdParty:835 - entering critical section [change project]
2025-03-06 20:03:18,184 [INFO] ThirdParty:1030 - CMSIS Pack Vendor :STMicroelectronics USBPD 4.1
2025-03-06 20:03:18,185 [INFO] ThirdParty:1030 - CMSIS Pack Vendor :STMicroelectronics X-CUBE-GNSS1 6.0.0
2025-03-06 20:03:18,186 [INFO] ThirdParty:1030 - CMSIS Pack Vendor :STMicroelectronics USB_HOST 2.0.0
2025-03-06 20:03:18,186 [INFO] ThirdParty:1030 - CMSIS Pack Vendor :STMicroelectronics X-CUBE-AZRTOS-F4 1.1.0
2025-03-06 20:03:18,187 [INFO] ThirdParty:1030 - CMSIS Pack Vendor :STMicroelectronics LIBJPEG 8.0.0
2025-03-06 20:03:18,187 [INFO] ThirdParty:1030 - CMSIS Pack Vendor :STMicroelectronics X-CUBE-SMBUS 2.1.0
2025-03-06 20:03:18,187 [INFO] ThirdParty:1030 - CMSIS Pack Vendor :STMicroelectronics USB_DEVICE 3.0.0
2025-03-06 20:03:18,188 [INFO] ThirdParty:1030 - CMSIS Pack Vendor :STMicroelectronics X-CUBE-AZRTOS-WB 2.0.0
2025-03-06 20:03:18,188 [INFO] ThirdParty:1030 - CMSIS Pack Vendor :wolfSSL I-CUBE-wolfSSL 5.6.6
2025-03-06 20:03:18,188 [INFO] ThirdParty:1030 - CMSIS Pack Vendor :STMicroelectronics X-CUBE-TOUCHGFX 4.23.0
2025-03-06 20:03:18,188 [INFO] ThirdParty:1030 - CMSIS Pack Vendor :STMicroelectronics X-CUBE-AZRTOS-F7 1.1.0
2025-03-06 20:03:18,189 [INFO] ThirdParty:1030 - CMSIS Pack Vendor :STMicroelectronics X-CUBE-AZRTOS-L5 2.0.0
2025-03-06 20:03:18,189 [INFO] ThirdParty:1030 - CMSIS Pack Vendor :STMicroelectronics USB_DEVICE 2.0.0
2025-03-06 20:03:18,190 [INFO] ThirdParty:1030 - CMSIS Pack Vendor :ITTIA_DB I-CUBE-ITTIADB 8.8.0
2025-03-06 20:03:18,190 [INFO] ThirdParty:1030 - CMSIS Pack Vendor :STMicroelectronics FP-SNS-MOTENV1 4.3.2
2025-03-06 20:03:18,191 [INFO] ThirdParty:1030 - CMSIS Pack Vendor :STMicroelectronics X-CUBE-ALGOBUILD 1.3.0
2025-03-06 20:03:18,191 [INFO] ThirdParty:1030 - CMSIS Pack Vendor :STMicroelectronics FreeRTOS 0.0.1
2025-03-06 20:03:18,192 [INFO] ThirdParty:1030 - CMSIS Pack Vendor :STMicroelectronics X-CUBE-AZRTOS-G0 1.1.0
2025-03-06 20:03:18,194 [INFO] ThirdParty:1030 - CMSIS Pack Vendor :STMicroelectronics X-CUBE-NFC4 3.0.0
2025-03-06 20:03:18,194 [INFO] ThirdParty:1030 - CMSIS Pack Vendor :STMicroelectronics X-CUBE-SUBG2 5.0.0
2025-03-06 20:03:18,195 [INFO] ThirdParty:1030 - CMSIS Pack Vendor :STMicroelectronics STM32_WPAN 1.0.0
2025-03-06 20:03:18,195 [INFO] ThirdParty:1030 - CMSIS Pack Vendor :STMicroelectronics lwIP 2.0.3
2025-03-06 20:03:18,196 [INFO] ThirdParty:1030 - CMSIS Pack Vendor :STMicroelectronics FP-SNS-FLIGHT1 5.0.2
2025-03-06 20:03:18,200 [INFO] ThirdParty:1030 - CMSIS Pack Vendor :STMicroelectronics USB_HOST 1.0.0
2025-03-06 20:03:18,201 [INFO] ThirdParty:1030 - CMSIS Pack Vendor :STMicroelectronics X-CUBE-AZRTOS-G4 2.0.0
2025-03-06 20:03:18,201 [INFO] ThirdParty:1030 - CMSIS Pack Vendor :STMicroelectronics PDM2PCM 3.1.0
2025-03-06 20:03:18,204 [INFO] ThirdParty:1030 - CMSIS Pack Vendor :Infineon AIROC-Wi-Fi-Bluetooth-STM32 1.5.1
2025-03-06 20:03:18,213 [INFO] ThirdParty:1030 - CMSIS Pack Vendor :STMicroelectronics X-CUBE-BLEMGR 3.0.0
2025-03-06 20:03:18,214 [INFO] ThirdParty:1030 - CMSIS Pack Vendor :STMicroelectronics PDM2PCM 3.3.0
2025-03-06 20:03:18,216 [INFO] ThirdParty:1030 - CMSIS Pack Vendor :STMicroelectronics X-CUBE-DISPLAY 3.0.0
2025-03-06 20:03:18,218 [INFO] ThirdParty:1030 - CMSIS Pack Vendor :STMicroelectronics FP-SNS-MOTENVWB1 1.3.1
2025-03-06 20:03:18,219 [INFO] ThirdParty:1030 - CMSIS Pack Vendor :STMicroelectronics X-CUBE-BLE1 7.0.0
2025-03-06 20:03:18,220 [INFO] ThirdParty:1030 - CMSIS Pack Vendor :STMicroelectronics FP-ATR-SIGFOX1 3.2.0
2025-03-06 20:03:18,220 [INFO] ThirdParty:1030 - CMSIS Pack Vendor :STMicroelectronics X-CUBE-ISPU 2.0.0
2025-03-06 20:03:18,221 [INFO] ThirdParty:1030 - CMSIS Pack Vendor :STMicroelectronics X-CUBE-EEPRMA1 5.1.0
2025-03-06 20:03:18,233 [INFO] ThirdParty:1030 - CMSIS Pack Vendor :STMicroelectronics HAL Drivers 0.0.0
2025-03-06 20:03:18,234 [INFO] ThirdParty:1030 - CMSIS Pack Vendor :STMicroelectronics MBEDTLS 2.16.2
2025-03-06 20:03:18,235 [INFO] ThirdParty:1030 - CMSIS Pack Vendor :emotas I-CUBE-CANOPEN 1.3.0
2025-03-06 20:03:18,237 [INFO] ThirdParty:1030 - CMSIS Pack Vendor :STMicroelectronics X-CUBE-MEMS1 10.0.0
2025-03-06 20:03:18,237 [INFO] ThirdParty:1030 - CMSIS Pack Vendor :STMicroelectronics X-CUBE-FREERTOS 1.1.0
2025-03-06 20:03:18,238 [INFO] ThirdParty:1030 - CMSIS Pack Vendor :STMicroelectronics X-CUBE-NFC7 1.0.1
2025-03-06 20:03:18,238 [INFO] ThirdParty:1030 - CMSIS Pack Vendor :STMicroelectronics MBEDTLS 2.14.1
2025-03-06 20:03:18,239 [INFO] ThirdParty:1030 - CMSIS Pack Vendor :STMicroelectronics X-CUBE-NFC6 3.0.0
2025-03-06 20:03:18,240 [INFO] ThirdParty:1030 - CMSIS Pack Vendor :portGmbH I-Cube-SoM-uGOAL 1.1.0
2025-03-06 20:03:18,240 [INFO] ThirdParty:1030 - CMSIS Pack Vendor :STMicroelectronics X-CUBE-ALS 1.0.1
2025-03-06 20:03:18,241 [INFO] ThirdParty:1030 - CMSIS Pack Vendor :STMicroelectronics ThreadX 1.0.0
2025-03-06 20:03:18,245 [INFO] ThirdParty:1030 - CMSIS Pack Vendor :STMicroelectronics FP-SNS-SMARTAG2 1.2.0
2025-03-06 20:03:18,245 [INFO] ThirdParty:1030 - CMSIS Pack Vendor :STMicroelectronics X-CUBE-AZRTOS-WL 2.0.0
2025-03-06 20:03:18,245 [INFO] ThirdParty:1030 - CMSIS Pack Vendor :SEGGER I-CUBE-embOS 1.3.1
2025-03-06 20:03:18,245 [INFO] ThirdParty:1030 - CMSIS Pack Vendor :STMicroelectronics USB_DEVICE 1.0.0
2025-03-06 20:03:18,246 [INFO] ThirdParty:1030 - CMSIS Pack Vendor :STMicroelectronics X-CUBE-AI 8.1.0
2025-03-06 20:03:18,247 [INFO] ThirdParty:1030 - CMSIS Pack Vendor :STMicroelectronics X-CUBE-AZRTOS-L4 2.0.0
2025-03-06 20:03:18,248 [INFO] ThirdParty:1030 - CMSIS Pack Vendor :STMicroelectronics ThreadX 0.0.2
2025-03-06 20:03:18,248 [INFO] ThirdParty:1030 - CMSIS Pack Vendor :WES I-CUBE-Cesium 1.3.0
2025-03-06 20:03:18,249 [INFO] ThirdParty:1030 - CMSIS Pack Vendor :STMicroelectronics FP-ATR-ASTRA1 2.0.0
2025-03-06 20:03:18,249 [INFO] ThirdParty:1030 - CMSIS Pack Vendor :STMicroelectronics lwIP 2.1.2
2025-03-06 20:03:18,255 [INFO] ThirdParty:1030 - CMSIS Pack Vendor :STMicroelectronics X-CUBE-SFXS2LP1 4.0.0
2025-03-06 20:03:18,256 [INFO] ThirdParty:1030 - CMSIS Pack Vendor :STMicroelectronics X-CUBE-BLE2 3.3.0
2025-03-06 20:03:18,256 [INFO] ThirdParty:1030 - CMSIS Pack Vendor :STMicroelectronics X-CUBE-TOF1 3.4.0
2025-03-06 20:03:18,256 [INFO] ThirdParty:1030 - CMSIS Pack Vendor :STMicroelectronics X-CUBE-AZRTOS-H7 3.2.0
2025-03-06 20:03:18,256 [INFO] ThirdParty:1030 - CMSIS Pack Vendor :STMicroelectronics PDM2PCM 3.2.0
2025-03-06 20:03:18,257 [INFO] ThirdParty:841 - exiting critical section [change project]
2025-03-06 20:03:20,413 [INFO] PinOutPanel:1589 - setPackage(No Configuration,No Configuration)
2025-03-06 20:03:20,436 [INFO] PinOutPanel:1589 - setPackage(STM32F103C6Tx,LQFP48)
2025-03-06 20:03:23,216 [INFO] UtilMem:75 - Before build in PCC Used Memory: 397369632 Bytes (437256192)
2025-03-06 20:03:27,760 [INFO] UtilMem:75 - After build in PCC Used Memory: 306449704 Bytes (437256192)
2025-03-06 20:03:27,890 [INFO] IPUIPlugin:80 - create IPUIPlugin
2025-03-06 20:03:27,891 [INFO] IPUIPlugin:80 - create IPUIPlugin
2025-03-06 20:03:27,893 [INFO] IPUIPlugin:80 - create IPUIPlugin
2025-03-06 20:03:27,894 [INFO] IPUIPlugin:80 - create IPUIPlugin
2025-03-06 20:03:27,895 [INFO] IPUIPlugin:80 - create IPUIPlugin
2025-03-06 20:03:27,895 [INFO] IPUIPlugin:80 - create IPUIPlugin
2025-03-06 20:03:27,896 [INFO] IPUIPlugin:80 - create IPUIPlugin
2025-03-06 20:03:27,896 [INFO] IPUIPlugin:80 - create IPUIPlugin
2025-03-06 20:03:27,897 [INFO] IPUIPlugin:80 - create IPUIPlugin
2025-03-06 20:03:27,897 [INFO] IPUIPlugin:80 - create IPUIPlugin
2025-03-06 20:03:27,898 [INFO] IPUIPlugin:80 - create IPUIPlugin
2025-03-06 20:03:27,899 [INFO] IPUIPlugin:80 - create IPUIPlugin
2025-03-06 20:03:27,899 [INFO] IPUIPlugin:80 - create IPUIPlugin
2025-03-06 20:03:27,900 [INFO] IPUIPlugin:80 - create IPUIPlugin
2025-03-06 20:03:27,901 [INFO] IPUIPlugin:80 - create IPUIPlugin
2025-03-06 20:03:27,902 [INFO] IPUIPlugin:80 - create IPUIPlugin
2025-03-06 20:03:27,903 [INFO] IPUIPlugin:80 - create IPUIPlugin
2025-03-06 20:03:27,904 [INFO] IPUIPlugin:80 - create IPUIPlugin
2025-03-06 20:03:27,904 [INFO] IPUIPlugin:80 - create IPUIPlugin
2025-03-06 20:03:27,905 [INFO] IPUIPlugin:80 - create IPUIPlugin
2025-03-06 20:03:27,906 [INFO] IPUIPlugin:80 - create IPUIPlugin
2025-03-06 20:03:27,906 [INFO] IPUIPlugin:80 - create IPUIPlugin
2025-03-06 20:03:27,907 [INFO] IPUIPlugin:80 - create IPUIPlugin
2025-03-06 20:03:28,903 [INFO] CADModel:165 - CPN selected for project levelSTM32F103C6T6A
2025-03-06 20:03:28,903 [INFO] CADModel:114 - Register for checkConnection events
2025-03-06 20:03:28,959 [INFO] OpenFileManager:363 - Restore cursor
2025-03-06 21:49:17,328 [ERROR] CheckConnectionManager:249 - Problem, Http access forbiden
2025-03-06 21:49:17,332 [INFO] MainUpdater:2872 - connection check result : 22
2025-03-06 21:49:17,602 [ERROR] CheckConnectionManager:249 - Problem, Http access forbiden
2025-03-06 21:49:17,609 [INFO] MainUpdater:2872 - connection check result : 22
2025-03-06 21:49:19,854 [INFO] MicroXplorer:468 - Change Database Path : 
2025-03-06 21:49:19,854 [INFO] MicroXplorer:498 - Change Database Version : DB.6.0.130
2025-03-06 21:49:19,964 [ERROR] ProjectManagerView:394 - 
java.lang.NullPointerException: Cannot invoke "javax.swing.JTextField.getText()" because the return value of "java.util.List.get(int)" is null
	at com.st.microxplorer.plugins.projectmanager.gui.ProjectChoiceTab$9.caretUpdate(ProjectChoiceTab.java:2616) ~[filemanager.jar:?]
	at javax.swing.text.JTextComponent.fireCaretUpdate(JTextComponent.java:408) ~[?:?]
	at javax.swing.text.JTextComponent$MutableCaretEvent.fire(JTextComponent.java:4484) ~[?:?]
	at javax.swing.text.JTextComponent$MutableCaretEvent.stateChanged(JTextComponent.java:4506) ~[?:?]
	at javax.swing.text.DefaultCaret.fireStateChanged(DefaultCaret.java:857) ~[?:?]
	at javax.swing.text.DefaultCaret.changeCaretPosition(DefaultCaret.java:1343) ~[?:?]
	at javax.swing.text.DefaultCaret.handleSetDot(DefaultCaret.java:1242) ~[?:?]
	at javax.swing.text.DefaultCaret.setDot(DefaultCaret.java:1223) ~[?:?]
	at javax.swing.text.DefaultCaret$Handler.insertUpdate(DefaultCaret.java:1819) ~[?:?]
	at javax.swing.text.AbstractDocument.fireInsertUpdate(AbstractDocument.java:227) ~[?:?]
	at javax.swing.text.AbstractDocument.handleInsertString(AbstractDocument.java:781) ~[?:?]
	at javax.swing.text.AbstractDocument.insertString(AbstractDocument.java:740) ~[?:?]
	at javax.swing.text.PlainDocument.insertString(PlainDocument.java:131) ~[?:?]
	at javax.swing.text.AbstractDocument.replace(AbstractDocument.java:699) ~[?:?]
	at javax.swing.text.JTextComponent.setText(JTextComponent.java:1725) ~[?:?]
	at com.st.microxplorer.plugins.projectmanager.gui.ProjectChoiceTab.createHeapStackFields(ProjectChoiceTab.java:975) ~[filemanager.jar:?]
	at com.st.microxplorer.plugins.projectmanager.gui.ProjectChoiceTab.buildLinkSettingsPanel(ProjectChoiceTab.java:3666) ~[filemanager.jar:?]
	at com.st.microxplorer.plugins.projectmanager.gui.ProjectChoiceTab.defineWindowsFields(ProjectChoiceTab.java:1934) ~[filemanager.jar:?]
	at com.st.microxplorer.plugins.projectmanager.gui.ProjectChoiceTab.updateSettings(ProjectChoiceTab.java:553) ~[filemanager.jar:?]
	at com.st.microxplorer.plugins.projectmanager.gui.ProjectSettingsPanel.UpdateDialog(ProjectSettingsPanel.java:245) ~[filemanager.jar:?]
	at com.st.microxplorer.plugins.projectmanager.ProjectManagerView.propertyChange(ProjectManagerView.java:391) ~[filemanager.jar:?]
	at java.beans.PropertyChangeSupport.fire(PropertyChangeSupport.java:343) ~[?:?]
	at java.beans.PropertyChangeSupport.firePropertyChange(PropertyChangeSupport.java:335) ~[?:?]
	at java.beans.PropertyChangeSupport.firePropertyChange(PropertyChangeSupport.java:268) ~[?:?]
	at com.st.microxplorer.util.MXPropertyChangeSupport.firePropertyChange(MXPropertyChangeSupport.java:54) ~[STM32CubeMX.jar:?]
	at com.st.microxplorer.mxsystem.MxSystem.closeConfig(MxSystem.java:899) ~[STM32CubeMX.jar:?]
	at com.st.microxplorer.maingui.MainPanel.closeConfig(MainPanel.java:789) ~[STM32CubeMX.jar:?]
	at com.st.microxplorer.plugins.filemanager.engine.OpenFileManager.loadConfigurationFile(OpenFileManager.java:265) ~[filemanager.jar:?]
	at com.st.microxplorer.plugins.filemanager.engine.MainFileManager.userLoadConfig(MainFileManager.java:340) ~[filemanager.jar:?]
	at com.st.microxplorer.plugins.filemanager.engine.MainFileManager.userLoadConfig(MainFileManager.java:318) ~[filemanager.jar:?]
	at com.st.microxplorer.plugins.filemanager.FileManagerView.getSpecificTask(FileManagerView.java:246) ~[filemanager.jar:?]
	at com.st.stm32cube.common.mx.editor.CubeMxEditor.getMxTabbedPaneInstance(CubeMxEditor.java:1198) ~[com.st.stm32cube.common.mx_6.13.0.202411220809/:?]
	at com.st.stm32cube.common.mx.editor.CubeMxEditor$12$1.createSwingComponent(CubeMxEditor.java:1068) ~[com.st.stm32cube.common.mx_6.13.0.202411220809/:?]
	at com.st.stm32cube.common.mx.oss.core.awtswtbridge.EmbeddedSwingComposite.doComponentCreation(EmbeddedSwingComposite.java:492) ~[com.st.stm32cube.common.mx.oss_6.13.0.202411220809/:?]
	at com.st.stm32cube.common.mx.oss.core.awtswtbridge.EmbeddedSwingComposite$4.run(EmbeddedSwingComposite.java:291) ~[com.st.stm32cube.common.mx.oss_6.13.0.202411220809/:?]
	at com.st.stm32cube.common.mx.oss.core.awtswtbridge.AwtEnvironment$2.run(AwtEnvironment.java:166) ~[com.st.stm32cube.common.mx.oss_6.13.0.202411220809/:?]
	at java.awt.event.InvocationEvent.dispatch(InvocationEvent.java:318) ~[?:?]
	at java.awt.EventQueue.dispatchEventImpl(EventQueue.java:773) ~[?:?]
	at java.awt.EventQueue$4.run(EventQueue.java:720) ~[?:?]
	at java.awt.EventQueue$4.run(EventQueue.java:714) ~[?:?]
	at java.security.AccessController.doPrivileged(AccessController.java:400) ~[?:?]
	at java.security.ProtectionDomain$JavaSecurityAccessImpl.doIntersectionPrivilege(ProtectionDomain.java:87) ~[?:?]
	at java.awt.EventQueue.dispatchEvent(EventQueue.java:742) ~[?:?]
	at java.awt.EventDispatchThread.pumpOneEventForFilters(EventDispatchThread.java:203) ~[?:?]
	at java.awt.EventDispatchThread.pumpEventsForFilter(EventDispatchThread.java:124) ~[?:?]
	at java.awt.EventDispatchThread.pumpEventsForHierarchy(EventDispatchThread.java:113) ~[?:?]
	at java.awt.EventDispatchThread.pumpEvents(EventDispatchThread.java:109) ~[?:?]
	at java.awt.EventDispatchThread.pumpEvents(EventDispatchThread.java:101) ~[?:?]
	at java.awt.EventDispatchThread.run(EventDispatchThread.java:90) ~[?:?]
2025-03-06 21:49:20,003 [WARN] ThirdParty:871 - waiting for thirdparty lock release [close project]
2025-03-06 21:49:20,004 [INFO] ThirdParty:873 - entering critical section [close project]
2025-03-06 21:49:20,005 [INFO] ThirdParty:883 - exiting critical section [close project]
2025-03-06 21:49:20,011 [INFO] PinOutPanel:1589 - setPackage(No Configuration,No Configuration)
2025-03-06 21:49:20,072 [INFO] UtilMem:75 - Begin LoadConfig() Used Memory: 250577072 Bytes (437256192)
2025-03-06 21:49:20,074 [INFO] MicroXplorer:468 - Change Database Path : 
2025-03-06 21:49:20,075 [INFO] MicroXplorer:498 - Change Database Version : DB.6.0.130
2025-03-06 21:49:20,075 [INFO] OpenFileManager:332 - Change cursor
2025-03-06 21:49:20,203 [INFO] Mcu:2035 - Initializing MCU STM32F103C(4-6)Tx STM32F103C6Tx STM32F103C6T6A
2025-03-06 21:49:22,795 [INFO] Context:748 - Trying to add GPIOservice into a context  which must be forbidden
2025-03-06 21:49:23,420 [INFO] RtosManager:555 - Registered RTOS mode: class=CMSIS, group=RTOS, mode=CMSIS_V1, owner=FREERTOS
2025-03-06 21:49:23,421 [INFO] RtosManager:555 - Registered RTOS mode: class=CMSIS, group=RTOS2, mode=CMSIS_V2, owner=FREERTOS
2025-03-06 21:49:23,422 [INFO] RtosManager:555 - Registered RTOS mode: class=RTOS, group=Core, mode=CMSIS_V1, owner=FREERTOS
2025-03-06 21:49:23,424 [INFO] RtosManager:555 - Registered RTOS mode: class=RTOS, group=Core, mode=CMSIS_V2, owner=FREERTOS
2025-03-06 21:49:23,424 [WARN] ModelIntegratedComponent:184 - Missing modes for component STMicroelectronics:FreeRTOS:0.0.1:STMicroelectronics:RTOS:FreeRTOS:Core:::10.2.0:
2025-03-06 21:49:23,493 [WARN] ModelIntegratedComponent:63 - No mode defined for component null
2025-03-06 21:49:23,494 [WARN] ModelIntegratedComponent:63 - No mode defined for component null
2025-03-06 21:49:23,494 [WARN] ModelIntegratedComponent:63 - No mode defined for component null
2025-03-06 21:49:23,494 [WARN] ModelIntegratedComponent:63 - No mode defined for component null
2025-03-06 21:49:23,496 [WARN] ModelIntegratedComponent:63 - No mode defined for component null
2025-03-06 21:49:23,496 [WARN] ModelIntegratedComponent:63 - No mode defined for component null
2025-03-06 21:49:23,496 [WARN] ModelIntegratedComponent:63 - No mode defined for component null
2025-03-06 21:49:23,497 [WARN] ModelIntegratedComponent:63 - No mode defined for component null
2025-03-06 21:49:23,498 [WARN] ModelIntegratedComponent:63 - No mode defined for component null
2025-03-06 21:49:23,498 [WARN] ModelIntegratedComponent:63 - No mode defined for component null
2025-03-06 21:49:23,499 [WARN] ModelIntegratedComponent:63 - No mode defined for component null
2025-03-06 21:49:23,499 [WARN] ModelIntegratedComponent:63 - No mode defined for component null
2025-03-06 21:49:23,499 [WARN] ModelIntegratedComponent:63 - No mode defined for component null
2025-03-06 21:49:23,500 [WARN] ModelIntegratedComponent:63 - No mode defined for component null
2025-03-06 21:49:23,500 [WARN] ModelIntegratedComponent:63 - No mode defined for component null
2025-03-06 21:49:23,500 [WARN] ModelIntegratedComponent:63 - No mode defined for component null
2025-03-06 21:49:23,500 [WARN] ModelIntegratedComponent:63 - No mode defined for component null
2025-03-06 21:49:23,501 [WARN] ModelIntegratedComponent:63 - No mode defined for component null
2025-03-06 21:49:23,501 [WARN] ModelIntegratedComponent:63 - No mode defined for component null
2025-03-06 21:49:23,502 [WARN] ModelIntegratedComponent:63 - No mode defined for component null
2025-03-06 21:49:23,502 [WARN] ModelIntegratedComponent:63 - No mode defined for component null
2025-03-06 21:49:23,502 [WARN] ModelIntegratedComponent:63 - No mode defined for component null
2025-03-06 21:49:23,504 [WARN] ModelIntegratedComponent:63 - No mode defined for component null
2025-03-06 21:49:23,504 [WARN] ModelIntegratedComponent:63 - No mode defined for component null
2025-03-06 21:49:23,505 [WARN] ModelIntegratedComponent:63 - No mode defined for component null
2025-03-06 21:49:23,506 [WARN] ModelIntegratedComponent:63 - No mode defined for component null
2025-03-06 21:49:23,508 [WARN] ModelIntegratedComponent:63 - No mode defined for component null
2025-03-06 21:49:23,508 [WARN] ModelIntegratedComponent:63 - No mode defined for component null
2025-03-06 21:49:23,508 [WARN] ModelIntegratedComponent:63 - No mode defined for component null
2025-03-06 21:49:23,508 [WARN] ModelIntegratedComponent:63 - No mode defined for component null
2025-03-06 21:49:23,509 [WARN] ModelIntegratedComponent:63 - No mode defined for component null
2025-03-06 21:49:23,509 [WARN] ModelIntegratedComponent:63 - No mode defined for component null
2025-03-06 21:49:23,510 [WARN] ModelIntegratedComponent:63 - No mode defined for component null
2025-03-06 21:49:23,511 [WARN] ModelIntegratedComponent:63 - No mode defined for component null
2025-03-06 21:49:23,511 [WARN] ModelIntegratedComponent:63 - No mode defined for component null
2025-03-06 21:49:23,512 [WARN] ModelPack:524 - Component already loaded: STMicroelectronics:HAL Drivers:0.0.0:STMicroelectronics:Device:STMicro_Driver:XSPI:HAL::0.0.1:HAL_XSPI
2025-03-06 21:49:24,259 [INFO] ThirdPartyModel:298 - Start build external matchings
2025-03-06 21:49:25,532 [INFO] ThirdPartyModel:316 - End build external matchings
2025-03-06 21:49:26,396 [INFO] UtilMem:75 - End LoadConfig() Used Memory: 368714160 Bytes (437256192)
2025-03-06 21:49:26,448 [WARN] ThirdParty:833 - waiting for thirdparty lock release [change project]
2025-03-06 21:49:26,452 [INFO] ThirdParty:835 - entering critical section [change project]
2025-03-06 21:49:26,453 [INFO] ThirdParty:1030 - CMSIS Pack Vendor :STMicroelectronics USBPD 4.1
2025-03-06 21:49:26,463 [INFO] ThirdParty:1030 - CMSIS Pack Vendor :STMicroelectronics X-CUBE-GNSS1 6.0.0
2025-03-06 21:49:26,465 [INFO] ThirdParty:1030 - CMSIS Pack Vendor :STMicroelectronics USB_HOST 2.0.0
2025-03-06 21:49:26,466 [INFO] ThirdParty:1030 - CMSIS Pack Vendor :STMicroelectronics X-CUBE-AZRTOS-F4 1.1.0
2025-03-06 21:49:26,467 [INFO] ThirdParty:1030 - CMSIS Pack Vendor :STMicroelectronics LIBJPEG 8.0.0
2025-03-06 21:49:26,468 [INFO] ThirdParty:1030 - CMSIS Pack Vendor :STMicroelectronics X-CUBE-SMBUS 2.1.0
2025-03-06 21:49:26,469 [INFO] ThirdParty:1030 - CMSIS Pack Vendor :STMicroelectronics USB_DEVICE 3.0.0
2025-03-06 21:49:26,469 [INFO] ThirdParty:1030 - CMSIS Pack Vendor :STMicroelectronics X-CUBE-AZRTOS-WB 2.0.0
2025-03-06 21:49:26,470 [INFO] ThirdParty:1030 - CMSIS Pack Vendor :wolfSSL I-CUBE-wolfSSL 5.6.6
2025-03-06 21:49:26,470 [INFO] ThirdParty:1030 - CMSIS Pack Vendor :STMicroelectronics X-CUBE-TOUCHGFX 4.23.0
2025-03-06 21:49:26,470 [INFO] ThirdParty:1030 - CMSIS Pack Vendor :STMicroelectronics X-CUBE-AZRTOS-F7 1.1.0
2025-03-06 21:49:26,471 [INFO] ThirdParty:1030 - CMSIS Pack Vendor :STMicroelectronics X-CUBE-AZRTOS-L5 2.0.0
2025-03-06 21:49:26,472 [INFO] ThirdParty:1030 - CMSIS Pack Vendor :STMicroelectronics USB_DEVICE 2.0.0
2025-03-06 21:49:26,477 [INFO] ThirdParty:1030 - CMSIS Pack Vendor :ITTIA_DB I-CUBE-ITTIADB 8.8.0
2025-03-06 21:49:26,477 [INFO] ThirdParty:1030 - CMSIS Pack Vendor :STMicroelectronics FP-SNS-MOTENV1 4.3.2
2025-03-06 21:49:26,478 [INFO] ThirdParty:1030 - CMSIS Pack Vendor :STMicroelectronics X-CUBE-ALGOBUILD 1.3.0
2025-03-06 21:49:26,479 [INFO] ThirdParty:1030 - CMSIS Pack Vendor :STMicroelectronics FreeRTOS 0.0.1
2025-03-06 21:49:26,480 [INFO] ThirdParty:1030 - CMSIS Pack Vendor :STMicroelectronics X-CUBE-AZRTOS-G0 1.1.0
2025-03-06 21:49:26,481 [INFO] ThirdParty:1030 - CMSIS Pack Vendor :STMicroelectronics X-CUBE-NFC4 3.0.0
2025-03-06 21:49:26,481 [INFO] ThirdParty:1030 - CMSIS Pack Vendor :STMicroelectronics X-CUBE-SUBG2 5.0.0
2025-03-06 21:49:26,482 [INFO] ThirdParty:1030 - CMSIS Pack Vendor :STMicroelectronics STM32_WPAN 1.0.0
2025-03-06 21:49:26,482 [INFO] ThirdParty:1030 - CMSIS Pack Vendor :STMicroelectronics lwIP 2.0.3
2025-03-06 21:49:26,483 [INFO] ThirdParty:1030 - CMSIS Pack Vendor :STMicroelectronics FP-SNS-FLIGHT1 5.0.2
2025-03-06 21:49:26,483 [INFO] ThirdParty:1030 - CMSIS Pack Vendor :STMicroelectronics USB_HOST 1.0.0
2025-03-06 21:49:26,484 [INFO] ThirdParty:1030 - CMSIS Pack Vendor :STMicroelectronics X-CUBE-AZRTOS-G4 2.0.0
2025-03-06 21:49:26,484 [INFO] ThirdParty:1030 - CMSIS Pack Vendor :STMicroelectronics PDM2PCM 3.1.0
2025-03-06 21:49:26,484 [INFO] ThirdParty:1030 - CMSIS Pack Vendor :Infineon AIROC-Wi-Fi-Bluetooth-STM32 1.5.1
2025-03-06 21:49:26,485 [INFO] ThirdParty:1030 - CMSIS Pack Vendor :STMicroelectronics X-CUBE-BLEMGR 3.0.0
2025-03-06 21:49:26,485 [INFO] ThirdParty:1030 - CMSIS Pack Vendor :STMicroelectronics PDM2PCM 3.3.0
2025-03-06 21:49:26,485 [INFO] ThirdParty:1030 - CMSIS Pack Vendor :STMicroelectronics X-CUBE-DISPLAY 3.0.0
2025-03-06 21:49:26,485 [INFO] ThirdParty:1030 - CMSIS Pack Vendor :STMicroelectronics FP-SNS-MOTENVWB1 1.3.1
2025-03-06 21:49:26,486 [INFO] ThirdParty:1030 - CMSIS Pack Vendor :STMicroelectronics X-CUBE-BLE1 7.0.0
2025-03-06 21:49:26,486 [INFO] ThirdParty:1030 - CMSIS Pack Vendor :STMicroelectronics FP-ATR-SIGFOX1 3.2.0
2025-03-06 21:49:26,486 [INFO] ThirdParty:1030 - CMSIS Pack Vendor :STMicroelectronics X-CUBE-ISPU 2.0.0
2025-03-06 21:49:26,486 [INFO] ThirdParty:1030 - CMSIS Pack Vendor :STMicroelectronics X-CUBE-EEPRMA1 5.1.0
2025-03-06 21:49:26,487 [INFO] ThirdParty:1030 - CMSIS Pack Vendor :STMicroelectronics HAL Drivers 0.0.0
2025-03-06 21:49:26,487 [INFO] ThirdParty:1030 - CMSIS Pack Vendor :STMicroelectronics MBEDTLS 2.16.2
2025-03-06 21:49:26,487 [INFO] ThirdParty:1030 - CMSIS Pack Vendor :emotas I-CUBE-CANOPEN 1.3.0
2025-03-06 21:49:26,488 [INFO] ThirdParty:1030 - CMSIS Pack Vendor :STMicroelectronics X-CUBE-MEMS1 10.0.0
2025-03-06 21:49:26,488 [INFO] ThirdParty:1030 - CMSIS Pack Vendor :STMicroelectronics X-CUBE-FREERTOS 1.1.0
2025-03-06 21:49:26,488 [INFO] ThirdParty:1030 - CMSIS Pack Vendor :STMicroelectronics X-CUBE-NFC7 1.0.1
2025-03-06 21:49:26,488 [INFO] ThirdParty:1030 - CMSIS Pack Vendor :STMicroelectronics MBEDTLS 2.14.1
2025-03-06 21:49:26,488 [INFO] ThirdParty:1030 - CMSIS Pack Vendor :STMicroelectronics X-CUBE-NFC6 3.0.0
2025-03-06 21:49:26,489 [INFO] ThirdParty:1030 - CMSIS Pack Vendor :portGmbH I-Cube-SoM-uGOAL 1.1.0
2025-03-06 21:49:26,492 [INFO] ThirdParty:1030 - CMSIS Pack Vendor :STMicroelectronics X-CUBE-ALS 1.0.1
2025-03-06 21:49:26,492 [INFO] ThirdParty:1030 - CMSIS Pack Vendor :STMicroelectronics ThreadX 1.0.0
2025-03-06 21:49:26,494 [INFO] ThirdParty:1030 - CMSIS Pack Vendor :STMicroelectronics FP-SNS-SMARTAG2 1.2.0
2025-03-06 21:49:26,494 [INFO] ThirdParty:1030 - CMSIS Pack Vendor :STMicroelectronics X-CUBE-AZRTOS-WL 2.0.0
2025-03-06 21:49:26,495 [INFO] ThirdParty:1030 - CMSIS Pack Vendor :SEGGER I-CUBE-embOS 1.3.1
2025-03-06 21:49:26,496 [INFO] ThirdParty:1030 - CMSIS Pack Vendor :STMicroelectronics USB_DEVICE 1.0.0
2025-03-06 21:49:26,497 [INFO] ThirdParty:1030 - CMSIS Pack Vendor :STMicroelectronics X-CUBE-AI 8.1.0
2025-03-06 21:49:26,498 [INFO] ThirdParty:1030 - CMSIS Pack Vendor :STMicroelectronics X-CUBE-AZRTOS-L4 2.0.0
2025-03-06 21:49:26,498 [INFO] ThirdParty:1030 - CMSIS Pack Vendor :STMicroelectronics ThreadX 0.0.2
2025-03-06 21:49:26,499 [INFO] ThirdParty:1030 - CMSIS Pack Vendor :WES I-CUBE-Cesium 1.3.0
2025-03-06 21:49:26,500 [INFO] ThirdParty:1030 - CMSIS Pack Vendor :STMicroelectronics FP-ATR-ASTRA1 2.0.0
2025-03-06 21:49:26,500 [INFO] ThirdParty:1030 - CMSIS Pack Vendor :STMicroelectronics lwIP 2.1.2
2025-03-06 21:49:26,501 [INFO] ThirdParty:1030 - CMSIS Pack Vendor :STMicroelectronics X-CUBE-SFXS2LP1 4.0.0
2025-03-06 21:49:26,502 [INFO] ThirdParty:1030 - CMSIS Pack Vendor :STMicroelectronics X-CUBE-BLE2 3.3.0
2025-03-06 21:49:26,512 [INFO] ThirdParty:1030 - CMSIS Pack Vendor :STMicroelectronics X-CUBE-TOF1 3.4.0
2025-03-06 21:49:26,513 [INFO] ThirdParty:1030 - CMSIS Pack Vendor :STMicroelectronics X-CUBE-AZRTOS-H7 3.2.0
2025-03-06 21:49:26,513 [INFO] ThirdParty:1030 - CMSIS Pack Vendor :STMicroelectronics PDM2PCM 3.2.0
2025-03-06 21:49:26,514 [INFO] ThirdParty:841 - exiting critical section [change project]
2025-03-06 21:49:27,742 [INFO] PinOutPanel:1589 - setPackage(No Configuration,No Configuration)
2025-03-06 21:49:27,744 [INFO] PinOutPanel:1589 - setPackage(STM32F103C6Tx,LQFP48)
2025-03-06 21:49:28,836 [INFO] UtilMem:75 - Before build in PCC Used Memory: 214187984 Bytes (437256192)
2025-03-06 21:49:30,993 [INFO] UtilMem:75 - After build in PCC Used Memory: 255752608 Bytes (437256192)
2025-03-06 21:49:31,068 [INFO] IPUIPlugin:80 - create IPUIPlugin
2025-03-06 21:49:31,069 [INFO] IPUIPlugin:80 - create IPUIPlugin
2025-03-06 21:49:31,069 [INFO] IPUIPlugin:80 - create IPUIPlugin
2025-03-06 21:49:31,070 [INFO] IPUIPlugin:80 - create IPUIPlugin
2025-03-06 21:49:31,072 [INFO] IPUIPlugin:80 - create IPUIPlugin
2025-03-06 21:49:31,074 [INFO] IPUIPlugin:80 - create IPUIPlugin
2025-03-06 21:49:31,074 [INFO] IPUIPlugin:80 - create IPUIPlugin
2025-03-06 21:49:31,076 [INFO] IPUIPlugin:80 - create IPUIPlugin
2025-03-06 21:49:31,077 [INFO] IPUIPlugin:80 - create IPUIPlugin
2025-03-06 21:49:31,078 [INFO] IPUIPlugin:80 - create IPUIPlugin
2025-03-06 21:49:31,078 [INFO] IPUIPlugin:80 - create IPUIPlugin
2025-03-06 21:49:31,079 [INFO] IPUIPlugin:80 - create IPUIPlugin
2025-03-06 21:49:31,080 [INFO] IPUIPlugin:80 - create IPUIPlugin
2025-03-06 21:49:31,081 [INFO] IPUIPlugin:80 - create IPUIPlugin
2025-03-06 21:49:31,081 [INFO] IPUIPlugin:80 - create IPUIPlugin
2025-03-06 21:49:31,082 [INFO] IPUIPlugin:80 - create IPUIPlugin
2025-03-06 21:49:31,083 [INFO] IPUIPlugin:80 - create IPUIPlugin
2025-03-06 21:49:31,085 [INFO] IPUIPlugin:80 - create IPUIPlugin
2025-03-06 21:49:31,087 [INFO] IPUIPlugin:80 - create IPUIPlugin
2025-03-06 21:49:31,088 [INFO] IPUIPlugin:80 - create IPUIPlugin
2025-03-06 21:49:31,089 [INFO] IPUIPlugin:80 - create IPUIPlugin
2025-03-06 21:49:31,090 [INFO] IPUIPlugin:80 - create IPUIPlugin
2025-03-06 21:49:31,092 [INFO] IPUIPlugin:80 - create IPUIPlugin
2025-03-06 21:49:31,326 [INFO] CADModel:165 - CPN selected for project levelSTM32F103C6T6A
2025-03-06 21:49:31,326 [INFO] CADModel:114 - Register for checkConnection events
2025-03-06 21:49:31,376 [INFO] OpenFileManager:363 - Restore cursor
