2025-03-05 22:43:03,841 [INFO] Activator:176 - 


2025-03-05 22:43:03,888 [INFO] Activator:177 - !SESSION log4j initialized
2025-03-05 22:43:40,557 [INFO] LogOutputStream:77 - [STDOUT_REDIRECT] 
2025-03-05 22:43:57,900 [INFO] ApplicationProperties:184 - Using Application install path: C:\ST\STM32CubeIDE_1.17.0\STM32CubeIDE\plugins\com.st.stm32cube.common.mx_6.13.0.202411220809
2025-03-05 22:43:58,271 [INFO] DbMcusXml:78 - Set database path to: C:\ST\STM32CubeIDE_1.17.0\STM32CubeIDE\plugins\com.st.stm32cube.common.mx_6.13.0.202411220809\\db\/mcu/
2025-03-05 22:43:58,272 [INFO] ApiDb:274 - Set plugin database path to: C:\ST\STM32CubeIDE_1.17.0\STM32CubeIDE\plugins\com.st.stm32cube.common.mx_6.13.0.202411220809\\db\/plugins/boardmanager/
2025-03-05 22:43:58,274 [WARN] ApiDb:259 - Overriding images path with different value:  => C:\ST\STM32CubeIDE_1.17.0\STM32CubeIDE\plugins\com.st.stm32cube.common.mx_6.13.0.202411220809\\db\/plugins/mcufinder/images/
2025-03-05 22:43:58,436 [INFO] ApiDb:250 - Set database path to: C:\Users\Artem\.stmcufinder\plugins\mcufinder//mcu/
2025-03-05 22:43:58,465 [INFO] DbMcusAds:125 - Set database path to: C:\Users\Artem\.stmcufinder\plugins\mcufinder//mcu/
2025-03-05 22:43:58,491 [INFO] CrossReferenceDbSqlite:203 - Set database path to: C:\Users\Artem\.stmcufinder\plugins\mcufinder//mcu/cs/
2025-03-05 22:43:59,301 [INFO] RulesReader:64 - Compatibility file has been processed (297 Rules)
2025-03-05 22:44:01,344 [INFO] DbMcusXml:78 - Set database path to: C:\ST\STM32CubeIDE_1.17.0\STM32CubeIDE\plugins\com.st.stm32cube.common.mx_6.13.0.202411220809\\db\/mcu/
2025-03-05 22:44:01,344 [INFO] ApiDb:274 - Set plugin database path to: C:\ST\STM32CubeIDE_1.17.0\STM32CubeIDE\plugins\com.st.stm32cube.common.mx_6.13.0.202411220809\\db\/plugins/boardmanager/
2025-03-05 22:44:01,345 [INFO] ApiDb:261 - Set plugin images path to: C:\ST\STM32CubeIDE_1.17.0\STM32CubeIDE\plugins\com.st.stm32cube.common.mx_6.13.0.202411220809\\db\/plugins/mcufinder/images/
2025-03-05 22:44:01,346 [WARN] DbFile:41 - Overriding database path with different value: C:\Users\Artem\.stmcufinder\plugins\mcufinder/ => C:\Users\Artem\.stmcufinder\plugins\mcufinder
2025-03-05 22:44:01,347 [INFO] ApiDb:250 - Set database path to: C:\Users\Artem\.stmcufinder\plugins\mcufinder//mcu/
2025-03-05 22:44:01,347 [WARN] DbFile:41 - Overriding database path with different value: C:\Users\Artem\.stmcufinder\plugins\mcufinder/ => C:\Users\Artem\.stmcufinder\plugins\mcufinder
2025-03-05 22:44:01,348 [INFO] DbMcusAds:125 - Set database path to: C:\Users\Artem\.stmcufinder\plugins\mcufinder//mcu/
2025-03-05 22:44:01,348 [WARN] DbFile:41 - Overriding database path with different value: C:\Users\Artem\.stmcufinder\plugins\mcufinder/ => C:\Users\Artem\.stmcufinder\plugins\mcufinder
2025-03-05 22:44:01,348 [WARN] DbFile:41 - Overriding database path with different value: C:\Users\Artem\.stmcufinder\plugins\mcufinder/ => C:\Users\Artem\.stmcufinder\plugins\mcufinder
2025-03-05 22:44:01,349 [INFO] CrossReferenceDbSqlite:203 - Set database path to: C:\Users\Artem\.stmcufinder\plugins\mcufinder//mcu/cs/
2025-03-05 22:44:02,995 [INFO] MainPanel:272 - HeapMemory: 268435456
2025-03-05 22:44:05,932 [INFO] DbMcusXml:78 - Set database path to: C:\ST\STM32CubeIDE_1.17.0\STM32CubeIDE\plugins\com.st.stm32cube.common.mx_6.13.0.202411220809\\db\/mcu/
2025-03-05 22:44:05,948 [INFO] ApiDb:274 - Set plugin database path to: C:\ST\STM32CubeIDE_1.17.0\STM32CubeIDE\plugins\com.st.stm32cube.common.mx_6.13.0.202411220809\\db\/plugins/boardmanager/
2025-03-05 22:44:05,949 [INFO] ApiDb:261 - Set plugin images path to: C:\ST\STM32CubeIDE_1.17.0\STM32CubeIDE\plugins\com.st.stm32cube.common.mx_6.13.0.202411220809\\db\/plugins/mcufinder/images/
2025-03-05 22:44:05,950 [WARN] DbFile:41 - Overriding database path with different value: C:\Users\Artem\.stmcufinder\plugins\mcufinder/ => C:\Users\Artem\.stmcufinder\plugins\mcufinder
2025-03-05 22:44:05,951 [INFO] ApiDb:250 - Set database path to: C:\Users\Artem\.stmcufinder\plugins\mcufinder//mcu/
2025-03-05 22:44:05,951 [WARN] DbFile:41 - Overriding database path with different value: C:\Users\Artem\.stmcufinder\plugins\mcufinder/ => C:\Users\Artem\.stmcufinder\plugins\mcufinder
2025-03-05 22:44:05,952 [INFO] DbMcusAds:125 - Set database path to: C:\Users\Artem\.stmcufinder\plugins\mcufinder//mcu/
2025-03-05 22:44:05,952 [WARN] DbFile:41 - Overriding database path with different value: C:\Users\Artem\.stmcufinder\plugins\mcufinder/ => C:\Users\Artem\.stmcufinder\plugins\mcufinder
2025-03-05 22:44:05,953 [WARN] DbFile:41 - Overriding database path with different value: C:\Users\Artem\.stmcufinder\plugins\mcufinder/ => C:\Users\Artem\.stmcufinder\plugins\mcufinder
2025-03-05 22:44:05,953 [INFO] CrossReferenceDbSqlite:203 - Set database path to: C:\Users\Artem\.stmcufinder\plugins\mcufinder//mcu/cs/
2025-03-05 22:44:07,213 [INFO] ApplicationProperties:184 - Using Application install path: C:\ST\STM32CubeIDE_1.17.0\STM32CubeIDE\plugins\com.st.stm32cube.common.mx_6.13.0.202411220809
2025-03-05 22:44:07,220 [INFO] PluginManage:196 - Search for loadable plugins [exclusion list=, ]
2025-03-05 22:44:07,239 [INFO] PluginManage:310 - Check plugin analytics
2025-03-05 22:44:17,198 [INFO] AnalyticsPlugin:253 - Accepted Software Licenses: STM32CubeMX.6.13.0
2025-03-05 22:44:17,199 [INFO] AnalyticsPlugin:255 - Accepted CMSIS Pack Licenses: 
2025-03-05 22:44:17,199 [INFO] AnalyticsPlugin:257 - Accepted Firmware Licenses: 
2025-03-05 22:44:17,208 [INFO] PluginManage:359 - Loaded plugin analytics (category:tool,tabindex:-1)
2025-03-05 22:44:17,208 [INFO] PluginManage:310 - Check plugin cadmodel
2025-03-05 22:44:17,266 [INFO] CADModel:105 - Init CAD model plugin
2025-03-05 22:44:17,266 [INFO] PluginManage:359 - Loaded plugin cadmodel (category:power,tabindex:5)
2025-03-05 22:44:17,267 [INFO] PluginManage:310 - Check plugin clock
2025-03-05 22:44:17,354 [INFO] PluginManage:359 - Loaded plugin clock (category:base,tabindex:2)
2025-03-05 22:44:17,354 [INFO] PluginManage:310 - Check plugin ddr
2025-03-05 22:44:17,452 [INFO] PluginManage:359 - Loaded plugin ddr (category:tool,tabindex:6)
2025-03-05 22:44:17,452 [INFO] PluginManage:310 - Check plugin filemanager
2025-03-05 22:44:18,269 [INFO] PluginManage:359 - Loaded plugin filemanager (category:base,tabindex:10)
2025-03-05 22:44:18,269 [INFO] PluginManage:310 - Check plugin ipmanager
2025-03-05 22:44:18,340 [INFO] PluginManage:359 - Loaded plugin ipmanager (category:base,tabindex:5)
2025-03-05 22:44:18,341 [INFO] PluginManage:310 - Check plugin lpbam
2025-03-05 22:44:18,372 [INFO] PluginManage:359 - Loaded plugin lpbam (category:base,tabindex:0)
2025-03-05 22:44:18,373 [INFO] PluginManage:310 - Check plugin memorymap
2025-03-05 22:44:18,448 [INFO] PluginManage:359 - Loaded plugin memorymap (category:base,tabindex:4)
2025-03-05 22:44:18,448 [INFO] PluginManage:310 - Check plugin pinoutandconfiguration
2025-03-05 22:44:18,467 [INFO] PluginManage:359 - Loaded plugin pinoutandconfiguration (category:base,tabindex:1)
2025-03-05 22:44:18,468 [INFO] PluginManage:310 - Check plugin pinoutconfig
2025-03-05 22:44:18,906 [WARN] SupportedApi:132 - Cannot load RTOS API schema: s4s-elt-must-match.1: The content of 'definitions' must match (annotation?, (simpleType | complexType)?, (unique | key | keyref)*)). A problem was found starting at: attribute.
2025-03-05 22:44:19,343 [INFO] PluginManage:359 - Loaded plugin pinoutconfig (category:base,tabindex:0)
2025-03-05 22:44:19,343 [INFO] PluginManage:310 - Check plugin power
2025-03-05 22:44:19,439 [INFO] PluginManage:359 - Loaded plugin power (category:power,tabindex:4)
2025-03-05 22:44:19,440 [INFO] PluginManage:310 - Check plugin projectmanager
2025-03-05 22:44:19,591 [INFO] PluginManage:359 - Loaded plugin projectmanager (category:projectmanager,tabindex:4)
2025-03-05 22:44:19,592 [INFO] PluginManage:310 - Check plugin rif
2025-03-05 22:44:19,716 [INFO] PluginManage:359 - Loaded plugin rif (category:base,tabindex:3)
2025-03-05 22:44:19,717 [INFO] PluginManage:310 - Check plugin thirdparty
2025-03-05 22:44:20,294 [INFO] PluginManage:359 - Loaded plugin thirdparty (category:base,tabindex:-1)
2025-03-05 22:44:20,294 [WARN] IntegrityCheckThread:84 - waiting for thirdparty lock release [integrity check]
2025-03-05 22:44:20,294 [INFO] PluginManage:310 - Check plugin tools
2025-03-05 22:44:20,294 [INFO] IntegrityCheckThread:86 - entering critical section [integrity check]
2025-03-05 22:44:20,296 [INFO] ThirdPartyUpdaterWithRetryManager:70 - Updater plugin not ready yet. [1/15]
2025-03-05 22:44:20,301 [INFO] PluginManage:359 - Loaded plugin tools (category:base,tabindex:7)
2025-03-05 22:44:20,302 [INFO] PluginManage:310 - Check plugin tutovideos
2025-03-05 22:44:21,455 [INFO] PluginManage:359 - Loaded plugin tutovideos (category:base,tabindex:-1)
2025-03-05 22:44:21,455 [INFO] PluginManage:310 - Check plugin updater
2025-03-05 22:44:21,517 [INFO] PluginManage:359 - Loaded plugin updater (category:base,tabindex:12)
2025-03-05 22:44:21,517 [INFO] PluginManage:310 - Check plugin userauth
2025-03-05 22:44:21,540 [INFO] UserAuth:118 - Init User Auth plugin
2025-03-05 22:44:21,543 [INFO] PluginManage:359 - Loaded plugin userauth (category:base,tabindex:14)
2025-03-05 22:44:21,544 [INFO] PluginManage:283 - PluginManage : Loaded plugins [18]
2025-03-05 22:44:23,218 [INFO] PinOutPanel:1589 - setPackage(No Configuration,No Configuration)
2025-03-05 22:44:23,297 [INFO] ThirdPartyUpdaterWithRetryManager:70 - Updater plugin not ready yet. [2/15]
2025-03-05 22:44:23,630 [INFO] CADModel:165 - CPN selected for project level
2025-03-05 22:44:23,631 [INFO] CADModel:114 - Register for checkConnection events
2025-03-05 22:44:23,754 [INFO] IPUIPlugin:80 - create IPUIPlugin
2025-03-05 22:44:23,755 [INFO] PluginManager:220 - loadIPPluginJar : add adc
2025-03-05 22:44:23,762 [INFO] IPUIPlugin:80 - create IPUIPlugin
2025-03-05 22:44:23,763 [INFO] PluginManager:220 - loadIPPluginJar : add aes
2025-03-05 22:44:23,772 [INFO] IPUIPlugin:80 - create IPUIPlugin
2025-03-05 22:44:23,772 [INFO] PluginManager:220 - loadIPPluginJar : add can
2025-03-05 22:44:23,779 [INFO] IPUIPlugin:80 - create IPUIPlugin
2025-03-05 22:44:23,780 [INFO] PluginManager:220 - loadIPPluginJar : add comp
2025-03-05 22:44:23,788 [INFO] IPUIPlugin:80 - create IPUIPlugin
2025-03-05 22:44:23,789 [INFO] PluginManager:220 - loadIPPluginJar : add cryp
2025-03-05 22:44:23,865 [INFO] IPUIPlugin:80 - create IPUIPlugin
2025-03-05 22:44:23,865 [INFO] PluginManager:220 - loadIPPluginJar : add ddr_ctrl_phy
2025-03-05 22:44:23,872 [INFO] IPUIPlugin:80 - create IPUIPlugin
2025-03-05 22:44:23,873 [INFO] PluginManager:220 - loadIPPluginJar : add dfsdm
2025-03-05 22:44:23,890 [INFO] IPUIPlugin:80 - create IPUIPlugin
2025-03-05 22:44:23,891 [INFO] PluginManager:220 - loadIPPluginJar : add dma
2025-03-05 22:44:23,903 [INFO] IPUIPlugin:80 - create IPUIPlugin
2025-03-05 22:44:23,903 [INFO] PluginManager:220 - loadIPPluginJar : add dma3
2025-03-05 22:44:23,914 [INFO] IPUIPlugin:80 - create IPUIPlugin
2025-03-05 22:44:23,915 [INFO] PluginManager:220 - loadIPPluginJar : add extmemmanager
2025-03-05 22:44:23,932 [INFO] IPUIPlugin:80 - create IPUIPlugin
2025-03-05 22:44:23,933 [INFO] PluginManager:220 - loadIPPluginJar : add fatfs
2025-03-05 22:44:23,944 [INFO] IPUIPlugin:80 - create IPUIPlugin
2025-03-05 22:44:23,945 [INFO] PluginManager:220 - loadIPPluginJar : add fmc
2025-03-05 22:44:23,964 [INFO] IPUIPlugin:80 - create IPUIPlugin
2025-03-05 22:44:23,964 [INFO] PluginManager:220 - loadIPPluginJar : add freertos
2025-03-05 22:44:23,968 [INFO] IPUIPlugin:80 - create IPUIPlugin
2025-03-05 22:44:23,969 [INFO] PluginManager:220 - loadIPPluginJar : add genericplugin
2025-03-05 22:44:23,976 [INFO] IPUIPlugin:80 - create IPUIPlugin
2025-03-05 22:44:23,976 [INFO] PluginManager:220 - loadIPPluginJar : add gfxmmu
2025-03-05 22:44:23,988 [INFO] IPUIPlugin:80 - create IPUIPlugin
2025-03-05 22:44:23,989 [INFO] PluginManager:220 - loadIPPluginJar : add gic
2025-03-05 22:44:23,998 [INFO] IPUIPlugin:80 - create IPUIPlugin
2025-03-05 22:44:23,999 [INFO] PluginManager:220 - loadIPPluginJar : add gpio
2025-03-05 22:44:24,007 [INFO] IPUIPlugin:80 - create IPUIPlugin
2025-03-05 22:44:24,007 [INFO] PluginManager:220 - loadIPPluginJar : add gtzc
2025-03-05 22:44:24,018 [INFO] IPUIPlugin:80 - create IPUIPlugin
2025-03-05 22:44:24,019 [INFO] PluginManager:220 - loadIPPluginJar : add hash
2025-03-05 22:44:24,027 [INFO] IPUIPlugin:80 - create IPUIPlugin
2025-03-05 22:44:24,028 [INFO] PluginManager:220 - loadIPPluginJar : add i2c
2025-03-05 22:44:24,035 [INFO] IPUIPlugin:80 - create IPUIPlugin
2025-03-05 22:44:24,036 [INFO] PluginManager:220 - loadIPPluginJar : add i2s
2025-03-05 22:44:24,063 [INFO] IPUIPlugin:80 - create IPUIPlugin
2025-03-05 22:44:24,065 [INFO] PluginManager:220 - loadIPPluginJar : add i3c
2025-03-05 22:44:24,102 [INFO] IPUIPlugin:80 - create IPUIPlugin
2025-03-05 22:44:24,102 [INFO] PluginManager:220 - loadIPPluginJar : add ipddr
2025-03-05 22:44:24,119 [INFO] IPUIPlugin:80 - create IPUIPlugin
2025-03-05 22:44:24,122 [INFO] PluginManager:220 - loadIPPluginJar : add linkedlist
2025-03-05 22:44:24,134 [INFO] IPUIPlugin:80 - create IPUIPlugin
2025-03-05 22:44:24,135 [INFO] PluginManager:220 - loadIPPluginJar : add lorawan
2025-03-05 22:44:24,138 [INFO] IPUIPlugin:80 - create IPUIPlugin
2025-03-05 22:44:24,139 [INFO] PluginManager:220 - loadIPPluginJar : add ltdc
2025-03-05 22:44:24,163 [INFO] IPUIPlugin:80 - create IPUIPlugin
2025-03-05 22:44:24,164 [INFO] PluginManager:220 - loadIPPluginJar : add mdma
2025-03-05 22:44:24,173 [INFO] IPUIPlugin:80 - create IPUIPlugin
2025-03-05 22:44:24,174 [INFO] PluginManager:220 - loadIPPluginJar : add nvic
2025-03-05 22:44:24,183 [INFO] IPUIPlugin:80 - create IPUIPlugin
2025-03-05 22:44:24,184 [INFO] PluginManager:220 - loadIPPluginJar : add opamp
2025-03-05 22:44:24,194 [INFO] IPUIPlugin:80 - create IPUIPlugin
2025-03-05 22:44:24,194 [INFO] PluginManager:220 - loadIPPluginJar : add openamp
2025-03-05 22:44:24,222 [INFO] IPUIPlugin:80 - create IPUIPlugin
2025-03-05 22:44:24,225 [INFO] PluginManager:220 - loadIPPluginJar : add pdm2pcm
2025-03-05 22:44:24,240 [INFO] IPUIPlugin:80 - create IPUIPlugin
2025-03-05 22:44:24,249 [INFO] PluginManager:220 - loadIPPluginJar : add plateformsettings
2025-03-05 22:44:24,254 [INFO] IPUIPlugin:80 - create IPUIPlugin
2025-03-05 22:44:24,254 [INFO] PluginManager:220 - loadIPPluginJar : add quadspi
2025-03-05 22:44:24,259 [INFO] IPUIPlugin:80 - create IPUIPlugin
2025-03-05 22:44:24,261 [INFO] PluginManager:220 - loadIPPluginJar : add radio
2025-03-05 22:44:24,271 [INFO] IPUIPlugin:80 - create IPUIPlugin
2025-03-05 22:44:24,271 [INFO] PluginManager:220 - loadIPPluginJar : add resmgrutility
2025-03-05 22:44:24,279 [INFO] IPUIPlugin:80 - create IPUIPlugin
2025-03-05 22:44:24,280 [INFO] PluginManager:220 - loadIPPluginJar : add sai
2025-03-05 22:44:24,287 [INFO] IPUIPlugin:80 - create IPUIPlugin
2025-03-05 22:44:24,287 [INFO] PluginManager:220 - loadIPPluginJar : add spi
2025-03-05 22:44:24,300 [INFO] IPUIPlugin:80 - create IPUIPlugin
2025-03-05 22:44:24,300 [INFO] PluginManager:220 - loadIPPluginJar : add stm32_wpan
2025-03-05 22:44:24,305 [INFO] IPUIPlugin:80 - create IPUIPlugin
2025-03-05 22:44:24,306 [INFO] PluginManager:220 - loadIPPluginJar : add tim
2025-03-05 22:44:24,313 [INFO] IPUIPlugin:80 - create IPUIPlugin
2025-03-05 22:44:24,314 [INFO] PluginManager:220 - loadIPPluginJar : add touchsensing
2025-03-05 22:44:24,319 [INFO] IPUIPlugin:80 - create IPUIPlugin
2025-03-05 22:44:24,320 [INFO] PluginManager:220 - loadIPPluginJar : add tracer_emb
2025-03-05 22:44:24,348 [INFO] IPUIPlugin:80 - create IPUIPlugin
2025-03-05 22:44:24,349 [INFO] PluginManager:220 - loadIPPluginJar : add ts
2025-03-05 22:44:24,354 [INFO] IPUIPlugin:80 - create IPUIPlugin
2025-03-05 22:44:24,354 [INFO] PluginManager:220 - loadIPPluginJar : add tsc
2025-03-05 22:44:24,359 [INFO] IPUIPlugin:80 - create IPUIPlugin
2025-03-05 22:44:24,359 [INFO] PluginManager:220 - loadIPPluginJar : add ucpd
2025-03-05 22:44:24,368 [INFO] IPUIPlugin:80 - create IPUIPlugin
2025-03-05 22:44:24,369 [INFO] PluginManager:220 - loadIPPluginJar : add usart
2025-03-05 22:44:24,378 [INFO] IPUIPlugin:80 - create IPUIPlugin
2025-03-05 22:44:24,378 [INFO] PluginManager:220 - loadIPPluginJar : add usbx
2025-03-05 22:44:25,130 [FATAL] Updater:351 - Updater called before beeing initialized
2025-03-05 22:44:25,315 [INFO] RulesReader:64 - Compatibility file has been processed (297 Rules)
2025-03-05 22:44:25,348 [INFO] RulesReader:64 - Compatibility file has been processed (297 Rules)
2025-03-05 22:44:25,384 [INFO] CADModel:165 - CPN selected for project level
2025-03-05 22:44:25,385 [INFO] CADModel:114 - Register for checkConnection events
2025-03-05 22:44:25,385 [FATAL] Updater:351 - Updater called before beeing initialized
2025-03-05 22:44:25,386 [ERROR] CADModel:125 - Updater not yet initialized, retry later 
2025-03-05 22:44:26,300 [INFO] ThirdPartyUpdaterWithRetryManager:70 - Updater plugin not ready yet. [3/15]
2025-03-05 22:44:26,634 [FATAL] Updater:351 - Updater called before beeing initialized
2025-03-05 22:44:26,657 [INFO] CADModel:165 - CPN selected for project level
2025-03-05 22:44:26,657 [INFO] CADModel:114 - Register for checkConnection events
2025-03-05 22:44:26,657 [FATAL] Updater:351 - Updater called before beeing initialized
2025-03-05 22:44:26,658 [ERROR] CADModel:125 - Updater not yet initialized, retry later 
2025-03-05 22:44:26,666 [FATAL] Updater:351 - Updater called before beeing initialized
2025-03-05 22:44:27,169 [FATAL] Updater:351 - Updater called before beeing initialized
2025-03-05 22:44:27,176 [INFO] DbMcusAds:53 - JSON generation date=Thu Sep 30 10:55:09 SAMT 2021 (1632984909247)
2025-03-05 22:44:27,177 [FATAL] Updater:351 - Updater called before beeing initialized
2025-03-05 22:44:27,467 [WARN] DetailPanel:346 - Failed to get advertising image, set to default
2025-03-05 22:44:28,041 [FATAL] Updater:351 - Updater called before beeing initialized
2025-03-05 22:44:28,065 [FATAL] Updater:351 - Updater called before beeing initialized
2025-03-05 22:44:28,066 [FATAL] Updater:351 - Updater called before beeing initialized
2025-03-05 22:44:28,066 [WARN] DetailPanel:346 - Failed to get advertising image, set to default
2025-03-05 22:44:28,068 [FATAL] Updater:351 - Updater called before beeing initialized
2025-03-05 22:44:28,293 [ERROR] Updater:1198 - MainUpdater not yet initialized. External WinMGr cannot be set.
2025-03-05 22:44:28,305 [INFO] Updater:1134 - Updater Version found : 6.13.0
2025-03-05 22:44:28,336 [INFO] ApplicationProperties:184 - Using Application install path: C:\ST\STM32CubeIDE_1.17.0\STM32CubeIDE\plugins\com.st.stm32cube.common.mx_6.13.0.202411220809
2025-03-05 22:44:29,300 [FATAL] Updater:351 - Updater called before beeing initialized
2025-03-05 22:44:29,301 [ERROR] IntegrityCheckThread:130 - Cannot retrieve database content from updater: error 21
2025-03-05 22:44:29,302 [INFO] ThirdParty:978 - Integrity check success = false
2025-03-05 22:44:29,302 [INFO] IntegrityCheckThread:100 - exiting critical section [integrity check]
2025-03-05 22:44:29,303 [INFO] IntegrityCheckThread:103 - End integrity checks thread
2025-03-05 22:44:29,526 [ERROR] CheckConnectionManager:249 - Problem, Http access forbiden
2025-03-05 22:44:29,540 [INFO] MainUpdater:2872 - connection check result : 22
2025-03-05 22:44:29,542 [INFO] MainUpdater:289 - Updater Check For Update Now.
2025-03-05 22:44:29,542 [INFO] MicroXplorer:498 - Change Database Version : DB.6.0.130
2025-03-05 22:44:29,583 [INFO] McuFinderGlobals:63 - Set McuFinder mode to 2 (CubeIDE integrated)
2025-03-05 22:44:29,584 [INFO] UserAuth:171 - activating auth plugin
2025-03-05 22:44:29,644 [INFO] UserAuth:486 - Internet connection configuration mode: 2
2025-03-05 22:44:29,880 [INFO] UserAuth:486 - Internet connection configuration mode: 2
2025-03-05 22:44:29,966 [INFO] CheckServerUpdateThread:120 - End of CheckServer Thread
