2025-03-26 19:23:37,538 [ERROR] LogOutputStream:75 - [STDERR_REDIRECT] Exception in thread "AWT-EventQueue-0" java.lang.ClassCastException: class sun.awt.windows.WEmbeddedFrame cannot be cast to class javax.swing.JFrame (sun.awt.windows.WEmbeddedFrame and javax.swing.JFrame are in module java.desktop of loader 'bootstrap')
2025-03-26 19:23:37,633 [ERROR] LogOutputStream:75 - [STDERR_REDIRECT] 	at com.st.microxplorer.plugins.clock.ClockConfigurationView.activatePlugin(ClockConfigurationView.java:425)
2025-03-26 19:23:37,636 [ERROR] LogOutputStream:75 - [STDERR_REDIRECT] 	at com.st.microxplorer.maingui.MainPanel$1.stateChanged(MainPanel.java:382)
2025-03-26 19:23:37,639 [ERROR] LogOutputStream:75 - [STDERR_REDIRECT] 	at java.desktop/javax.swing.JTabbedPane.fireStateChanged(JTabbedPane.java:446)
2025-03-26 19:23:37,641 [ERROR] LogOutputStream:75 - [STDERR_REDIRECT] 	at java.desktop/javax.swing.JTabbedPane$ModelListener.stateChanged(JTabbedPane.java:297)
2025-03-26 19:23:37,643 [ERROR] LogOutputStream:75 - [STDERR_REDIRECT] 	at java.desktop/javax.swing.DefaultSingleSelectionModel.fireStateChanged(DefaultSingleSelectionModel.java:148)
2025-03-26 19:23:37,646 [ERROR] LogOutputStream:75 - [STDERR_REDIRECT] 	at java.desktop/javax.swing.DefaultSingleSelectionModel.setSelectedIndex(DefaultSingleSelectionModel.java:79)
2025-03-26 19:23:37,648 [ERROR] LogOutputStream:75 - [STDERR_REDIRECT] 	at java.desktop/javax.swing.JTabbedPane.setSelectedIndexImpl(JTabbedPane.java:650)
2025-03-26 19:23:37,651 [ERROR] LogOutputStream:75 - [STDERR_REDIRECT] 	at java.desktop/javax.swing.JTabbedPane.setSelectedIndex(JTabbedPane.java:625)
2025-03-26 19:23:37,653 [ERROR] LogOutputStream:75 - [STDERR_REDIRECT] 	at java.desktop/javax.swing.plaf.basic.BasicTabbedPaneUI$Handler.mousePressed(BasicTabbedPaneUI.java:4140)
2025-03-26 19:23:37,655 [ERROR] LogOutputStream:75 - [STDERR_REDIRECT] 	at java.desktop/java.awt.Component.processMouseEvent(Component.java:6618)
2025-03-26 19:23:37,656 [ERROR] LogOutputStream:75 - [STDERR_REDIRECT] 	at java.desktop/javax.swing.JComponent.processMouseEvent(JComponent.java:3398)
2025-03-26 19:23:37,658 [ERROR] LogOutputStream:75 - [STDERR_REDIRECT] 	at java.desktop/java.awt.Component.processEvent(Component.java:6386)
2025-03-26 19:23:37,659 [ERROR] LogOutputStream:75 - [STDERR_REDIRECT] 	at java.desktop/java.awt.Container.processEvent(Container.java:2266)
2025-03-26 19:23:37,661 [ERROR] LogOutputStream:75 - [STDERR_REDIRECT] 	at java.desktop/java.awt.Component.dispatchEventImpl(Component.java:4996)
2025-03-26 19:23:37,663 [ERROR] LogOutputStream:75 - [STDERR_REDIRECT] 	at java.desktop/java.awt.Container.dispatchEventImpl(Container.java:2324)
2025-03-26 19:23:37,664 [ERROR] LogOutputStream:75 - [STDERR_REDIRECT] 	at java.desktop/java.awt.Component.dispatchEvent(Component.java:4828)
2025-03-26 19:23:37,667 [ERROR] LogOutputStream:75 - [STDERR_REDIRECT] 	at java.desktop/java.awt.LightweightDispatcher.retargetMouseEvent(Container.java:4948)
2025-03-26 19:23:37,669 [ERROR] LogOutputStream:75 - [STDERR_REDIRECT] 	at java.desktop/java.awt.LightweightDispatcher.processMouseEvent(Container.java:4572)
2025-03-26 19:23:37,671 [ERROR] LogOutputStream:75 - [STDERR_REDIRECT] 	at java.desktop/java.awt.LightweightDispatcher.dispatchEvent(Container.java:4516)
2025-03-26 19:23:37,672 [ERROR] LogOutputStream:75 - [STDERR_REDIRECT] 	at java.desktop/java.awt.Container.dispatchEventImpl(Container.java:2310)
2025-03-26 19:23:37,674 [ERROR] LogOutputStream:75 - [STDERR_REDIRECT] 	at java.desktop/java.awt.Component.dispatchEvent(Component.java:4828)
2025-03-26 19:23:37,676 [ERROR] LogOutputStream:75 - [STDERR_REDIRECT] 	at java.desktop/java.awt.EventQueue.dispatchEventImpl(EventQueue.java:775)
2025-03-26 19:23:37,677 [ERROR] LogOutputStream:75 - [STDERR_REDIRECT] 	at java.desktop/java.awt.EventQueue$4.run(EventQueue.java:720)
2025-03-26 19:23:37,679 [ERROR] LogOutputStream:75 - [STDERR_REDIRECT] 	at java.desktop/java.awt.EventQueue$4.run(EventQueue.java:714)
2025-03-26 19:23:37,684 [ERROR] LogOutputStream:75 - [STDERR_REDIRECT] 	at java.base/java.security.AccessController.doPrivileged(AccessController.java:400)
2025-03-26 19:23:37,687 [ERROR] LogOutputStream:75 - [STDERR_REDIRECT] 	at java.base/java.security.ProtectionDomain$JavaSecurityAccessImpl.doIntersectionPrivilege(ProtectionDomain.java:87)
2025-03-26 19:23:37,691 [ERROR] LogOutputStream:75 - [STDERR_REDIRECT] 	at java.base/java.security.ProtectionDomain$JavaSecurityAccessImpl.doIntersectionPrivilege(ProtectionDomain.java:98)
2025-03-26 19:23:37,693 [ERROR] LogOutputStream:75 - [STDERR_REDIRECT] 	at java.desktop/java.awt.EventQueue$5.run(EventQueue.java:747)
2025-03-26 19:23:37,695 [ERROR] LogOutputStream:75 - [STDERR_REDIRECT] 	at java.desktop/java.awt.EventQueue$5.run(EventQueue.java:745)
2025-03-26 19:23:37,698 [ERROR] LogOutputStream:75 - [STDERR_REDIRECT] 	at java.base/java.security.AccessController.doPrivileged(AccessController.java:400)
2025-03-26 19:23:37,701 [ERROR] LogOutputStream:75 - [STDERR_REDIRECT] 	at java.base/java.security.ProtectionDomain$JavaSecurityAccessImpl.doIntersectionPrivilege(ProtectionDomain.java:87)
2025-03-26 19:23:37,703 [ERROR] LogOutputStream:75 - [STDERR_REDIRECT] 	at java.desktop/java.awt.EventQueue.dispatchEvent(EventQueue.java:744)
2025-03-26 19:23:37,705 [ERROR] LogOutputStream:75 - [STDERR_REDIRECT] 	at java.desktop/java.awt.EventDispatchThread.pumpOneEventForFilters(EventDispatchThread.java:203)
2025-03-26 19:23:37,707 [ERROR] LogOutputStream:75 - [STDERR_REDIRECT] 	at java.desktop/java.awt.EventDispatchThread.pumpEventsForFilter(EventDispatchThread.java:124)
2025-03-26 19:23:37,710 [ERROR] LogOutputStream:75 - [STDERR_REDIRECT] 	at java.desktop/java.awt.EventDispatchThread.pumpEventsForHierarchy(EventDispatchThread.java:113)
2025-03-26 19:23:37,712 [ERROR] LogOutputStream:75 - [STDERR_REDIRECT] 	at java.desktop/java.awt.EventDispatchThread.pumpEvents(EventDispatchThread.java:109)
2025-03-26 19:23:37,713 [ERROR] LogOutputStream:75 - [STDERR_REDIRECT] 	at java.desktop/java.awt.EventDispatchThread.pumpEvents(EventDispatchThread.java:101)
2025-03-26 19:23:37,717 [ERROR] LogOutputStream:75 - [STDERR_REDIRECT] 	at java.desktop/java.awt.EventDispatchThread.run(EventDispatchThread.java:90)
2025-03-26 19:23:56,424 [INFO] ADCParametersView:116 -                Rank 1 : true
2025-03-26 19:23:56,425 [INFO] ADCParametersView:116 -                Rank 1 : true
2025-03-26 19:23:56,426 [INFO] ADCParametersView:116 -                Rank 1 : true
2025-03-26 19:23:56,426 [INFO] ADCParametersView:116 -                Rank 1 : true
2025-03-26 19:23:56,427 [INFO] ADCParametersView:116 -                Rank 1 : true
2025-03-26 19:23:56,428 [INFO] ADCParametersView:116 -                Rank 1 : true
2025-03-26 19:23:56,428 [INFO] ADCParametersView:116 -                Rank 1 : true
2025-03-26 19:23:56,428 [INFO] ADCParametersView:116 -                Rank 1 : true
2025-03-26 19:23:56,429 [INFO] ADCParametersView:116 -                Rank 1 : true
2025-03-26 19:23:56,429 [INFO] ADCParametersView:116 -                Rank 1 : true
2025-03-26 19:23:56,439 [INFO] ADCParametersView:116 -                Rank 1 : true
2025-03-26 19:23:56,466 [INFO] ADCParametersView:116 -                Rank 1 : true
2025-03-26 19:23:56,466 [INFO] ADCParametersView:116 -                Rank 1 : true
2025-03-26 19:23:56,467 [INFO] ADCParametersView:116 -                Rank 1 : true
2025-03-26 19:23:56,467 [INFO] ADCParametersView:116 -                Rank 1 : true
2025-03-26 19:23:56,468 [INFO] ADCParametersView:116 -                Rank 1 : true
2025-03-26 19:23:56,468 [INFO] ADCParametersView:116 -                Rank 1 : true
2025-03-26 19:23:56,469 [INFO] ADCParametersView:116 -                Rank 1 : true
2025-03-26 19:23:56,469 [INFO] ADCParametersView:116 -                Rank 1 : true
2025-03-26 19:23:56,470 [INFO] ADCParametersView:116 -                Rank 1 : true
2025-03-26 19:23:56,470 [INFO] ADCParametersView:116 -                Rank 1 : true
2025-03-26 19:23:56,478 [INFO] ADCParametersView:116 -                Rank 1 : true
2025-03-26 19:24:23,368 [INFO] UtilMem:75 - End SaveConfig() Used Memory: 712250312 Bytes (870318080)
2025-03-26 19:24:23,669 [INFO] UtilMem:75 - End SaveConfig() Used Memory: 728501192 Bytes (870318080)
2025-03-26 19:24:24,178 [INFO] BlockDiagram:2766 - set Specific Code input for plugin: NVIC
2025-03-26 19:24:24,178 [INFO] BlockDiagram:2766 - set Specific Code input for plugin: SYS
2025-03-26 19:24:24,179 [INFO] BlockDiagram:2766 - set Specific Code input for plugin: GPIO
2025-03-26 19:24:24,179 [INFO] BlockDiagram:2766 - set Specific Code input for plugin: ADC
2025-03-26 19:24:24,179 [INFO] BlockDiagram:2766 - set Specific Code input for plugin: RCC
2025-03-26 19:24:24,180 [INFO] BlockDiagram:2766 - set Specific Code input for plugin: TIM1_8F1
2025-03-26 19:24:24,426 [INFO] CodeGenerator:896 - code generatio: config db path: C:\ST\STM32CubeIDE_1.17.0\STM32CubeIDE\plugins\com.st.stm32cube.common.mx_6.13.0.202411220809\\db\
2025-03-26 19:24:24,651 [INFO] CodeEngine:255 - oldGeneratedFile, E:\Projects\Micros\Micros\Deepbluembedded\Learn STM32 Basics\31_Potentiometer_Reading\MXTmpFiles\license.tmp_save
2025-03-26 19:24:25,255 [INFO] CodeEngine:279 - Generated code: E:\Projects\Micros\Micros\Deepbluembedded\Learn STM32 Basics\31_Potentiometer_Reading\MXTmpFiles\license.tmp
2025-03-26 19:24:25,496 [INFO] CodeEngine:255 - oldGeneratedFile, E:\Projects\Micros\Micros\Deepbluembedded\Learn STM32 Basics\31_Potentiometer_Reading\MXTmpFiles\gpio.tmp_save
2025-03-26 19:24:25,877 [INFO] CodeEngine:279 - Generated code: E:\Projects\Micros\Micros\Deepbluembedded\Learn STM32 Basics\31_Potentiometer_Reading\MXTmpFiles\gpio.tmp
2025-03-26 19:24:26,302 [INFO] CodeEngine:255 - oldGeneratedFile, E:\Projects\Micros\Micros\Deepbluembedded\Learn STM32 Basics\31_Potentiometer_Reading\Core\Src\stm32f1xx_it.c_save
2025-03-26 19:24:26,745 [INFO] CodeEngine:279 - Generated code: E:\Projects\Micros\Micros\Deepbluembedded\Learn STM32 Basics\31_Potentiometer_Reading\Core\Src\stm32f1xx_it.c
2025-03-26 19:24:26,764 [INFO] CodeEngine:255 - oldGeneratedFile, E:\Projects\Micros\Micros\Deepbluembedded\Learn STM32 Basics\31_Potentiometer_Reading\Core\Inc\stm32f1xx_it.h_save
2025-03-26 19:24:27,032 [INFO] CodeEngine:279 - Generated code: E:\Projects\Micros\Micros\Deepbluembedded\Learn STM32 Basics\31_Potentiometer_Reading\Core\Inc\stm32f1xx_it.h
2025-03-26 19:24:27,145 [INFO] CodeEngine:255 - oldGeneratedFile, E:\Projects\Micros\Micros\Deepbluembedded\Learn STM32 Basics\31_Potentiometer_Reading\Core\Src\stm32f1xx_hal_msp.c_save
2025-03-26 19:24:27,704 [INFO] CodeEngine:279 - Generated code: E:\Projects\Micros\Micros\Deepbluembedded\Learn STM32 Basics\31_Potentiometer_Reading\Core\Src\stm32f1xx_hal_msp.c
2025-03-26 19:24:27,723 [INFO] CodeEngine:255 - oldGeneratedFile, E:\Projects\Micros\Micros\Deepbluembedded\Learn STM32 Basics\31_Potentiometer_Reading\MXTmpFiles\system.tmp_save
2025-03-26 19:24:27,910 [INFO] CodeEngine:279 - Generated code: E:\Projects\Micros\Micros\Deepbluembedded\Learn STM32 Basics\31_Potentiometer_Reading\MXTmpFiles\system.tmp
2025-03-26 19:24:27,954 [INFO] CodeEngine:311 - oldGeneratedFile, E:\Projects\Micros\Micros\Deepbluembedded\Learn STM32 Basics\31_Potentiometer_Reading\Core\Inc\stm32f1xx_hal_conf.h_save
2025-03-26 19:24:28,282 [INFO] CodeEngine:335 - Generated code: E:\Projects\Micros\Micros\Deepbluembedded\Learn STM32 Basics\31_Potentiometer_Reading\Core\Inc\stm32f1xx_hal_conf.h
2025-03-26 19:24:28,354 [INFO] ApiDbMcu:508 - Load IP Config File for ADC1
2025-03-26 19:24:28,378 [INFO] ApiDbMcu:508 - Load IP Config File for TIM1
2025-03-26 19:24:28,381 [WARN] IPConfigManager:3618 - IP not found : TIM
2025-03-26 19:24:28,383 [WARN] CodeGenerator:4152 - IP not found : null
2025-03-26 19:24:28,407 [INFO] CodeEngine:255 - oldGeneratedFile, E:\Projects\Micros\Micros\Deepbluembedded\Learn STM32 Basics\31_Potentiometer_Reading\Core\Inc\main.h_save
2025-03-26 19:24:28,709 [INFO] CodeEngine:279 - Generated code: E:\Projects\Micros\Micros\Deepbluembedded\Learn STM32 Basics\31_Potentiometer_Reading\Core\Inc\main.h
2025-03-26 19:24:28,733 [INFO] CodeEngine:255 - oldGeneratedFile, E:\Projects\Micros\Micros\Deepbluembedded\Learn STM32 Basics\31_Potentiometer_Reading\Core\Src\main.c_save
2025-03-26 19:24:29,082 [INFO] CodeEngine:279 - Generated code: E:\Projects\Micros\Micros\Deepbluembedded\Learn STM32 Basics\31_Potentiometer_Reading\Core\Src\main.c
2025-03-26 19:24:30,344 [INFO] ProjectBuilder:3289 - Time for Copy HAL[1] : 841mS.
2025-03-26 19:24:30,352 [INFO] ProjectBuilder:4876 - Project Generator version: 4.5.0-RC5
2025-03-26 19:24:30,535 [INFO] ConfigFileManager:1579 - The Die is : DIE412
2025-03-26 19:24:34,285 [INFO] ProjectBuilder:5154 - Time for Generating toolchain IDE Files: 3934mS.
2025-03-26 19:24:34,299 [INFO] ProjectBuilder:3146 - Time for Copy CMSIS : 14mS.
2025-03-26 19:24:34,303 [INFO] ProjectBuilder:3146 - Time for Copy CMSIS : 0mS.
2025-03-26 19:28:02,817 [INFO] UtilMem:75 - End SaveConfig() Used Memory: 439950736 Bytes (870318080)
2025-03-26 19:28:03,103 [INFO] BlockDiagram:2766 - set Specific Code input for plugin: NVIC
2025-03-26 19:28:03,103 [INFO] BlockDiagram:2766 - set Specific Code input for plugin: SYS
2025-03-26 19:28:03,104 [INFO] BlockDiagram:2766 - set Specific Code input for plugin: GPIO
2025-03-26 19:28:03,104 [INFO] BlockDiagram:2766 - set Specific Code input for plugin: ADC
2025-03-26 19:28:03,105 [INFO] BlockDiagram:2766 - set Specific Code input for plugin: RCC
2025-03-26 19:28:03,105 [INFO] BlockDiagram:2766 - set Specific Code input for plugin: TIM1_8F1
2025-03-26 19:28:03,123 [INFO] CodeGenerator:896 - code generatio: config db path: C:\ST\STM32CubeIDE_1.17.0\STM32CubeIDE\plugins\com.st.stm32cube.common.mx_6.13.0.202411220809\\db\
2025-03-26 19:28:03,280 [INFO] CodeEngine:255 - oldGeneratedFile, E:\Projects\Micros\Micros\Deepbluembedded\Learn STM32 Basics\31_Potentiometer_Reading\MXTmpFiles\license.tmp_save
2025-03-26 19:28:03,440 [INFO] CodeEngine:279 - Generated code: E:\Projects\Micros\Micros\Deepbluembedded\Learn STM32 Basics\31_Potentiometer_Reading\MXTmpFiles\license.tmp
2025-03-26 19:28:03,503 [INFO] CodeEngine:255 - oldGeneratedFile, E:\Projects\Micros\Micros\Deepbluembedded\Learn STM32 Basics\31_Potentiometer_Reading\MXTmpFiles\gpio.tmp_save
2025-03-26 19:28:03,759 [INFO] CodeEngine:279 - Generated code: E:\Projects\Micros\Micros\Deepbluembedded\Learn STM32 Basics\31_Potentiometer_Reading\MXTmpFiles\gpio.tmp
2025-03-26 19:28:03,960 [INFO] CodeEngine:255 - oldGeneratedFile, E:\Projects\Micros\Micros\Deepbluembedded\Learn STM32 Basics\31_Potentiometer_Reading\Core\Src\stm32f1xx_it.c_save
2025-03-26 19:28:04,116 [INFO] CodeEngine:279 - Generated code: E:\Projects\Micros\Micros\Deepbluembedded\Learn STM32 Basics\31_Potentiometer_Reading\Core\Src\stm32f1xx_it.c
2025-03-26 19:28:04,130 [INFO] CodeEngine:255 - oldGeneratedFile, E:\Projects\Micros\Micros\Deepbluembedded\Learn STM32 Basics\31_Potentiometer_Reading\Core\Inc\stm32f1xx_it.h_save
2025-03-26 19:28:04,328 [INFO] CodeEngine:279 - Generated code: E:\Projects\Micros\Micros\Deepbluembedded\Learn STM32 Basics\31_Potentiometer_Reading\Core\Inc\stm32f1xx_it.h
2025-03-26 19:28:04,369 [INFO] CodeEngine:255 - oldGeneratedFile, E:\Projects\Micros\Micros\Deepbluembedded\Learn STM32 Basics\31_Potentiometer_Reading\Core\Src\stm32f1xx_hal_msp.c_save
2025-03-26 19:28:04,604 [INFO] CodeEngine:279 - Generated code: E:\Projects\Micros\Micros\Deepbluembedded\Learn STM32 Basics\31_Potentiometer_Reading\Core\Src\stm32f1xx_hal_msp.c
2025-03-26 19:28:04,627 [INFO] CodeEngine:255 - oldGeneratedFile, E:\Projects\Micros\Micros\Deepbluembedded\Learn STM32 Basics\31_Potentiometer_Reading\MXTmpFiles\system.tmp_save
2025-03-26 19:28:04,763 [INFO] CodeEngine:279 - Generated code: E:\Projects\Micros\Micros\Deepbluembedded\Learn STM32 Basics\31_Potentiometer_Reading\MXTmpFiles\system.tmp
2025-03-26 19:28:04,799 [INFO] CodeEngine:311 - oldGeneratedFile, E:\Projects\Micros\Micros\Deepbluembedded\Learn STM32 Basics\31_Potentiometer_Reading\Core\Inc\stm32f1xx_hal_conf.h_save
2025-03-26 19:28:04,978 [INFO] CodeEngine:335 - Generated code: E:\Projects\Micros\Micros\Deepbluembedded\Learn STM32 Basics\31_Potentiometer_Reading\Core\Inc\stm32f1xx_hal_conf.h
2025-03-26 19:28:05,009 [WARN] IPConfigManager:3618 - IP not found : TIM
2025-03-26 19:28:05,014 [WARN] CodeGenerator:4152 - IP not found : null
2025-03-26 19:28:05,041 [INFO] CodeEngine:255 - oldGeneratedFile, E:\Projects\Micros\Micros\Deepbluembedded\Learn STM32 Basics\31_Potentiometer_Reading\Core\Inc\main.h_save
2025-03-26 19:28:05,223 [INFO] CodeEngine:279 - Generated code: E:\Projects\Micros\Micros\Deepbluembedded\Learn STM32 Basics\31_Potentiometer_Reading\Core\Inc\main.h
2025-03-26 19:28:05,239 [INFO] CodeEngine:255 - oldGeneratedFile, E:\Projects\Micros\Micros\Deepbluembedded\Learn STM32 Basics\31_Potentiometer_Reading\Core\Src\main.c_save
2025-03-26 19:28:05,476 [INFO] CodeEngine:279 - Generated code: E:\Projects\Micros\Micros\Deepbluembedded\Learn STM32 Basics\31_Potentiometer_Reading\Core\Src\main.c
2025-03-26 19:28:06,205 [INFO] ProjectBuilder:3289 - Time for Copy HAL[1] : 388mS.
2025-03-26 19:28:06,211 [INFO] ProjectBuilder:4876 - Project Generator version: 4.5.0-RC5
2025-03-26 19:28:06,356 [INFO] ConfigFileManager:1579 - The Die is : DIE412
2025-03-26 19:28:08,547 [INFO] ProjectBuilder:5154 - Time for Generating toolchain IDE Files: 2336mS.
2025-03-26 19:28:08,589 [INFO] ProjectBuilder:3146 - Time for Copy CMSIS : 41mS.
2025-03-26 19:28:08,592 [INFO] ProjectBuilder:3146 - Time for Copy CMSIS : 0mS.
