2025-03-07 18:35:30,219 [INFO] Activator:176 - 


2025-03-07 18:35:30,233 [INFO] Activator:177 - !SESSION log4j initialized
2025-03-07 18:35:49,814 [INFO] LogOutputStream:77 - [STDOUT_REDIRECT] 
2025-03-07 18:36:06,046 [INFO] ApplicationProperties:184 - Using Application install path: C:\ST\STM32CubeIDE_1.17.0\STM32CubeIDE\plugins\com.st.stm32cube.common.mx_6.13.0.202411220809
2025-03-07 18:36:06,086 [INFO] DbMcusXml:78 - Set database path to: C:\ST\STM32CubeIDE_1.17.0\STM32CubeIDE\plugins\com.st.stm32cube.common.mx_6.13.0.202411220809\\db\/mcu/
2025-03-07 18:36:06,087 [INFO] ApiDb:274 - Set plugin database path to: C:\ST\STM32CubeIDE_1.17.0\STM32CubeIDE\plugins\com.st.stm32cube.common.mx_6.13.0.202411220809\\db\/plugins/boardmanager/
2025-03-07 18:36:06,263 [WARN] ApiDb:259 - Overriding images path with different value:  => C:\ST\STM32CubeIDE_1.17.0\STM32CubeIDE\plugins\com.st.stm32cube.common.mx_6.13.0.202411220809\\db\/plugins/mcufinder/images/
2025-03-07 18:36:06,277 [INFO] ApiDb:250 - Set database path to: C:\Users\Artem\.stmcufinder\plugins\mcufinder//mcu/
2025-03-07 18:36:06,280 [INFO] DbMcusAds:125 - Set database path to: C:\Users\Artem\.stmcufinder\plugins\mcufinder//mcu/
2025-03-07 18:36:06,287 [INFO] CrossReferenceDbSqlite:203 - Set database path to: C:\Users\Artem\.stmcufinder\plugins\mcufinder//mcu/cs/
2025-03-07 18:36:06,538 [INFO] RulesReader:64 - Compatibility file has been processed (297 Rules)
2025-03-07 18:36:06,789 [INFO] DbMcusXml:78 - Set database path to: C:\ST\STM32CubeIDE_1.17.0\STM32CubeIDE\plugins\com.st.stm32cube.common.mx_6.13.0.202411220809\\db\/mcu/
2025-03-07 18:36:06,790 [INFO] ApiDb:274 - Set plugin database path to: C:\ST\STM32CubeIDE_1.17.0\STM32CubeIDE\plugins\com.st.stm32cube.common.mx_6.13.0.202411220809\\db\/plugins/boardmanager/
2025-03-07 18:36:06,790 [INFO] ApiDb:261 - Set plugin images path to: C:\ST\STM32CubeIDE_1.17.0\STM32CubeIDE\plugins\com.st.stm32cube.common.mx_6.13.0.202411220809\\db\/plugins/mcufinder/images/
2025-03-07 18:36:06,791 [WARN] DbFile:41 - Overriding database path with different value: C:\Users\Artem\.stmcufinder\plugins\mcufinder/ => C:\Users\Artem\.stmcufinder\plugins\mcufinder
2025-03-07 18:36:06,792 [INFO] ApiDb:250 - Set database path to: C:\Users\Artem\.stmcufinder\plugins\mcufinder//mcu/
2025-03-07 18:36:06,792 [WARN] DbFile:41 - Overriding database path with different value: C:\Users\Artem\.stmcufinder\plugins\mcufinder/ => C:\Users\Artem\.stmcufinder\plugins\mcufinder
2025-03-07 18:36:06,793 [INFO] DbMcusAds:125 - Set database path to: C:\Users\Artem\.stmcufinder\plugins\mcufinder//mcu/
2025-03-07 18:36:06,793 [WARN] DbFile:41 - Overriding database path with different value: C:\Users\Artem\.stmcufinder\plugins\mcufinder/ => C:\Users\Artem\.stmcufinder\plugins\mcufinder
2025-03-07 18:36:06,794 [WARN] DbFile:41 - Overriding database path with different value: C:\Users\Artem\.stmcufinder\plugins\mcufinder/ => C:\Users\Artem\.stmcufinder\plugins\mcufinder
2025-03-07 18:36:06,795 [INFO] CrossReferenceDbSqlite:203 - Set database path to: C:\Users\Artem\.stmcufinder\plugins\mcufinder//mcu/cs/
2025-03-07 18:36:07,092 [INFO] MainPanel:272 - HeapMemory: 268435456
2025-03-07 18:36:07,372 [INFO] DbMcusXml:78 - Set database path to: C:\ST\STM32CubeIDE_1.17.0\STM32CubeIDE\plugins\com.st.stm32cube.common.mx_6.13.0.202411220809\\db\/mcu/
2025-03-07 18:36:07,373 [INFO] ApiDb:274 - Set plugin database path to: C:\ST\STM32CubeIDE_1.17.0\STM32CubeIDE\plugins\com.st.stm32cube.common.mx_6.13.0.202411220809\\db\/plugins/boardmanager/
2025-03-07 18:36:07,373 [INFO] ApiDb:261 - Set plugin images path to: C:\ST\STM32CubeIDE_1.17.0\STM32CubeIDE\plugins\com.st.stm32cube.common.mx_6.13.0.202411220809\\db\/plugins/mcufinder/images/
2025-03-07 18:36:07,373 [WARN] DbFile:41 - Overriding database path with different value: C:\Users\Artem\.stmcufinder\plugins\mcufinder/ => C:\Users\Artem\.stmcufinder\plugins\mcufinder
2025-03-07 18:36:07,373 [INFO] ApiDb:250 - Set database path to: C:\Users\Artem\.stmcufinder\plugins\mcufinder//mcu/
2025-03-07 18:36:07,374 [WARN] DbFile:41 - Overriding database path with different value: C:\Users\Artem\.stmcufinder\plugins\mcufinder/ => C:\Users\Artem\.stmcufinder\plugins\mcufinder
2025-03-07 18:36:07,376 [INFO] DbMcusAds:125 - Set database path to: C:\Users\Artem\.stmcufinder\plugins\mcufinder//mcu/
2025-03-07 18:36:07,376 [WARN] DbFile:41 - Overriding database path with different value: C:\Users\Artem\.stmcufinder\plugins\mcufinder/ => C:\Users\Artem\.stmcufinder\plugins\mcufinder
2025-03-07 18:36:07,377 [WARN] DbFile:41 - Overriding database path with different value: C:\Users\Artem\.stmcufinder\plugins\mcufinder/ => C:\Users\Artem\.stmcufinder\plugins\mcufinder
2025-03-07 18:36:07,377 [INFO] CrossReferenceDbSqlite:203 - Set database path to: C:\Users\Artem\.stmcufinder\plugins\mcufinder//mcu/cs/
2025-03-07 18:36:07,517 [INFO] ApplicationProperties:184 - Using Application install path: C:\ST\STM32CubeIDE_1.17.0\STM32CubeIDE\plugins\com.st.stm32cube.common.mx_6.13.0.202411220809
2025-03-07 18:36:07,521 [INFO] PluginManage:196 - Search for loadable plugins [exclusion list=, ]
2025-03-07 18:36:07,526 [INFO] PluginManage:310 - Check plugin analytics
2025-03-07 18:36:17,191 [INFO] AnalyticsPlugin:253 - Accepted Software Licenses: STM32CubeMX.6.13.0
2025-03-07 18:36:17,191 [INFO] AnalyticsPlugin:255 - Accepted CMSIS Pack Licenses: 
2025-03-07 18:36:17,192 [INFO] AnalyticsPlugin:257 - Accepted Firmware Licenses: 
2025-03-07 18:36:17,201 [INFO] PluginManage:359 - Loaded plugin analytics (category:tool,tabindex:-1)
2025-03-07 18:36:17,201 [INFO] PluginManage:310 - Check plugin cadmodel
2025-03-07 18:36:17,214 [INFO] CADModel:105 - Init CAD model plugin
2025-03-07 18:36:17,215 [INFO] PluginManage:359 - Loaded plugin cadmodel (category:power,tabindex:5)
2025-03-07 18:36:17,215 [INFO] PluginManage:310 - Check plugin clock
2025-03-07 18:36:17,241 [INFO] PluginManage:359 - Loaded plugin clock (category:base,tabindex:2)
2025-03-07 18:36:17,241 [INFO] PluginManage:310 - Check plugin ddr
2025-03-07 18:36:17,248 [INFO] PluginManage:359 - Loaded plugin ddr (category:tool,tabindex:6)
2025-03-07 18:36:17,248 [INFO] PluginManage:310 - Check plugin filemanager
2025-03-07 18:36:17,753 [INFO] PluginManage:359 - Loaded plugin filemanager (category:base,tabindex:10)
2025-03-07 18:36:17,754 [INFO] PluginManage:310 - Check plugin ipmanager
2025-03-07 18:36:17,776 [INFO] PluginManage:359 - Loaded plugin ipmanager (category:base,tabindex:5)
2025-03-07 18:36:17,776 [INFO] PluginManage:310 - Check plugin lpbam
2025-03-07 18:36:17,799 [INFO] PluginManage:359 - Loaded plugin lpbam (category:base,tabindex:0)
2025-03-07 18:36:17,800 [INFO] PluginManage:310 - Check plugin memorymap
2025-03-07 18:36:17,831 [INFO] PluginManage:359 - Loaded plugin memorymap (category:base,tabindex:4)
2025-03-07 18:36:17,831 [INFO] PluginManage:310 - Check plugin pinoutandconfiguration
2025-03-07 18:36:17,857 [INFO] PluginManage:359 - Loaded plugin pinoutandconfiguration (category:base,tabindex:1)
2025-03-07 18:36:17,858 [INFO] PluginManage:310 - Check plugin pinoutconfig
2025-03-07 18:36:18,130 [WARN] SupportedApi:132 - Cannot load RTOS API schema: s4s-elt-must-match.1: The content of 'definitions' must match (annotation?, (simpleType | complexType)?, (unique | key | keyref)*)). A problem was found starting at: attribute.
2025-03-07 18:36:18,520 [INFO] PluginManage:359 - Loaded plugin pinoutconfig (category:base,tabindex:0)
2025-03-07 18:36:18,521 [INFO] PluginManage:310 - Check plugin power
2025-03-07 18:36:18,543 [INFO] PluginManage:359 - Loaded plugin power (category:power,tabindex:4)
2025-03-07 18:36:18,543 [INFO] PluginManage:310 - Check plugin projectmanager
2025-03-07 18:36:18,617 [INFO] PluginManage:359 - Loaded plugin projectmanager (category:projectmanager,tabindex:4)
2025-03-07 18:36:18,617 [INFO] PluginManage:310 - Check plugin rif
2025-03-07 18:36:18,634 [INFO] PluginManage:359 - Loaded plugin rif (category:base,tabindex:3)
2025-03-07 18:36:18,634 [INFO] PluginManage:310 - Check plugin thirdparty
2025-03-07 18:36:19,609 [INFO] PluginManage:359 - Loaded plugin thirdparty (category:base,tabindex:-1)
2025-03-07 18:36:19,609 [INFO] PluginManage:310 - Check plugin tools
2025-03-07 18:36:19,616 [INFO] PluginManage:359 - Loaded plugin tools (category:base,tabindex:7)
2025-03-07 18:36:19,617 [INFO] PluginManage:310 - Check plugin tutovideos
2025-03-07 18:36:19,631 [WARN] IntegrityCheckThread:84 - waiting for thirdparty lock release [integrity check]
2025-03-07 18:36:19,632 [INFO] IntegrityCheckThread:86 - entering critical section [integrity check]
2025-03-07 18:36:19,633 [INFO] ThirdPartyUpdaterWithRetryManager:70 - Updater plugin not ready yet. [1/15]
2025-03-07 18:36:20,156 [INFO] PluginManage:359 - Loaded plugin tutovideos (category:base,tabindex:-1)
2025-03-07 18:36:20,156 [INFO] PluginManage:310 - Check plugin updater
2025-03-07 18:36:20,267 [INFO] PluginManage:359 - Loaded plugin updater (category:base,tabindex:12)
2025-03-07 18:36:20,267 [INFO] PluginManage:310 - Check plugin userauth
2025-03-07 18:36:20,277 [INFO] UserAuth:118 - Init User Auth plugin
2025-03-07 18:36:20,280 [INFO] PluginManage:359 - Loaded plugin userauth (category:base,tabindex:14)
2025-03-07 18:36:20,281 [INFO] PluginManage:283 - PluginManage : Loaded plugins [18]
2025-03-07 18:36:21,064 [INFO] PinOutPanel:1589 - setPackage(No Configuration,No Configuration)
2025-03-07 18:36:21,523 [INFO] CADModel:165 - CPN selected for project level
2025-03-07 18:36:21,524 [INFO] CADModel:114 - Register for checkConnection events
2025-03-07 18:36:21,571 [INFO] IPUIPlugin:80 - create IPUIPlugin
2025-03-07 18:36:21,572 [INFO] PluginManager:220 - loadIPPluginJar : add adc
2025-03-07 18:36:21,579 [INFO] IPUIPlugin:80 - create IPUIPlugin
2025-03-07 18:36:21,579 [INFO] PluginManager:220 - loadIPPluginJar : add aes
2025-03-07 18:36:21,586 [INFO] IPUIPlugin:80 - create IPUIPlugin
2025-03-07 18:36:21,587 [INFO] PluginManager:220 - loadIPPluginJar : add can
2025-03-07 18:36:21,592 [INFO] IPUIPlugin:80 - create IPUIPlugin
2025-03-07 18:36:21,593 [INFO] PluginManager:220 - loadIPPluginJar : add comp
2025-03-07 18:36:21,603 [INFO] IPUIPlugin:80 - create IPUIPlugin
2025-03-07 18:36:21,603 [INFO] PluginManager:220 - loadIPPluginJar : add cryp
2025-03-07 18:36:21,610 [INFO] IPUIPlugin:80 - create IPUIPlugin
2025-03-07 18:36:21,611 [INFO] PluginManager:220 - loadIPPluginJar : add ddr_ctrl_phy
2025-03-07 18:36:21,620 [INFO] IPUIPlugin:80 - create IPUIPlugin
2025-03-07 18:36:21,621 [INFO] PluginManager:220 - loadIPPluginJar : add dfsdm
2025-03-07 18:36:21,636 [INFO] IPUIPlugin:80 - create IPUIPlugin
2025-03-07 18:36:21,638 [INFO] PluginManager:220 - loadIPPluginJar : add dma
2025-03-07 18:36:21,648 [INFO] IPUIPlugin:80 - create IPUIPlugin
2025-03-07 18:36:21,648 [INFO] PluginManager:220 - loadIPPluginJar : add dma3
2025-03-07 18:36:21,655 [INFO] IPUIPlugin:80 - create IPUIPlugin
2025-03-07 18:36:21,655 [INFO] PluginManager:220 - loadIPPluginJar : add extmemmanager
2025-03-07 18:36:21,661 [INFO] IPUIPlugin:80 - create IPUIPlugin
2025-03-07 18:36:21,661 [INFO] PluginManager:220 - loadIPPluginJar : add fatfs
2025-03-07 18:36:21,673 [INFO] IPUIPlugin:80 - create IPUIPlugin
2025-03-07 18:36:21,677 [INFO] PluginManager:220 - loadIPPluginJar : add fmc
2025-03-07 18:36:21,693 [INFO] IPUIPlugin:80 - create IPUIPlugin
2025-03-07 18:36:21,694 [INFO] PluginManager:220 - loadIPPluginJar : add freertos
2025-03-07 18:36:21,700 [INFO] IPUIPlugin:80 - create IPUIPlugin
2025-03-07 18:36:21,700 [INFO] PluginManager:220 - loadIPPluginJar : add genericplugin
2025-03-07 18:36:21,706 [INFO] IPUIPlugin:80 - create IPUIPlugin
2025-03-07 18:36:21,706 [INFO] PluginManager:220 - loadIPPluginJar : add gfxmmu
2025-03-07 18:36:21,726 [INFO] IPUIPlugin:80 - create IPUIPlugin
2025-03-07 18:36:21,727 [INFO] PluginManager:220 - loadIPPluginJar : add gic
2025-03-07 18:36:21,737 [INFO] IPUIPlugin:80 - create IPUIPlugin
2025-03-07 18:36:21,738 [INFO] PluginManager:220 - loadIPPluginJar : add gpio
2025-03-07 18:36:21,748 [INFO] IPUIPlugin:80 - create IPUIPlugin
2025-03-07 18:36:21,749 [INFO] PluginManager:220 - loadIPPluginJar : add gtzc
2025-03-07 18:36:21,768 [INFO] IPUIPlugin:80 - create IPUIPlugin
2025-03-07 18:36:21,768 [INFO] PluginManager:220 - loadIPPluginJar : add hash
2025-03-07 18:36:21,855 [INFO] IPUIPlugin:80 - create IPUIPlugin
2025-03-07 18:36:21,856 [INFO] PluginManager:220 - loadIPPluginJar : add i2c
2025-03-07 18:36:21,866 [INFO] IPUIPlugin:80 - create IPUIPlugin
2025-03-07 18:36:21,867 [INFO] PluginManager:220 - loadIPPluginJar : add i2s
2025-03-07 18:36:21,879 [INFO] IPUIPlugin:80 - create IPUIPlugin
2025-03-07 18:36:21,880 [INFO] PluginManager:220 - loadIPPluginJar : add i3c
2025-03-07 18:36:21,965 [INFO] IPUIPlugin:80 - create IPUIPlugin
2025-03-07 18:36:21,966 [INFO] PluginManager:220 - loadIPPluginJar : add ipddr
2025-03-07 18:36:21,991 [INFO] IPUIPlugin:80 - create IPUIPlugin
2025-03-07 18:36:21,994 [INFO] PluginManager:220 - loadIPPluginJar : add linkedlist
2025-03-07 18:36:22,013 [INFO] IPUIPlugin:80 - create IPUIPlugin
2025-03-07 18:36:22,013 [INFO] PluginManager:220 - loadIPPluginJar : add lorawan
2025-03-07 18:36:22,030 [INFO] IPUIPlugin:80 - create IPUIPlugin
2025-03-07 18:36:22,030 [INFO] PluginManager:220 - loadIPPluginJar : add ltdc
2025-03-07 18:36:22,049 [INFO] IPUIPlugin:80 - create IPUIPlugin
2025-03-07 18:36:22,049 [INFO] PluginManager:220 - loadIPPluginJar : add mdma
2025-03-07 18:36:22,066 [INFO] IPUIPlugin:80 - create IPUIPlugin
2025-03-07 18:36:22,067 [INFO] PluginManager:220 - loadIPPluginJar : add nvic
2025-03-07 18:36:22,088 [INFO] IPUIPlugin:80 - create IPUIPlugin
2025-03-07 18:36:22,088 [INFO] PluginManager:220 - loadIPPluginJar : add opamp
2025-03-07 18:36:22,100 [INFO] IPUIPlugin:80 - create IPUIPlugin
2025-03-07 18:36:22,100 [INFO] PluginManager:220 - loadIPPluginJar : add openamp
2025-03-07 18:36:22,111 [INFO] IPUIPlugin:80 - create IPUIPlugin
2025-03-07 18:36:22,111 [INFO] PluginManager:220 - loadIPPluginJar : add pdm2pcm
2025-03-07 18:36:22,134 [INFO] IPUIPlugin:80 - create IPUIPlugin
2025-03-07 18:36:22,150 [INFO] PluginManager:220 - loadIPPluginJar : add plateformsettings
2025-03-07 18:36:22,156 [INFO] IPUIPlugin:80 - create IPUIPlugin
2025-03-07 18:36:22,157 [INFO] PluginManager:220 - loadIPPluginJar : add quadspi
2025-03-07 18:36:22,164 [INFO] IPUIPlugin:80 - create IPUIPlugin
2025-03-07 18:36:22,167 [INFO] PluginManager:220 - loadIPPluginJar : add radio
2025-03-07 18:36:22,182 [INFO] IPUIPlugin:80 - create IPUIPlugin
2025-03-07 18:36:22,182 [INFO] PluginManager:220 - loadIPPluginJar : add resmgrutility
2025-03-07 18:36:22,211 [INFO] IPUIPlugin:80 - create IPUIPlugin
2025-03-07 18:36:22,211 [INFO] PluginManager:220 - loadIPPluginJar : add sai
2025-03-07 18:36:22,221 [INFO] IPUIPlugin:80 - create IPUIPlugin
2025-03-07 18:36:22,221 [INFO] PluginManager:220 - loadIPPluginJar : add spi
2025-03-07 18:36:22,249 [INFO] IPUIPlugin:80 - create IPUIPlugin
2025-03-07 18:36:22,249 [INFO] PluginManager:220 - loadIPPluginJar : add stm32_wpan
2025-03-07 18:36:22,259 [INFO] IPUIPlugin:80 - create IPUIPlugin
2025-03-07 18:36:22,259 [INFO] PluginManager:220 - loadIPPluginJar : add tim
2025-03-07 18:36:22,276 [INFO] IPUIPlugin:80 - create IPUIPlugin
2025-03-07 18:36:22,276 [INFO] PluginManager:220 - loadIPPluginJar : add touchsensing
2025-03-07 18:36:22,286 [INFO] IPUIPlugin:80 - create IPUIPlugin
2025-03-07 18:36:22,287 [INFO] PluginManager:220 - loadIPPluginJar : add tracer_emb
2025-03-07 18:36:22,299 [INFO] IPUIPlugin:80 - create IPUIPlugin
2025-03-07 18:36:22,299 [INFO] PluginManager:220 - loadIPPluginJar : add ts
2025-03-07 18:36:22,303 [INFO] IPUIPlugin:80 - create IPUIPlugin
2025-03-07 18:36:22,304 [INFO] PluginManager:220 - loadIPPluginJar : add tsc
2025-03-07 18:36:22,315 [INFO] IPUIPlugin:80 - create IPUIPlugin
2025-03-07 18:36:22,316 [INFO] PluginManager:220 - loadIPPluginJar : add ucpd
2025-03-07 18:36:22,331 [INFO] IPUIPlugin:80 - create IPUIPlugin
2025-03-07 18:36:22,332 [INFO] PluginManager:220 - loadIPPluginJar : add usart
2025-03-07 18:36:22,344 [INFO] IPUIPlugin:80 - create IPUIPlugin
2025-03-07 18:36:22,344 [INFO] PluginManager:220 - loadIPPluginJar : add usbx
2025-03-07 18:36:22,635 [INFO] ThirdPartyUpdaterWithRetryManager:70 - Updater plugin not ready yet. [2/15]
2025-03-07 18:36:22,656 [FATAL] Updater:351 - Updater called before beeing initialized
2025-03-07 18:36:22,733 [INFO] RulesReader:64 - Compatibility file has been processed (297 Rules)
2025-03-07 18:36:22,771 [INFO] RulesReader:64 - Compatibility file has been processed (297 Rules)
2025-03-07 18:36:22,794 [INFO] CADModel:165 - CPN selected for project level
2025-03-07 18:36:22,794 [INFO] CADModel:114 - Register for checkConnection events
2025-03-07 18:36:22,794 [FATAL] Updater:351 - Updater called before beeing initialized
2025-03-07 18:36:22,795 [ERROR] CADModel:125 - Updater not yet initialized, retry later 
2025-03-07 18:36:23,400 [FATAL] Updater:351 - Updater called before beeing initialized
2025-03-07 18:36:23,405 [INFO] CADModel:165 - CPN selected for project level
2025-03-07 18:36:23,405 [INFO] CADModel:114 - Register for checkConnection events
2025-03-07 18:36:23,405 [FATAL] Updater:351 - Updater called before beeing initialized
2025-03-07 18:36:23,406 [ERROR] CADModel:125 - Updater not yet initialized, retry later 
2025-03-07 18:36:23,414 [FATAL] Updater:351 - Updater called before beeing initialized
2025-03-07 18:36:23,899 [FATAL] Updater:351 - Updater called before beeing initialized
2025-03-07 18:36:23,910 [INFO] DbMcusAds:53 - JSON generation date=Thu Sep 30 10:55:09 SAMT 2021 (1632984909247)
2025-03-07 18:36:23,910 [FATAL] Updater:351 - Updater called before beeing initialized
2025-03-07 18:36:23,993 [WARN] DetailPanel:346 - Failed to get advertising image, set to default
2025-03-07 18:36:24,513 [FATAL] Updater:351 - Updater called before beeing initialized
2025-03-07 18:36:24,516 [FATAL] Updater:351 - Updater called before beeing initialized
2025-03-07 18:36:24,517 [FATAL] Updater:351 - Updater called before beeing initialized
2025-03-07 18:36:24,517 [WARN] DetailPanel:346 - Failed to get advertising image, set to default
2025-03-07 18:36:24,520 [FATAL] Updater:351 - Updater called before beeing initialized
2025-03-07 18:36:24,651 [ERROR] Updater:1198 - MainUpdater not yet initialized. External WinMGr cannot be set.
2025-03-07 18:36:24,655 [INFO] Updater:1134 - Updater Version found : 6.13.0
2025-03-07 18:36:24,685 [INFO] ApplicationProperties:184 - Using Application install path: C:\ST\STM32CubeIDE_1.17.0\STM32CubeIDE\plugins\com.st.stm32cube.common.mx_6.13.0.202411220809
2025-03-07 18:36:25,453 [ERROR] CheckConnectionManager:249 - Problem, Http access forbiden
2025-03-07 18:36:25,466 [INFO] MainUpdater:2872 - connection check result : 22
2025-03-07 18:36:25,467 [INFO] MainUpdater:289 - Updater Check For Update Now.
2025-03-07 18:36:25,467 [INFO] MicroXplorer:498 - Change Database Version : DB.6.0.130
2025-03-07 18:36:25,478 [INFO] McuFinderGlobals:63 - Set McuFinder mode to 2 (CubeIDE integrated)
2025-03-07 18:36:25,479 [INFO] UserAuth:171 - activating auth plugin
2025-03-07 18:36:25,501 [INFO] UserAuth:486 - Internet connection configuration mode: 2
2025-03-07 18:36:25,637 [WARN] MainUpdater:1193 - Updater busy. Cannot search thirdparties
2025-03-07 18:36:25,639 [INFO] ThirdPartyUpdaterWithRetryManager:96 - Updater plugin is busy. [1/15]
2025-03-07 18:36:25,712 [INFO] UserAuth:486 - Internet connection configuration mode: 2
2025-03-07 18:36:25,942 [INFO] CheckServerUpdateThread:120 - End of CheckServer Thread
2025-03-07 18:36:29,173 [WARN] PackLoader:240 - Cannot read IP mode file for STMicroelectronics.X-CUBE-SMBUS.2.1.0
2025-03-07 18:36:29,189 [WARN] PackLoader:240 - Cannot read IP mode file for STMicroelectronics.X-CUBE-TOUCHGFX.4.23.0
2025-03-07 18:36:29,265 [WARN] PackLoader:240 - Cannot read IP mode file for STMicroelectronics.X-CUBE-AZRTOS-F7.1.1.0
2025-03-07 18:36:29,287 [WARN] PackLoader:240 - Cannot read IP mode file for STMicroelectronics.FP-SNS-MOTENV1.4.3.2
2025-03-07 18:36:29,302 [WARN] PackLoader:240 - Cannot read IP mode file for STMicroelectronics.FP-SNS-FLIGHT1.5.0.2
2025-03-07 18:36:29,348 [WARN] PackLoader:240 - Cannot read IP mode file for STMicroelectronics.X-CUBE-DISPLAY.3.0.0
2025-03-07 18:36:29,379 [WARN] PackLoader:240 - Cannot read IP mode file for STMicroelectronics.X-CUBE-BLE1.7.0.0
2025-03-07 18:36:29,395 [WARN] PackLoader:240 - Cannot read IP mode file for emotas.I-CUBE-CANOPEN.1.3.0
2025-03-07 18:36:29,410 [WARN] PackLoader:240 - Cannot read IP mode file for STMicroelectronics.FP-SNS-SMARTAG2.1.2.0
2025-03-07 18:36:29,432 [INFO] LogOutputStream:77 - [STDOUT_REDIRECT] 1 : Invalid condition id : UX_CORESTACK_Condition cause : null
2025-03-07 18:36:29,433 [INFO] LogOutputStream:77 - [STDOUT_REDIRECT] 1 : Invalid condition id : UX_CORESTACK_Condition cause : null
2025-03-07 18:36:29,485 [INFO] LogOutputStream:77 - [STDOUT_REDIRECT] 1 : Invalid condition id : UX_CORESTACK_Condition cause : null
2025-03-07 18:36:29,488 [INFO] LogOutputStream:77 - [STDOUT_REDIRECT] 1 : Invalid condition id : UX_CORESTACK_Condition cause : null
2025-03-07 18:36:29,490 [INFO] LogOutputStream:77 - [STDOUT_REDIRECT] 1 : Invalid condition id : UX_CORESTACK_Condition cause : null
2025-03-07 18:36:29,503 [WARN] PackLoader:240 - Cannot read IP mode file for STMicroelectronics.X-CUBE-AZRTOS-WL.2.0.0
2025-03-07 18:36:29,526 [WARN] PackLoader:240 - Cannot read IP mode file for WES.I-CUBE-Cesium.1.3.0
2025-03-07 18:36:29,538 [WARN] PackLoader:240 - Cannot read IP mode file for STMicroelectronics.X-CUBE-BLE2.3.3.0
2025-03-07 18:36:29,554 [WARN] PackLoader:240 - Cannot read IP mode file for STMicroelectronics.X-CUBE-ALGOBUILD.1.3.0
2025-03-07 18:36:29,592 [WARN] PackLoader:240 - Cannot read IP mode file for STMicroelectronics.X-CUBE-AZRTOS-G0.1.1.0
2025-03-07 18:36:29,638 [WARN] PackLoader:240 - Cannot read IP mode file for STMicroelectronics.X-CUBE-NFC4.3.0.0
2025-03-07 18:36:29,664 [WARN] PackLoader:240 - Cannot read IP mode file for STMicroelectronics.X-CUBE-BLEMGR.3.0.0
2025-03-07 18:36:29,683 [WARN] PackLoader:240 - Cannot read IP mode file for STMicroelectronics.FP-ATR-SIGFOX1.3.2.0
2025-03-07 18:36:29,729 [WARN] PackLoader:240 - Cannot read IP mode file for STMicroelectronics.X-CUBE-EEPRMA1.5.1.0
2025-03-07 18:36:29,821 [WARN] PackLoader:240 - Cannot read IP mode file for SEGGER.I-CUBE-embOS.1.3.1
2025-03-07 18:36:29,926 [WARN] PackLoader:240 - Cannot read IP mode file for STMicroelectronics.X-CUBE-GNSS1.6.0.0
2025-03-07 18:36:30,003 [WARN] PackLoader:240 - Cannot read IP mode file for STMicroelectronics.X-CUBE-AZRTOS-F4.1.1.0
2025-03-07 18:36:30,018 [WARN] PackLoader:240 - Cannot read IP mode file for wolfSSL.I-CUBE-wolfSSL.5.6.6
2025-03-07 18:36:30,051 [WARN] PackLoader:240 - Cannot read IP mode file for STMicroelectronics.X-CUBE-AZRTOS-L5.2.0.0
2025-03-07 18:36:30,089 [WARN] PackLoader:240 - Cannot read IP mode file for ITTIA_DB.I-CUBE-ITTIADB.8.8.0
2025-03-07 18:36:30,099 [WARN] PackLoader:240 - Cannot read IP mode file for STMicroelectronics.X-CUBE-NFC7.1.0.1
2025-03-07 18:36:30,114 [WARN] PackLoader:240 - Cannot read IP mode file for STMicroelectronics.X-CUBE-NFC6.3.0.0
2025-03-07 18:36:30,127 [WARN] PackLoader:240 - Cannot read IP mode file for STMicroelectronics.X-CUBE-AI.8.1.0
2025-03-07 18:36:30,158 [WARN] ConditionMgr:438 - getConditionDescription Invalid condition id : LAN8742 Phy interface Condition cause : null
2025-03-07 18:36:30,160 [WARN] PackLoader:240 - Cannot read IP mode file for STMicroelectronics.X-CUBE-AZRTOS-L4.2.0.0
2025-03-07 18:36:30,162 [WARN] ConditionMgr:1044 - genDependencies : Invalid condition id : LAN8742 Phy interface Condition cause : null
2025-03-07 18:36:30,163 [WARN] ConditionMgr:1044 - genDependencies : Invalid condition id : LAN8742 Phy interface Condition cause : null
2025-03-07 18:36:30,164 [WARN] ConditionMgr:1044 - genDependencies : Invalid condition id : LAN8742 Phy interface Condition cause : null
2025-03-07 18:36:30,179 [WARN] PackLoader:240 - Cannot read IP mode file for STMicroelectronics.X-CUBE-SFXS2LP1.4.0.0
2025-03-07 18:36:30,212 [WARN] ConditionMgr:438 - getConditionDescription Invalid condition id : UX DEVICE CLASS RTOS Condition cause : null
2025-03-07 18:36:30,212 [WARN] ConditionMgr:438 - getConditionDescription Invalid condition id : UX DEVICE CLASS RTOS Condition cause : null
2025-03-07 18:36:30,217 [WARN] PackLoader:240 - Cannot read IP mode file for STMicroelectronics.X-CUBE-AZRTOS-WB.2.0.0
2025-03-07 18:36:30,218 [WARN] ConditionMgr:1044 - genDependencies : Invalid condition id : UX DEVICE CLASS RTOS Condition cause : null
2025-03-07 18:36:30,219 [WARN] ConditionMgr:1044 - genDependencies : Invalid condition id : UX DEVICE CLASS RTOS Condition cause : null
2025-03-07 18:36:30,220 [WARN] ConditionMgr:1044 - genDependencies : Invalid condition id : UX DEVICE CLASS RTOS Condition cause : null
2025-03-07 18:36:30,220 [WARN] ConditionMgr:1044 - genDependencies : Invalid condition id : UX DEVICE CLASS RTOS Condition cause : null
2025-03-07 18:36:30,221 [WARN] ConditionMgr:1044 - genDependencies : Invalid condition id : UX DEVICE CLASS RTOS Condition cause : null
2025-03-07 18:36:30,244 [WARN] PackLoader:240 - Cannot read IP mode file for STMicroelectronics.X-CUBE-SUBG2.5.0.0
2025-03-07 18:36:30,286 [WARN] PackLoader:240 - Cannot read IP mode file for STMicroelectronics.X-CUBE-AZRTOS-G4.2.0.0
2025-03-07 18:36:30,330 [WARN] PackLoader:240 - Cannot read IP mode file for Infineon.AIROC-Wi-Fi-Bluetooth-STM32.1.5.1
2025-03-07 18:36:30,346 [WARN] PackLoader:240 - Cannot read IP mode file for STMicroelectronics.FP-SNS-MOTENVWB1.1.3.1
2025-03-07 18:36:30,358 [WARN] PackLoader:240 - Cannot read IP mode file for STMicroelectronics.X-CUBE-ISPU.2.0.0
2025-03-07 18:36:30,454 [WARN] PackLoader:240 - Cannot read IP mode file for STMicroelectronics.X-CUBE-MEMS1.10.0.0
2025-03-07 18:36:30,833 [WARN] PackLoader:240 - Cannot read IP mode file for STMicroelectronics.X-CUBE-FREERTOS.1.1.0
2025-03-07 18:36:30,862 [WARN] PackLoader:240 - Cannot read IP mode file for portGmbH.I-Cube-SoM-uGOAL.1.1.0
2025-03-07 18:36:30,872 [WARN] PackLoader:240 - Cannot read IP mode file for STMicroelectronics.X-CUBE-ALS.1.0.1
2025-03-07 18:36:30,883 [WARN] PackLoader:240 - Cannot read IP mode file for STMicroelectronics.FP-ATR-ASTRA1.2.0.0
2025-03-07 18:36:30,932 [WARN] PackLoader:240 - Cannot read IP mode file for STMicroelectronics.X-CUBE-TOF1.3.4.0
2025-03-07 18:36:31,002 [WARN] PackLoader:240 - Cannot read IP mode file for STMicroelectronics.X-CUBE-AZRTOS-H7.3.2.0
2025-03-07 18:36:31,011 [INFO] ThirdParty:978 - Integrity check success = true
2025-03-07 18:36:31,012 [INFO] IntegrityCheckThread:100 - exiting critical section [integrity check]
2025-03-07 18:36:31,012 [INFO] IntegrityCheckThread:103 - End integrity checks thread
2025-03-07 19:23:25,527 [INFO] Activator:176 - 


2025-03-07 19:23:25,532 [INFO] Activator:177 - !SESSION log4j initialized
2025-03-07 19:23:42,677 [INFO] LogOutputStream:77 - [STDOUT_REDIRECT] 
2025-03-07 19:23:56,111 [INFO] ApplicationProperties:184 - Using Application install path: C:\ST\STM32CubeIDE_1.17.0\STM32CubeIDE\plugins\com.st.stm32cube.common.mx_6.13.0.202411220809
2025-03-07 19:23:56,147 [INFO] DbMcusXml:78 - Set database path to: C:\ST\STM32CubeIDE_1.17.0\STM32CubeIDE\plugins\com.st.stm32cube.common.mx_6.13.0.202411220809\\db\/mcu/
2025-03-07 19:23:56,147 [INFO] ApiDb:274 - Set plugin database path to: C:\ST\STM32CubeIDE_1.17.0\STM32CubeIDE\plugins\com.st.stm32cube.common.mx_6.13.0.202411220809\\db\/plugins/boardmanager/
2025-03-07 19:23:56,148 [WARN] ApiDb:259 - Overriding images path with different value:  => C:\ST\STM32CubeIDE_1.17.0\STM32CubeIDE\plugins\com.st.stm32cube.common.mx_6.13.0.202411220809\\db\/plugins/mcufinder/images/
2025-03-07 19:23:56,161 [INFO] ApiDb:250 - Set database path to: C:\Users\Artem\.stmcufinder\plugins\mcufinder//mcu/
2025-03-07 19:23:56,165 [INFO] DbMcusAds:125 - Set database path to: C:\Users\Artem\.stmcufinder\plugins\mcufinder//mcu/
2025-03-07 19:23:56,172 [INFO] CrossReferenceDbSqlite:203 - Set database path to: C:\Users\Artem\.stmcufinder\plugins\mcufinder//mcu/cs/
2025-03-07 19:23:56,458 [INFO] RulesReader:64 - Compatibility file has been processed (297 Rules)
2025-03-07 19:23:57,217 [INFO] DbMcusXml:78 - Set database path to: C:\ST\STM32CubeIDE_1.17.0\STM32CubeIDE\plugins\com.st.stm32cube.common.mx_6.13.0.202411220809\\db\/mcu/
2025-03-07 19:23:57,217 [INFO] ApiDb:274 - Set plugin database path to: C:\ST\STM32CubeIDE_1.17.0\STM32CubeIDE\plugins\com.st.stm32cube.common.mx_6.13.0.202411220809\\db\/plugins/boardmanager/
2025-03-07 19:23:57,218 [INFO] ApiDb:261 - Set plugin images path to: C:\ST\STM32CubeIDE_1.17.0\STM32CubeIDE\plugins\com.st.stm32cube.common.mx_6.13.0.202411220809\\db\/plugins/mcufinder/images/
2025-03-07 19:23:57,218 [WARN] DbFile:41 - Overriding database path with different value: C:\Users\Artem\.stmcufinder\plugins\mcufinder/ => C:\Users\Artem\.stmcufinder\plugins\mcufinder
2025-03-07 19:23:57,219 [INFO] ApiDb:250 - Set database path to: C:\Users\Artem\.stmcufinder\plugins\mcufinder//mcu/
2025-03-07 19:23:57,219 [WARN] DbFile:41 - Overriding database path with different value: C:\Users\Artem\.stmcufinder\plugins\mcufinder/ => C:\Users\Artem\.stmcufinder\plugins\mcufinder
2025-03-07 19:23:57,220 [INFO] DbMcusAds:125 - Set database path to: C:\Users\Artem\.stmcufinder\plugins\mcufinder//mcu/
2025-03-07 19:23:57,220 [WARN] DbFile:41 - Overriding database path with different value: C:\Users\Artem\.stmcufinder\plugins\mcufinder/ => C:\Users\Artem\.stmcufinder\plugins\mcufinder
2025-03-07 19:23:57,220 [WARN] DbFile:41 - Overriding database path with different value: C:\Users\Artem\.stmcufinder\plugins\mcufinder/ => C:\Users\Artem\.stmcufinder\plugins\mcufinder
2025-03-07 19:23:57,221 [INFO] CrossReferenceDbSqlite:203 - Set database path to: C:\Users\Artem\.stmcufinder\plugins\mcufinder//mcu/cs/
2025-03-07 19:23:57,466 [INFO] MainPanel:272 - HeapMemory: 268435456
2025-03-07 19:23:57,722 [INFO] DbMcusXml:78 - Set database path to: C:\ST\STM32CubeIDE_1.17.0\STM32CubeIDE\plugins\com.st.stm32cube.common.mx_6.13.0.202411220809\\db\/mcu/
2025-03-07 19:23:57,723 [INFO] ApiDb:274 - Set plugin database path to: C:\ST\STM32CubeIDE_1.17.0\STM32CubeIDE\plugins\com.st.stm32cube.common.mx_6.13.0.202411220809\\db\/plugins/boardmanager/
2025-03-07 19:23:57,723 [INFO] ApiDb:261 - Set plugin images path to: C:\ST\STM32CubeIDE_1.17.0\STM32CubeIDE\plugins\com.st.stm32cube.common.mx_6.13.0.202411220809\\db\/plugins/mcufinder/images/
2025-03-07 19:23:57,725 [WARN] DbFile:41 - Overriding database path with different value: C:\Users\Artem\.stmcufinder\plugins\mcufinder/ => C:\Users\Artem\.stmcufinder\plugins\mcufinder
2025-03-07 19:23:57,725 [INFO] ApiDb:250 - Set database path to: C:\Users\Artem\.stmcufinder\plugins\mcufinder//mcu/
2025-03-07 19:23:57,725 [WARN] DbFile:41 - Overriding database path with different value: C:\Users\Artem\.stmcufinder\plugins\mcufinder/ => C:\Users\Artem\.stmcufinder\plugins\mcufinder
2025-03-07 19:23:57,726 [INFO] DbMcusAds:125 - Set database path to: C:\Users\Artem\.stmcufinder\plugins\mcufinder//mcu/
2025-03-07 19:23:57,726 [WARN] DbFile:41 - Overriding database path with different value: C:\Users\Artem\.stmcufinder\plugins\mcufinder/ => C:\Users\Artem\.stmcufinder\plugins\mcufinder
2025-03-07 19:23:57,726 [WARN] DbFile:41 - Overriding database path with different value: C:\Users\Artem\.stmcufinder\plugins\mcufinder/ => C:\Users\Artem\.stmcufinder\plugins\mcufinder
2025-03-07 19:23:57,727 [INFO] CrossReferenceDbSqlite:203 - Set database path to: C:\Users\Artem\.stmcufinder\plugins\mcufinder//mcu/cs/
2025-03-07 19:23:57,783 [INFO] ApplicationProperties:184 - Using Application install path: C:\ST\STM32CubeIDE_1.17.0\STM32CubeIDE\plugins\com.st.stm32cube.common.mx_6.13.0.202411220809
2025-03-07 19:23:57,786 [INFO] PluginManage:196 - Search for loadable plugins [exclusion list=, ]
2025-03-07 19:23:57,789 [INFO] PluginManage:310 - Check plugin analytics
2025-03-07 19:24:07,520 [INFO] AnalyticsPlugin:253 - Accepted Software Licenses: STM32CubeMX.6.13.0
2025-03-07 19:24:07,521 [INFO] AnalyticsPlugin:255 - Accepted CMSIS Pack Licenses: 
2025-03-07 19:24:07,522 [INFO] AnalyticsPlugin:257 - Accepted Firmware Licenses: 
2025-03-07 19:24:07,536 [INFO] PluginManage:359 - Loaded plugin analytics (category:tool,tabindex:-1)
2025-03-07 19:24:07,537 [INFO] PluginManage:310 - Check plugin cadmodel
2025-03-07 19:24:07,561 [INFO] CADModel:105 - Init CAD model plugin
2025-03-07 19:24:07,562 [INFO] PluginManage:359 - Loaded plugin cadmodel (category:power,tabindex:5)
2025-03-07 19:24:07,563 [INFO] PluginManage:310 - Check plugin clock
2025-03-07 19:24:07,589 [INFO] PluginManage:359 - Loaded plugin clock (category:base,tabindex:2)
2025-03-07 19:24:07,589 [INFO] PluginManage:310 - Check plugin ddr
2025-03-07 19:24:07,600 [INFO] PluginManage:359 - Loaded plugin ddr (category:tool,tabindex:6)
2025-03-07 19:24:07,600 [INFO] PluginManage:310 - Check plugin filemanager
2025-03-07 19:24:08,158 [INFO] PluginManage:359 - Loaded plugin filemanager (category:base,tabindex:10)
2025-03-07 19:24:08,158 [INFO] PluginManage:310 - Check plugin ipmanager
2025-03-07 19:24:08,180 [INFO] PluginManage:359 - Loaded plugin ipmanager (category:base,tabindex:5)
2025-03-07 19:24:08,181 [INFO] PluginManage:310 - Check plugin lpbam
2025-03-07 19:24:08,206 [INFO] PluginManage:359 - Loaded plugin lpbam (category:base,tabindex:0)
2025-03-07 19:24:08,206 [INFO] PluginManage:310 - Check plugin memorymap
2025-03-07 19:24:08,243 [INFO] PluginManage:359 - Loaded plugin memorymap (category:base,tabindex:4)
2025-03-07 19:24:08,243 [INFO] PluginManage:310 - Check plugin pinoutandconfiguration
2025-03-07 19:24:08,261 [INFO] PluginManage:359 - Loaded plugin pinoutandconfiguration (category:base,tabindex:1)
2025-03-07 19:24:08,261 [INFO] PluginManage:310 - Check plugin pinoutconfig
2025-03-07 19:24:08,502 [WARN] SupportedApi:132 - Cannot load RTOS API schema: s4s-elt-must-match.1: The content of 'definitions' must match (annotation?, (simpleType | complexType)?, (unique | key | keyref)*)). A problem was found starting at: attribute.
2025-03-07 19:24:08,939 [INFO] PluginManage:359 - Loaded plugin pinoutconfig (category:base,tabindex:0)
2025-03-07 19:24:08,940 [INFO] PluginManage:310 - Check plugin power
2025-03-07 19:24:08,974 [INFO] PluginManage:359 - Loaded plugin power (category:power,tabindex:4)
2025-03-07 19:24:08,974 [INFO] PluginManage:310 - Check plugin projectmanager
2025-03-07 19:24:09,074 [INFO] PluginManage:359 - Loaded plugin projectmanager (category:projectmanager,tabindex:4)
2025-03-07 19:24:09,075 [INFO] PluginManage:310 - Check plugin rif
2025-03-07 19:24:09,092 [INFO] PluginManage:359 - Loaded plugin rif (category:base,tabindex:3)
2025-03-07 19:24:09,092 [INFO] PluginManage:310 - Check plugin thirdparty
2025-03-07 19:24:09,557 [INFO] PluginManage:359 - Loaded plugin thirdparty (category:base,tabindex:-1)
2025-03-07 19:24:09,558 [INFO] PluginManage:310 - Check plugin tools
2025-03-07 19:24:09,557 [WARN] IntegrityCheckThread:84 - waiting for thirdparty lock release [integrity check]
2025-03-07 19:24:09,558 [INFO] IntegrityCheckThread:86 - entering critical section [integrity check]
2025-03-07 19:24:09,559 [INFO] ThirdPartyUpdaterWithRetryManager:70 - Updater plugin not ready yet. [1/15]
2025-03-07 19:24:09,565 [INFO] PluginManage:359 - Loaded plugin tools (category:base,tabindex:7)
2025-03-07 19:24:09,566 [INFO] PluginManage:310 - Check plugin tutovideos
2025-03-07 19:24:10,070 [INFO] PluginManage:359 - Loaded plugin tutovideos (category:base,tabindex:-1)
2025-03-07 19:24:10,070 [INFO] PluginManage:310 - Check plugin updater
2025-03-07 19:24:10,200 [INFO] PluginManage:359 - Loaded plugin updater (category:base,tabindex:12)
2025-03-07 19:24:10,201 [INFO] PluginManage:310 - Check plugin userauth
2025-03-07 19:24:10,211 [INFO] UserAuth:118 - Init User Auth plugin
2025-03-07 19:24:10,215 [INFO] PluginManage:359 - Loaded plugin userauth (category:base,tabindex:14)
2025-03-07 19:24:10,216 [INFO] PluginManage:283 - PluginManage : Loaded plugins [18]
2025-03-07 19:24:10,871 [INFO] PinOutPanel:1589 - setPackage(No Configuration,No Configuration)
2025-03-07 19:24:11,395 [INFO] CADModel:165 - CPN selected for project level
2025-03-07 19:24:11,395 [INFO] CADModel:114 - Register for checkConnection events
2025-03-07 19:24:11,589 [INFO] IPUIPlugin:80 - create IPUIPlugin
2025-03-07 19:24:11,592 [INFO] PluginManager:220 - loadIPPluginJar : add adc
2025-03-07 19:24:11,610 [INFO] IPUIPlugin:80 - create IPUIPlugin
2025-03-07 19:24:11,610 [INFO] PluginManager:220 - loadIPPluginJar : add aes
2025-03-07 19:24:11,623 [INFO] IPUIPlugin:80 - create IPUIPlugin
2025-03-07 19:24:11,625 [INFO] PluginManager:220 - loadIPPluginJar : add can
2025-03-07 19:24:11,634 [INFO] IPUIPlugin:80 - create IPUIPlugin
2025-03-07 19:24:11,666 [INFO] PluginManager:220 - loadIPPluginJar : add comp
2025-03-07 19:24:11,762 [INFO] IPUIPlugin:80 - create IPUIPlugin
2025-03-07 19:24:11,762 [INFO] PluginManager:220 - loadIPPluginJar : add cryp
2025-03-07 19:24:11,769 [INFO] IPUIPlugin:80 - create IPUIPlugin
2025-03-07 19:24:11,769 [INFO] PluginManager:220 - loadIPPluginJar : add ddr_ctrl_phy
2025-03-07 19:24:11,776 [INFO] IPUIPlugin:80 - create IPUIPlugin
2025-03-07 19:24:11,776 [INFO] PluginManager:220 - loadIPPluginJar : add dfsdm
2025-03-07 19:24:11,799 [INFO] IPUIPlugin:80 - create IPUIPlugin
2025-03-07 19:24:11,801 [INFO] PluginManager:220 - loadIPPluginJar : add dma
2025-03-07 19:24:11,825 [INFO] IPUIPlugin:80 - create IPUIPlugin
2025-03-07 19:24:11,825 [INFO] PluginManager:220 - loadIPPluginJar : add dma3
2025-03-07 19:24:11,858 [INFO] IPUIPlugin:80 - create IPUIPlugin
2025-03-07 19:24:11,859 [INFO] PluginManager:220 - loadIPPluginJar : add extmemmanager
2025-03-07 19:24:11,864 [INFO] IPUIPlugin:80 - create IPUIPlugin
2025-03-07 19:24:11,864 [INFO] PluginManager:220 - loadIPPluginJar : add fatfs
2025-03-07 19:24:11,904 [INFO] IPUIPlugin:80 - create IPUIPlugin
2025-03-07 19:24:11,906 [INFO] PluginManager:220 - loadIPPluginJar : add fmc
2025-03-07 19:24:11,925 [INFO] IPUIPlugin:80 - create IPUIPlugin
2025-03-07 19:24:11,925 [INFO] PluginManager:220 - loadIPPluginJar : add freertos
2025-03-07 19:24:11,931 [INFO] IPUIPlugin:80 - create IPUIPlugin
2025-03-07 19:24:11,931 [INFO] PluginManager:220 - loadIPPluginJar : add genericplugin
2025-03-07 19:24:11,943 [INFO] IPUIPlugin:80 - create IPUIPlugin
2025-03-07 19:24:11,944 [INFO] PluginManager:220 - loadIPPluginJar : add gfxmmu
2025-03-07 19:24:11,969 [INFO] IPUIPlugin:80 - create IPUIPlugin
2025-03-07 19:24:11,970 [INFO] PluginManager:220 - loadIPPluginJar : add gic
2025-03-07 19:24:11,990 [INFO] IPUIPlugin:80 - create IPUIPlugin
2025-03-07 19:24:11,991 [INFO] PluginManager:220 - loadIPPluginJar : add gpio
2025-03-07 19:24:12,005 [INFO] IPUIPlugin:80 - create IPUIPlugin
2025-03-07 19:24:12,007 [INFO] PluginManager:220 - loadIPPluginJar : add gtzc
2025-03-07 19:24:12,016 [INFO] IPUIPlugin:80 - create IPUIPlugin
2025-03-07 19:24:12,016 [INFO] PluginManager:220 - loadIPPluginJar : add hash
2025-03-07 19:24:12,036 [INFO] IPUIPlugin:80 - create IPUIPlugin
2025-03-07 19:24:12,038 [INFO] PluginManager:220 - loadIPPluginJar : add i2c
2025-03-07 19:24:12,046 [INFO] IPUIPlugin:80 - create IPUIPlugin
2025-03-07 19:24:12,046 [INFO] PluginManager:220 - loadIPPluginJar : add i2s
2025-03-07 19:24:12,061 [INFO] IPUIPlugin:80 - create IPUIPlugin
2025-03-07 19:24:12,061 [INFO] PluginManager:220 - loadIPPluginJar : add i3c
2025-03-07 19:24:12,070 [INFO] IPUIPlugin:80 - create IPUIPlugin
2025-03-07 19:24:12,071 [INFO] PluginManager:220 - loadIPPluginJar : add ipddr
2025-03-07 19:24:12,090 [INFO] IPUIPlugin:80 - create IPUIPlugin
2025-03-07 19:24:12,093 [INFO] PluginManager:220 - loadIPPluginJar : add linkedlist
2025-03-07 19:24:12,104 [INFO] IPUIPlugin:80 - create IPUIPlugin
2025-03-07 19:24:12,105 [INFO] PluginManager:220 - loadIPPluginJar : add lorawan
2025-03-07 19:24:12,109 [INFO] IPUIPlugin:80 - create IPUIPlugin
2025-03-07 19:24:12,110 [INFO] PluginManager:220 - loadIPPluginJar : add ltdc
2025-03-07 19:24:12,126 [INFO] IPUIPlugin:80 - create IPUIPlugin
2025-03-07 19:24:12,127 [INFO] PluginManager:220 - loadIPPluginJar : add mdma
2025-03-07 19:24:12,143 [INFO] IPUIPlugin:80 - create IPUIPlugin
2025-03-07 19:24:12,145 [INFO] PluginManager:220 - loadIPPluginJar : add nvic
2025-03-07 19:24:12,161 [INFO] IPUIPlugin:80 - create IPUIPlugin
2025-03-07 19:24:12,161 [INFO] PluginManager:220 - loadIPPluginJar : add opamp
2025-03-07 19:24:12,171 [INFO] IPUIPlugin:80 - create IPUIPlugin
2025-03-07 19:24:12,172 [INFO] PluginManager:220 - loadIPPluginJar : add openamp
2025-03-07 19:24:12,178 [INFO] IPUIPlugin:80 - create IPUIPlugin
2025-03-07 19:24:12,179 [INFO] PluginManager:220 - loadIPPluginJar : add pdm2pcm
2025-03-07 19:24:12,194 [INFO] IPUIPlugin:80 - create IPUIPlugin
2025-03-07 19:24:12,200 [INFO] PluginManager:220 - loadIPPluginJar : add plateformsettings
2025-03-07 19:24:12,212 [INFO] IPUIPlugin:80 - create IPUIPlugin
2025-03-07 19:24:12,214 [INFO] PluginManager:220 - loadIPPluginJar : add quadspi
2025-03-07 19:24:12,218 [INFO] IPUIPlugin:80 - create IPUIPlugin
2025-03-07 19:24:12,220 [INFO] PluginManager:220 - loadIPPluginJar : add radio
2025-03-07 19:24:12,226 [INFO] IPUIPlugin:80 - create IPUIPlugin
2025-03-07 19:24:12,228 [INFO] PluginManager:220 - loadIPPluginJar : add resmgrutility
2025-03-07 19:24:12,234 [INFO] IPUIPlugin:80 - create IPUIPlugin
2025-03-07 19:24:12,234 [INFO] PluginManager:220 - loadIPPluginJar : add sai
2025-03-07 19:24:12,247 [INFO] IPUIPlugin:80 - create IPUIPlugin
2025-03-07 19:24:12,248 [INFO] PluginManager:220 - loadIPPluginJar : add spi
2025-03-07 19:24:12,261 [INFO] IPUIPlugin:80 - create IPUIPlugin
2025-03-07 19:24:12,261 [INFO] PluginManager:220 - loadIPPluginJar : add stm32_wpan
2025-03-07 19:24:12,277 [INFO] IPUIPlugin:80 - create IPUIPlugin
2025-03-07 19:24:12,277 [INFO] PluginManager:220 - loadIPPluginJar : add tim
2025-03-07 19:24:12,289 [INFO] IPUIPlugin:80 - create IPUIPlugin
2025-03-07 19:24:12,289 [INFO] PluginManager:220 - loadIPPluginJar : add touchsensing
2025-03-07 19:24:12,297 [INFO] IPUIPlugin:80 - create IPUIPlugin
2025-03-07 19:24:12,297 [INFO] PluginManager:220 - loadIPPluginJar : add tracer_emb
2025-03-07 19:24:12,309 [INFO] IPUIPlugin:80 - create IPUIPlugin
2025-03-07 19:24:12,309 [INFO] PluginManager:220 - loadIPPluginJar : add ts
2025-03-07 19:24:12,314 [INFO] IPUIPlugin:80 - create IPUIPlugin
2025-03-07 19:24:12,316 [INFO] PluginManager:220 - loadIPPluginJar : add tsc
2025-03-07 19:24:12,321 [INFO] IPUIPlugin:80 - create IPUIPlugin
2025-03-07 19:24:12,322 [INFO] PluginManager:220 - loadIPPluginJar : add ucpd
2025-03-07 19:24:12,339 [INFO] IPUIPlugin:80 - create IPUIPlugin
2025-03-07 19:24:12,339 [INFO] PluginManager:220 - loadIPPluginJar : add usart
2025-03-07 19:24:12,358 [INFO] IPUIPlugin:80 - create IPUIPlugin
2025-03-07 19:24:12,358 [INFO] PluginManager:220 - loadIPPluginJar : add usbx
2025-03-07 19:24:12,560 [INFO] ThirdPartyUpdaterWithRetryManager:70 - Updater plugin not ready yet. [2/15]
2025-03-07 19:24:12,716 [FATAL] Updater:351 - Updater called before beeing initialized
2025-03-07 19:24:12,872 [INFO] RulesReader:64 - Compatibility file has been processed (297 Rules)
2025-03-07 19:24:12,928 [INFO] RulesReader:64 - Compatibility file has been processed (297 Rules)
2025-03-07 19:24:13,049 [INFO] CADModel:165 - CPN selected for project level
2025-03-07 19:24:13,051 [INFO] CADModel:114 - Register for checkConnection events
2025-03-07 19:24:13,051 [FATAL] Updater:351 - Updater called before beeing initialized
2025-03-07 19:24:13,051 [ERROR] CADModel:125 - Updater not yet initialized, retry later 
2025-03-07 19:24:13,934 [FATAL] Updater:351 - Updater called before beeing initialized
2025-03-07 19:24:13,938 [INFO] CADModel:165 - CPN selected for project level
2025-03-07 19:24:13,938 [INFO] CADModel:114 - Register for checkConnection events
2025-03-07 19:24:13,938 [FATAL] Updater:351 - Updater called before beeing initialized
2025-03-07 19:24:13,939 [ERROR] CADModel:125 - Updater not yet initialized, retry later 
2025-03-07 19:24:13,950 [FATAL] Updater:351 - Updater called before beeing initialized
2025-03-07 19:24:14,398 [FATAL] Updater:351 - Updater called before beeing initialized
2025-03-07 19:24:14,410 [INFO] DbMcusAds:53 - JSON generation date=Thu Sep 30 10:55:09 SAMT 2021 (1632984909247)
2025-03-07 19:24:14,410 [FATAL] Updater:351 - Updater called before beeing initialized
2025-03-07 19:24:14,557 [WARN] DetailPanel:346 - Failed to get advertising image, set to default
2025-03-07 19:24:15,574 [FATAL] Updater:351 - Updater called before beeing initialized
2025-03-07 19:24:15,575 [ERROR] IntegrityCheckThread:130 - Cannot retrieve database content from updater: error 21
2025-03-07 19:24:15,576 [INFO] ThirdParty:978 - Integrity check success = false
2025-03-07 19:24:15,576 [INFO] IntegrityCheckThread:100 - exiting critical section [integrity check]
2025-03-07 19:24:15,578 [INFO] IntegrityCheckThread:103 - End integrity checks thread
2025-03-07 19:24:15,653 [FATAL] Updater:351 - Updater called before beeing initialized
2025-03-07 19:24:15,663 [FATAL] Updater:351 - Updater called before beeing initialized
2025-03-07 19:24:15,663 [FATAL] Updater:351 - Updater called before beeing initialized
2025-03-07 19:24:15,664 [WARN] DetailPanel:346 - Failed to get advertising image, set to default
2025-03-07 19:24:15,668 [FATAL] Updater:351 - Updater called before beeing initialized
2025-03-07 19:24:15,920 [ERROR] Updater:1198 - MainUpdater not yet initialized. External WinMGr cannot be set.
2025-03-07 19:24:15,956 [INFO] Updater:1134 - Updater Version found : 6.13.0
2025-03-07 19:24:15,999 [INFO] ApplicationProperties:184 - Using Application install path: C:\ST\STM32CubeIDE_1.17.0\STM32CubeIDE\plugins\com.st.stm32cube.common.mx_6.13.0.202411220809
2025-03-07 19:24:17,205 [ERROR] CheckConnectionManager:249 - Problem, Http access forbiden
2025-03-07 19:24:17,226 [INFO] MainUpdater:2872 - connection check result : 22
2025-03-07 19:24:17,228 [INFO] MainUpdater:289 - Updater Check For Update Now.
2025-03-07 19:24:17,229 [INFO] MicroXplorer:498 - Change Database Version : DB.6.0.130
2025-03-07 19:24:17,251 [INFO] McuFinderGlobals:63 - Set McuFinder mode to 2 (CubeIDE integrated)
2025-03-07 19:24:17,253 [INFO] UserAuth:171 - activating auth plugin
2025-03-07 19:24:17,300 [INFO] UserAuth:486 - Internet connection configuration mode: 2
2025-03-07 19:24:18,146 [INFO] UserAuth:486 - Internet connection configuration mode: 2
2025-03-07 19:24:18,684 [INFO] CheckServerUpdateThread:120 - End of CheckServer Thread
